a:6:{s:3:"row";i:1;s:7:"message";s:31:"Category imported successfully.";s:6:"status";b:1;s:10:"status_msg";s:7:"Success";s:7:"post_id";i:605;s:9:"post_link";a:2:{s:8:"edit_url";s:77:"http://test.divari.lt/wp-admin/term.php?taxonomy&tag_ID=605&post_type=product";s:5:"title";s:16:"Planeta Zdorovja";}}
a:6:{s:3:"row";i:2;s:7:"message";s:31:"Category imported successfully.";s:6:"status";b:1;s:10:"status_msg";s:7:"Success";s:7:"post_id";i:606;s:9:"post_link";a:2:{s:8:"edit_url";s:77:"http://test.divari.lt/wp-admin/term.php?taxonomy&tag_ID=606&post_type=product";s:5:"title";s:10:"Torg Lains";}}
a:6:{s:3:"row";i:3;s:7:"message";s:31:"Category imported successfully.";s:6:"status";b:1;s:10:"status_msg";s:7:"Success";s:7:"post_id";i:607;s:9:"post_link";a:2:{s:8:"edit_url";s:77:"http://test.divari.lt/wp-admin/term.php?taxonomy&tag_ID=607&post_type=product";s:5:"title";s:22:"Danapha Pharmaceutical";}}
a:6:{s:3:"row";i:4;s:7:"message";s:31:"Category imported successfully.";s:6:"status";b:1;s:10:"status_msg";s:7:"Success";s:7:"post_id";i:608;s:9:"post_link";a:2:{s:8:"edit_url";s:77:"http://test.divari.lt/wp-admin/term.php?taxonomy&tag_ID=608&post_type=product";s:5:"title";s:6:"Aronap";}}
a:6:{s:3:"row";i:5;s:7:"message";s:31:"Category imported successfully.";s:6:"status";b:1;s:10:"status_msg";s:7:"Success";s:7:"post_id";i:609;s:9:"post_link";a:2:{s:8:"edit_url";s:77:"http://test.divari.lt/wp-admin/term.php?taxonomy&tag_ID=609&post_type=product";s:5:"title";s:6:"Teavit";}}
a:6:{s:3:"row";i:6;s:7:"message";s:31:"Category imported successfully.";s:6:"status";b:1;s:10:"status_msg";s:7:"Success";s:7:"post_id";i:610;s:9:"post_link";a:2:{s:8:"edit_url";s:77:"http://test.divari.lt/wp-admin/term.php?taxonomy&tag_ID=610&post_type=product";s:5:"title";s:8:"Blagodat";}}
a:6:{s:3:"row";i:7;s:7:"message";s:31:"Category imported successfully.";s:6:"status";b:1;s:10:"status_msg";s:7:"Success";s:7:"post_id";i:611;s:9:"post_link";a:2:{s:8:"edit_url";s:77:"http://test.divari.lt/wp-admin/term.php?taxonomy&tag_ID=611&post_type=product";s:5:"title";s:6:"Evalar";}}
a:6:{s:3:"row";i:8;s:7:"message";s:31:"Category imported successfully.";s:6:"status";b:1;s:10:"status_msg";s:7:"Success";s:7:"post_id";i:612;s:9:"post_link";a:2:{s:8:"edit_url";s:77:"http://test.divari.lt/wp-admin/term.php?taxonomy&tag_ID=612&post_type=product";s:5:"title";s:9:"Farmgrupp";}}
a:6:{s:3:"row";i:9;s:7:"message";s:31:"Category imported successfully.";s:6:"status";b:1;s:10:"status_msg";s:7:"Success";s:7:"post_id";i:613;s:9:"post_link";a:2:{s:8:"edit_url";s:77:"http://test.divari.lt/wp-admin/term.php?taxonomy&tag_ID=613&post_type=product";s:5:"title";s:10:"Juvapharma";}}
a:6:{s:3:"row";i:10;s:7:"message";s:31:"Category imported successfully.";s:6:"status";b:1;s:10:"status_msg";s:7:"Success";s:7:"post_id";i:614;s:9:"post_link";a:2:{s:8:"edit_url";s:77:"http://test.divari.lt/wp-admin/term.php?taxonomy&tag_ID=614&post_type=product";s:5:"title";s:6:"Niksen";}}
a:6:{s:3:"row";i:11;s:7:"message";s:31:"Category imported successfully.";s:6:"status";b:1;s:10:"status_msg";s:7:"Success";s:7:"post_id";i:615;s:9:"post_link";a:2:{s:8:"edit_url";s:77:"http://test.divari.lt/wp-admin/term.php?taxonomy&tag_ID=615&post_type=product";s:5:"title";s:5:"Xorst";}}
a:6:{s:3:"row";i:12;s:7:"message";s:31:"Category imported successfully.";s:6:"status";b:1;s:10:"status_msg";s:7:"Success";s:7:"post_id";i:616;s:9:"post_link";a:2:{s:8:"edit_url";s:77:"http://test.divari.lt/wp-admin/term.php?taxonomy&tag_ID=616&post_type=product";s:5:"title";s:5:"V-Min";}}
a:6:{s:3:"row";i:13;s:7:"message";s:31:"Category imported successfully.";s:6:"status";b:1;s:10:"status_msg";s:7:"Success";s:7:"post_id";i:617;s:9:"post_link";a:2:{s:8:"edit_url";s:77:"http://test.divari.lt/wp-admin/term.php?taxonomy&tag_ID=617&post_type=product";s:5:"title";s:5:"Virde";}}
a:6:{s:3:"row";i:14;s:7:"message";s:31:"Category imported successfully.";s:6:"status";b:1;s:10:"status_msg";s:7:"Success";s:7:"post_id";i:618;s:9:"post_link";a:2:{s:8:"edit_url";s:77:"http://test.divari.lt/wp-admin/term.php?taxonomy&tag_ID=618&post_type=product";s:5:"title";s:11:"Altermedica";}}
a:6:{s:3:"row";i:15;s:7:"message";s:31:"Category imported successfully.";s:6:"status";b:1;s:10:"status_msg";s:7:"Success";s:7:"post_id";i:619;s:9:"post_link";a:2:{s:8:"edit_url";s:77:"http://test.divari.lt/wp-admin/term.php?taxonomy&tag_ID=619&post_type=product";s:5:"title";s:10:"Starpharma";}}
a:6:{s:3:"row";i:16;s:7:"message";s:31:"Category imported successfully.";s:6:"status";b:1;s:10:"status_msg";s:7:"Success";s:7:"post_id";i:620;s:9:"post_link";a:2:{s:8:"edit_url";s:77:"http://test.divari.lt/wp-admin/term.php?taxonomy&tag_ID=620&post_type=product";s:5:"title";s:9:"Medikomed";}}
a:6:{s:3:"row";i:17;s:7:"message";s:31:"Category imported successfully.";s:6:"status";b:1;s:10:"status_msg";s:7:"Success";s:7:"post_id";i:621;s:9:"post_link";a:2:{s:8:"edit_url";s:77:"http://test.divari.lt/wp-admin/term.php?taxonomy&tag_ID=621&post_type=product";s:5:"title";s:7:"Specmaz";}}
a:6:{s:3:"row";i:18;s:7:"message";s:31:"Category imported successfully.";s:6:"status";b:1;s:10:"status_msg";s:7:"Success";s:7:"post_id";i:622;s:9:"post_link";a:2:{s:8:"edit_url";s:77:"http://test.divari.lt/wp-admin/term.php?taxonomy&tag_ID=622&post_type=product";s:5:"title";s:8:"Floresan";}}
a:6:{s:3:"row";i:19;s:7:"message";s:31:"Category imported successfully.";s:6:"status";b:1;s:10:"status_msg";s:7:"Success";s:7:"post_id";i:623;s:9:"post_link";a:2:{s:8:"edit_url";s:77:"http://test.divari.lt/wp-admin/term.php?taxonomy&tag_ID=623&post_type=product";s:5:"title";s:9:"Botavikos";}}
a:6:{s:3:"row";i:20;s:7:"message";s:31:"Category imported successfully.";s:6:"status";b:1;s:10:"status_msg";s:7:"Success";s:7:"post_id";i:624;s:9:"post_link";a:2:{s:8:"edit_url";s:77:"http://test.divari.lt/wp-admin/term.php?taxonomy&tag_ID=624&post_type=product";s:5:"title";s:8:"Mirrolla";}}
a:6:{s:3:"row";i:21;s:7:"message";s:31:"Category imported successfully.";s:6:"status";b:1;s:10:"status_msg";s:7:"Success";s:7:"post_id";i:625;s:9:"post_link";a:2:{s:8:"edit_url";s:77:"http://test.divari.lt/wp-admin/term.php?taxonomy&tag_ID=625&post_type=product";s:5:"title";s:17:"Naturalnyje Masla";}}
a:6:{s:3:"row";i:22;s:7:"message";s:31:"Category imported successfully.";s:6:"status";b:1;s:10:"status_msg";s:7:"Success";s:7:"post_id";i:626;s:9:"post_link";a:2:{s:8:"edit_url";s:77:"http://test.divari.lt/wp-admin/term.php?taxonomy&tag_ID=626&post_type=product";s:5:"title";s:10:"Specialist";}}
a:6:{s:3:"row";i:23;s:7:"message";s:31:"Category imported successfully.";s:6:"status";b:1;s:10:"status_msg";s:7:"Success";s:7:"post_id";i:627;s:9:"post_link";a:2:{s:8:"edit_url";s:77:"http://test.divari.lt/wp-admin/term.php?taxonomy&tag_ID=627&post_type=product";s:5:"title";s:13:"Ivan Da Marja";}}
a:6:{s:3:"row";i:24;s:7:"message";s:31:"Category imported successfully.";s:6:"status";b:1;s:10:"status_msg";s:7:"Success";s:7:"post_id";i:628;s:9:"post_link";a:2:{s:8:"edit_url";s:77:"http://test.divari.lt/wp-admin/term.php?taxonomy&tag_ID=628&post_type=product";s:5:"title";s:6:"Biolit";}}
a:6:{s:3:"row";i:25;s:7:"message";s:31:"Category imported successfully.";s:6:"status";b:1;s:10:"status_msg";s:7:"Success";s:7:"post_id";i:629;s:9:"post_link";a:2:{s:8:"edit_url";s:77:"http://test.divari.lt/wp-admin/term.php?taxonomy&tag_ID=629&post_type=product";s:5:"title";s:4:"Diod";}}
a:6:{s:3:"row";i:26;s:7:"message";s:31:"Category imported successfully.";s:6:"status";b:1;s:10:"status_msg";s:7:"Success";s:7:"post_id";i:630;s:9:"post_link";a:2:{s:8:"edit_url";s:77:"http://test.divari.lt/wp-admin/term.php?taxonomy&tag_ID=630&post_type=product";s:5:"title";s:8:"Radograd";}}
a:6:{s:3:"row";i:27;s:7:"message";s:31:"Category imported successfully.";s:6:"status";b:1;s:10:"status_msg";s:7:"Success";s:7:"post_id";i:631;s:9:"post_link";a:2:{s:8:"edit_url";s:77:"http://test.divari.lt/wp-admin/term.php?taxonomy&tag_ID=631&post_type=product";s:5:"title";s:8:"Vifitech";}}
a:6:{s:3:"row";i:28;s:7:"message";s:31:"Category imported successfully.";s:6:"status";b:1;s:10:"status_msg";s:7:"Success";s:7:"post_id";i:632;s:9:"post_link";a:2:{s:8:"edit_url";s:77:"http://test.divari.lt/wp-admin/term.php?taxonomy&tag_ID=632&post_type=product";s:5:"title";s:10:"MarbioFarm";}}
a:6:{s:3:"row";i:29;s:7:"message";s:31:"Category imported successfully.";s:6:"status";b:1;s:10:"status_msg";s:7:"Success";s:7:"post_id";i:633;s:9:"post_link";a:2:{s:8:"edit_url";s:77:"http://test.divari.lt/wp-admin/term.php?taxonomy&tag_ID=633&post_type=product";s:5:"title";s:8:"Farm-Pro";}}
a:6:{s:3:"row";i:30;s:7:"message";s:31:"Category imported successfully.";s:6:"status";b:1;s:10:"status_msg";s:7:"Success";s:7:"post_id";i:634;s:9:"post_link";a:2:{s:8:"edit_url";s:77:"http://test.divari.lt/wp-admin/term.php?taxonomy&tag_ID=634&post_type=product";s:5:"title";s:11:"Sachera-Med";}}
a:6:{s:3:"row";i:31;s:7:"message";s:31:"Category imported successfully.";s:6:"status";b:1;s:10:"status_msg";s:7:"Success";s:7:"post_id";i:635;s:9:"post_link";a:2:{s:8:"edit_url";s:77:"http://test.divari.lt/wp-admin/term.php?taxonomy&tag_ID=635&post_type=product";s:5:"title";s:20:"Tatchimfarmpreparaty";}}
a:6:{s:3:"row";i:32;s:7:"message";s:31:"Category imported successfully.";s:6:"status";b:1;s:10:"status_msg";s:7:"Success";s:7:"post_id";i:636;s:9:"post_link";a:2:{s:8:"edit_url";s:77:"http://test.divari.lt/wp-admin/term.php?taxonomy&tag_ID=636&post_type=product";s:5:"title";s:18:"Capung Indah Abadi";}}
a:6:{s:3:"row";i:33;s:7:"message";s:31:"Category imported successfully.";s:6:"status";b:1;s:10:"status_msg";s:7:"Success";s:7:"post_id";i:637;s:9:"post_link";a:2:{s:8:"edit_url";s:77:"http://test.divari.lt/wp-admin/term.php?taxonomy&tag_ID=637&post_type=product";s:5:"title";s:6:"Biokor";}}
a:6:{s:3:"row";i:34;s:7:"message";s:31:"Category imported successfully.";s:6:"status";b:1;s:10:"status_msg";s:7:"Success";s:7:"post_id";i:638;s:9:"post_link";a:2:{s:8:"edit_url";s:77:"http://test.divari.lt/wp-admin/term.php?taxonomy&tag_ID=638&post_type=product";s:5:"title";s:8:"Parafarm";}}
a:6:{s:3:"row";i:35;s:7:"message";s:31:"Category imported successfully.";s:6:"status";b:1;s:10:"status_msg";s:7:"Success";s:7:"post_id";i:639;s:9:"post_link";a:2:{s:8:"edit_url";s:77:"http://test.divari.lt/wp-admin/term.php?taxonomy&tag_ID=639&post_type=product";s:5:"title";s:6:"Ekolab";}}
a:6:{s:3:"row";i:36;s:7:"message";s:31:"Category imported successfully.";s:6:"status";b:1;s:10:"status_msg";s:7:"Success";s:7:"post_id";i:640;s:9:"post_link";a:2:{s:8:"edit_url";s:77:"http://test.divari.lt/wp-admin/term.php?taxonomy&tag_ID=640&post_type=product";s:5:"title";s:6:"Reamed";}}
a:6:{s:3:"row";i:37;s:7:"message";s:31:"Category imported successfully.";s:6:"status";b:1;s:10:"status_msg";s:7:"Success";s:7:"post_id";i:641;s:9:"post_link";a:2:{s:8:"edit_url";s:77:"http://test.divari.lt/wp-admin/term.php?taxonomy&tag_ID=641&post_type=product";s:5:"title";s:16:"Prirodny Celitel";}}
a:6:{s:3:"row";i:38;s:7:"message";s:31:"Category imported successfully.";s:6:"status";b:1;s:10:"status_msg";s:7:"Success";s:7:"post_id";i:642;s:9:"post_link";a:2:{s:8:"edit_url";s:77:"http://test.divari.lt/wp-admin/term.php?taxonomy&tag_ID=642&post_type=product";s:5:"title";s:8:"Lekraset";}}
a:6:{s:3:"row";i:39;s:7:"message";s:31:"Category imported successfully.";s:6:"status";b:1;s:10:"status_msg";s:7:"Success";s:7:"post_id";i:643;s:9:"post_link";a:2:{s:8:"edit_url";s:77:"http://test.divari.lt/wp-admin/term.php?taxonomy&tag_ID=643&post_type=product";s:5:"title";s:16:"Sibirski Produkt";}}
a:6:{s:3:"row";i:40;s:7:"message";s:31:"Category imported successfully.";s:6:"status";b:1;s:10:"status_msg";s:7:"Success";s:7:"post_id";i:644;s:9:"post_link";a:2:{s:8:"edit_url";s:77:"http://test.divari.lt/wp-admin/term.php?taxonomy&tag_ID=644&post_type=product";s:5:"title";s:24:"Harbin Yeekong Herb Inc.";}}
a:6:{s:3:"row";i:41;s:7:"message";s:31:"Category imported successfully.";s:6:"status";b:1;s:10:"status_msg";s:7:"Success";s:7:"post_id";i:645;s:9:"post_link";a:2:{s:8:"edit_url";s:77:"http://test.divari.lt/wp-admin/term.php?taxonomy&tag_ID=645&post_type=product";s:5:"title";s:21:"Link Natural Products";}}
a:6:{s:3:"row";i:42;s:7:"message";s:31:"Category imported successfully.";s:6:"status";b:1;s:10:"status_msg";s:7:"Success";s:7:"post_id";i:646;s:9:"post_link";a:2:{s:8:"edit_url";s:77:"http://test.divari.lt/wp-admin/term.php?taxonomy&tag_ID=646&post_type=product";s:5:"title";s:11:"Phytopharma";}}
a:6:{s:3:"row";i:43;s:7:"message";s:31:"Category imported successfully.";s:6:"status";b:1;s:10:"status_msg";s:7:"Success";s:7:"post_id";i:647;s:9:"post_link";a:2:{s:8:"edit_url";s:77:"http://test.divari.lt/wp-admin/term.php?taxonomy&tag_ID=647&post_type=product";s:5:"title";s:2:"ES";}}
a:6:{s:3:"row";i:44;s:7:"message";s:31:"Category imported successfully.";s:6:"status";b:1;s:10:"status_msg";s:7:"Success";s:7:"post_id";i:648;s:9:"post_link";a:2:{s:8:"edit_url";s:77:"http://test.divari.lt/wp-admin/term.php?taxonomy&tag_ID=648&post_type=product";s:5:"title";s:6:"Biolat";}}
a:6:{s:3:"row";i:45;s:7:"message";s:31:"Category imported successfully.";s:6:"status";b:1;s:10:"status_msg";s:7:"Success";s:7:"post_id";i:649;s:9:"post_link";a:2:{s:8:"edit_url";s:77:"http://test.divari.lt/wp-admin/term.php?taxonomy&tag_ID=649&post_type=product";s:5:"title";s:10:"Zdravofarm";}}
a:6:{s:3:"row";i:46;s:7:"message";s:31:"Category imported successfully.";s:6:"status";b:1;s:10:"status_msg";s:7:"Success";s:7:"post_id";i:650;s:9:"post_link";a:2:{s:8:"edit_url";s:77:"http://test.divari.lt/wp-admin/term.php?taxonomy&tag_ID=650&post_type=product";s:5:"title";s:11:"Polar Pharm";}}
a:6:{s:3:"row";i:47;s:7:"message";s:31:"Category imported successfully.";s:6:"status";b:1;s:10:"status_msg";s:7:"Success";s:7:"post_id";i:651;s:9:"post_link";a:2:{s:8:"edit_url";s:77:"http://test.divari.lt/wp-admin/term.php?taxonomy&tag_ID=651&post_type=product";s:5:"title";s:10:"Uni-Pharma";}}
a:6:{s:3:"row";i:48;s:7:"message";s:31:"Category imported successfully.";s:6:"status";b:1;s:10:"status_msg";s:7:"Success";s:7:"post_id";i:652;s:9:"post_link";a:2:{s:8:"edit_url";s:77:"http://test.divari.lt/wp-admin/term.php?taxonomy&tag_ID=652&post_type=product";s:5:"title";s:13:"AltayVitamini";}}
a:6:{s:3:"row";i:49;s:7:"message";s:31:"Category imported successfully.";s:6:"status";b:1;s:10:"status_msg";s:7:"Success";s:7:"post_id";i:653;s:9:"post_link";a:2:{s:8:"edit_url";s:77:"http://test.divari.lt/wp-admin/term.php?taxonomy&tag_ID=653&post_type=product";s:5:"title";s:15:"Guizhou Miaoyao";}}
a:6:{s:3:"row";i:50;s:7:"message";s:31:"Category imported successfully.";s:6:"status";b:1;s:10:"status_msg";s:7:"Success";s:7:"post_id";i:654;s:9:"post_link";a:2:{s:8:"edit_url";s:77:"http://test.divari.lt/wp-admin/term.php?taxonomy&tag_ID=654&post_type=product";s:5:"title";s:11:"Vetos-Farma";}}
a:6:{s:3:"row";i:51;s:7:"message";s:31:"Category imported successfully.";s:6:"status";b:1;s:10:"status_msg";s:7:"Success";s:7:"post_id";i:655;s:9:"post_link";a:2:{s:8:"edit_url";s:77:"http://test.divari.lt/wp-admin/term.php?taxonomy&tag_ID=655&post_type=product";s:5:"title";s:5:"Dina+";}}
a:6:{s:3:"row";i:52;s:7:"message";s:31:"Category imported successfully.";s:6:"status";b:1;s:10:"status_msg";s:7:"Success";s:7:"post_id";i:656;s:9:"post_link";a:2:{s:8:"edit_url";s:77:"http://test.divari.lt/wp-admin/term.php?taxonomy&tag_ID=656&post_type=product";s:5:"title";s:13:"Koroliov Farm";}}
a:6:{s:3:"row";i:53;s:7:"message";s:31:"Category imported successfully.";s:6:"status";b:1;s:10:"status_msg";s:7:"Success";s:7:"post_id";i:657;s:9:"post_link";a:2:{s:8:"edit_url";s:77:"http://test.divari.lt/wp-admin/term.php?taxonomy&tag_ID=657&post_type=product";s:5:"title";s:13:"Pkf Dve Linii";}}
a:6:{s:3:"row";i:54;s:7:"message";s:31:"Category imported successfully.";s:6:"status";b:1;s:10:"status_msg";s:7:"Success";s:7:"post_id";i:658;s:9:"post_link";a:2:{s:8:"edit_url";s:77:"http://test.divari.lt/wp-admin/term.php?taxonomy&tag_ID=658&post_type=product";s:5:"title";s:8:"Leko-Pro";}}
a:6:{s:3:"row";i:55;s:7:"message";s:31:"Category imported successfully.";s:6:"status";b:1;s:10:"status_msg";s:7:"Success";s:7:"post_id";i:659;s:9:"post_link";a:2:{s:8:"edit_url";s:77:"http://test.divari.lt/wp-admin/term.php?taxonomy&tag_ID=659&post_type=product";s:5:"title";s:10:"Ecolek-Pro";}}
a:6:{s:3:"row";i:56;s:7:"message";s:31:"Category imported successfully.";s:6:"status";b:1;s:10:"status_msg";s:7:"Success";s:7:"post_id";i:660;s:9:"post_link";a:2:{s:8:"edit_url";s:77:"http://test.divari.lt/wp-admin/term.php?taxonomy&tag_ID=660&post_type=product";s:5:"title";s:28:"Tvėrės Farmacijos Fabrikas";}}
a:6:{s:3:"row";i:57;s:7:"message";s:31:"Category imported successfully.";s:6:"status";b:1;s:10:"status_msg";s:7:"Success";s:7:"post_id";i:661;s:9:"post_link";a:2:{s:8:"edit_url";s:77:"http://test.divari.lt/wp-admin/term.php?taxonomy&tag_ID=661&post_type=product";s:5:"title";s:12:"Korvet-Farma";}}
a:6:{s:3:"row";i:58;s:7:"message";s:31:"Category imported successfully.";s:6:"status";b:1;s:10:"status_msg";s:7:"Success";s:7:"post_id";i:662;s:9:"post_link";a:2:{s:8:"edit_url";s:77:"http://test.divari.lt/wp-admin/term.php?taxonomy&tag_ID=662&post_type=product";s:5:"title";s:11:"Bionaturika";}}
a:6:{s:3:"row";i:59;s:7:"message";s:31:"Category imported successfully.";s:6:"status";b:1;s:10:"status_msg";s:7:"Success";s:7:"post_id";i:663;s:9:"post_link";a:2:{s:8:"edit_url";s:77:"http://test.divari.lt/wp-admin/term.php?taxonomy&tag_ID=663&post_type=product";s:5:"title";s:12:"Infarma 2000";}}
a:6:{s:3:"row";i:60;s:7:"message";s:31:"Category imported successfully.";s:6:"status";b:1;s:10:"status_msg";s:7:"Success";s:7:"post_id";i:664;s:9:"post_link";a:2:{s:8:"edit_url";s:77:"http://test.divari.lt/wp-admin/term.php?taxonomy&tag_ID=664&post_type=product";s:5:"title";s:13:"ZAO Tvins Tek";}}
a:6:{s:3:"row";i:61;s:7:"message";s:31:"Category imported successfully.";s:6:"status";b:1;s:10:"status_msg";s:7:"Success";s:7:"post_id";i:665;s:9:"post_link";a:2:{s:8:"edit_url";s:77:"http://test.divari.lt/wp-admin/term.php?taxonomy&tag_ID=665&post_type=product";s:5:"title";s:9:"Fora-Farm";}}
a:6:{s:3:"row";i:62;s:7:"message";s:31:"Category imported successfully.";s:6:"status";b:1;s:10:"status_msg";s:7:"Success";s:7:"post_id";i:666;s:9:"post_link";a:2:{s:8:"edit_url";s:77:"http://test.divari.lt/wp-admin/term.php?taxonomy&tag_ID=666&post_type=product";s:5:"title";s:12:"Tikhvinskaya";}}
a:6:{s:3:"row";i:63;s:7:"message";s:31:"Category imported successfully.";s:6:"status";b:1;s:10:"status_msg";s:7:"Success";s:7:"post_id";i:667;s:9:"post_link";a:2:{s:8:"edit_url";s:77:"http://test.divari.lt/wp-admin/term.php?taxonomy&tag_ID=667&post_type=product";s:5:"title";s:7:"Diveevo";}}
a:6:{s:3:"row";i:64;s:7:"message";s:31:"Category imported successfully.";s:6:"status";b:1;s:10:"status_msg";s:7:"Success";s:7:"post_id";i:668;s:9:"post_link";a:2:{s:8:"edit_url";s:77:"http://test.divari.lt/wp-admin/term.php?taxonomy&tag_ID=668&post_type=product";s:5:"title";s:10:"Inat-Farma";}}
a:6:{s:3:"row";i:65;s:7:"message";s:31:"Category imported successfully.";s:6:"status";b:1;s:10:"status_msg";s:7:"Success";s:7:"post_id";i:669;s:9:"post_link";a:2:{s:8:"edit_url";s:77:"http://test.divari.lt/wp-admin/term.php?taxonomy&tag_ID=669&post_type=product";s:5:"title";s:5:"Vitar";}}
a:6:{s:3:"row";i:66;s:7:"message";s:31:"Category imported successfully.";s:6:"status";b:1;s:10:"status_msg";s:7:"Success";s:7:"post_id";i:670;s:9:"post_link";a:2:{s:8:"edit_url";s:77:"http://test.divari.lt/wp-admin/term.php?taxonomy&tag_ID=670&post_type=product";s:5:"title";s:4:"Ecos";}}
a:6:{s:3:"row";i:67;s:7:"message";s:31:"Category imported successfully.";s:6:"status";b:1;s:10:"status_msg";s:7:"Success";s:7:"post_id";i:671;s:9:"post_link";a:2:{s:8:"edit_url";s:77:"http://test.divari.lt/wp-admin/term.php?taxonomy&tag_ID=671&post_type=product";s:5:"title";s:11:"Tomsko Farm";}}
a:6:{s:3:"row";i:68;s:7:"message";s:31:"Category imported successfully.";s:6:"status";b:1;s:10:"status_msg";s:7:"Success";s:7:"post_id";i:672;s:9:"post_link";a:2:{s:8:"edit_url";s:77:"http://test.divari.lt/wp-admin/term.php?taxonomy&tag_ID=672&post_type=product";s:5:"title";s:9:"Real Caps";}}
a:6:{s:3:"row";i:69;s:7:"message";s:31:"Category imported successfully.";s:6:"status";b:1;s:10:"status_msg";s:7:"Success";s:7:"post_id";i:673;s:9:"post_link";a:2:{s:8:"edit_url";s:77:"http://test.divari.lt/wp-admin/term.php?taxonomy&tag_ID=673&post_type=product";s:5:"title";s:22:"Holding Ponseca Pharma";}}
a:6:{s:3:"row";i:70;s:7:"message";s:31:"Category imported successfully.";s:6:"status";b:1;s:10:"status_msg";s:7:"Success";s:7:"post_id";i:674;s:9:"post_link";a:2:{s:8:"edit_url";s:77:"http://test.divari.lt/wp-admin/term.php?taxonomy&tag_ID=674&post_type=product";s:5:"title";s:15:"Polski Lek S.A.";}}
a:6:{s:3:"row";i:71;s:7:"message";s:31:"Category imported successfully.";s:6:"status";b:1;s:10:"status_msg";s:7:"Success";s:7:"post_id";i:675;s:9:"post_link";a:2:{s:8:"edit_url";s:77:"http://test.divari.lt/wp-admin/term.php?taxonomy&tag_ID=675&post_type=product";s:5:"title";s:9:"Pharma Ad";}}
a:6:{s:3:"row";i:72;s:7:"message";s:31:"Category imported successfully.";s:6:"status";b:1;s:10:"status_msg";s:7:"Success";s:7:"post_id";i:676;s:9:"post_link";a:2:{s:8:"edit_url";s:77:"http://test.divari.lt/wp-admin/term.php?taxonomy&tag_ID=676&post_type=product";s:5:"title";s:21:"Sibirskaya Kletchatka";}}
a:6:{s:3:"row";i:73;s:7:"message";s:31:"Category imported successfully.";s:6:"status";b:1;s:10:"status_msg";s:7:"Success";s:7:"post_id";i:677;s:9:"post_link";a:2:{s:8:"edit_url";s:77:"http://test.divari.lt/wp-admin/term.php?taxonomy&tag_ID=677&post_type=product";s:5:"title";s:7:"D-A OOD";}}
a:6:{s:3:"row";i:74;s:7:"message";s:31:"Category imported successfully.";s:6:"status";b:1;s:10:"status_msg";s:7:"Success";s:7:"post_id";i:678;s:9:"post_link";a:2:{s:8:"edit_url";s:77:"http://test.divari.lt/wp-admin/term.php?taxonomy&tag_ID=678&post_type=product";s:5:"title";s:18:"Go Green Nutrition";}}
a:6:{s:3:"row";i:75;s:7:"message";s:31:"Category imported successfully.";s:6:"status";b:1;s:10:"status_msg";s:7:"Success";s:7:"post_id";i:679;s:9:"post_link";a:2:{s:8:"edit_url";s:77:"http://test.divari.lt/wp-admin/term.php?taxonomy&tag_ID=679&post_type=product";s:5:"title";s:15:"Synoptis Pharma";}}
a:6:{s:3:"row";i:76;s:7:"message";s:31:"Category imported successfully.";s:6:"status";b:1;s:10:"status_msg";s:7:"Success";s:7:"post_id";i:680;s:9:"post_link";a:2:{s:8:"edit_url";s:77:"http://test.divari.lt/wp-admin/term.php?taxonomy&tag_ID=680&post_type=product";s:5:"title";s:11:"Herbamedica";}}
a:6:{s:3:"row";i:77;s:7:"message";s:31:"Category imported successfully.";s:6:"status";b:1;s:10:"status_msg";s:7:"Success";s:7:"post_id";i:681;s:9:"post_link";a:2:{s:8:"edit_url";s:77:"http://test.divari.lt/wp-admin/term.php?taxonomy&tag_ID=681&post_type=product";s:5:"title";s:9:"Kvadrat-C";}}
a:6:{s:3:"row";i:78;s:7:"message";s:31:"Category imported successfully.";s:6:"status";b:1;s:10:"status_msg";s:7:"Success";s:7:"post_id";i:682;s:9:"post_link";a:2:{s:8:"edit_url";s:77:"http://test.divari.lt/wp-admin/term.php?taxonomy&tag_ID=682&post_type=product";s:5:"title";s:5:"Sipro";}}
a:6:{s:3:"row";i:79;s:7:"message";s:31:"Category imported successfully.";s:6:"status";b:1;s:10:"status_msg";s:7:"Success";s:7:"post_id";i:683;s:9:"post_link";a:2:{s:8:"edit_url";s:77:"http://test.divari.lt/wp-admin/term.php?taxonomy&tag_ID=683&post_type=product";s:5:"title";s:23:"Karnani Pharmaceuticals";}}
a:6:{s:3:"row";i:80;s:7:"message";s:31:"Category imported successfully.";s:6:"status";b:1;s:10:"status_msg";s:7:"Success";s:7:"post_id";i:684;s:9:"post_link";a:2:{s:8:"edit_url";s:77:"http://test.divari.lt/wp-admin/term.php?taxonomy&tag_ID=684&post_type=product";s:5:"title";s:10:"Ofi S.P.A.";}}
a:6:{s:3:"row";i:81;s:7:"message";s:31:"Category imported successfully.";s:6:"status";b:1;s:10:"status_msg";s:7:"Success";s:7:"post_id";i:685;s:9:"post_link";a:2:{s:8:"edit_url";s:77:"http://test.divari.lt/wp-admin/term.php?taxonomy&tag_ID=685&post_type=product";s:5:"title";s:35:"IP Kaliankovič Aleksei Nikolaevič";}}
a:6:{s:3:"row";i:82;s:7:"message";s:31:"Category imported successfully.";s:6:"status";b:1;s:10:"status_msg";s:7:"Success";s:7:"post_id";i:686;s:9:"post_link";a:2:{s:8:"edit_url";s:77:"http://test.divari.lt/wp-admin/term.php?taxonomy&tag_ID=686&post_type=product";s:5:"title";s:18:"Nevskaja kosmetika";}}
a:6:{s:3:"row";i:83;s:7:"message";s:31:"Category imported successfully.";s:6:"status";b:1;s:10:"status_msg";s:7:"Success";s:7:"post_id";i:687;s:9:"post_link";a:2:{s:8:"edit_url";s:77:"http://test.divari.lt/wp-admin/term.php?taxonomy&tag_ID=687&post_type=product";s:5:"title";s:6:"Vellie";}}
a:6:{s:3:"row";i:84;s:7:"message";s:31:"Category imported successfully.";s:6:"status";b:1;s:10:"status_msg";s:7:"Success";s:7:"post_id";i:688;s:9:"post_link";a:2:{s:8:"edit_url";s:77:"http://test.divari.lt/wp-admin/term.php?taxonomy&tag_ID=688&post_type=product";s:5:"title";s:25:"MedPro Nutraceuticals SIA";}}
a:6:{s:3:"row";i:85;s:7:"message";s:31:"Category imported successfully.";s:6:"status";b:1;s:10:"status_msg";s:7:"Success";s:7:"post_id";i:689;s:9:"post_link";a:2:{s:8:"edit_url";s:77:"http://test.divari.lt/wp-admin/term.php?taxonomy&tag_ID=689&post_type=product";s:5:"title";s:13:"Cumdente GmbH";}}
a:6:{s:3:"row";i:86;s:7:"message";s:31:"Category imported successfully.";s:6:"status";b:1;s:10:"status_msg";s:7:"Success";s:7:"post_id";i:690;s:9:"post_link";a:2:{s:8:"edit_url";s:77:"http://test.divari.lt/wp-admin/term.php?taxonomy&tag_ID=690&post_type=product";s:5:"title";s:16:"LLC Amalgama Lux";}}
a:6:{s:3:"row";i:87;s:7:"message";s:31:"Category imported successfully.";s:6:"status";b:1;s:10:"status_msg";s:7:"Success";s:7:"post_id";i:691;s:9:"post_link";a:2:{s:8:"edit_url";s:77:"http://test.divari.lt/wp-admin/term.php?taxonomy&tag_ID=691&post_type=product";s:5:"title";s:12:"Kamelija NPP";}}
a:6:{s:3:"row";i:88;s:7:"message";s:31:"Category imported successfully.";s:6:"status";b:1;s:10:"status_msg";s:7:"Success";s:7:"post_id";i:692;s:9:"post_link";a:2:{s:8:"edit_url";s:77:"http://test.divari.lt/wp-admin/term.php?taxonomy&tag_ID=692&post_type=product";s:5:"title";s:26:"Derbos Laboratorio Natural";}}
a:6:{s:3:"row";i:89;s:7:"message";s:31:"Category imported successfully.";s:6:"status";b:1;s:10:"status_msg";s:7:"Success";s:7:"post_id";i:693;s:9:"post_link";a:2:{s:8:"edit_url";s:77:"http://test.divari.lt/wp-admin/term.php?taxonomy&tag_ID=693&post_type=product";s:5:"title";s:6:"Dekost";}}
a:6:{s:3:"row";i:90;s:7:"message";s:31:"Category imported successfully.";s:6:"status";b:1;s:10:"status_msg";s:7:"Success";s:7:"post_id";i:694;s:9:"post_link";a:2:{s:8:"edit_url";s:77:"http://test.divari.lt/wp-admin/term.php?taxonomy&tag_ID=694&post_type=product";s:5:"title";s:9:"Biosintez";}}
a:6:{s:3:"row";i:91;s:7:"message";s:31:"Category imported successfully.";s:6:"status";b:1;s:10:"status_msg";s:7:"Success";s:7:"post_id";i:695;s:9:"post_link";a:2:{s:8:"edit_url";s:77:"http://test.divari.lt/wp-admin/term.php?taxonomy&tag_ID=695&post_type=product";s:5:"title";s:18:"OPC Pharmaceutical";}}
a:6:{s:3:"row";i:92;s:7:"message";s:31:"Category imported successfully.";s:6:"status";b:1;s:10:"status_msg";s:7:"Success";s:7:"post_id";i:696;s:9:"post_link";a:2:{s:8:"edit_url";s:77:"http://test.divari.lt/wp-admin/term.php?taxonomy&tag_ID=696&post_type=product";s:5:"title";s:13:"Solnce Altaja";}}
a:6:{s:3:"row";i:93;s:7:"message";s:31:"Category imported successfully.";s:6:"status";b:1;s:10:"status_msg";s:7:"Success";s:7:"post_id";i:697;s:9:"post_link";a:2:{s:8:"edit_url";s:77:"http://test.divari.lt/wp-admin/term.php?taxonomy&tag_ID=697&post_type=product";s:5:"title";s:7:"Fitomag";}}
a:6:{s:3:"row";i:94;s:7:"message";s:31:"Category imported successfully.";s:6:"status";b:1;s:10:"status_msg";s:7:"Success";s:7:"post_id";i:698;s:9:"post_link";a:2:{s:8:"edit_url";s:77:"http://test.divari.lt/wp-admin/term.php?taxonomy&tag_ID=698&post_type=product";s:5:"title";s:30:"Jodnije Technologi I Marketing";}}
a:6:{s:3:"row";i:95;s:7:"message";s:31:"Category imported successfully.";s:6:"status";b:1;s:10:"status_msg";s:7:"Success";s:7:"post_id";i:699;s:9:"post_link";a:2:{s:8:"edit_url";s:77:"http://test.divari.lt/wp-admin/term.php?taxonomy&tag_ID=699&post_type=product";s:5:"title";s:17:"Sarepta-Mediplast";}}
a:6:{s:3:"row";i:96;s:7:"message";s:31:"Category imported successfully.";s:6:"status";b:1;s:10:"status_msg";s:7:"Success";s:7:"post_id";i:700;s:9:"post_link";a:2:{s:8:"edit_url";s:77:"http://test.divari.lt/wp-admin/term.php?taxonomy&tag_ID=700&post_type=product";s:5:"title";s:10:"Astrofarma";}}
a:6:{s:3:"row";i:97;s:7:"message";s:31:"Category imported successfully.";s:6:"status";b:1;s:10:"status_msg";s:7:"Success";s:7:"post_id";i:701;s:9:"post_link";a:2:{s:8:"edit_url";s:77:"http://test.divari.lt/wp-admin/term.php?taxonomy&tag_ID=701&post_type=product";s:5:"title";s:13:"Emami Limited";}}
a:6:{s:3:"row";i:98;s:7:"message";s:31:"Category imported successfully.";s:6:"status";b:1;s:10:"status_msg";s:7:"Success";s:7:"post_id";i:702;s:9:"post_link";a:2:{s:8:"edit_url";s:77:"http://test.divari.lt/wp-admin/term.php?taxonomy&tag_ID=702&post_type=product";s:5:"title";s:11:"Galtejafarm";}}
a:6:{s:3:"row";i:99;s:7:"message";s:31:"Category imported successfully.";s:6:"status";b:1;s:10:"status_msg";s:7:"Success";s:7:"post_id";i:703;s:9:"post_link";a:2:{s:8:"edit_url";s:77:"http://test.divari.lt/wp-admin/term.php?taxonomy&tag_ID=703&post_type=product";s:5:"title";s:16:"Karelia organica";}}
a:6:{s:3:"row";i:100;s:7:"message";s:31:"Category imported successfully.";s:6:"status";b:1;s:10:"status_msg";s:7:"Success";s:7:"post_id";i:704;s:9:"post_link";a:2:{s:8:"edit_url";s:77:"http://test.divari.lt/wp-admin/term.php?taxonomy&tag_ID=704&post_type=product";s:5:"title";s:13:"Absolute Care";}}
a:6:{s:3:"row";i:101;s:7:"message";s:31:"Category imported successfully.";s:6:"status";b:1;s:10:"status_msg";s:7:"Success";s:7:"post_id";i:705;s:9:"post_link";a:2:{s:8:"edit_url";s:77:"http://test.divari.lt/wp-admin/term.php?taxonomy&tag_ID=705&post_type=product";s:5:"title";s:13:"Pierre Cardin";}}
a:6:{s:3:"row";i:102;s:7:"message";s:31:"Category imported successfully.";s:6:"status";b:1;s:10:"status_msg";s:7:"Success";s:7:"post_id";i:706;s:9:"post_link";a:2:{s:8:"edit_url";s:77:"http://test.divari.lt/wp-admin/term.php?taxonomy&tag_ID=706&post_type=product";s:5:"title";s:16:"Neogen Dermalogy";}}
a:6:{s:3:"row";i:103;s:7:"message";s:31:"Category imported successfully.";s:6:"status";b:1;s:10:"status_msg";s:7:"Success";s:7:"post_id";i:707;s:9:"post_link";a:2:{s:8:"edit_url";s:77:"http://test.divari.lt/wp-admin/term.php?taxonomy&tag_ID=707&post_type=product";s:5:"title";s:6:"Missha";}}
a:6:{s:3:"row";i:104;s:7:"message";s:31:"Category imported successfully.";s:6:"status";b:1;s:10:"status_msg";s:7:"Success";s:7:"post_id";i:708;s:9:"post_link";a:2:{s:8:"edit_url";s:77:"http://test.divari.lt/wp-admin/term.php?taxonomy&tag_ID=708&post_type=product";s:5:"title";s:6:"A'pieu";}}
a:6:{s:3:"row";i:105;s:7:"message";s:31:"Category imported successfully.";s:6:"status";b:1;s:10:"status_msg";s:7:"Success";s:7:"post_id";i:709;s:9:"post_link";a:2:{s:8:"edit_url";s:77:"http://test.divari.lt/wp-admin/term.php?taxonomy&tag_ID=709&post_type=product";s:5:"title";s:15:"Pervoe Reshenie";}}
a:6:{s:3:"row";i:106;s:7:"message";s:31:"Category imported successfully.";s:6:"status";b:1;s:10:"status_msg";s:7:"Success";s:7:"post_id";i:710;s:9:"post_link";a:2:{s:8:"edit_url";s:77:"http://test.divari.lt/wp-admin/term.php?taxonomy&tag_ID=710&post_type=product";s:5:"title";s:9:"Good Mood";}}
a:6:{s:3:"row";i:107;s:7:"message";s:31:"Category imported successfully.";s:6:"status";b:1;s:10:"status_msg";s:7:"Success";s:7:"post_id";i:711;s:9:"post_link";a:2:{s:8:"edit_url";s:77:"http://test.divari.lt/wp-admin/term.php?taxonomy&tag_ID=711&post_type=product";s:5:"title";s:11:"Vivian Gray";}}
a:6:{s:3:"row";i:108;s:7:"message";s:31:"Category imported successfully.";s:6:"status";b:1;s:10:"status_msg";s:7:"Success";s:7:"post_id";i:712;s:9:"post_link";a:2:{s:8:"edit_url";s:77:"http://test.divari.lt/wp-admin/term.php?taxonomy&tag_ID=712&post_type=product";s:5:"title";s:13:"Fito Cosmetic";}}
a:6:{s:3:"row";i:109;s:7:"message";s:31:"Category imported successfully.";s:6:"status";b:1;s:10:"status_msg";s:7:"Success";s:7:"post_id";i:713;s:9:"post_link";a:2:{s:8:"edit_url";s:77:"http://test.divari.lt/wp-admin/term.php?taxonomy&tag_ID=713&post_type=product";s:5:"title";s:17:"Vollare Cosmetics";}}
a:6:{s:3:"row";i:110;s:7:"message";s:31:"Category imported successfully.";s:6:"status";b:1;s:10:"status_msg";s:7:"Success";s:7:"post_id";i:714;s:9:"post_link";a:2:{s:8:"edit_url";s:77:"http://test.divari.lt/wp-admin/term.php?taxonomy&tag_ID=714&post_type=product";s:5:"title";s:16:"Danielle Laroche";}}
a:6:{s:3:"row";i:111;s:7:"message";s:31:"Category imported successfully.";s:6:"status";b:1;s:10:"status_msg";s:7:"Success";s:7:"post_id";i:715;s:9:"post_link";a:2:{s:8:"edit_url";s:77:"http://test.divari.lt/wp-admin/term.php?taxonomy&tag_ID=715&post_type=product";s:5:"title";s:13:"Dizao Natural";}}
a:6:{s:3:"row";i:112;s:7:"message";s:31:"Category imported successfully.";s:6:"status";b:1;s:10:"status_msg";s:7:"Success";s:7:"post_id";i:716;s:9:"post_link";a:2:{s:8:"edit_url";s:77:"http://test.divari.lt/wp-admin/term.php?taxonomy&tag_ID=716&post_type=product";s:5:"title";s:6:"Frudia";}}
a:6:{s:3:"row";i:113;s:7:"message";s:31:"Category imported successfully.";s:6:"status";b:1;s:10:"status_msg";s:7:"Success";s:7:"post_id";i:717;s:9:"post_link";a:2:{s:8:"edit_url";s:77:"http://test.divari.lt/wp-admin/term.php?taxonomy&tag_ID=717&post_type=product";s:5:"title";s:5:"Paira";}}
a:6:{s:3:"row";i:114;s:7:"message";s:31:"Category imported successfully.";s:6:"status";b:1;s:10:"status_msg";s:7:"Success";s:7:"post_id";i:718;s:9:"post_link";a:2:{s:8:"edit_url";s:77:"http://test.divari.lt/wp-admin/term.php?taxonomy&tag_ID=718&post_type=product";s:5:"title";s:10:"Dr. Retter";}}
a:6:{s:3:"row";i:115;s:7:"message";s:31:"Category imported successfully.";s:6:"status";b:1;s:10:"status_msg";s:7:"Success";s:7:"post_id";i:719;s:9:"post_link";a:2:{s:8:"edit_url";s:77:"http://test.divari.lt/wp-admin/term.php?taxonomy&tag_ID=719&post_type=product";s:5:"title";s:7:"Aromika";}}
a:6:{s:3:"row";i:116;s:7:"message";s:31:"Category imported successfully.";s:6:"status";b:1;s:10:"status_msg";s:7:"Success";s:7:"post_id";i:720;s:9:"post_link";a:2:{s:8:"edit_url";s:77:"http://test.divari.lt/wp-admin/term.php?taxonomy&tag_ID=720&post_type=product";s:5:"title";s:8:"Dr. Mola";}}
a:6:{s:3:"row";i:117;s:7:"message";s:31:"Category imported successfully.";s:6:"status";b:1;s:10:"status_msg";s:7:"Success";s:7:"post_id";i:721;s:9:"post_link";a:2:{s:8:"edit_url";s:77:"http://test.divari.lt/wp-admin/term.php?taxonomy&tag_ID=721&post_type=product";s:5:"title";s:5:"Ultru";}}
a:6:{s:3:"row";i:118;s:7:"message";s:31:"Category imported successfully.";s:6:"status";b:1;s:10:"status_msg";s:7:"Success";s:7:"post_id";i:722;s:9:"post_link";a:2:{s:8:"edit_url";s:77:"http://test.divari.lt/wp-admin/term.php?taxonomy&tag_ID=722&post_type=product";s:5:"title";s:8:"Farmakom";}}
a:6:{s:3:"row";i:119;s:7:"message";s:31:"Category imported successfully.";s:6:"status";b:1;s:10:"status_msg";s:7:"Success";s:7:"post_id";i:723;s:9:"post_link";a:2:{s:8:"edit_url";s:77:"http://test.divari.lt/wp-admin/term.php?taxonomy&tag_ID=723&post_type=product";s:5:"title";s:6:"Crevil";}}
a:6:{s:3:"row";i:120;s:7:"message";s:31:"Category imported successfully.";s:6:"status";b:1;s:10:"status_msg";s:7:"Success";s:7:"post_id";i:724;s:9:"post_link";a:2:{s:8:"edit_url";s:77:"http://test.divari.lt/wp-admin/term.php?taxonomy&tag_ID=724&post_type=product";s:5:"title";s:6:"La'dor";}}
a:6:{s:3:"row";i:121;s:7:"message";s:31:"Category imported successfully.";s:6:"status";b:1;s:10:"status_msg";s:7:"Success";s:7:"post_id";i:725;s:9:"post_link";a:2:{s:8:"edit_url";s:77:"http://test.divari.lt/wp-admin/term.php?taxonomy&tag_ID=725&post_type=product";s:5:"title";s:10:"OO Ukraina";}}
a:6:{s:3:"row";i:122;s:7:"message";s:31:"Category imported successfully.";s:6:"status";b:1;s:10:"status_msg";s:7:"Success";s:7:"post_id";i:726;s:9:"post_link";a:2:{s:8:"edit_url";s:77:"http://test.divari.lt/wp-admin/term.php?taxonomy&tag_ID=726&post_type=product";s:5:"title";s:6:"Witpak";}}
a:6:{s:3:"row";i:123;s:7:"message";s:31:"Category imported successfully.";s:6:"status";b:1;s:10:"status_msg";s:7:"Success";s:7:"post_id";i:727;s:9:"post_link";a:2:{s:8:"edit_url";s:77:"http://test.divari.lt/wp-admin/term.php?taxonomy&tag_ID=727&post_type=product";s:5:"title";s:24:"Hangzhou AllTest Biotech";}}
a:6:{s:3:"row";i:124;s:7:"message";s:31:"Category imported successfully.";s:6:"status";b:1;s:10:"status_msg";s:7:"Success";s:7:"post_id";i:728;s:9:"post_link";a:2:{s:8:"edit_url";s:77:"http://test.divari.lt/wp-admin/term.php?taxonomy&tag_ID=728&post_type=product";s:5:"title";s:15:"Dr. Chen patika";}}
a:6:{s:3:"row";i:125;s:7:"message";s:31:"Category imported successfully.";s:6:"status";b:1;s:10:"status_msg";s:7:"Success";s:7:"post_id";i:729;s:9:"post_link";a:2:{s:8:"edit_url";s:77:"http://test.divari.lt/wp-admin/term.php?taxonomy&tag_ID=729&post_type=product";s:5:"title";s:18:"Ultradent Products";}}
a:6:{s:3:"row";i:126;s:7:"message";s:31:"Category imported successfully.";s:6:"status";b:1;s:10:"status_msg";s:7:"Success";s:7:"post_id";i:730;s:9:"post_link";a:2:{s:8:"edit_url";s:77:"http://test.divari.lt/wp-admin/term.php?taxonomy&tag_ID=730&post_type=product";s:5:"title";s:18:"GABA International";}}
a:6:{s:3:"row";i:127;s:7:"message";s:31:"Category imported successfully.";s:6:"status";b:1;s:10:"status_msg";s:7:"Success";s:7:"post_id";i:731;s:9:"post_link";a:2:{s:8:"edit_url";s:77:"http://test.divari.lt/wp-admin/term.php?taxonomy&tag_ID=731&post_type=product";s:5:"title";s:20:"Proctor &amp; Gamble";}}
a:6:{s:3:"row";i:128;s:7:"message";s:31:"Category imported successfully.";s:6:"status";b:1;s:10:"status_msg";s:7:"Success";s:7:"post_id";i:732;s:9:"post_link";a:2:{s:8:"edit_url";s:77:"http://test.divari.lt/wp-admin/term.php?taxonomy&tag_ID=732&post_type=product";s:5:"title";s:5:"Orbis";}}
a:6:{s:3:"row";i:129;s:7:"message";s:31:"Category imported successfully.";s:6:"status";b:1;s:10:"status_msg";s:7:"Success";s:7:"post_id";i:733;s:9:"post_link";a:2:{s:8:"edit_url";s:77:"http://test.divari.lt/wp-admin/term.php?taxonomy&tag_ID=733&post_type=product";s:5:"title";s:13:"Naujoji rūta";}}
a:6:{s:3:"row";i:130;s:7:"message";s:31:"Category imported successfully.";s:6:"status";b:1;s:10:"status_msg";s:7:"Success";s:7:"post_id";i:734;s:9:"post_link";a:2:{s:8:"edit_url";s:77:"http://test.divari.lt/wp-admin/term.php?taxonomy&tag_ID=734&post_type=product";s:5:"title";s:7:"Estvita";}}
a:6:{s:3:"row";i:131;s:7:"message";s:31:"Category imported successfully.";s:6:"status";b:1;s:10:"status_msg";s:7:"Success";s:7:"post_id";i:735;s:9:"post_link";a:2:{s:8:"edit_url";s:77:"http://test.divari.lt/wp-admin/term.php?taxonomy&tag_ID=735&post_type=product";s:5:"title";s:7:"Welding";}}
a:6:{s:3:"row";i:132;s:7:"message";s:31:"Category imported successfully.";s:6:"status";b:1;s:10:"status_msg";s:7:"Success";s:7:"post_id";i:736;s:9:"post_link";a:2:{s:8:"edit_url";s:77:"http://test.divari.lt/wp-admin/term.php?taxonomy&tag_ID=736&post_type=product";s:5:"title";s:15:"Vasu Healthcare";}}
a:6:{s:3:"row";i:133;s:7:"message";s:31:"Category imported successfully.";s:6:"status";b:1;s:10:"status_msg";s:7:"Success";s:7:"post_id";i:737;s:9:"post_link";a:2:{s:8:"edit_url";s:77:"http://test.divari.lt/wp-admin/term.php?taxonomy&tag_ID=737&post_type=product";s:5:"title";s:11:"Tulskaja FF";}}
a:6:{s:3:"row";i:134;s:7:"message";s:31:"Category imported successfully.";s:6:"status";b:1;s:10:"status_msg";s:7:"Success";s:7:"post_id";i:738;s:9:"post_link";a:2:{s:8:"edit_url";s:77:"http://test.divari.lt/wp-admin/term.php?taxonomy&tag_ID=738&post_type=product";s:5:"title";s:18:"Dr. Müller Pharma";}}
a:6:{s:3:"row";i:135;s:7:"message";s:31:"Category imported successfully.";s:6:"status";b:1;s:10:"status_msg";s:7:"Success";s:7:"post_id";i:739;s:9:"post_link";a:2:{s:8:"edit_url";s:77:"http://test.divari.lt/wp-admin/term.php?taxonomy&tag_ID=739&post_type=product";s:5:"title";s:31:"Usol'ye-Sibirskiy Khimfarmzavod";}}
a:6:{s:3:"row";i:136;s:7:"message";s:31:"Category imported successfully.";s:6:"status";b:1;s:10:"status_msg";s:7:"Success";s:7:"post_id";i:740;s:9:"post_link";a:2:{s:8:"edit_url";s:77:"http://test.divari.lt/wp-admin/term.php?taxonomy&tag_ID=740&post_type=product";s:5:"title";s:12:"M&amp;A Caps";}}
a:6:{s:3:"row";i:137;s:7:"message";s:31:"Category imported successfully.";s:6:"status";b:1;s:10:"status_msg";s:7:"Success";s:7:"post_id";i:741;s:9:"post_link";a:2:{s:8:"edit_url";s:77:"http://test.divari.lt/wp-admin/term.php?taxonomy&tag_ID=741&post_type=product";s:5:"title";s:7:"Ekoteks";}}
a:6:{s:3:"row";i:138;s:7:"message";s:31:"Category imported successfully.";s:6:"status";b:1;s:10:"status_msg";s:7:"Success";s:7:"post_id";i:742;s:9:"post_link";a:2:{s:8:"edit_url";s:77:"http://test.divari.lt/wp-admin/term.php?taxonomy&tag_ID=742&post_type=product";s:5:"title";s:6:"Elixir";}}
a:6:{s:3:"row";i:139;s:7:"message";s:31:"Category imported successfully.";s:6:"status";b:1;s:10:"status_msg";s:7:"Success";s:7:"post_id";i:743;s:9:"post_link";a:2:{s:8:"edit_url";s:77:"http://test.divari.lt/wp-admin/term.php?taxonomy&tag_ID=743&post_type=product";s:5:"title";s:15:"Rever cosmetics";}}
a:6:{s:3:"row";i:140;s:7:"message";s:31:"Category imported successfully.";s:6:"status";b:1;s:10:"status_msg";s:7:"Success";s:7:"post_id";i:744;s:9:"post_link";a:2:{s:8:"edit_url";s:77:"http://test.divari.lt/wp-admin/term.php?taxonomy&tag_ID=744&post_type=product";s:5:"title";s:21:"Fito Bio Technologies";}}
a:6:{s:3:"row";i:141;s:7:"message";s:31:"Category imported successfully.";s:6:"status";b:1;s:10:"status_msg";s:7:"Success";s:7:"post_id";i:745;s:9:"post_link";a:2:{s:8:"edit_url";s:77:"http://test.divari.lt/wp-admin/term.php?taxonomy&tag_ID=745&post_type=product";s:5:"title";s:11:"Ekosvit Oil";}}
a:6:{s:3:"row";i:142;s:7:"message";s:31:"Category imported successfully.";s:6:"status";b:1;s:10:"status_msg";s:7:"Success";s:7:"post_id";i:746;s:9:"post_link";a:2:{s:8:"edit_url";s:77:"http://test.divari.lt/wp-admin/term.php?taxonomy&tag_ID=746&post_type=product";s:5:"title";s:12:"Golden Pharm";}}
a:6:{s:3:"row";i:143;s:7:"message";s:31:"Category imported successfully.";s:6:"status";b:1;s:10:"status_msg";s:7:"Success";s:7:"post_id";i:747;s:9:"post_link";a:2:{s:8:"edit_url";s:77:"http://test.divari.lt/wp-admin/term.php?taxonomy&tag_ID=747&post_type=product";s:5:"title";s:11:"Agroselprom";}}
a:6:{s:3:"row";i:144;s:7:"message";s:31:"Category imported successfully.";s:6:"status";b:1;s:10:"status_msg";s:7:"Success";s:7:"post_id";i:748;s:9:"post_link";a:2:{s:8:"edit_url";s:77:"http://test.divari.lt/wp-admin/term.php?taxonomy&tag_ID=748&post_type=product";s:5:"title";s:5:"Irbit";}}
a:6:{s:3:"row";i:145;s:7:"message";s:31:"Category imported successfully.";s:6:"status";b:1;s:10:"status_msg";s:7:"Success";s:7:"post_id";i:749;s:9:"post_link";a:2:{s:8:"edit_url";s:77:"http://test.divari.lt/wp-admin/term.php?taxonomy&tag_ID=749&post_type=product";s:5:"title";s:7:"Solntse";}}
a:6:{s:3:"row";i:146;s:7:"message";s:31:"Category imported successfully.";s:6:"status";b:1;s:10:"status_msg";s:7:"Success";s:7:"post_id";i:750;s:9:"post_link";a:2:{s:8:"edit_url";s:77:"http://test.divari.lt/wp-admin/term.php?taxonomy&tag_ID=750&post_type=product";s:5:"title";s:7:"Malavit";}}
a:6:{s:3:"row";i:147;s:7:"message";s:31:"Category imported successfully.";s:6:"status";b:1;s:10:"status_msg";s:7:"Success";s:7:"post_id";i:751;s:9:"post_link";a:2:{s:8:"edit_url";s:77:"http://test.divari.lt/wp-admin/term.php?taxonomy&tag_ID=751&post_type=product";s:5:"title";s:6:"Amateg";}}
a:6:{s:3:"row";i:148;s:7:"message";s:31:"Category imported successfully.";s:6:"status";b:1;s:10:"status_msg";s:7:"Success";s:7:"post_id";i:752;s:9:"post_link";a:2:{s:8:"edit_url";s:77:"http://test.divari.lt/wp-admin/term.php?taxonomy&tag_ID=752&post_type=product";s:5:"title";s:6:"Vismut";}}
a:6:{s:3:"row";i:149;s:7:"message";s:31:"Category imported successfully.";s:6:"status";b:1;s:10:"status_msg";s:7:"Success";s:7:"post_id";i:753;s:9:"post_link";a:2:{s:8:"edit_url";s:77:"http://test.divari.lt/wp-admin/term.php?taxonomy&tag_ID=753&post_type=product";s:5:"title";s:5:"Vesna";}}
a:6:{s:3:"row";i:150;s:7:"message";s:31:"Category imported successfully.";s:6:"status";b:1;s:10:"status_msg";s:7:"Success";s:7:"post_id";i:754;s:9:"post_link";a:2:{s:8:"edit_url";s:77:"http://test.divari.lt/wp-admin/term.php?taxonomy&tag_ID=754&post_type=product";s:5:"title";s:8:"OSK Farm";}}
a:6:{s:3:"row";i:151;s:7:"message";s:31:"Category imported successfully.";s:6:"status";b:1;s:10:"status_msg";s:7:"Success";s:7:"post_id";i:755;s:9:"post_link";a:2:{s:8:"edit_url";s:77:"http://test.divari.lt/wp-admin/term.php?taxonomy&tag_ID=755&post_type=product";s:5:"title";s:8:"Hipokart";}}
a:6:{s:3:"row";i:152;s:7:"message";s:31:"Category imported successfully.";s:6:"status";b:1;s:10:"status_msg";s:7:"Success";s:7:"post_id";i:756;s:9:"post_link";a:2:{s:8:"edit_url";s:77:"http://test.divari.lt/wp-admin/term.php?taxonomy&tag_ID=756&post_type=product";s:5:"title";s:12:"Samarmedprom";}}
a:6:{s:3:"row";i:153;s:7:"message";s:31:"Category imported successfully.";s:6:"status";b:1;s:10:"status_msg";s:7:"Success";s:7:"post_id";i:757;s:9:"post_link";a:2:{s:8:"edit_url";s:77:"http://test.divari.lt/wp-admin/term.php?taxonomy&tag_ID=757&post_type=product";s:5:"title";s:7:"Borimed";}}
a:6:{s:3:"row";i:154;s:7:"message";s:31:"Category imported successfully.";s:6:"status";b:1;s:10:"status_msg";s:7:"Success";s:7:"post_id";i:758;s:9:"post_link";a:2:{s:8:"edit_url";s:77:"http://test.divari.lt/wp-admin/term.php?taxonomy&tag_ID=758&post_type=product";s:5:"title";s:9:"Ternofarm";}}
a:6:{s:3:"row";i:155;s:7:"message";s:31:"Category imported successfully.";s:6:"status";b:1;s:10:"status_msg";s:7:"Success";s:7:"post_id";i:759;s:9:"post_link";a:2:{s:8:"edit_url";s:77:"http://test.divari.lt/wp-admin/term.php?taxonomy&tag_ID=759&post_type=product";s:5:"title";s:18:"Kyiv Vitamin Plant";}}
a:6:{s:3:"row";i:156;s:7:"message";s:31:"Category imported successfully.";s:6:"status";b:1;s:10:"status_msg";s:7:"Success";s:7:"post_id";i:760;s:9:"post_link";a:2:{s:8:"edit_url";s:77:"http://test.divari.lt/wp-admin/term.php?taxonomy&tag_ID=760&post_type=product";s:5:"title";s:9:"PE Ekobiz";}}
a:6:{s:3:"row";i:157;s:7:"message";s:31:"Category imported successfully.";s:6:"status";b:1;s:10:"status_msg";s:7:"Success";s:7:"post_id";i:761;s:9:"post_link";a:2:{s:8:"edit_url";s:77:"http://test.divari.lt/wp-admin/term.php?taxonomy&tag_ID=761&post_type=product";s:5:"title";s:12:"Esculap Farm";}}
a:6:{s:3:"row";i:158;s:7:"message";s:31:"Category imported successfully.";s:6:"status";b:1;s:10:"status_msg";s:7:"Success";s:7:"post_id";i:762;s:9:"post_link";a:2:{s:8:"edit_url";s:77:"http://test.divari.lt/wp-admin/term.php?taxonomy&tag_ID=762&post_type=product";s:5:"title";s:7:"Valgeda";}}
a:6:{s:3:"row";i:159;s:7:"message";s:31:"Category imported successfully.";s:6:"status";b:1;s:10:"status_msg";s:7:"Success";s:7:"post_id";i:763;s:9:"post_link";a:2:{s:8:"edit_url";s:77:"http://test.divari.lt/wp-admin/term.php?taxonomy&tag_ID=763&post_type=product";s:5:"title";s:13:"THS cosmetics";}}
a:6:{s:3:"row";i:160;s:7:"message";s:31:"Category imported successfully.";s:6:"status";b:1;s:10:"status_msg";s:7:"Success";s:7:"post_id";i:764;s:9:"post_link";a:2:{s:8:"edit_url";s:77:"http://test.divari.lt/wp-admin/term.php?taxonomy&tag_ID=764&post_type=product";s:5:"title";s:9:"Lubnifarm";}}
a:6:{s:3:"row";i:161;s:7:"message";s:31:"Category imported successfully.";s:6:"status";b:1;s:10:"status_msg";s:7:"Success";s:7:"post_id";i:765;s:9:"post_link";a:2:{s:8:"edit_url";s:77:"http://test.divari.lt/wp-admin/term.php?taxonomy&tag_ID=765&post_type=product";s:5:"title";s:10:"Symbiofarm";}}
a:6:{s:3:"row";i:162;s:7:"message";s:31:"Category imported successfully.";s:6:"status";b:1;s:10:"status_msg";s:7:"Success";s:7:"post_id";i:766;s:9:"post_link";a:2:{s:8:"edit_url";s:77:"http://test.divari.lt/wp-admin/term.php?taxonomy&tag_ID=766&post_type=product";s:5:"title";s:5:"Sotya";}}
a:6:{s:3:"row";i:163;s:7:"message";s:31:"Category imported successfully.";s:6:"status";b:1;s:10:"status_msg";s:7:"Success";s:7:"post_id";i:767;s:9:"post_link";a:2:{s:8:"edit_url";s:77:"http://test.divari.lt/wp-admin/term.php?taxonomy&tag_ID=767&post_type=product";s:5:"title";s:8:"Ostrovit";}}
a:6:{s:3:"row";i:164;s:7:"message";s:31:"Category imported successfully.";s:6:"status";b:1;s:10:"status_msg";s:7:"Success";s:7:"post_id";i:768;s:9:"post_link";a:2:{s:8:"edit_url";s:77:"http://test.divari.lt/wp-admin/term.php?taxonomy&tag_ID=768&post_type=product";s:5:"title";s:24:"Slobozhansky Soap Boiler";}}
a:6:{s:3:"row";i:165;s:7:"message";s:31:"Category imported successfully.";s:6:"status";b:1;s:10:"status_msg";s:7:"Success";s:7:"post_id";i:769;s:9:"post_link";a:2:{s:8:"edit_url";s:77:"http://test.divari.lt/wp-admin/term.php?taxonomy&tag_ID=769&post_type=product";s:5:"title";s:10:"Deep fresh";}}
a:6:{s:3:"row";i:166;s:7:"message";s:31:"Category imported successfully.";s:6:"status";b:1;s:10:"status_msg";s:7:"Success";s:7:"post_id";i:770;s:9:"post_link";a:2:{s:8:"edit_url";s:77:"http://test.divari.lt/wp-admin/term.php?taxonomy&tag_ID=770&post_type=product";s:5:"title";s:7:"Kaigert";}}
a:6:{s:3:"row";i:167;s:7:"message";s:31:"Category imported successfully.";s:6:"status";b:1;s:10:"status_msg";s:7:"Success";s:7:"post_id";i:771;s:9:"post_link";a:2:{s:8:"edit_url";s:77:"http://test.divari.lt/wp-admin/term.php?taxonomy&tag_ID=771&post_type=product";s:5:"title";s:8:"Shungite";}}
a:6:{s:3:"row";i:168;s:7:"message";s:31:"Category imported successfully.";s:6:"status";b:1;s:10:"status_msg";s:7:"Success";s:7:"post_id";i:772;s:9:"post_link";a:2:{s:8:"edit_url";s:77:"http://test.divari.lt/wp-admin/term.php?taxonomy&tag_ID=772&post_type=product";s:5:"title";s:7:"Farmona";}}
a:6:{s:3:"row";i:169;s:7:"message";s:31:"Category imported successfully.";s:6:"status";b:1;s:10:"status_msg";s:7:"Success";s:7:"post_id";i:773;s:9:"post_link";a:2:{s:8:"edit_url";s:77:"http://test.divari.lt/wp-admin/term.php?taxonomy&tag_ID=773&post_type=product";s:5:"title";s:10:"Dr. OHHIRA";}}
a:6:{s:3:"row";i:170;s:7:"message";s:31:"Category imported successfully.";s:6:"status";b:1;s:10:"status_msg";s:7:"Success";s:7:"post_id";i:774;s:9:"post_link";a:2:{s:8:"edit_url";s:77:"http://test.divari.lt/wp-admin/term.php?taxonomy&tag_ID=774&post_type=product";s:5:"title";s:5:"Anira";}}
a:6:{s:3:"row";i:171;s:7:"message";s:31:"Category imported successfully.";s:6:"status";b:1;s:10:"status_msg";s:7:"Success";s:7:"post_id";i:775;s:9:"post_link";a:2:{s:8:"edit_url";s:77:"http://test.divari.lt/wp-admin/term.php?taxonomy&tag_ID=775&post_type=product";s:5:"title";s:8:"Himalaya";}}
a:6:{s:3:"row";i:172;s:7:"message";s:31:"Category imported successfully.";s:6:"status";b:1;s:10:"status_msg";s:7:"Success";s:7:"post_id";i:776;s:9:"post_link";a:2:{s:8:"edit_url";s:77:"http://test.divari.lt/wp-admin/term.php?taxonomy&tag_ID=776&post_type=product";s:5:"title";s:21:"Miracle International";}}
a:6:{s:3:"row";i:173;s:7:"message";s:31:"Category imported successfully.";s:6:"status";b:1;s:10:"status_msg";s:7:"Success";s:7:"post_id";i:777;s:9:"post_link";a:2:{s:8:"edit_url";s:77:"http://test.divari.lt/wp-admin/term.php?taxonomy&tag_ID=777&post_type=product";s:5:"title";s:6:"Elfarm";}}
a:6:{s:3:"row";i:174;s:7:"message";s:31:"Category imported successfully.";s:6:"status";b:1;s:10:"status_msg";s:7:"Success";s:7:"post_id";i:778;s:9:"post_link";a:2:{s:8:"edit_url";s:77:"http://test.divari.lt/wp-admin/term.php?taxonomy&tag_ID=778&post_type=product";s:5:"title";s:10:"TOV Selkom";}}
a:6:{s:3:"row";i:175;s:7:"message";s:31:"Category imported successfully.";s:6:"status";b:1;s:10:"status_msg";s:7:"Success";s:7:"post_id";i:779;s:9:"post_link";a:2:{s:8:"edit_url";s:77:"http://test.divari.lt/wp-admin/term.php?taxonomy&tag_ID=779&post_type=product";s:5:"title";s:25:"Apothekers-Cosmetics GmbH";}}
a:6:{s:3:"row";i:176;s:7:"message";s:31:"Category imported successfully.";s:6:"status";b:1;s:10:"status_msg";s:7:"Success";s:7:"post_id";i:780;s:9:"post_link";a:2:{s:8:"edit_url";s:77:"http://test.divari.lt/wp-admin/term.php?taxonomy&tag_ID=780&post_type=product";s:5:"title";s:11:"EuroBio LAB";}}
a:6:{s:3:"row";i:177;s:7:"message";s:31:"Category imported successfully.";s:6:"status";b:1;s:10:"status_msg";s:7:"Success";s:7:"post_id";i:781;s:9:"post_link";a:2:{s:8:"edit_url";s:77:"http://test.divari.lt/wp-admin/term.php?taxonomy&tag_ID=781&post_type=product";s:5:"title";s:8:"VITA-LAB";}}
a:6:{s:3:"row";i:178;s:7:"message";s:31:"Category imported successfully.";s:6:"status";b:1;s:10:"status_msg";s:7:"Success";s:7:"post_id";i:782;s:9:"post_link";a:2:{s:8:"edit_url";s:77:"http://test.divari.lt/wp-admin/term.php?taxonomy&tag_ID=782&post_type=product";s:5:"title";s:7:"LA RIVE";}}
a:6:{s:3:"row";i:179;s:7:"message";s:31:"Category imported successfully.";s:6:"status";b:1;s:10:"status_msg";s:7:"Success";s:7:"post_id";i:783;s:9:"post_link";a:2:{s:8:"edit_url";s:77:"http://test.divari.lt/wp-admin/term.php?taxonomy&tag_ID=783&post_type=product";s:5:"title";s:5:"Bilka";}}
a:6:{s:3:"row";i:180;s:7:"message";s:31:"Category imported successfully.";s:6:"status";b:1;s:10:"status_msg";s:7:"Success";s:7:"post_id";i:784;s:9:"post_link";a:2:{s:8:"edit_url";s:77:"http://test.divari.lt/wp-admin/term.php?taxonomy&tag_ID=784&post_type=product";s:5:"title";s:7:"Rubella";}}
a:6:{s:3:"row";i:181;s:7:"message";s:31:"Category imported successfully.";s:6:"status";b:1;s:10:"status_msg";s:7:"Success";s:7:"post_id";i:785;s:9:"post_link";a:2:{s:8:"edit_url";s:77:"http://test.divari.lt/wp-admin/term.php?taxonomy&tag_ID=785&post_type=product";s:5:"title";s:8:"Planteon";}}
a:6:{s:3:"row";i:182;s:7:"message";s:31:"Category imported successfully.";s:6:"status";b:1;s:10:"status_msg";s:7:"Success";s:7:"post_id";i:786;s:9:"post_link";a:2:{s:8:"edit_url";s:77:"http://test.divari.lt/wp-admin/term.php?taxonomy&tag_ID=786&post_type=product";s:5:"title";s:15:"Belmedpreparaty";}}
a:6:{s:3:"row";i:183;s:7:"message";s:31:"Category imported successfully.";s:6:"status";b:1;s:10:"status_msg";s:7:"Success";s:7:"post_id";i:787;s:9:"post_link";a:2:{s:8:"edit_url";s:77:"http://test.divari.lt/wp-admin/term.php?taxonomy&tag_ID=787&post_type=product";s:5:"title";s:6:"Aromat";}}
a:6:{s:3:"row";i:184;s:7:"message";s:31:"Category imported successfully.";s:6:"status";b:1;s:10:"status_msg";s:7:"Success";s:7:"post_id";i:788;s:9:"post_link";a:2:{s:8:"edit_url";s:77:"http://test.divari.lt/wp-admin/term.php?taxonomy&tag_ID=788&post_type=product";s:5:"title";s:19:"Coloris Sp. z o. o.";}}
a:6:{s:3:"row";i:185;s:7:"message";s:31:"Category imported successfully.";s:6:"status";b:1;s:10:"status_msg";s:7:"Success";s:7:"post_id";i:789;s:9:"post_link";a:2:{s:8:"edit_url";s:77:"http://test.divari.lt/wp-admin/term.php?taxonomy&tag_ID=789&post_type=product";s:5:"title";s:8:"Bioherba";}}
a:6:{s:3:"row";i:186;s:7:"message";s:31:"Category imported successfully.";s:6:"status";b:1;s:10:"status_msg";s:7:"Success";s:7:"post_id";i:790;s:9:"post_link";a:2:{s:8:"edit_url";s:77:"http://test.divari.lt/wp-admin/term.php?taxonomy&tag_ID=790&post_type=product";s:5:"title";s:10:"Lloyd GmbH";}}
a:6:{s:3:"row";i:187;s:7:"message";s:31:"Category imported successfully.";s:6:"status";b:1;s:10:"status_msg";s:7:"Success";s:7:"post_id";i:791;s:9:"post_link";a:2:{s:8:"edit_url";s:77:"http://test.divari.lt/wp-admin/term.php?taxonomy&tag_ID=791&post_type=product";s:5:"title";s:6:"Carena";}}
a:6:{s:3:"row";i:188;s:7:"message";s:31:"Category imported successfully.";s:6:"status";b:1;s:10:"status_msg";s:7:"Success";s:7:"post_id";i:792;s:9:"post_link";a:2:{s:8:"edit_url";s:77:"http://test.divari.lt/wp-admin/term.php?taxonomy&tag_ID=792&post_type=product";s:5:"title";s:34:"Saponificio Artiglanale Fiorentino";}}
a:6:{s:3:"row";i:189;s:7:"message";s:31:"Category imported successfully.";s:6:"status";b:1;s:10:"status_msg";s:7:"Success";s:7:"post_id";i:793;s:9:"post_link";a:2:{s:8:"edit_url";s:77:"http://test.divari.lt/wp-admin/term.php?taxonomy&tag_ID=793&post_type=product";s:5:"title";s:5:"Modum";}}
a:6:{s:3:"row";i:190;s:7:"message";s:31:"Category imported successfully.";s:6:"status";b:1;s:10:"status_msg";s:7:"Success";s:7:"post_id";i:794;s:9:"post_link";a:2:{s:8:"edit_url";s:77:"http://test.divari.lt/wp-admin/term.php?taxonomy&tag_ID=794&post_type=product";s:5:"title";s:7:"Experto";}}
a:6:{s:3:"row";i:191;s:7:"message";s:31:"Category imported successfully.";s:6:"status";b:1;s:10:"status_msg";s:7:"Success";s:7:"post_id";i:795;s:9:"post_link";a:2:{s:8:"edit_url";s:77:"http://test.divari.lt/wp-admin/term.php?taxonomy&tag_ID=795&post_type=product";s:5:"title";s:6:"Gridem";}}
a:6:{s:3:"row";i:192;s:7:"message";s:31:"Category imported successfully.";s:6:"status";b:1;s:10:"status_msg";s:7:"Success";s:7:"post_id";i:796;s:9:"post_link";a:2:{s:8:"edit_url";s:77:"http://test.divari.lt/wp-admin/term.php?taxonomy&tag_ID=796&post_type=product";s:5:"title";s:7:"Bionnex";}}
a:6:{s:3:"row";i:193;s:7:"message";s:31:"Category imported successfully.";s:6:"status";b:1;s:10:"status_msg";s:7:"Success";s:7:"post_id";i:797;s:9:"post_link";a:2:{s:8:"edit_url";s:77:"http://test.divari.lt/wp-admin/term.php?taxonomy&tag_ID=797&post_type=product";s:5:"title";s:12:"Medical Fort";}}
a:6:{s:3:"row";i:194;s:7:"message";s:31:"Category imported successfully.";s:6:"status";b:1;s:10:"status_msg";s:7:"Success";s:7:"post_id";i:798;s:9:"post_link";a:2:{s:8:"edit_url";s:77:"http://test.divari.lt/wp-admin/term.php?taxonomy&tag_ID=798&post_type=product";s:5:"title";s:6:"Biolek";}}
a:6:{s:3:"row";i:195;s:7:"message";s:31:"Category imported successfully.";s:6:"status";b:1;s:10:"status_msg";s:7:"Success";s:7:"post_id";i:799;s:9:"post_link";a:2:{s:8:"edit_url";s:77:"http://test.divari.lt/wp-admin/term.php?taxonomy&tag_ID=799&post_type=product";s:5:"title";s:13:"Chios Mastiha";}}
a:6:{s:3:"row";i:196;s:7:"message";s:31:"Category imported successfully.";s:6:"status";b:1;s:10:"status_msg";s:7:"Success";s:7:"post_id";i:800;s:9:"post_link";a:2:{s:8:"edit_url";s:77:"http://test.divari.lt/wp-admin/term.php?taxonomy&tag_ID=800&post_type=product";s:5:"title";s:6:"Fortex";}}
a:6:{s:3:"row";i:197;s:7:"message";s:31:"Category imported successfully.";s:6:"status";b:1;s:10:"status_msg";s:7:"Success";s:7:"post_id";i:801;s:9:"post_link";a:2:{s:8:"edit_url";s:77:"http://test.divari.lt/wp-admin/term.php?taxonomy&tag_ID=801&post_type=product";s:5:"title";s:7:"Econord";}}
a:6:{s:3:"row";i:198;s:7:"message";s:31:"Category imported successfully.";s:6:"status";b:1;s:10:"status_msg";s:7:"Success";s:7:"post_id";i:802;s:9:"post_link";a:2:{s:8:"edit_url";s:77:"http://test.divari.lt/wp-admin/term.php?taxonomy&tag_ID=802&post_type=product";s:5:"title";s:8:"Danpharm";}}
a:6:{s:3:"row";i:199;s:7:"message";s:31:"Category imported successfully.";s:6:"status";b:1;s:10:"status_msg";s:7:"Success";s:7:"post_id";i:803;s:9:"post_link";a:2:{s:8:"edit_url";s:77:"http://test.divari.lt/wp-admin/term.php?taxonomy&tag_ID=803&post_type=product";s:5:"title";s:7:"ICONFIT";}}
a:6:{s:3:"row";i:200;s:7:"message";s:31:"Category imported successfully.";s:6:"status";b:1;s:10:"status_msg";s:7:"Success";s:7:"post_id";i:804;s:9:"post_link";a:2:{s:8:"edit_url";s:77:"http://test.divari.lt/wp-admin/term.php?taxonomy&tag_ID=804&post_type=product";s:5:"title";s:17:"CEMIO SWITZERLAND";}}
a:6:{s:3:"row";i:201;s:7:"message";s:31:"Category imported successfully.";s:6:"status";b:1;s:10:"status_msg";s:7:"Success";s:7:"post_id";i:805;s:9:"post_link";a:2:{s:8:"edit_url";s:77:"http://test.divari.lt/wp-admin/term.php?taxonomy&tag_ID=805&post_type=product";s:5:"title";s:10:"The Doctor";}}
a:6:{s:3:"row";i:202;s:7:"message";s:31:"Category imported successfully.";s:6:"status";b:1;s:10:"status_msg";s:7:"Success";s:7:"post_id";i:806;s:9:"post_link";a:2:{s:8:"edit_url";s:77:"http://test.divari.lt/wp-admin/term.php?taxonomy&tag_ID=806&post_type=product";s:5:"title";s:5:"Altea";}}
a:6:{s:3:"row";i:203;s:7:"message";s:31:"Category imported successfully.";s:6:"status";b:1;s:10:"status_msg";s:7:"Success";s:7:"post_id";i:807;s:9:"post_link";a:2:{s:8:"edit_url";s:77:"http://test.divari.lt/wp-admin/term.php?taxonomy&tag_ID=807&post_type=product";s:5:"title";s:14:"Medicata Filia";}}
a:6:{s:3:"row";i:204;s:7:"message";s:31:"Category imported successfully.";s:6:"status";b:1;s:10:"status_msg";s:7:"Success";s:7:"post_id";i:808;s:9:"post_link";a:2:{s:8:"edit_url";s:77:"http://test.divari.lt/wp-admin/term.php?taxonomy&tag_ID=808&post_type=product";s:5:"title";s:15:"Haruharu wonder";}}
a:6:{s:3:"row";i:205;s:7:"message";s:31:"Category imported successfully.";s:6:"status";b:1;s:10:"status_msg";s:7:"Success";s:7:"post_id";i:809;s:9:"post_link";a:2:{s:8:"edit_url";s:77:"http://test.divari.lt/wp-admin/term.php?taxonomy&tag_ID=809&post_type=product";s:5:"title";s:8:"Vitaminy";}}
