a:6:{s:3:"row";i:1;s:7:"message";s:26:"Invalid or duplicated SKU.";s:6:"status";b:0;s:10:"status_msg";s:14:"Failed/Skipped";s:7:"post_id";s:0:"";s:9:"post_link";a:2:{s:5:"title";s:8:"Untitled";s:8:"edit_url";b:0;}}
a:6:{s:3:"row";i:2;s:7:"message";s:26:"Invalid or duplicated SKU.";s:6:"status";b:0;s:10:"status_msg";s:14:"Failed/Skipped";s:7:"post_id";s:0:"";s:9:"post_link";a:2:{s:5:"title";s:8:"Untitled";s:8:"edit_url";b:0;}}
a:6:{s:3:"row";i:3;s:7:"message";s:30:"Product imported successfully.";s:6:"status";b:1;s:10:"status_msg";s:7:"Success";s:7:"post_id";i:39774;s:9:"post_link";a:2:{s:8:"edit_url";s:66:"http://test.divari.lt/wp-admin/post.php?post=39774&amp;action=edit";s:5:"title";s:18:"50 g&#8221;&#8221;";}}
a:6:{s:3:"row";i:4;s:7:"message";s:30:"Product imported successfully.";s:6:"status";b:1;s:10:"status_msg";s:7:"Success";s:7:"post_id";i:39775;s:9:"post_link";a:2:{s:8:"edit_url";s:66:"http://test.divari.lt/wp-admin/post.php?post=39775&amp;action=edit";s:5:"title";s:0:"";}}
a:6:{s:3:"row";i:5;s:7:"message";s:26:"Invalid or duplicated SKU.";s:6:"status";b:0;s:10:"status_msg";s:14:"Failed/Skipped";s:7:"post_id";s:0:"";s:9:"post_link";a:2:{s:5:"title";s:8:"Untitled";s:8:"edit_url";b:0;}}
a:6:{s:3:"row";i:6;s:7:"message";s:30:"Product imported successfully.";s:6:"status";b:1;s:10:"status_msg";s:7:"Success";s:7:"post_id";i:39777;s:9:"post_link";a:2:{s:8:"edit_url";s:66:"http://test.divari.lt/wp-admin/post.php?post=39777&amp;action=edit";s:5:"title";s:24:"Farbstoff Eisenoxid gelb";}}
a:6:{s:3:"row";i:7;s:7:"message";s:38:"Content, title, and excerpt are empty.";s:6:"status";b:0;s:10:"status_msg";s:14:"Failed/Skipped";s:7:"post_id";s:0:"";s:9:"post_link";a:2:{s:5:"title";s:8:"Untitled";s:8:"edit_url";b:0;}}
a:6:{s:3:"row";i:8;s:7:"message";s:38:"Content, title, and excerpt are empty.";s:6:"status";b:0;s:10:"status_msg";s:14:"Failed/Skipped";s:7:"post_id";s:0:"";s:9:"post_link";a:2:{s:5:"title";s:8:"Untitled";s:8:"edit_url";b:0;}}
a:6:{s:3:"row";i:9;s:7:"message";s:26:"Invalid or duplicated SKU.";s:6:"status";b:0;s:10:"status_msg";s:14:"Failed/Skipped";s:7:"post_id";s:0:"";s:9:"post_link";a:2:{s:5:"title";s:8:"Untitled";s:8:"edit_url";b:0;}}
a:6:{s:3:"row";i:10;s:7:"message";s:26:"Invalid or duplicated SKU.";s:6:"status";b:0;s:10:"status_msg";s:14:"Failed/Skipped";s:7:"post_id";s:0:"";s:9:"post_link";a:2:{s:5:"title";s:8:"Untitled";s:8:"edit_url";b:0;}}
a:6:{s:3:"row";i:11;s:7:"message";s:26:"Invalid or duplicated SKU.";s:6:"status";b:0;s:10:"status_msg";s:14:"Failed/Skipped";s:7:"post_id";s:0:"";s:9:"post_link";a:2:{s:5:"title";s:8:"Untitled";s:8:"edit_url";b:0;}}
a:6:{s:3:"row";i:12;s:7:"message";s:30:"Product imported successfully.";s:6:"status";b:1;s:10:"status_msg";s:7:"Success";s:7:"post_id";i:39781;s:9:"post_link";a:2:{s:8:"edit_url";s:66:"http://test.divari.lt/wp-admin/post.php?post=39781&amp;action=edit";s:5:"title";s:17:"kolageno-peptidai";}}
a:6:{s:3:"row";i:13;s:7:"message";s:29:"Product updated successfully.";s:6:"status";b:1;s:10:"status_msg";s:7:"Success";s:7:"post_id";i:39629;s:9:"post_link";a:2:{s:8:"edit_url";s:66:"http://test.divari.lt/wp-admin/post.php?post=39629&amp;action=edit";s:5:"title";s:56:"einer normalen peripheren (Ohren und Augen) Durchblutung";}}
a:6:{s:3:"row";i:14;s:7:"message";s:38:"Content, title, and excerpt are empty.";s:6:"status";b:0;s:10:"status_msg";s:14:"Failed/Skipped";s:7:"post_id";s:0:"";s:9:"post_link";a:2:{s:5:"title";s:8:"Untitled";s:8:"edit_url";b:0;}}
a:6:{s:3:"row";i:15;s:7:"message";s:26:"Invalid or duplicated SKU.";s:6:"status";b:0;s:10:"status_msg";s:14:"Failed/Skipped";s:7:"post_id";s:0:"";s:9:"post_link";a:2:{s:5:"title";s:8:"Untitled";s:8:"edit_url";b:0;}}
a:6:{s:3:"row";i:16;s:7:"message";s:29:"Product updated successfully.";s:6:"status";b:1;s:10:"status_msg";s:7:"Success";s:7:"post_id";i:39629;s:9:"post_link";a:2:{s:8:"edit_url";s:66:"http://test.divari.lt/wp-admin/post.php?post=39629&amp;action=edit";s:5:"title";s:56:"einer normalen peripheren (Ohren und Augen) Durchblutung";}}
a:6:{s:3:"row";i:17;s:7:"message";s:38:"Content, title, and excerpt are empty.";s:6:"status";b:0;s:10:"status_msg";s:14:"Failed/Skipped";s:7:"post_id";s:0:"";s:9:"post_link";a:2:{s:5:"title";s:8:"Untitled";s:8:"edit_url";b:0;}}
a:6:{s:3:"row";i:18;s:7:"message";s:30:"Product imported successfully.";s:6:"status";b:1;s:10:"status_msg";s:7:"Success";s:7:"post_id";i:39783;s:9:"post_link";a:2:{s:8:"edit_url";s:66:"http://test.divari.lt/wp-admin/post.php?post=39783&amp;action=edit";s:5:"title";s:79:"reguliert die Ausscheidungsfunktionen und stärkt das Immunsystem&#8221;&#8221;";}}
a:6:{s:3:"row";i:19;s:7:"message";s:29:"Product updated successfully.";s:6:"status";b:1;s:10:"status_msg";s:7:"Success";s:7:"post_id";i:39629;s:9:"post_link";a:2:{s:8:"edit_url";s:66:"http://test.divari.lt/wp-admin/post.php?post=39629&amp;action=edit";s:5:"title";s:56:"einer normalen peripheren (Ohren und Augen) Durchblutung";}}
a:6:{s:3:"row";i:20;s:7:"message";s:29:"Product updated successfully.";s:6:"status";b:1;s:10:"status_msg";s:7:"Success";s:7:"post_id";i:39629;s:9:"post_link";a:2:{s:8:"edit_url";s:66:"http://test.divari.lt/wp-admin/post.php?post=39629&amp;action=edit";s:5:"title";s:598:"<p><span style=""""font-size:13px"""">Nahrungserg&#038;auml&#8221;;&#8221;nzungsmittel</span></p><p><iframe frameborder=""""0"""" height=""""315"""" scrolling=""""no"""" src=""""https://www.youtube.com/embed/fVHy-KjH3Vs"""" width=""""560""""></iframe></p><p><span style=""""font-size:13px""""><strong>Zutaten:</strong> gereinigte Altai Mumie (100 % reiner Inhalt).</span></p><p><span style=""""font-size:13px""""><strong>Verzehrempfehlung:</strong> Erwachsene und Kinder &#038;uuml&#8221;;ber 14 Jahre nehmen 2-mal t&auml;glich 1 Tablette mit dem Essen ein. Die empfohlene Tagesdosis enth&auml;lt 0";}}
a:6:{s:3:"row";i:21;s:7:"message";s:26:"Invalid or duplicated SKU.";s:6:"status";b:0;s:10:"status_msg";s:14:"Failed/Skipped";s:7:"post_id";s:0:"";s:9:"post_link";a:2:{s:5:"title";s:8:"Untitled";s:8:"edit_url";b:0;}}
a:6:{s:3:"row";i:22;s:7:"message";s:29:"Product updated successfully.";s:6:"status";b:1;s:10:"status_msg";s:7:"Success";s:7:"post_id";i:39629;s:9:"post_link";a:2:{s:8:"edit_url";s:66:"http://test.divari.lt/wp-admin/post.php?post=39629&amp;action=edit";s:5:"title";s:39:"Maca <em>(Lepidium meyenii) </em>Pulver";}}
a:6:{s:3:"row";i:23;s:7:"message";s:29:"Product updated successfully.";s:6:"status";b:1;s:10:"status_msg";s:7:"Success";s:7:"post_id";i:39629;s:9:"post_link";a:2:{s:8:"edit_url";s:66:"http://test.divari.lt/wp-admin/post.php?post=39629&amp;action=edit";s:5:"title";s:39:"Maca <em>(Lepidium meyenii) </em>Pulver";}}
a:6:{s:3:"row";i:24;s:7:"message";s:29:"Product updated successfully.";s:6:"status";b:1;s:10:"status_msg";s:7:"Success";s:7:"post_id";i:39629;s:9:"post_link";a:2:{s:8:"edit_url";s:66:"http://test.divari.lt/wp-admin/post.php?post=39629&amp;action=edit";s:5:"title";s:70:"Chromas padeda palaikyti normalią maistinių makromedžiagų apykaita";}}
a:6:{s:3:"row";i:25;s:7:"message";s:29:"Product updated successfully.";s:6:"status";b:1;s:10:"status_msg";s:7:"Success";s:7:"post_id";i:39633;s:9:"post_link";a:2:{s:8:"edit_url";s:66:"http://test.divari.lt/wp-admin/post.php?post=39633&amp;action=edit";s:5:"title";s:83:"normalią imuninės sistemos veiklą. Greitas ir patogus pristatymas!&#8221;&#8221;";}}
a:6:{s:3:"row";i:26;s:7:"message";s:30:"Product imported successfully.";s:6:"status";b:1;s:10:"status_msg";s:7:"Success";s:7:"post_id";i:39785;s:9:"post_link";a:2:{s:8:"edit_url";s:66:"http://test.divari.lt/wp-admin/post.php?post=39785&amp;action=edit";s:5:"title";s:87:"normalią kalcio koncentraciją kraujyje. Greitas ir patogus pristatymas!&#8221;&#8221;";}}
a:6:{s:3:"row";i:27;s:7:"message";s:26:"Invalid or duplicated SKU.";s:6:"status";b:0;s:10:"status_msg";s:14:"Failed/Skipped";s:7:"post_id";s:0:"";s:9:"post_link";a:2:{s:5:"title";s:8:"Untitled";s:8:"edit_url";b:0;}}
a:6:{s:3:"row";i:28;s:7:"message";s:30:"Product imported successfully.";s:6:"status";b:1;s:10:"status_msg";s:7:"Success";s:7:"post_id";i:39787;s:9:"post_link";a:2:{s:8:"edit_url";s:66:"http://test.divari.lt/wp-admin/post.php?post=39787&amp;action=edit";s:5:"title";s:4:"1115";}}
a:6:{s:3:"row";i:29;s:7:"message";s:30:"Product imported successfully.";s:6:"status";b:1;s:10:"status_msg";s:7:"Success";s:7:"post_id";i:39788;s:9:"post_link";a:2:{s:8:"edit_url";s:66:"http://test.divari.lt/wp-admin/post.php?post=39788&amp;action=edit";s:5:"title";s:7:"tepalas";}}
a:6:{s:3:"row";i:30;s:7:"message";s:30:"Product imported successfully.";s:6:"status";b:1;s:10:"status_msg";s:7:"Success";s:7:"post_id";i:39789;s:9:"post_link";a:2:{s:8:"edit_url";s:66:"http://test.divari.lt/wp-admin/post.php?post=39789&amp;action=edit";s:5:"title";s:9:"raumenims";}}
a:6:{s:3:"row";i:31;s:7:"message";s:30:"Product imported successfully.";s:6:"status";b:1;s:10:"status_msg";s:7:"Success";s:7:"post_id";i:39790;s:9:"post_link";a:2:{s:8:"edit_url";s:66:"http://test.divari.lt/wp-admin/post.php?post=39790&amp;action=edit";s:5:"title";s:10:"lankstumui";}}
a:6:{s:3:"row";i:32;s:7:"message";s:26:"Invalid or duplicated SKU.";s:6:"status";b:0;s:10:"status_msg";s:14:"Failed/Skipped";s:7:"post_id";s:0:"";s:9:"post_link";a:2:{s:5:"title";s:8:"Untitled";s:8:"edit_url";b:0;}}
a:6:{s:3:"row";i:33;s:7:"message";s:26:"Invalid or duplicated SKU.";s:6:"status";b:0;s:10:"status_msg";s:14:"Failed/Skipped";s:7:"post_id";s:0:"";s:9:"post_link";a:2:{s:5:"title";s:8:"Untitled";s:8:"edit_url";b:0;}}
a:6:{s:3:"row";i:34;s:7:"message";s:30:"Product imported successfully.";s:6:"status";b:1;s:10:"status_msg";s:7:"Success";s:7:"post_id";i:39793;s:9:"post_link";a:2:{s:8:"edit_url";s:66:"http://test.divari.lt/wp-admin/post.php?post=39793&amp;action=edit";s:5:"title";s:176:"Eliksir beloje mumijo kremas kūnui. Vartojimas: nedidelį kiekį masažuojančiais judesiais įtrinti į odą 2-3 kartus dienoje. Greitas ir patogus pristatymas!&#8221;&#8221;";}}
a:6:{s:3:"row";i:35;s:7:"message";s:30:"Product imported successfully.";s:6:"status";b:1;s:10:"status_msg";s:7:"Success";s:7:"post_id";i:39794;s:9:"post_link";a:2:{s:8:"edit_url";s:66:"http://test.divari.lt/wp-admin/post.php?post=39794&amp;action=edit";s:5:"title";s:858:"1:0:3.1300:2024-02-23:0000-00-00&#8243;;;;;;;;;;;;;;;;;;;;;;;;;;;;;;;;;;;;;;;;;;;;;;;;;;;;;;;;;;;;;;;;;;;;;;;;;;;;;;;;;;;;;;;;;;;;;;;;;;;;;;;;;;;;;;;;;;;;;;;;;;;;;;;;;;;;;;;;;;;;;;;;;;;;;;;;;;;;;;;;;;;;;;;;;;;;;;;;;;;;;;;;;;;;;;;;;;;;;;;;;;;;;;;;;;;;;;;;;;;;;;;;;;;;;;;;;;;;;;;;;;;;;;;;;;;;;;;;;;;;;;;;;;;;;;;;;;;;;;;;;;;;;;;;;;;;;;;;;;;;;;;;;;;;;;;;;;;;;;;;;;;;;;;;;;;;;;;;;;;;;;;;;;;;;;;;;;;;;;;;;;;;;;;;;;;;;;;;;;;;;;;;;;;;;;;;;;;;;;;;;;;;;;;;;;;;;;;;;;;;;;;;;;;;;;;;;;;;;;;;;;;;;;;;;;;;;;;;;;;;;;;;;;;;;;;;;;;;;;;;;;;;;;;;;;;;;;;;;;;;;;;;;;;;;;;;;;;;;;;;;;;;;;;;;;;;;;;;;;;;;;;;;;;;;;;;;;;;;;;;;;;;;;;;;;;;;;;;;;;;;;;;;;;;;;;;;;;;;;;;;;;;;;;;;;;;;;;;;;;;;;;;;;;;;;;;;;;;;;;;;;;;;;;;;;;;;;;;;;;;;;;;;;;;;;;;;;;;;;;;;;;;;;;;;;;;;;;;;;;;;;;;;;;;;;;;;;;;;;;;;;;;;;;;;;;;;;;;;;;;;;;;;;;;;;;;;;;;;;;;;;;;;;;;;;;;;;;;;;;;;;;;;;;;;;;;;;;;;;;;;;;;;;;;;;;;;;;;;;;;";}}
a:6:{s:3:"row";i:36;s:7:"message";s:26:"Invalid or duplicated SKU.";s:6:"status";b:0;s:10:"status_msg";s:14:"Failed/Skipped";s:7:"post_id";s:0:"";s:9:"post_link";a:2:{s:5:"title";s:8:"Untitled";s:8:"edit_url";b:0;}}
a:6:{s:3:"row";i:37;s:7:"message";s:38:"Content, title, and excerpt are empty.";s:6:"status";b:0;s:10:"status_msg";s:14:"Failed/Skipped";s:7:"post_id";s:0:"";s:9:"post_link";a:2:{s:5:"title";s:8:"Untitled";s:8:"edit_url";b:0;}}
a:6:{s:3:"row";i:38;s:7:"message";s:26:"Invalid or duplicated SKU.";s:6:"status";b:0;s:10:"status_msg";s:14:"Failed/Skipped";s:7:"post_id";s:0:"";s:9:"post_link";a:2:{s:5:"title";s:8:"Untitled";s:8:"edit_url";b:0;}}
a:6:{s:3:"row";i:39;s:7:"message";s:26:"Invalid or duplicated SKU.";s:6:"status";b:0;s:10:"status_msg";s:14:"Failed/Skipped";s:7:"post_id";s:0:"";s:9:"post_link";a:2:{s:5:"title";s:8:"Untitled";s:8:"edit_url";b:0;}}
a:6:{s:3:"row";i:40;s:7:"message";s:26:"Invalid or duplicated SKU.";s:6:"status";b:0;s:10:"status_msg";s:14:"Failed/Skipped";s:7:"post_id";s:0:"";s:9:"post_link";a:2:{s:5:"title";s:8:"Untitled";s:8:"edit_url";b:0;}}
a:6:{s:3:"row";i:41;s:7:"message";s:26:"Invalid or duplicated SKU.";s:6:"status";b:0;s:10:"status_msg";s:14:"Failed/Skipped";s:7:"post_id";s:0:"";s:9:"post_link";a:2:{s:5:"title";s:8:"Untitled";s:8:"edit_url";b:0;}}
a:6:{s:3:"row";i:42;s:7:"message";s:30:"Product imported successfully.";s:6:"status";b:1;s:10:"status_msg";s:7:"Success";s:7:"post_id";i:39800;s:9:"post_link";a:2:{s:8:"edit_url";s:66:"http://test.divari.lt/wp-admin/post.php?post=39800&amp;action=edit";s:5:"title";s:22:"Sodium Laureth Sulfate";}}
a:6:{s:3:"row";i:43;s:7:"message";s:29:"Product updated successfully.";s:6:"status";b:1;s:10:"status_msg";s:7:"Success";s:7:"post_id";i:39648;s:9:"post_link";a:2:{s:8:"edit_url";s:66:"http://test.divari.lt/wp-admin/post.php?post=39648&amp;action=edit";s:5:"title";s:0:"";}}
a:6:{s:3:"row";i:44;s:7:"message";s:30:"Product imported successfully.";s:6:"status";b:1;s:10:"status_msg";s:7:"Success";s:7:"post_id";i:39801;s:9:"post_link";a:2:{s:8:"edit_url";s:66:"http://test.divari.lt/wp-admin/post.php?post=39801&amp;action=edit";s:5:"title";s:32:"Vitamin C (L-Ascorbins&auml;ure)";}}
a:6:{s:3:"row";i:45;s:7:"message";s:29:"Product updated successfully.";s:6:"status";b:1;s:10:"status_msg";s:7:"Success";s:7:"post_id";i:39650;s:9:"post_link";a:2:{s:8:"edit_url";s:66:"http://test.divari.lt/wp-admin/post.php?post=39650&amp;action=edit";s:5:"title";s:17:"palaikyti-kepenim";}}
a:6:{s:3:"row";i:46;s:7:"message";s:30:"Product imported successfully.";s:6:"status";b:1;s:10:"status_msg";s:7:"Success";s:7:"post_id";i:39802;s:9:"post_link";a:2:{s:8:"edit_url";s:66:"http://test.divari.lt/wp-admin/post.php?post=39802&amp;action=edit";s:5:"title";s:22:"glicinas&#8221;&#8221;";}}
a:6:{s:3:"row";i:47;s:7:"message";s:30:"Product imported successfully.";s:6:"status";b:1;s:10:"status_msg";s:7:"Success";s:7:"post_id";i:39803;s:9:"post_link";a:2:{s:8:"edit_url";s:66:"http://test.divari.lt/wp-admin/post.php?post=39803&amp;action=edit";s:5:"title";s:0:"";}}
a:6:{s:3:"row";i:48;s:7:"message";s:26:"Invalid or duplicated SKU.";s:6:"status";b:0;s:10:"status_msg";s:14:"Failed/Skipped";s:7:"post_id";s:0:"";s:9:"post_link";a:2:{s:5:"title";s:8:"Untitled";s:8:"edit_url";b:0;}}
a:6:{s:3:"row";i:49;s:7:"message";s:29:"Product updated successfully.";s:6:"status";b:1;s:10:"status_msg";s:7:"Success";s:7:"post_id";i:39654;s:9:"post_link";a:2:{s:8:"edit_url";s:66:"http://test.divari.lt/wp-admin/post.php?post=39654&amp;action=edit";s:5:"title";s:18:"an einem trockenen";}}
a:6:{s:3:"row";i:50;s:7:"message";s:30:"Product imported successfully.";s:6:"status";b:1;s:10:"status_msg";s:7:"Success";s:7:"post_id";i:39805;s:9:"post_link";a:2:{s:8:"edit_url";s:66:"http://test.divari.lt/wp-admin/post.php?post=39805&amp;action=edit";s:5:"title";s:0:"";}}
a:6:{s:3:"row";i:51;s:7:"message";s:30:"Product imported successfully.";s:6:"status";b:1;s:10:"status_msg";s:7:"Success";s:7:"post_id";i:39806;s:9:"post_link";a:2:{s:8:"edit_url";s:66:"http://test.divari.lt/wp-admin/post.php?post=39806&amp;action=edit";s:5:"title";s:35:"Evalar olidzhim Inulinen + Gurmarin";}}
a:6:{s:3:"row";i:52;s:7:"message";s:29:"Product updated successfully.";s:6:"status";b:1;s:10:"status_msg";s:7:"Success";s:7:"post_id";i:39657;s:9:"post_link";a:2:{s:8:"edit_url";s:66:"http://test.divari.lt/wp-admin/post.php?post=39657&amp;action=edit";s:5:"title";s:21:"nemigai&#8221;&#8221;";}}
a:6:{s:3:"row";i:53;s:7:"message";s:26:"Invalid or duplicated SKU.";s:6:"status";b:0;s:10:"status_msg";s:14:"Failed/Skipped";s:7:"post_id";s:0:"";s:9:"post_link";a:2:{s:5:"title";s:8:"Untitled";s:8:"edit_url";b:0;}}
a:6:{s:3:"row";i:54;s:7:"message";s:26:"Invalid or duplicated SKU.";s:6:"status";b:0;s:10:"status_msg";s:14:"Failed/Skipped";s:7:"post_id";s:0:"";s:9:"post_link";a:2:{s:5:"title";s:8:"Untitled";s:8:"edit_url";b:0;}}
a:6:{s:3:"row";i:55;s:7:"message";s:26:"Invalid or duplicated SKU.";s:6:"status";b:0;s:10:"status_msg";s:14:"Failed/Skipped";s:7:"post_id";s:0:"";s:9:"post_link";a:2:{s:5:"title";s:8:"Untitled";s:8:"edit_url";b:0;}}
a:6:{s:3:"row";i:56;s:7:"message";s:29:"Product updated successfully.";s:6:"status";b:1;s:10:"status_msg";s:7:"Success";s:7:"post_id";i:39661;s:9:"post_link";a:2:{s:8:"edit_url";s:66:"http://test.divari.lt/wp-admin/post.php?post=39661&amp;action=edit";s:5:"title";s:15:"Lipons&auml;ure";}}
a:6:{s:3:"row";i:57;s:7:"message";s:29:"Product updated successfully.";s:6:"status";b:1;s:10:"status_msg";s:7:"Success";s:7:"post_id";i:39662;s:9:"post_link";a:2:{s:8:"edit_url";s:66:"http://test.divari.lt/wp-admin/post.php?post=39662&amp;action=edit";s:5:"title";s:59:"Spirulina 500 mg + Phycocyanin + Beta-Carotin&#8221;&#8221;";}}
a:6:{s:3:"row";i:58;s:7:"message";s:29:"Product updated successfully.";s:6:"status";b:1;s:10:"status_msg";s:7:"Success";s:7:"post_id";i:39629;s:9:"post_link";a:2:{s:8:"edit_url";s:66:"http://test.divari.lt/wp-admin/post.php?post=39629&amp;action=edit";s:5:"title";s:10:"imunitetui";}}
a:6:{s:3:"row";i:59;s:7:"message";s:26:"Invalid or duplicated SKU.";s:6:"status";b:0;s:10:"status_msg";s:14:"Failed/Skipped";s:7:"post_id";s:0:"";s:9:"post_link";a:2:{s:5:"title";s:8:"Untitled";s:8:"edit_url";b:0;}}
a:6:{s:3:"row";i:60;s:7:"message";s:26:"Invalid or duplicated SKU.";s:6:"status";b:0;s:10:"status_msg";s:14:"Failed/Skipped";s:7:"post_id";s:0:"";s:9:"post_link";a:2:{s:5:"title";s:8:"Untitled";s:8:"edit_url";b:0;}}
a:6:{s:3:"row";i:61;s:7:"message";s:26:"Invalid or duplicated SKU.";s:6:"status";b:0;s:10:"status_msg";s:14:"Failed/Skipped";s:7:"post_id";s:0:"";s:9:"post_link";a:2:{s:5:"title";s:8:"Untitled";s:8:"edit_url";b:0;}}
a:6:{s:3:"row";i:62;s:7:"message";s:26:"Invalid or duplicated SKU.";s:6:"status";b:0;s:10:"status_msg";s:14:"Failed/Skipped";s:7:"post_id";s:0:"";s:9:"post_link";a:2:{s:5:"title";s:8:"Untitled";s:8:"edit_url";b:0;}}
a:6:{s:3:"row";i:63;s:7:"message";s:29:"Product updated successfully.";s:6:"status";b:1;s:10:"status_msg";s:7:"Success";s:7:"post_id";i:39667;s:9:"post_link";a:2:{s:8:"edit_url";s:66:"http://test.divari.lt/wp-admin/post.php?post=39667&amp;action=edit";s:5:"title";s:8:"stemplei";}}
a:6:{s:3:"row";i:64;s:7:"message";s:29:"Product updated successfully.";s:6:"status";b:1;s:10:"status_msg";s:7:"Success";s:7:"post_id";i:39668;s:9:"post_link";a:2:{s:8:"edit_url";s:66:"http://test.divari.lt/wp-admin/post.php?post=39668&amp;action=edit";s:5:"title";s:43:"Pastilės gerklei medaus ir citrinų skonio";}}
a:6:{s:3:"row";i:65;s:7:"message";s:26:"Invalid or duplicated SKU.";s:6:"status";b:0;s:10:"status_msg";s:14:"Failed/Skipped";s:7:"post_id";s:0:"";s:9:"post_link";a:2:{s:5:"title";s:8:"Untitled";s:8:"edit_url";b:0;}}
a:6:{s:3:"row";i:66;s:7:"message";s:26:"Invalid or duplicated SKU.";s:6:"status";b:0;s:10:"status_msg";s:14:"Failed/Skipped";s:7:"post_id";s:0:"";s:9:"post_link";a:2:{s:5:"title";s:8:"Untitled";s:8:"edit_url";b:0;}}
a:6:{s:3:"row";i:67;s:7:"message";s:30:"Product imported successfully.";s:6:"status";b:1;s:10:"status_msg";s:7:"Success";s:7:"post_id";i:39816;s:9:"post_link";a:2:{s:8:"edit_url";s:66:"http://test.divari.lt/wp-admin/post.php?post=39816&amp;action=edit";s:5:"title";s:0:"";}}
a:6:{s:3:"row";i:68;s:7:"message";s:26:"Invalid or duplicated SKU.";s:6:"status";b:0;s:10:"status_msg";s:14:"Failed/Skipped";s:7:"post_id";s:0:"";s:9:"post_link";a:2:{s:5:"title";s:8:"Untitled";s:8:"edit_url";b:0;}}
a:6:{s:3:"row";i:69;s:7:"message";s:29:"Product updated successfully.";s:6:"status";b:1;s:10:"status_msg";s:7:"Success";s:7:"post_id";i:39629;s:9:"post_link";a:2:{s:8:"edit_url";s:66:"http://test.divari.lt/wp-admin/post.php?post=39629&amp;action=edit";s:5:"title";s:7:"nugarai";}}
a:6:{s:3:"row";i:70;s:7:"message";s:29:"Product updated successfully.";s:6:"status";b:1;s:10:"status_msg";s:7:"Success";s:7:"post_id";i:39673;s:9:"post_link";a:2:{s:8:"edit_url";s:66:"http://test.divari.lt/wp-admin/post.php?post=39673&amp;action=edit";s:5:"title";s:26:"30 Tabletten&#8221;&#8221;";}}
a:6:{s:3:"row";i:71;s:7:"message";s:30:"Product imported successfully.";s:6:"status";b:1;s:10:"status_msg";s:7:"Success";s:7:"post_id";i:39818;s:9:"post_link";a:2:{s:8:"edit_url";s:66:"http://test.divari.lt/wp-admin/post.php?post=39818&amp;action=edit";s:5:"title";s:74:"Floresan nenuplaunamas koncentratas „Varnalėša“ nuo plaukų slinkimo";}}
a:6:{s:3:"row";i:72;s:7:"message";s:26:"Invalid or duplicated SKU.";s:6:"status";b:0;s:10:"status_msg";s:14:"Failed/Skipped";s:7:"post_id";s:0:"";s:9:"post_link";a:2:{s:5:"title";s:8:"Untitled";s:8:"edit_url";b:0;}}
a:6:{s:3:"row";i:73;s:7:"message";s:26:"Invalid or duplicated SKU.";s:6:"status";b:0;s:10:"status_msg";s:14:"Failed/Skipped";s:7:"post_id";s:0:"";s:9:"post_link";a:2:{s:5:"title";s:8:"Untitled";s:8:"edit_url";b:0;}}
a:6:{s:3:"row";i:74;s:7:"message";s:29:"Product updated successfully.";s:6:"status";b:1;s:10:"status_msg";s:7:"Success";s:7:"post_id";i:39629;s:9:"post_link";a:2:{s:8:"edit_url";s:66:"http://test.divari.lt/wp-admin/post.php?post=39629&amp;action=edit";s:5:"title";s:10:"meslungiui";}}
a:6:{s:3:"row";i:75;s:7:"message";s:26:"Invalid or duplicated SKU.";s:6:"status";b:0;s:10:"status_msg";s:14:"Failed/Skipped";s:7:"post_id";s:0:"";s:9:"post_link";a:2:{s:5:"title";s:8:"Untitled";s:8:"edit_url";b:0;}}
a:6:{s:3:"row";i:76;s:7:"message";s:30:"Product imported successfully.";s:6:"status";b:1;s:10:"status_msg";s:7:"Success";s:7:"post_id";i:39822;s:9:"post_link";a:2:{s:8:"edit_url";s:66:"http://test.divari.lt/wp-admin/post.php?post=39822&amp;action=edit";s:5:"title";s:18:"ozka&#8221;&#8221;";}}
a:6:{s:3:"row";i:77;s:7:"message";s:29:"Product updated successfully.";s:6:"status";b:1;s:10:"status_msg";s:7:"Success";s:7:"post_id";i:39629;s:9:"post_link";a:2:{s:8:"edit_url";s:66:"http://test.divari.lt/wp-admin/post.php?post=39629&amp;action=edit";s:5:"title";s:20:"5 žolelių užpilas";}}
a:6:{s:3:"row";i:78;s:7:"message";s:30:"Product imported successfully.";s:6:"status";b:1;s:10:"status_msg";s:7:"Success";s:7:"post_id";i:39823;s:9:"post_link";a:2:{s:8:"edit_url";s:66:"http://test.divari.lt/wp-admin/post.php?post=39823&amp;action=edit";s:5:"title";s:196:"einen Arzt oder Apotheker vor der Verwendung zu konsultieren.</p><p>Das Nahrungserg&auml;nzungsmittel sollte nicht als Nahrungsersatz verwendet werden.</p><p><strong>Aufbewahrung:</strong> Trocken";}}
a:6:{s:3:"row";i:79;s:7:"message";s:30:"Product imported successfully.";s:6:"status";b:1;s:10:"status_msg";s:7:"Success";s:7:"post_id";i:39824;s:9:"post_link";a:2:{s:8:"edit_url";s:66:"http://test.divari.lt/wp-admin/post.php?post=39824&amp;action=edit";s:5:"title";s:10:"skalavimas";}}
a:6:{s:3:"row";i:80;s:7:"message";s:38:"Content, title, and excerpt are empty.";s:6:"status";b:0;s:10:"status_msg";s:14:"Failed/Skipped";s:7:"post_id";s:0:"";s:9:"post_link";a:2:{s:5:"title";s:8:"Untitled";s:8:"edit_url";b:0;}}
a:6:{s:3:"row";i:81;s:7:"message";s:29:"Product updated successfully.";s:6:"status";b:1;s:10:"status_msg";s:7:"Success";s:7:"post_id";i:39629;s:9:"post_link";a:2:{s:8:"edit_url";s:66:"http://test.divari.lt/wp-admin/post.php?post=39629&amp;action=edit";s:5:"title";s:20:"5 žolelių užpilas";}}
a:6:{s:3:"row";i:82;s:7:"message";s:30:"Product imported successfully.";s:6:"status";b:1;s:10:"status_msg";s:7:"Success";s:7:"post_id";i:39825;s:9:"post_link";a:2:{s:8:"edit_url";s:66:"http://test.divari.lt/wp-admin/post.php?post=39825&amp;action=edit";s:5:"title";s:45:"Sulsena Schritt 2 Anti Schuppen Shampoo Paste";}}
a:6:{s:3:"row";i:83;s:7:"message";s:30:"Product imported successfully.";s:6:"status";b:1;s:10:"status_msg";s:7:"Success";s:7:"post_id";i:39826;s:9:"post_link";a:2:{s:8:"edit_url";s:66:"http://test.divari.lt/wp-admin/post.php?post=39826&amp;action=edit";s:5:"title";s:0:"";}}
a:6:{s:3:"row";i:84;s:7:"message";s:30:"Product imported successfully.";s:6:"status";b:1;s:10:"status_msg";s:7:"Success";s:7:"post_id";i:39827;s:9:"post_link";a:2:{s:8:"edit_url";s:66:"http://test.divari.lt/wp-admin/post.php?post=39827&amp;action=edit";s:5:"title";s:12:"riboflavinas";}}
a:6:{s:3:"row";i:85;s:7:"message";s:30:"Product imported successfully.";s:6:"status";b:1;s:10:"status_msg";s:7:"Success";s:7:"post_id";i:39828;s:9:"post_link";a:2:{s:8:"edit_url";s:66:"http://test.divari.lt/wp-admin/post.php?post=39828&amp;action=edit";s:5:"title";s:4:"1103";}}
a:6:{s:3:"row";i:86;s:7:"message";s:26:"Invalid or duplicated SKU.";s:6:"status";b:0;s:10:"status_msg";s:14:"Failed/Skipped";s:7:"post_id";s:0:"";s:9:"post_link";a:2:{s:5:"title";s:8:"Untitled";s:8:"edit_url";b:0;}}
a:6:{s:3:"row";i:87;s:7:"message";s:30:"Product imported successfully.";s:6:"status";b:1;s:10:"status_msg";s:7:"Success";s:7:"post_id";i:39829;s:9:"post_link";a:2:{s:8:"edit_url";s:66:"http://test.divari.lt/wp-admin/post.php?post=39829&amp;action=edit";s:5:"title";s:23:"hidrolizuotas-kolagenas";}}
a:6:{s:3:"row";i:88;s:7:"message";s:30:"Product imported successfully.";s:6:"status";b:1;s:10:"status_msg";s:7:"Success";s:7:"post_id";i:39830;s:9:"post_link";a:2:{s:8:"edit_url";s:66:"http://test.divari.lt/wp-admin/post.php?post=39830&amp;action=edit";s:5:"title";s:11:"St&auml;rke";}}
a:6:{s:3:"row";i:89;s:7:"message";s:26:"Invalid or duplicated SKU.";s:6:"status";b:0;s:10:"status_msg";s:14:"Failed/Skipped";s:7:"post_id";s:0:"";s:9:"post_link";a:2:{s:5:"title";s:8:"Untitled";s:8:"edit_url";b:0;}}
a:6:{s:3:"row";i:90;s:7:"message";s:38:"Content, title, and excerpt are empty.";s:6:"status";b:0;s:10:"status_msg";s:14:"Failed/Skipped";s:7:"post_id";s:0:"";s:9:"post_link";a:2:{s:5:"title";s:8:"Untitled";s:8:"edit_url";b:0;}}
a:6:{s:3:"row";i:91;s:7:"message";s:26:"Invalid or duplicated SKU.";s:6:"status";b:0;s:10:"status_msg";s:14:"Failed/Skipped";s:7:"post_id";s:0:"";s:9:"post_link";a:2:{s:5:"title";s:8:"Untitled";s:8:"edit_url";b:0;}}
a:6:{s:3:"row";i:92;s:7:"message";s:26:"Invalid or duplicated SKU.";s:6:"status";b:0;s:10:"status_msg";s:14:"Failed/Skipped";s:7:"post_id";s:0:"";s:9:"post_link";a:2:{s:5:"title";s:8:"Untitled";s:8:"edit_url";b:0;}}
a:6:{s:3:"row";i:93;s:7:"message";s:30:"Product imported successfully.";s:6:"status";b:1;s:10:"status_msg";s:7:"Success";s:7:"post_id";i:39834;s:9:"post_link";a:2:{s:8:"edit_url";s:66:"http://test.divari.lt/wp-admin/post.php?post=39834&amp;action=edit";s:5:"title";s:225:"empfindliche Haut zu beruhigen und l&auml;sst sie l&auml;nger feucht und erfrischt aussehen.</p><p><strong>Anwendung:</strong> Morgens und abends vor dem Auftragen der Creme eine kleine Menge auf Gesicht und Hals einmassieren";}}
a:6:{s:3:"row";i:94;s:7:"message";s:26:"Invalid or duplicated SKU.";s:6:"status";b:0;s:10:"status_msg";s:14:"Failed/Skipped";s:7:"post_id";s:0:"";s:9:"post_link";a:2:{s:5:"title";s:8:"Untitled";s:8:"edit_url";b:0;}}
a:6:{s:3:"row";i:95;s:7:"message";s:26:"Invalid or duplicated SKU.";s:6:"status";b:0;s:10:"status_msg";s:14:"Failed/Skipped";s:7:"post_id";s:0:"";s:9:"post_link";a:2:{s:5:"title";s:8:"Untitled";s:8:"edit_url";b:0;}}
a:6:{s:3:"row";i:96;s:7:"message";s:26:"Invalid or duplicated SKU.";s:6:"status";b:0;s:10:"status_msg";s:14:"Failed/Skipped";s:7:"post_id";s:0:"";s:9:"post_link";a:2:{s:5:"title";s:8:"Untitled";s:8:"edit_url";b:0;}}
a:6:{s:3:"row";i:97;s:7:"message";s:38:"Content, title, and excerpt are empty.";s:6:"status";b:0;s:10:"status_msg";s:14:"Failed/Skipped";s:7:"post_id";s:0:"";s:9:"post_link";a:2:{s:5:"title";s:8:"Untitled";s:8:"edit_url";b:0;}}
a:6:{s:3:"row";i:98;s:7:"message";s:26:"Invalid or duplicated SKU.";s:6:"status";b:0;s:10:"status_msg";s:14:"Failed/Skipped";s:7:"post_id";s:0:"";s:9:"post_link";a:2:{s:5:"title";s:8:"Untitled";s:8:"edit_url";b:0;}}
a:6:{s:3:"row";i:99;s:7:"message";s:26:"Invalid or duplicated SKU.";s:6:"status";b:0;s:10:"status_msg";s:14:"Failed/Skipped";s:7:"post_id";s:0:"";s:9:"post_link";a:2:{s:5:"title";s:8:"Untitled";s:8:"edit_url";b:0;}}
a:6:{s:3:"row";i:100;s:7:"message";s:26:"Invalid or duplicated SKU.";s:6:"status";b:0;s:10:"status_msg";s:14:"Failed/Skipped";s:7:"post_id";s:0:"";s:9:"post_link";a:2:{s:5:"title";s:8:"Untitled";s:8:"edit_url";b:0;}}
a:6:{s:3:"row";i:101;s:7:"message";s:26:"Invalid or duplicated SKU.";s:6:"status";b:0;s:10:"status_msg";s:14:"Failed/Skipped";s:7:"post_id";s:0:"";s:9:"post_link";a:2:{s:5:"title";s:8:"Untitled";s:8:"edit_url";b:0;}}
a:6:{s:3:"row";i:102;s:7:"message";s:26:"Invalid or duplicated SKU.";s:6:"status";b:0;s:10:"status_msg";s:14:"Failed/Skipped";s:7:"post_id";s:0:"";s:9:"post_link";a:2:{s:5:"title";s:8:"Untitled";s:8:"edit_url";b:0;}}
a:6:{s:3:"row";i:103;s:7:"message";s:30:"Product imported successfully.";s:6:"status";b:1;s:10:"status_msg";s:7:"Success";s:7:"post_id";i:39842;s:9:"post_link";a:2:{s:8:"edit_url";s:66:"http://test.divari.lt/wp-admin/post.php?post=39842&amp;action=edit";s:5:"title";s:8:"8 g Fett";}}
a:6:{s:3:"row";i:104;s:7:"message";s:29:"Product updated successfully.";s:6:"status";b:1;s:10:"status_msg";s:7:"Success";s:7:"post_id";i:39697;s:9:"post_link";a:2:{s:8:"edit_url";s:66:"http://test.divari.lt/wp-admin/post.php?post=39697&amp;action=edit";s:5:"title";s:42:"au&szlig;erhalb der Reichweite von Kindern";}}
a:6:{s:3:"row";i:105;s:7:"message";s:38:"Content, title, and excerpt are empty.";s:6:"status";b:0;s:10:"status_msg";s:14:"Failed/Skipped";s:7:"post_id";s:0:"";s:9:"post_link";a:2:{s:5:"title";s:8:"Untitled";s:8:"edit_url";b:0;}}
a:6:{s:3:"row";i:106;s:7:"message";s:26:"Invalid or duplicated SKU.";s:6:"status";b:0;s:10:"status_msg";s:14:"Failed/Skipped";s:7:"post_id";s:0:"";s:9:"post_link";a:2:{s:5:"title";s:8:"Untitled";s:8:"edit_url";b:0;}}
a:6:{s:3:"row";i:107;s:7:"message";s:30:"Product imported successfully.";s:6:"status";b:1;s:10:"status_msg";s:7:"Success";s:7:"post_id";i:39844;s:9:"post_link";a:2:{s:8:"edit_url";s:66:"http://test.divari.lt/wp-admin/post.php?post=39844&amp;action=edit";s:5:"title";s:170:"<p>Nahrungserg&#038;auml&#8221;;&#8221;nzungsmittel</p><ul>	<li>Nicht gentechnisch ver&#038;auml&#8221;;ndert</li></ul><p><strong>Enth&auml;lt Provitamin A (Beta-Carotin)";}}
a:6:{s:3:"row";i:108;s:7:"message";s:30:"Product imported successfully.";s:6:"status";b:1;s:10:"status_msg";s:7:"Success";s:7:"post_id";i:39845;s:9:"post_link";a:2:{s:8:"edit_url";s:66:"http://test.divari.lt/wp-admin/post.php?post=39845&amp;action=edit";s:5:"title";s:33:"nerafinuotas šalto&#8221;&#8221;";}}
a:6:{s:3:"row";i:109;s:7:"message";s:29:"Product updated successfully.";s:6:"status";b:1;s:10:"status_msg";s:7:"Success";s:7:"post_id";i:39629;s:9:"post_link";a:2:{s:8:"edit_url";s:66:"http://test.divari.lt/wp-admin/post.php?post=39629&amp;action=edit";s:5:"title";s:20:"5 žolelių užpilas";}}
a:6:{s:3:"row";i:110;s:7:"message";s:29:"Product updated successfully.";s:6:"status";b:1;s:10:"status_msg";s:7:"Success";s:7:"post_id";i:39701;s:9:"post_link";a:2:{s:8:"edit_url";s:66:"http://test.divari.lt/wp-admin/post.php?post=39701&amp;action=edit";s:5:"title";s:198:"sans-serif&#8221;&#8221;&#8221;&#8221;>Dispersible agent for the treatment of gastro-oesophageal reflux with film-forming mucopolysaccharides HMW.</span></p><p><span style=""""font-family:Montserrat";}}
a:6:{s:3:"row";i:111;s:7:"message";s:26:"Invalid or duplicated SKU.";s:6:"status";b:0;s:10:"status_msg";s:14:"Failed/Skipped";s:7:"post_id";s:0:"";s:9:"post_link";a:2:{s:5:"title";s:8:"Untitled";s:8:"edit_url";b:0;}}
a:6:{s:3:"row";i:112;s:7:"message";s:29:"Product updated successfully.";s:6:"status";b:1;s:10:"status_msg";s:7:"Success";s:7:"post_id";i:39702;s:9:"post_link";a:2:{s:8:"edit_url";s:66:"http://test.divari.lt/wp-admin/post.php?post=39702&amp;action=edit";s:5:"title";s:340:"sans-serif&#8221;&#8221;&#8221;&#8221;>Vitamin E tr&#038;auml&#8221;;gt zum Schutz der Zellen vor oxidativen Sch&auml;den bei.</span></span></strong></p><p>Eine abwechslungsreiche und ausgewogene Ern&auml;&#8221;hrung und eine gesunde Lebensweise sind wichtig.</p><p><span style=""""font-size:13px""""><span style=""""font-family:Montserrat";}}
a:6:{s:3:"row";i:113;s:7:"message";s:26:"Invalid or duplicated SKU.";s:6:"status";b:0;s:10:"status_msg";s:14:"Failed/Skipped";s:7:"post_id";s:0:"";s:9:"post_link";a:2:{s:5:"title";s:8:"Untitled";s:8:"edit_url";b:0;}}
a:6:{s:3:"row";i:114;s:7:"message";s:26:"Invalid or duplicated SKU.";s:6:"status";b:0;s:10:"status_msg";s:14:"Failed/Skipped";s:7:"post_id";s:0:"";s:9:"post_link";a:2:{s:5:"title";s:8:"Untitled";s:8:"edit_url";b:0;}}
a:6:{s:3:"row";i:115;s:7:"message";s:26:"Invalid or duplicated SKU.";s:6:"status";b:0;s:10:"status_msg";s:14:"Failed/Skipped";s:7:"post_id";s:0:"";s:9:"post_link";a:2:{s:5:"title";s:8:"Untitled";s:8:"edit_url";b:0;}}
a:6:{s:3:"row";i:116;s:7:"message";s:26:"Invalid or duplicated SKU.";s:6:"status";b:0;s:10:"status_msg";s:14:"Failed/Skipped";s:7:"post_id";s:0:"";s:9:"post_link";a:2:{s:5:"title";s:8:"Untitled";s:8:"edit_url";b:0;}}
a:6:{s:3:"row";i:117;s:7:"message";s:30:"Product imported successfully.";s:6:"status";b:1;s:10:"status_msg";s:7:"Success";s:7:"post_id";i:39850;s:9:"post_link";a:2:{s:8:"edit_url";s:66:"http://test.divari.lt/wp-admin/post.php?post=39850&amp;action=edit";s:5:"title";s:16:"sudirgusiai-odai";}}
a:6:{s:3:"row";i:118;s:7:"message";s:29:"Product updated successfully.";s:6:"status";b:1;s:10:"status_msg";s:7:"Success";s:7:"post_id";i:39708;s:9:"post_link";a:2:{s:8:"edit_url";s:66:"http://test.divari.lt/wp-admin/post.php?post=39708&amp;action=edit";s:5:"title";s:8:"mentoliu";}}
a:6:{s:3:"row";i:119;s:7:"message";s:29:"Product updated successfully.";s:6:"status";b:1;s:10:"status_msg";s:7:"Success";s:7:"post_id";i:39709;s:9:"post_link";a:2:{s:8:"edit_url";s:66:"http://test.divari.lt/wp-admin/post.php?post=39709&amp;action=edit";s:5:"title";s:580:"<p>Nahrungserg&#038;auml&#8221;;nzungsmittel</p><p>Zuckerfrei</p><p>Mit S&uuml;&szlig;ungsmitteln</p><p><strong>Extrakte aus pulverisierten B&auml;rentrauben und Birkenbl&auml;ttern tragen zur Erhaltung einer normalen Funktion der Blase und der Harnwege bei. Vitamin C tr&auml;gt zur Unterst&uuml;tzung einer normalen Funktion des Immunsystems und zur Verringerung von M&uuml;digkeitsgef&uuml;hlen bei.</strong></p><p>Eine abwechslungsreiche und ausgewogene Ern&auml;hrung und eine gesunde Lebensweise sind wichtig.</p><p><strong>Zutaten: </strong>S&uuml;&szlig;ungsmittel Isomalt";}}
a:6:{s:3:"row";i:120;s:7:"message";s:29:"Product updated successfully.";s:6:"status";b:1;s:10:"status_msg";s:7:"Success";s:7:"post_id";i:39710;s:9:"post_link";a:2:{s:8:"edit_url";s:66:"http://test.divari.lt/wp-admin/post.php?post=39710&amp;action=edit";s:5:"title";s:8:"moterims";}}
a:6:{s:3:"row";i:121;s:7:"message";s:30:"Product imported successfully.";s:6:"status";b:1;s:10:"status_msg";s:7:"Success";s:7:"post_id";i:39851;s:9:"post_link";a:2:{s:8:"edit_url";s:66:"http://test.divari.lt/wp-admin/post.php?post=39851&amp;action=edit";s:5:"title";s:10:"Tocopherol";}}
a:6:{s:3:"row";i:122;s:7:"message";s:30:"Product imported successfully.";s:6:"status";b:1;s:10:"status_msg";s:7:"Success";s:7:"post_id";i:39852;s:9:"post_link";a:2:{s:8:"edit_url";s:66:"http://test.divari.lt/wp-admin/post.php?post=39852&amp;action=edit";s:5:"title";s:57:"<p>F&#038;uuml&#8221;;r die Hautpflege. Stellt wieder her";}}
a:6:{s:3:"row";i:123;s:7:"message";s:26:"Invalid or duplicated SKU.";s:6:"status";b:0;s:10:"status_msg";s:14:"Failed/Skipped";s:7:"post_id";s:0:"";s:9:"post_link";a:2:{s:5:"title";s:8:"Untitled";s:8:"edit_url";b:0;}}
a:6:{s:3:"row";i:124;s:7:"message";s:30:"Product imported successfully.";s:6:"status";b:1;s:10:"status_msg";s:7:"Success";s:7:"post_id";i:39854;s:9:"post_link";a:2:{s:8:"edit_url";s:66:"http://test.divari.lt/wp-admin/post.php?post=39854&amp;action=edit";s:5:"title";s:816:";;;;;;;;;;;;;;;;;;;;;;;;;;;;;;;;;;;;;;;;;;;;;;;;;;;;;;;;;;;;;;;;;;;;;;;;;;;;;;;;;;;;;;;;;;;;;;;;;;;;;;;;;;;;;;;;;;;;;;;;;;;;;;;;;;;;;;;;;;;;;;;;;;;;;;;;;;;;;;;;;;;;;;;;;;;;;;;;;;;;;;;;;;;;;;;;;;;;;;;;;;;;;;;;;;;;;;;;;;;;;;;;;;;;;;;;;;;;;;;;;;;;;;;;;;;;;;;;;;;;;;;;;;;;;;;;;;;;;;;;;;;;;;;;;;;;;;;;;;;;;;;;;;;;;;;;;;;;;;;;;;;;;;;;;;;;;;;;;;;;;;;;;;;;;;;;;;;;;;;;;;;;;;;;;;;;;;;;;;;;;;;;;;;;;;;;;;;;;;;;;;;;;;;;;;;;;;;;;;;;;;;;;;;;;;;;;;;;;;;;;;;;;;;;;;;;;;;;;;;;;;;;;;;;;;;;;;;;;;;;;;;;;;;;;;;;;;;;;;;;;;;;;;;;;;;;;;;;;;;;;;;;;;;;;;;;;;;;;;;;;;;;;;;;;;;;;;;;;;;;;;;;;;;;;;;;;;;;;;;;;;;;;;;;;;;;;;;;;;;;;;;;;;;;;;;;;;;;;;;;;;;;;;;;;;;;;;;;;;;;;;;;;;;;;;;;;;;;;;;;;;;;;;;;;;;;;;;;;;;;;;;;;;;;;;;;;;;;;;;;;;;;;;;;;;;;;;;;;;;;;;;;;;;;;;;;;;;;;;;;;;;;;;;;;;;;;;;;;;;;;;;;;;;;;;;;;;;;;;;;;;;;;;;;;;;;;;;;;;;;;;;;;;;;;;
5404";}}
a:6:{s:3:"row";i:125;s:7:"message";s:30:"Product imported successfully.";s:6:"status";b:1;s:10:"status_msg";s:7:"Success";s:7:"post_id";i:39855;s:9:"post_link";a:2:{s:8:"edit_url";s:66:"http://test.divari.lt/wp-admin/post.php?post=39855&amp;action=edit";s:5:"title";s:18:"paraudusiai-nosiai";}}
a:6:{s:3:"row";i:126;s:7:"message";s:30:"Product imported successfully.";s:6:"status";b:1;s:10:"status_msg";s:7:"Success";s:7:"post_id";i:39856;s:9:"post_link";a:2:{s:8:"edit_url";s:66:"http://test.divari.lt/wp-admin/post.php?post=39856&amp;action=edit";s:5:"title";s:19:"90 ml&#8221;&#8221;";}}
a:6:{s:3:"row";i:127;s:7:"message";s:29:"Product updated successfully.";s:6:"status";b:1;s:10:"status_msg";s:7:"Success";s:7:"post_id";i:39716;s:9:"post_link";a:2:{s:8:"edit_url";s:66:"http://test.divari.lt/wp-admin/post.php?post=39716&amp;action=edit";s:5:"title";s:51:"bei einer Temperatur von nicht mehr als +25 &ordm;C";}}
a:6:{s:3:"row";i:128;s:7:"message";s:29:"Product updated successfully.";s:6:"status";b:1;s:10:"status_msg";s:7:"Success";s:7:"post_id";i:39717;s:9:"post_link";a:2:{s:8:"edit_url";s:66:"http://test.divari.lt/wp-admin/post.php?post=39717&amp;action=edit";s:5:"title";s:52:"<p>Hanfsamen&#038;ouml&#8221;;l</p><p>Kaltgepresstes";}}
a:6:{s:3:"row";i:129;s:7:"message";s:30:"Product imported successfully.";s:6:"status";b:1;s:10:"status_msg";s:7:"Success";s:7:"post_id";i:39857;s:9:"post_link";a:2:{s:8:"edit_url";s:66:"http://test.divari.lt/wp-admin/post.php?post=39857&amp;action=edit";s:5:"title";s:7:"Ukraina";}}
a:6:{s:3:"row";i:130;s:7:"message";s:30:"Product imported successfully.";s:6:"status";b:1;s:10:"status_msg";s:7:"Success";s:7:"post_id";i:39858;s:9:"post_link";a:2:{s:8:"edit_url";s:66:"http://test.divari.lt/wp-admin/post.php?post=39858&amp;action=edit";s:5:"title";s:231:"regt Stoffwechselprozesse an und normalisiert die Funktion des Bewegungsapparates. Kann als Sportmassagegel verwendet werden.</p><p><strong>Wirksame Bestandteile:</strong></p><p>Rittersporn-Extrakt 20% ist der Wirkstoff des Balsams";}}
a:6:{s:3:"row";i:131;s:7:"message";s:29:"Product updated successfully.";s:6:"status";b:1;s:10:"status_msg";s:7:"Success";s:7:"post_id";i:39719;s:9:"post_link";a:2:{s:8:"edit_url";s:66:"http://test.divari.lt/wp-admin/post.php?post=39719&amp;action=edit";s:5:"title";s:0:"";}}
a:6:{s:3:"row";i:132;s:7:"message";s:30:"Product imported successfully.";s:6:"status";b:1;s:10:"status_msg";s:7:"Success";s:7:"post_id";i:39859;s:9:"post_link";a:2:{s:8:"edit_url";s:66:"http://test.divari.lt/wp-admin/post.php?post=39859&amp;action=edit";s:5:"title";s:814:";;;;;;;;;;;;;;;;;;;;;;;;;;;;;;;;;;;;;;;;;;;;;;;;;;;;;;;;;;;;;;;;;;;;;;;;;;;;;;;;;;;;;;;;;;;;;;;;;;;;;;;;;;;;;;;;;;;;;;;;;;;;;;;;;;;;;;;;;;;;;;;;;;;;;;;;;;;;;;;;;;;;;;;;;;;;;;;;;;;;;;;;;;;;;;;;;;;;;;;;;;;;;;;;;;;;;;;;;;;;;;;;;;;;;;;;;;;;;;;;;;;;;;;;;;;;;;;;;;;;;;;;;;;;;;;;;;;;;;;;;;;;;;;;;;;;;;;;;;;;;;;;;;;;;;;;;;;;;;;;;;;;;;;;;;;;;;;;;;;;;;;;;;;;;;;;;;;;;;;;;;;;;;;;;;;;;;;;;;;;;;;;;;;;;;;;;;;;;;;;;;;;;;;;;;;;;;;;;;;;;;;;;;;;;;;;;;;;;;;;;;;;;;;;;;;;;;;;;;;;;;;;;;;;;;;;;;;;;;;;;;;;;;;;;;;;;;;;;;;;;;;;;;;;;;;;;;;;;;;;;;;;;;;;;;;;;;;;;;;;;;;;;;;;;;;;;;;;;;;;;;;;;;;;;;;;;;;;;;;;;;;;;;;;;;;;;;;;;;;;;;;;;;;;;;;;;;;;;;;;;;;;;;;;;;;;;;;;;;;;;;;;;;;;;;;;;;;;;;;;;;;;;;;;;;;;;;;;;;;;;;;;;;;;;;;;;;;;;;;;;;;;;;;;;;;;;;;;;;;;;;;;;;;;;;;;;;;;;;;;;;;;;;;;;;;;;;;;;;;;;;;;;;;;;;;;;;;;;;;;;;;;;;;;;;;;;;;;;;;;;;;;;;;;
5476";}}
a:6:{s:3:"row";i:133;s:7:"message";s:30:"Product imported successfully.";s:6:"status";b:1;s:10:"status_msg";s:7:"Success";s:7:"post_id";i:39860;s:9:"post_link";a:2:{s:8:"edit_url";s:66:"http://test.divari.lt/wp-admin/post.php?post=39860&amp;action=edit";s:5:"title";s:4:"0814";}}
a:6:{s:3:"row";i:134;s:7:"message";s:26:"Invalid or duplicated SKU.";s:6:"status";b:0;s:10:"status_msg";s:14:"Failed/Skipped";s:7:"post_id";s:0:"";s:9:"post_link";a:2:{s:5:"title";s:8:"Untitled";s:8:"edit_url";b:0;}}
a:6:{s:3:"row";i:135;s:7:"message";s:26:"Invalid or duplicated SKU.";s:6:"status";b:0;s:10:"status_msg";s:14:"Failed/Skipped";s:7:"post_id";s:0:"";s:9:"post_link";a:2:{s:5:"title";s:8:"Untitled";s:8:"edit_url";b:0;}}
a:6:{s:3:"row";i:136;s:7:"message";s:26:"Invalid or duplicated SKU.";s:6:"status";b:0;s:10:"status_msg";s:14:"Failed/Skipped";s:7:"post_id";s:0:"";s:9:"post_link";a:2:{s:5:"title";s:8:"Untitled";s:8:"edit_url";b:0;}}
a:6:{s:3:"row";i:137;s:7:"message";s:38:"Content, title, and excerpt are empty.";s:6:"status";b:0;s:10:"status_msg";s:14:"Failed/Skipped";s:7:"post_id";s:0:"";s:9:"post_link";a:2:{s:5:"title";s:8:"Untitled";s:8:"edit_url";b:0;}}
a:6:{s:3:"row";i:138;s:7:"message";s:38:"Content, title, and excerpt are empty.";s:6:"status";b:0;s:10:"status_msg";s:14:"Failed/Skipped";s:7:"post_id";s:0:"";s:9:"post_link";a:2:{s:5:"title";s:8:"Untitled";s:8:"edit_url";b:0;}}
a:6:{s:3:"row";i:139;s:7:"message";s:29:"Product updated successfully.";s:6:"status";b:1;s:10:"status_msg";s:7:"Success";s:7:"post_id";i:39629;s:9:"post_link";a:2:{s:8:"edit_url";s:66:"http://test.divari.lt/wp-admin/post.php?post=39629&amp;action=edit";s:5:"title";s:7:"rutinas";}}
a:6:{s:3:"row";i:140;s:7:"message";s:30:"Product imported successfully.";s:6:"status";b:1;s:10:"status_msg";s:7:"Success";s:7:"post_id";i:39863;s:9:"post_link";a:2:{s:8:"edit_url";s:66:"http://test.divari.lt/wp-admin/post.php?post=39863&amp;action=edit";s:5:"title";s:69:"Anti Akne Creme Gel Vorher und Nachher für Problemhaut&#8221;&#8221;";}}
a:6:{s:3:"row";i:141;s:7:"message";s:26:"Invalid or duplicated SKU.";s:6:"status";b:0;s:10:"status_msg";s:14:"Failed/Skipped";s:7:"post_id";s:0:"";s:9:"post_link";a:2:{s:5:"title";s:8:"Untitled";s:8:"edit_url";b:0;}}
a:6:{s:3:"row";i:142;s:7:"message";s:30:"Product imported successfully.";s:6:"status";b:1;s:10:"status_msg";s:7:"Success";s:7:"post_id";i:39865;s:9:"post_link";a:2:{s:8:"edit_url";s:66:"http://test.divari.lt/wp-admin/post.php?post=39865&amp;action=edit";s:5:"title";s:905:"1 g</td>		</tr>		<tr>			<td style=""""text-align:left"""">Kohlenhydrate</td>			<td style=""""text-align:center"""">0 g</td>		</tr>		<tr>			<td style=""""text-align:left"""">Ballaststoffe</td>			<td style=""""text-align:center"""">0 g</td>		</tr>		<tr>			<td style=""""text-align:left"""">Eiwei&#038;szlig&#8221;;&#8221;</td>			<td style=""""text-align:center"""">0 g</td>		</tr>		<tr>			<td style=""""text-align:left"""">Salz</td>			<td style=""""text-align:center"""">0 g</td>		</tr>	</tbody></table><p>Eine abwechslungsreiche und ausgewogene Ern&#038;auml&#8221;;hrung und eine gesunde Lebensweise sind wichtig.</p><p><strong>Lagerung:</strong> Dunkel und k&uuml;hl zwischen +10 &deg;C und +25 &deg;C au&szlig;erhalb der Reichweite von Kindern lagern. Nach dem &Ouml;ffnen bei einer Temperatur von nicht mehr als +5&ordm;&#8221;C aufbewahren.</p><p><strong>Nettoinhalt: </strong>100 ml</p>&#8220;&#8221;";}}
a:6:{s:3:"row";i:143;s:7:"message";s:26:"Invalid or duplicated SKU.";s:6:"status";b:0;s:10:"status_msg";s:14:"Failed/Skipped";s:7:"post_id";s:0:"";s:9:"post_link";a:2:{s:5:"title";s:8:"Untitled";s:8:"edit_url";b:0;}}
a:6:{s:3:"row";i:144;s:7:"message";s:26:"Invalid or duplicated SKU.";s:6:"status";b:0;s:10:"status_msg";s:14:"Failed/Skipped";s:7:"post_id";s:0:"";s:9:"post_link";a:2:{s:5:"title";s:8:"Untitled";s:8:"edit_url";b:0;}}
a:6:{s:3:"row";i:145;s:7:"message";s:38:"Content, title, and excerpt are empty.";s:6:"status";b:0;s:10:"status_msg";s:14:"Failed/Skipped";s:7:"post_id";s:0:"";s:9:"post_link";a:2:{s:5:"title";s:8:"Untitled";s:8:"edit_url";b:0;}}
a:6:{s:3:"row";i:146;s:7:"message";s:30:"Product imported successfully.";s:6:"status";b:1;s:10:"status_msg";s:7:"Success";s:7:"post_id";i:39868;s:9:"post_link";a:2:{s:8:"edit_url";s:66:"http://test.divari.lt/wp-admin/post.php?post=39868&amp;action=edit";s:5:"title";s:0:"";}}
a:6:{s:3:"row";i:147;s:7:"message";s:26:"Invalid or duplicated SKU.";s:6:"status";b:0;s:10:"status_msg";s:14:"Failed/Skipped";s:7:"post_id";s:0:"";s:9:"post_link";a:2:{s:5:"title";s:8:"Untitled";s:8:"edit_url";b:0;}}
a:6:{s:3:"row";i:148;s:7:"message";s:26:"Invalid or duplicated SKU.";s:6:"status";b:0;s:10:"status_msg";s:14:"Failed/Skipped";s:7:"post_id";s:0:"";s:9:"post_link";a:2:{s:5:"title";s:8:"Untitled";s:8:"edit_url";b:0;}}
a:6:{s:3:"row";i:149;s:7:"message";s:26:"Invalid or duplicated SKU.";s:6:"status";b:0;s:10:"status_msg";s:14:"Failed/Skipped";s:7:"post_id";s:0:"";s:9:"post_link";a:2:{s:5:"title";s:8:"Untitled";s:8:"edit_url";b:0;}}
a:6:{s:3:"row";i:150;s:7:"message";s:29:"Product updated successfully.";s:6:"status";b:1;s:10:"status_msg";s:7:"Success";s:7:"post_id";i:39730;s:9:"post_link";a:2:{s:8:"edit_url";s:66:"http://test.divari.lt/wp-admin/post.php?post=39730&amp;action=edit";s:5:"title";s:28:"maisto-papildas-groziui-odai";}}
a:6:{s:3:"row";i:151;s:7:"message";s:26:"Invalid or duplicated SKU.";s:6:"status";b:0;s:10:"status_msg";s:14:"Failed/Skipped";s:7:"post_id";s:0:"";s:9:"post_link";a:2:{s:5:"title";s:8:"Untitled";s:8:"edit_url";b:0;}}
a:6:{s:3:"row";i:152;s:7:"message";s:30:"Product imported successfully.";s:6:"status";b:1;s:10:"status_msg";s:7:"Success";s:7:"post_id";i:39873;s:9:"post_link";a:2:{s:8:"edit_url";s:66:"http://test.divari.lt/wp-admin/post.php?post=39873&amp;action=edit";s:5:"title";s:33:"Vita-Age Krinofort anti-hair loss";}}
a:6:{s:3:"row";i:153;s:7:"message";s:26:"Invalid or duplicated SKU.";s:6:"status";b:0;s:10:"status_msg";s:14:"Failed/Skipped";s:7:"post_id";s:0:"";s:9:"post_link";a:2:{s:5:"title";s:8:"Untitled";s:8:"edit_url";b:0;}}
a:6:{s:3:"row";i:154;s:7:"message";s:26:"Invalid or duplicated SKU.";s:6:"status";b:0;s:10:"status_msg";s:14:"Failed/Skipped";s:7:"post_id";s:0:"";s:9:"post_link";a:2:{s:5:"title";s:8:"Untitled";s:8:"edit_url";b:0;}}
a:6:{s:3:"row";i:155;s:7:"message";s:26:"Invalid or duplicated SKU.";s:6:"status";b:0;s:10:"status_msg";s:14:"Failed/Skipped";s:7:"post_id";s:0:"";s:9:"post_link";a:2:{s:5:"title";s:8:"Untitled";s:8:"edit_url";b:0;}}
a:6:{s:3:"row";i:156;s:7:"message";s:38:"Content, title, and excerpt are empty.";s:6:"status";b:0;s:10:"status_msg";s:14:"Failed/Skipped";s:7:"post_id";s:0:"";s:9:"post_link";a:2:{s:5:"title";s:8:"Untitled";s:8:"edit_url";b:0;}}
a:6:{s:3:"row";i:157;s:7:"message";s:26:"Invalid or duplicated SKU.";s:6:"status";b:0;s:10:"status_msg";s:14:"Failed/Skipped";s:7:"post_id";s:0:"";s:9:"post_link";a:2:{s:5:"title";s:8:"Untitled";s:8:"edit_url";b:0;}}
a:6:{s:3:"row";i:158;s:7:"message";s:26:"Invalid or duplicated SKU.";s:6:"status";b:0;s:10:"status_msg";s:14:"Failed/Skipped";s:7:"post_id";s:0:"";s:9:"post_link";a:2:{s:5:"title";s:8:"Untitled";s:8:"edit_url";b:0;}}
a:6:{s:3:"row";i:159;s:7:"message";s:30:"Product imported successfully.";s:6:"status";b:1;s:10:"status_msg";s:7:"Success";s:7:"post_id";i:39879;s:9:"post_link";a:2:{s:8:"edit_url";s:66:"http://test.divari.lt/wp-admin/post.php?post=39879&amp;action=edit";s:5:"title";s:108:"Durch die Raffination erhält das Öl eine zartgelbe Farbe und einen nussigen Geschmack. Geeignet zum Kochen";}}
a:6:{s:3:"row";i:160;s:7:"message";s:30:"Product imported successfully.";s:6:"status";b:1;s:10:"status_msg";s:7:"Success";s:7:"post_id";i:39880;s:9:"post_link";a:2:{s:8:"edit_url";s:66:"http://test.divari.lt/wp-admin/post.php?post=39880&amp;action=edit";s:5:"title";s:317:"Braten und f&uuml;r Salatdressings.</p><p>Mandel&ouml;l wird aus Mandelsamen gewonnen und hat eine Vielzahl von positiven Eigenschaften. Hier sind einige der wichtigsten Vorteile von Mandel&ouml;l:</p><p><strong>Hautpflege: </strong>Mandel&ouml;l ist ein ausgezeichneter Feuchtigkeitsspender und Weichmacher. Es hilft";}}
a:6:{s:3:"row";i:161;s:7:"message";s:30:"Product imported successfully.";s:6:"status";b:1;s:10:"status_msg";s:7:"Success";s:7:"post_id";i:39881;s:9:"post_link";a:2:{s:8:"edit_url";s:66:"http://test.divari.lt/wp-admin/post.php?post=39881&amp;action=edit";s:5:"title";s:18:"Glycyrrhiza Glabra";}}
a:6:{s:3:"row";i:162;s:7:"message";s:26:"Invalid or duplicated SKU.";s:6:"status";b:0;s:10:"status_msg";s:14:"Failed/Skipped";s:7:"post_id";s:0:"";s:9:"post_link";a:2:{s:5:"title";s:8:"Untitled";s:8:"edit_url";b:0;}}
a:6:{s:3:"row";i:163;s:7:"message";s:26:"Invalid or duplicated SKU.";s:6:"status";b:0;s:10:"status_msg";s:14:"Failed/Skipped";s:7:"post_id";s:0:"";s:9:"post_link";a:2:{s:5:"title";s:8:"Untitled";s:8:"edit_url";b:0;}}
a:6:{s:3:"row";i:164;s:7:"message";s:26:"Invalid or duplicated SKU.";s:6:"status";b:0;s:10:"status_msg";s:14:"Failed/Skipped";s:7:"post_id";s:0:"";s:9:"post_link";a:2:{s:5:"title";s:8:"Untitled";s:8:"edit_url";b:0;}}
a:6:{s:3:"row";i:165;s:7:"message";s:26:"Invalid or duplicated SKU.";s:6:"status";b:0;s:10:"status_msg";s:14:"Failed/Skipped";s:7:"post_id";s:0:"";s:9:"post_link";a:2:{s:5:"title";s:8:"Untitled";s:8:"edit_url";b:0;}}
a:6:{s:3:"row";i:166;s:7:"message";s:30:"Product imported successfully.";s:6:"status";b:1;s:10:"status_msg";s:7:"Success";s:7:"post_id";i:39886;s:9:"post_link";a:2:{s:8:"edit_url";s:66:"http://test.divari.lt/wp-admin/post.php?post=39886&amp;action=edit";s:5:"title";s:4:"Senf";}}
a:6:{s:3:"row";i:167;s:7:"message";s:30:"Product imported successfully.";s:6:"status";b:1;s:10:"status_msg";s:7:"Success";s:7:"post_id";i:39887;s:9:"post_link";a:2:{s:8:"edit_url";s:66:"http://test.divari.lt/wp-admin/post.php?post=39887&amp;action=edit";s:5:"title";s:5:"Sesam";}}
a:6:{s:3:"row";i:168;s:7:"message";s:38:"Content, title, and excerpt are empty.";s:6:"status";b:0;s:10:"status_msg";s:14:"Failed/Skipped";s:7:"post_id";s:0:"";s:9:"post_link";a:2:{s:5:"title";s:8:"Untitled";s:8:"edit_url";b:0;}}
a:6:{s:3:"row";i:169;s:7:"message";s:38:"Content, title, and excerpt are empty.";s:6:"status";b:0;s:10:"status_msg";s:14:"Failed/Skipped";s:7:"post_id";s:0:"";s:9:"post_link";a:2:{s:5:"title";s:8:"Untitled";s:8:"edit_url";b:0;}}
a:6:{s:3:"row";i:170;s:7:"message";s:30:"Product imported successfully.";s:6:"status";b:1;s:10:"status_msg";s:7:"Success";s:7:"post_id";i:39888;s:9:"post_link";a:2:{s:8:"edit_url";s:66:"http://test.divari.lt/wp-admin/post.php?post=39888&amp;action=edit";s:5:"title";s:0:"";}}
a:6:{s:3:"row";i:171;s:7:"message";s:30:"Product imported successfully.";s:6:"status";b:1;s:10:"status_msg";s:7:"Success";s:7:"post_id";i:39889;s:9:"post_link";a:2:{s:8:"edit_url";s:66:"http://test.divari.lt/wp-admin/post.php?post=39889&amp;action=edit";s:5:"title";s:5:"Sesam";}}
a:6:{s:3:"row";i:172;s:7:"message";s:30:"Product imported successfully.";s:6:"status";b:1;s:10:"status_msg";s:7:"Success";s:7:"post_id";i:39890;s:9:"post_link";a:2:{s:8:"edit_url";s:66:"http://test.divari.lt/wp-admin/post.php?post=39890&amp;action=edit";s:5:"title";s:19:"Polyvinylpyrrolidon";}}
a:6:{s:3:"row";i:173;s:7:"message";s:30:"Product imported successfully.";s:6:"status";b:1;s:10:"status_msg";s:7:"Success";s:7:"post_id";i:39891;s:9:"post_link";a:2:{s:8:"edit_url";s:66:"http://test.divari.lt/wp-admin/post.php?post=39891&amp;action=edit";s:5:"title";s:151:"f&uuml;&#8221;r Haushaltsreiniger usw.</p><p style=""""text-align:justify"""">Soapnuts sind nicht allergen und daher gut f&#038;uuml&#8221;;r Ihre Haut";}}
a:6:{s:3:"row";i:174;s:7:"message";s:30:"Product imported successfully.";s:6:"status";b:1;s:10:"status_msg";s:7:"Success";s:7:"post_id";i:39892;s:9:"post_link";a:2:{s:8:"edit_url";s:66:"http://test.divari.lt/wp-admin/post.php?post=39892&amp;action=edit";s:5:"title";s:6:"veidui";}}
a:6:{s:3:"row";i:175;s:7:"message";s:30:"Product imported successfully.";s:6:"status";b:1;s:10:"status_msg";s:7:"Success";s:7:"post_id";i:39893;s:9:"post_link";a:2:{s:8:"edit_url";s:66:"http://test.divari.lt/wp-admin/post.php?post=39893&amp;action=edit";s:5:"title";s:7:"Campher";}}
a:6:{s:3:"row";i:176;s:7:"message";s:30:"Product imported successfully.";s:6:"status";b:1;s:10:"status_msg";s:7:"Success";s:7:"post_id";i:39894;s:9:"post_link";a:2:{s:8:"edit_url";s:66:"http://test.divari.lt/wp-admin/post.php?post=39894&amp;action=edit";s:5:"title";s:8:"Limonene";}}
a:6:{s:3:"row";i:177;s:7:"message";s:30:"Product imported successfully.";s:6:"status";b:1;s:10:"status_msg";s:7:"Success";s:7:"post_id";i:39895;s:9:"post_link";a:2:{s:8:"edit_url";s:66:"http://test.divari.lt/wp-admin/post.php?post=39895&amp;action=edit";s:5:"title";s:0:"";}}
a:6:{s:3:"row";i:178;s:7:"message";s:26:"Invalid or duplicated SKU.";s:6:"status";b:0;s:10:"status_msg";s:14:"Failed/Skipped";s:7:"post_id";s:0:"";s:9:"post_link";a:2:{s:5:"title";s:8:"Untitled";s:8:"edit_url";b:0;}}
a:6:{s:3:"row";i:179;s:7:"message";s:30:"Product imported successfully.";s:6:"status";b:1;s:10:"status_msg";s:7:"Success";s:7:"post_id";i:39897;s:9:"post_link";a:2:{s:8:"edit_url";s:66:"http://test.divari.lt/wp-admin/post.php?post=39897&amp;action=edit";s:5:"title";s:0:"";}}
a:6:{s:3:"row";i:180;s:7:"message";s:26:"Invalid or duplicated SKU.";s:6:"status";b:0;s:10:"status_msg";s:14:"Failed/Skipped";s:7:"post_id";s:0:"";s:9:"post_link";a:2:{s:5:"title";s:8:"Untitled";s:8:"edit_url";b:0;}}
a:6:{s:3:"row";i:181;s:7:"message";s:26:"Invalid or duplicated SKU.";s:6:"status";b:0;s:10:"status_msg";s:14:"Failed/Skipped";s:7:"post_id";s:0:"";s:9:"post_link";a:2:{s:5:"title";s:8:"Untitled";s:8:"edit_url";b:0;}}
a:6:{s:3:"row";i:182;s:7:"message";s:26:"Invalid or duplicated SKU.";s:6:"status";b:0;s:10:"status_msg";s:14:"Failed/Skipped";s:7:"post_id";s:0:"";s:9:"post_link";a:2:{s:5:"title";s:8:"Untitled";s:8:"edit_url";b:0;}}
a:6:{s:3:"row";i:183;s:7:"message";s:26:"Invalid or duplicated SKU.";s:6:"status";b:0;s:10:"status_msg";s:14:"Failed/Skipped";s:7:"post_id";s:0:"";s:9:"post_link";a:2:{s:5:"title";s:8:"Untitled";s:8:"edit_url";b:0;}}
a:6:{s:3:"row";i:184;s:7:"message";s:26:"Invalid or duplicated SKU.";s:6:"status";b:0;s:10:"status_msg";s:14:"Failed/Skipped";s:7:"post_id";s:0:"";s:9:"post_link";a:2:{s:5:"title";s:8:"Untitled";s:8:"edit_url";b:0;}}
a:6:{s:3:"row";i:185;s:7:"message";s:26:"Invalid or duplicated SKU.";s:6:"status";b:0;s:10:"status_msg";s:14:"Failed/Skipped";s:7:"post_id";s:0:"";s:9:"post_link";a:2:{s:5:"title";s:8:"Untitled";s:8:"edit_url";b:0;}}
a:6:{s:3:"row";i:186;s:7:"message";s:26:"Invalid or duplicated SKU.";s:6:"status";b:0;s:10:"status_msg";s:14:"Failed/Skipped";s:7:"post_id";s:0:"";s:9:"post_link";a:2:{s:5:"title";s:8:"Untitled";s:8:"edit_url";b:0;}}
a:6:{s:3:"row";i:187;s:7:"message";s:26:"Invalid or duplicated SKU.";s:6:"status";b:0;s:10:"status_msg";s:14:"Failed/Skipped";s:7:"post_id";s:0:"";s:9:"post_link";a:2:{s:5:"title";s:8:"Untitled";s:8:"edit_url";b:0;}}
a:6:{s:3:"row";i:188;s:7:"message";s:38:"Content, title, and excerpt are empty.";s:6:"status";b:0;s:10:"status_msg";s:14:"Failed/Skipped";s:7:"post_id";s:0:"";s:9:"post_link";a:2:{s:5:"title";s:8:"Untitled";s:8:"edit_url";b:0;}}
a:6:{s:3:"row";i:189;s:7:"message";s:38:"Content, title, and excerpt are empty.";s:6:"status";b:0;s:10:"status_msg";s:14:"Failed/Skipped";s:7:"post_id";s:0:"";s:9:"post_link";a:2:{s:5:"title";s:8:"Untitled";s:8:"edit_url";b:0;}}
a:6:{s:3:"row";i:190;s:7:"message";s:29:"Product updated successfully.";s:6:"status";b:1;s:10:"status_msg";s:7:"Success";s:7:"post_id";i:39763;s:9:"post_link";a:2:{s:8:"edit_url";s:66:"http://test.divari.lt/wp-admin/post.php?post=39763&amp;action=edit";s:5:"title";s:0:"";}}
a:6:{s:3:"row";i:191;s:7:"message";s:30:"Product imported successfully.";s:6:"status";b:1;s:10:"status_msg";s:7:"Success";s:7:"post_id";i:39904;s:9:"post_link";a:2:{s:8:"edit_url";s:66:"http://test.divari.lt/wp-admin/post.php?post=39904&amp;action=edit";s:5:"title";s:12:"herausnehmen";}}
a:6:{s:3:"row";i:192;s:7:"message";s:26:"Invalid or duplicated SKU.";s:6:"status";b:0;s:10:"status_msg";s:14:"Failed/Skipped";s:7:"post_id";s:0:"";s:9:"post_link";a:2:{s:5:"title";s:8:"Untitled";s:8:"edit_url";b:0;}}
a:6:{s:3:"row";i:193;s:7:"message";s:38:"Content, title, and excerpt are empty.";s:6:"status";b:0;s:10:"status_msg";s:14:"Failed/Skipped";s:7:"post_id";s:0:"";s:9:"post_link";a:2:{s:5:"title";s:8:"Untitled";s:8:"edit_url";b:0;}}
a:6:{s:3:"row";i:194;s:7:"message";s:26:"Invalid or duplicated SKU.";s:6:"status";b:0;s:10:"status_msg";s:14:"Failed/Skipped";s:7:"post_id";s:0:"";s:9:"post_link";a:2:{s:5:"title";s:8:"Untitled";s:8:"edit_url";b:0;}}
a:6:{s:3:"row";i:195;s:7:"message";s:29:"Product updated successfully.";s:6:"status";b:1;s:10:"status_msg";s:7:"Success";s:7:"post_id";i:39767;s:9:"post_link";a:2:{s:8:"edit_url";s:66:"http://test.divari.lt/wp-admin/post.php?post=39767&amp;action=edit";s:5:"title";s:270:"8 g</td>		</tr>		<tr>			<td>&#8211; cukrų</td>			<td style=""""text-align:center"""">0 g</td>			<td style=""""text-align:center"""">0 g</td>		</tr>		<tr>			<td>&#8211; poliolių</td>			<td style=""""text-align:center"""">0 g</td>			<td style=""""text-align:center"""">2";}}
a:6:{s:3:"row";i:196;s:7:"message";s:30:"Product imported successfully.";s:6:"status";b:1;s:10:"status_msg";s:7:"Success";s:7:"post_id";i:39907;s:9:"post_link";a:2:{s:8:"edit_url";s:66:"http://test.divari.lt/wp-admin/post.php?post=39907&amp;action=edit";s:5:"title";s:0:"";}}
a:6:{s:3:"row";i:197;s:7:"message";s:30:"Product imported successfully.";s:6:"status";b:1;s:10:"status_msg";s:7:"Success";s:7:"post_id";i:39908;s:9:"post_link";a:2:{s:8:"edit_url";s:66:"http://test.divari.lt/wp-admin/post.php?post=39908&amp;action=edit";s:5:"title";s:24:"die sie im Mund behalten";}}
a:6:{s:3:"row";i:198;s:7:"message";s:26:"Invalid or duplicated SKU.";s:6:"status";b:0;s:10:"status_msg";s:14:"Failed/Skipped";s:7:"post_id";s:0:"";s:9:"post_link";a:2:{s:5:"title";s:8:"Untitled";s:8:"edit_url";b:0;}}
a:6:{s:3:"row";i:199;s:7:"message";s:26:"Invalid or duplicated SKU.";s:6:"status";b:0;s:10:"status_msg";s:14:"Failed/Skipped";s:7:"post_id";s:0:"";s:9:"post_link";a:2:{s:5:"title";s:8:"Untitled";s:8:"edit_url";b:0;}}
