02-27-2024 @ 17:25:14 - ---[ New import started at 2024-02-27 17:25:14 ] PHP Memory: 256 MB, WP Memory: 40 MB
02-27-2024 @ 17:25:14 - Preparing for import.
02-27-2024 @ 17:25:14 - Row :1 - Parsing item.
02-27-2024 @ 17:25:14 - Row :1 - Processing item.
02-27-2024 @ 17:25:14 - Row :1 - Category imported successfully.
02-27-2024 @ 17:25:14 - Row :2 - Parsing item.
02-27-2024 @ 17:25:14 - Row :2 - Processing item.
02-27-2024 @ 17:25:14 - Row :2 - Category imported successfully.
02-27-2024 @ 17:25:14 - Row :3 - Parsing item.
02-27-2024 @ 17:25:14 - Row :3 - Processing item.
02-27-2024 @ 17:25:14 - Row :3 - Category imported successfully.
02-27-2024 @ 17:25:14 - Row :4 - Parsing item.
02-27-2024 @ 17:25:14 - Row :4 - Processing item.
02-27-2024 @ 17:25:14 - Row :4 - Category imported successfully.
02-27-2024 @ 17:25:14 - Row :5 - Parsing item.
02-27-2024 @ 17:25:14 - Row :5 - Processing item.
02-27-2024 @ 17:25:14 - Row :5 - Category imported successfully.
02-27-2024 @ 17:25:14 - Row :6 - Parsing item.
02-27-2024 @ 17:25:14 - Row :6 - Processing item.
02-27-2024 @ 17:25:14 - Row :6 - Category imported successfully.
02-27-2024 @ 17:25:14 - Row :7 - Parsing item.
02-27-2024 @ 17:25:14 - Row :7 - Processing item.
02-27-2024 @ 17:25:14 - Row :7 - Category imported successfully.
02-27-2024 @ 17:25:14 - Row :8 - Parsing item.
02-27-2024 @ 17:25:14 - Row :8 - Processing item.
02-27-2024 @ 17:25:14 - Row :8 - Category imported successfully.
02-27-2024 @ 17:25:14 - Row :9 - Parsing item.
02-27-2024 @ 17:25:14 - Row :9 - Processing item.
02-27-2024 @ 17:25:14 - Row :9 - Category imported successfully.
02-27-2024 @ 17:25:15 - Row :10 - Parsing item.
02-27-2024 @ 17:25:15 - Row :10 - Processing item.
02-27-2024 @ 17:25:15 - Row :10 - Category imported successfully.
02-27-2024 @ 17:25:15 - Row :11 - Parsing item.
02-27-2024 @ 17:25:15 - Row :11 - Processing item.
02-27-2024 @ 17:25:15 - Row :11 - Category imported successfully.
02-27-2024 @ 17:25:15 - Row :12 - Parsing item.
02-27-2024 @ 17:25:15 - Row :12 - Processing item.
02-27-2024 @ 17:25:15 - Row :12 - Category imported successfully.
02-27-2024 @ 17:25:15 - Row :13 - Parsing item.
02-27-2024 @ 17:25:15 - Row :13 - Processing item.
02-27-2024 @ 17:25:15 - Row :13 - Category imported successfully.
02-27-2024 @ 17:25:15 - Row :14 - Parsing item.
02-27-2024 @ 17:25:15 - Row :14 - Processing item.
02-27-2024 @ 17:25:15 - Row :14 - Category imported successfully.
02-27-2024 @ 17:25:15 - Row :15 - Parsing item.
02-27-2024 @ 17:25:15 - Row :15 - Processing item.
02-27-2024 @ 17:25:15 - Row :15 - Category imported successfully.
02-27-2024 @ 17:25:15 - Row :16 - Parsing item.
02-27-2024 @ 17:25:15 - Row :16 - Processing item.
02-27-2024 @ 17:25:15 - Row :16 - Category imported successfully.
02-27-2024 @ 17:25:15 - Row :17 - Parsing item.
02-27-2024 @ 17:25:15 - Row :17 - Processing item.
02-27-2024 @ 17:25:15 - Row :17 - Category imported successfully.
02-27-2024 @ 17:25:15 - Row :18 - Parsing item.
02-27-2024 @ 17:25:15 - Row :18 - Processing item.
02-27-2024 @ 17:25:15 - Row :18 - Category imported successfully.
02-27-2024 @ 17:25:15 - Row :19 - Parsing item.
02-27-2024 @ 17:25:15 - Row :19 - Processing item.
02-27-2024 @ 17:25:15 - Row :19 - Category imported successfully.
02-27-2024 @ 17:25:15 - Row :20 - Parsing item.
02-27-2024 @ 17:25:15 - Row :20 - Processing item.
02-27-2024 @ 17:25:15 - Row :20 - Category imported successfully.
02-27-2024 @ 17:25:15 - Row :21 - Parsing item.
02-27-2024 @ 17:25:15 - Row :21 - Processing item.
02-27-2024 @ 17:25:15 - Row :21 - Category imported successfully.
02-27-2024 @ 17:25:15 - Row :22 - Parsing item.
02-27-2024 @ 17:25:15 - Row :22 - Processing item.
02-27-2024 @ 17:25:15 - Row :22 - Category imported successfully.
02-27-2024 @ 17:25:15 - Row :23 - Parsing item.
02-27-2024 @ 17:25:15 - Row :23 - Processing item.
02-27-2024 @ 17:25:15 - Row :23 - Category imported successfully.
02-27-2024 @ 17:25:15 - Row :24 - Parsing item.
02-27-2024 @ 17:25:15 - Row :24 - Processing item.
02-27-2024 @ 17:25:15 - Row :24 - Category imported successfully.
02-27-2024 @ 17:25:15 - Row :25 - Parsing item.
02-27-2024 @ 17:25:15 - Row :25 - Processing item.
02-27-2024 @ 17:25:15 - Row :25 - Category imported successfully.
02-27-2024 @ 17:25:15 - Row :26 - Parsing item.
02-27-2024 @ 17:25:15 - Row :26 - Processing item.
02-27-2024 @ 17:25:15 - Row :26 - Category imported successfully.
02-27-2024 @ 17:25:15 - Row :27 - Parsing item.
02-27-2024 @ 17:25:15 - Row :27 - Processing item.
02-27-2024 @ 17:25:15 - Row :27 - Category imported successfully.
02-27-2024 @ 17:25:15 - Row :28 - Parsing item.
02-27-2024 @ 17:25:15 - Row :28 - Processing item.
02-27-2024 @ 17:25:15 - Row :28 - Category imported successfully.
02-27-2024 @ 17:25:15 - Row :29 - Parsing item.
02-27-2024 @ 17:25:15 - Row :29 - Processing item.
02-27-2024 @ 17:25:15 - Row :29 - Category imported successfully.
02-27-2024 @ 17:25:15 - Row :30 - Parsing item.
02-27-2024 @ 17:25:15 - Row :30 - Processing item.
02-27-2024 @ 17:25:15 - Row :30 - Category imported successfully.
02-27-2024 @ 17:25:15 - Row :31 - Parsing item.
02-27-2024 @ 17:25:15 - Row :31 - Processing item.
02-27-2024 @ 17:25:15 - Row :31 - Category imported successfully.
02-27-2024 @ 17:25:15 - Row :32 - Parsing item.
02-27-2024 @ 17:25:15 - Row :32 - Processing item.
02-27-2024 @ 17:25:15 - Row :32 - Category imported successfully.
02-27-2024 @ 17:25:15 - Row :33 - Parsing item.
02-27-2024 @ 17:25:15 - Row :33 - Processing item.
02-27-2024 @ 17:25:15 - Row :33 - Category imported successfully.
02-27-2024 @ 17:25:15 - Row :34 - Parsing item.
02-27-2024 @ 17:25:15 - Row :34 - Processing item.
02-27-2024 @ 17:25:15 - Row :34 - Category imported successfully.
02-27-2024 @ 17:25:15 - Row :35 - Parsing item.
02-27-2024 @ 17:25:15 - Row :35 - Processing item.
02-27-2024 @ 17:25:15 - Row :35 - Category imported successfully.
02-27-2024 @ 17:25:15 - Row :36 - Parsing item.
02-27-2024 @ 17:25:15 - Row :36 - Processing item.
02-27-2024 @ 17:25:15 - Row :36 - Category imported successfully.
02-27-2024 @ 17:25:15 - Row :37 - Parsing item.
02-27-2024 @ 17:25:15 - Row :37 - Processing item.
02-27-2024 @ 17:25:15 - Row :37 - Category imported successfully.
02-27-2024 @ 17:25:15 - Row :38 - Parsing item.
02-27-2024 @ 17:25:15 - Row :38 - Processing item.
02-27-2024 @ 17:25:15 - Row :38 - Category imported successfully.
02-27-2024 @ 17:25:15 - Row :39 - Parsing item.
02-27-2024 @ 17:25:15 - Row :39 - Processing item.
02-27-2024 @ 17:25:15 - Row :39 - Category imported successfully.
02-27-2024 @ 17:25:15 - Row :40 - Parsing item.
02-27-2024 @ 17:25:15 - Row :40 - Processing item.
02-27-2024 @ 17:25:15 - Row :40 - Category imported successfully.
02-27-2024 @ 17:25:15 - Row :41 - Parsing item.
02-27-2024 @ 17:25:15 - Row :41 - Processing item.
02-27-2024 @ 17:25:15 - Row :41 - Category imported successfully.
02-27-2024 @ 17:25:15 - Row :42 - Parsing item.
02-27-2024 @ 17:25:15 - Row :42 - Processing item.
02-27-2024 @ 17:25:15 - Row :42 - Category imported successfully.
02-27-2024 @ 17:25:15 - Row :43 - Parsing item.
02-27-2024 @ 17:25:15 - Row :43 - Processing item.
02-27-2024 @ 17:25:16 - Row :43 - Category imported successfully.
02-27-2024 @ 17:25:16 - Row :44 - Parsing item.
02-27-2024 @ 17:25:16 - Row :44 - Processing item.
02-27-2024 @ 17:25:16 - Row :44 - Category imported successfully.
02-27-2024 @ 17:25:16 - Row :45 - Parsing item.
02-27-2024 @ 17:25:16 - Row :45 - Processing item.
02-27-2024 @ 17:25:16 - Row :45 - Category imported successfully.
02-27-2024 @ 17:25:16 - Row :46 - Parsing item.
02-27-2024 @ 17:25:16 - Row :46 - Processing item.
02-27-2024 @ 17:25:16 - Row :46 - Category imported successfully.
02-27-2024 @ 17:25:16 - Row :47 - Parsing item.
02-27-2024 @ 17:25:16 - Row :47 - Processing item.
02-27-2024 @ 17:25:16 - Row :47 - Category imported successfully.
02-27-2024 @ 17:25:16 - Row :48 - Parsing item.
02-27-2024 @ 17:25:16 - Row :48 - Processing item.
02-27-2024 @ 17:25:16 - Row :48 - Category imported successfully.
02-27-2024 @ 17:25:16 - Row :49 - Parsing item.
02-27-2024 @ 17:25:16 - Row :49 - Processing item.
02-27-2024 @ 17:25:16 - Row :49 - Category imported successfully.
02-27-2024 @ 17:25:16 - Row :50 - Parsing item.
02-27-2024 @ 17:25:16 - Row :50 - Processing item.
02-27-2024 @ 17:25:16 - Row :50 - Category imported successfully.
02-27-2024 @ 17:25:16 - Row :51 - Parsing item.
02-27-2024 @ 17:25:16 - Row :51 - Processing item.
02-27-2024 @ 17:25:16 - Row :51 - Category imported successfully.
02-27-2024 @ 17:25:16 - Row :52 - Parsing item.
02-27-2024 @ 17:25:16 - Row :52 - Processing item.
02-27-2024 @ 17:25:16 - Row :52 - Category imported successfully.
02-27-2024 @ 17:25:16 - Row :53 - Parsing item.
02-27-2024 @ 17:25:16 - Row :53 - Processing item.
02-27-2024 @ 17:25:16 - Row :53 - Category imported successfully.
02-27-2024 @ 17:25:16 - Row :54 - Parsing item.
02-27-2024 @ 17:25:16 - Row :54 - Processing item.
02-27-2024 @ 17:25:16 - Row :54 - Category imported successfully.
02-27-2024 @ 17:25:16 - Row :55 - Parsing item.
02-27-2024 @ 17:25:16 - Row :55 - Processing item.
02-27-2024 @ 17:25:16 - Row :55 - Category imported successfully.
02-27-2024 @ 17:25:16 - Row :56 - Parsing item.
02-27-2024 @ 17:25:16 - Row :56 - Processing item.
02-27-2024 @ 17:25:16 - Row :56 - Category imported successfully.
02-27-2024 @ 17:25:16 - Row :57 - Parsing item.
02-27-2024 @ 17:25:16 - Row :57 - Processing item.
02-27-2024 @ 17:25:16 - Row :57 - Category imported successfully.
02-27-2024 @ 17:25:16 - Row :58 - Parsing item.
02-27-2024 @ 17:25:16 - Row :58 - Processing item.
02-27-2024 @ 17:25:16 - Row :58 - Category imported successfully.
02-27-2024 @ 17:25:16 - Row :59 - Parsing item.
02-27-2024 @ 17:25:16 - Row :59 - Processing item.
02-27-2024 @ 17:25:16 - Row :59 - Category imported successfully.
02-27-2024 @ 17:25:16 - Row :60 - Parsing item.
02-27-2024 @ 17:25:16 - Row :60 - Processing item.
02-27-2024 @ 17:25:16 - Row :60 - Category imported successfully.
02-27-2024 @ 17:25:16 - Row :61 - Parsing item.
02-27-2024 @ 17:25:16 - Row :61 - Processing item.
02-27-2024 @ 17:25:16 - Row :61 - Category imported successfully.
02-27-2024 @ 17:25:16 - Row :62 - Parsing item.
02-27-2024 @ 17:25:16 - Row :62 - Processing item.
02-27-2024 @ 17:25:16 - Row :62 - Category imported successfully.
02-27-2024 @ 17:25:16 - Row :63 - Parsing item.
02-27-2024 @ 17:25:16 - Row :63 - Processing item.
02-27-2024 @ 17:25:16 - Row :63 - Category imported successfully.
02-27-2024 @ 17:25:16 - Row :64 - Parsing item.
02-27-2024 @ 17:25:16 - Row :64 - Processing item.
02-27-2024 @ 17:25:16 - Row :64 - Category imported successfully.
02-27-2024 @ 17:25:16 - Row :65 - Parsing item.
02-27-2024 @ 17:25:16 - Row :65 - Processing item.
02-27-2024 @ 17:25:16 - Row :65 - Category imported successfully.
02-27-2024 @ 17:25:16 - Row :66 - Parsing item.
02-27-2024 @ 17:25:16 - Row :66 - Processing item.
02-27-2024 @ 17:25:16 - Row :66 - Category imported successfully.
02-27-2024 @ 17:25:16 - Row :67 - Parsing item.
02-27-2024 @ 17:25:16 - Row :67 - Processing item.
02-27-2024 @ 17:25:16 - Row :67 - Category imported successfully.
02-27-2024 @ 17:25:16 - Row :68 - Parsing item.
02-27-2024 @ 17:25:16 - Row :68 - Processing item.
02-27-2024 @ 17:25:16 - Row :68 - Category imported successfully.
02-27-2024 @ 17:25:16 - Row :69 - Parsing item.
02-27-2024 @ 17:25:16 - Row :69 - Processing item.
02-27-2024 @ 17:25:16 - Row :69 - Category imported successfully.
02-27-2024 @ 17:25:16 - Row :70 - Parsing item.
02-27-2024 @ 17:25:16 - Row :70 - Processing item.
02-27-2024 @ 17:25:16 - Row :70 - Category imported successfully.
02-27-2024 @ 17:25:16 - Row :71 - Parsing item.
02-27-2024 @ 17:25:16 - Row :71 - Processing item.
02-27-2024 @ 17:25:16 - Row :71 - Category imported successfully.
02-27-2024 @ 17:25:16 - Row :72 - Parsing item.
02-27-2024 @ 17:25:16 - Row :72 - Processing item.
02-27-2024 @ 17:25:16 - Row :72 - Category imported successfully.
02-27-2024 @ 17:25:16 - Row :73 - Parsing item.
02-27-2024 @ 17:25:16 - Row :73 - Processing item.
02-27-2024 @ 17:25:16 - Row :73 - Category imported successfully.
02-27-2024 @ 17:25:16 - Row :74 - Parsing item.
02-27-2024 @ 17:25:16 - Row :74 - Processing item.
02-27-2024 @ 17:25:16 - Row :74 - Category imported successfully.
02-27-2024 @ 17:25:16 - Row :75 - Parsing item.
02-27-2024 @ 17:25:16 - Row :75 - Processing item.
02-27-2024 @ 17:25:16 - Row :75 - Category imported successfully.
02-27-2024 @ 17:25:16 - Row :76 - Parsing item.
02-27-2024 @ 17:25:16 - Row :76 - Processing item.
02-27-2024 @ 17:25:16 - Row :76 - Category imported successfully.
02-27-2024 @ 17:25:16 - Row :77 - Parsing item.
02-27-2024 @ 17:25:16 - Row :77 - Processing item.
02-27-2024 @ 17:25:16 - Row :77 - Category imported successfully.
02-27-2024 @ 17:25:16 - Row :78 - Parsing item.
02-27-2024 @ 17:25:16 - Row :78 - Processing item.
02-27-2024 @ 17:25:16 - Row :78 - Category imported successfully.
02-27-2024 @ 17:25:16 - Row :79 - Parsing item.
02-27-2024 @ 17:25:16 - Row :79 - Processing item.
02-27-2024 @ 17:25:16 - Row :79 - Category imported successfully.
02-27-2024 @ 17:25:16 - Row :80 - Parsing item.
02-27-2024 @ 17:25:16 - Row :80 - Processing item.
02-27-2024 @ 17:25:16 - Row :80 - Category imported successfully.
02-27-2024 @ 17:25:16 - Row :81 - Parsing item.
02-27-2024 @ 17:25:16 - Row :81 - Processing item.
02-27-2024 @ 17:25:16 - Row :81 - Category imported successfully.
02-27-2024 @ 17:25:16 - Row :82 - Parsing item.
02-27-2024 @ 17:25:16 - Row :82 - Processing item.
02-27-2024 @ 17:25:16 - Row :82 - Category imported successfully.
02-27-2024 @ 17:25:16 - Row :83 - Parsing item.
02-27-2024 @ 17:25:16 - Row :83 - Processing item.
02-27-2024 @ 17:25:16 - Row :83 - Category imported successfully.
02-27-2024 @ 17:25:16 - Row :84 - Parsing item.
02-27-2024 @ 17:25:16 - Row :84 - Processing item.
02-27-2024 @ 17:25:16 - Row :84 - Category imported successfully.
02-27-2024 @ 17:25:16 - Row :85 - Parsing item.
02-27-2024 @ 17:25:16 - Row :85 - Processing item.
02-27-2024 @ 17:25:16 - Row :85 - Category imported successfully.
02-27-2024 @ 17:25:16 - Row :86 - Parsing item.
02-27-2024 @ 17:25:16 - Row :86 - Processing item.
02-27-2024 @ 17:25:16 - Row :86 - Category imported successfully.
02-27-2024 @ 17:25:16 - Row :87 - Parsing item.
02-27-2024 @ 17:25:16 - Row :87 - Processing item.
02-27-2024 @ 17:25:16 - Row :87 - Category imported successfully.
02-27-2024 @ 17:25:16 - Row :88 - Parsing item.
02-27-2024 @ 17:25:16 - Row :88 - Processing item.
02-27-2024 @ 17:25:16 - Row :88 - Category imported successfully.
02-27-2024 @ 17:25:16 - Row :89 - Parsing item.
02-27-2024 @ 17:25:16 - Row :89 - Processing item.
02-27-2024 @ 17:25:16 - Row :89 - Category imported successfully.
02-27-2024 @ 17:25:16 - Row :90 - Parsing item.
02-27-2024 @ 17:25:16 - Row :90 - Processing item.
02-27-2024 @ 17:25:16 - Row :90 - Category imported successfully.
02-27-2024 @ 17:25:16 - Row :91 - Parsing item.
02-27-2024 @ 17:25:16 - Row :91 - Processing item.
02-27-2024 @ 17:25:16 - Row :91 - Category imported successfully.
02-27-2024 @ 17:25:16 - Row :92 - Parsing item.
02-27-2024 @ 17:25:16 - Row :92 - Processing item.
02-27-2024 @ 17:25:16 - Row :92 - Category imported successfully.
02-27-2024 @ 17:25:16 - Row :93 - Parsing item.
02-27-2024 @ 17:25:16 - Row :93 - Processing item.
02-27-2024 @ 17:25:16 - Row :93 - Category imported successfully.
02-27-2024 @ 17:25:16 - Row :94 - Parsing item.
02-27-2024 @ 17:25:16 - Row :94 - Processing item.
02-27-2024 @ 17:25:16 - Row :94 - Category imported successfully.
02-27-2024 @ 17:25:16 - Row :95 - Parsing item.
02-27-2024 @ 17:25:16 - Row :95 - Processing item.
02-27-2024 @ 17:25:16 - Row :95 - Category imported successfully.
02-27-2024 @ 17:25:16 - Row :96 - Parsing item.
02-27-2024 @ 17:25:16 - Row :96 - Processing item.
02-27-2024 @ 17:25:16 - Row :96 - Category imported successfully.
02-27-2024 @ 17:25:16 - Row :97 - Parsing item.
02-27-2024 @ 17:25:16 - Row :97 - Processing item.
02-27-2024 @ 17:25:16 - Row :97 - Category imported successfully.
02-27-2024 @ 17:25:16 - Row :98 - Parsing item.
02-27-2024 @ 17:25:16 - Row :98 - Processing item.
02-27-2024 @ 17:25:16 - Row :98 - Category imported successfully.
02-27-2024 @ 17:25:16 - Row :99 - Parsing item.
02-27-2024 @ 17:25:16 - Row :99 - Processing item.
02-27-2024 @ 17:25:16 - Row :99 - Category imported successfully.
02-27-2024 @ 17:25:16 - Row :100 - Parsing item.
02-27-2024 @ 17:25:16 - Row :100 - Processing item.
02-27-2024 @ 17:25:16 - Row :100 - Category imported successfully.
02-27-2024 @ 17:25:16 - Row :101 - Parsing item.
02-27-2024 @ 17:25:16 - Row :101 - Processing item.
02-27-2024 @ 17:25:16 - Row :101 - Category imported successfully.
02-27-2024 @ 17:25:16 - Row :102 - Parsing item.
02-27-2024 @ 17:25:16 - Row :102 - Processing item.
02-27-2024 @ 17:25:16 - Row :102 - Category imported successfully.
02-27-2024 @ 17:25:16 - Row :103 - Parsing item.
02-27-2024 @ 17:25:16 - Row :103 - Processing item.
02-27-2024 @ 17:25:16 - Row :103 - Category imported successfully.
02-27-2024 @ 17:25:16 - Row :104 - Parsing item.
02-27-2024 @ 17:25:16 - Row :104 - Processing item.
02-27-2024 @ 17:25:16 - Row :104 - Category imported successfully.
02-27-2024 @ 17:25:16 - Row :105 - Parsing item.
02-27-2024 @ 17:25:16 - Row :105 - Processing item.
02-27-2024 @ 17:25:16 - Row :105 - Category imported successfully.
02-27-2024 @ 17:25:16 - Row :106 - Parsing item.
02-27-2024 @ 17:25:16 - Row :106 - Processing item.
02-27-2024 @ 17:25:16 - Row :106 - Category imported successfully.
02-27-2024 @ 17:25:16 - Row :107 - Parsing item.
02-27-2024 @ 17:25:16 - Row :107 - Processing item.
02-27-2024 @ 17:25:16 - Row :107 - Category imported successfully.
02-27-2024 @ 17:25:16 - Row :108 - Parsing item.
02-27-2024 @ 17:25:16 - Row :108 - Processing item.
02-27-2024 @ 17:25:16 - Row :108 - Category imported successfully.
02-27-2024 @ 17:25:16 - Row :109 - Parsing item.
02-27-2024 @ 17:25:16 - Row :109 - Processing item.
02-27-2024 @ 17:25:16 - Row :109 - Category imported successfully.
02-27-2024 @ 17:25:16 - Row :110 - Parsing item.
02-27-2024 @ 17:25:16 - Row :110 - Processing item.
02-27-2024 @ 17:25:16 - Row :110 - Category imported successfully.
02-27-2024 @ 17:25:16 - Row :111 - Parsing item.
02-27-2024 @ 17:25:16 - Row :111 - Processing item.
02-27-2024 @ 17:25:16 - Row :111 - Category imported successfully.
02-27-2024 @ 17:25:16 - Row :112 - Parsing item.
02-27-2024 @ 17:25:16 - Row :112 - Processing item.
02-27-2024 @ 17:25:16 - Row :112 - Category imported successfully.
02-27-2024 @ 17:25:16 - Row :113 - Parsing item.
02-27-2024 @ 17:25:16 - Row :113 - Processing item.
02-27-2024 @ 17:25:16 - Row :113 - Category imported successfully.
02-27-2024 @ 17:25:16 - Row :114 - Parsing item.
02-27-2024 @ 17:25:16 - Row :114 - Processing item.
02-27-2024 @ 17:25:16 - Row :114 - Category imported successfully.
02-27-2024 @ 17:25:16 - Row :115 - Parsing item.
02-27-2024 @ 17:25:16 - Row :115 - Processing item.
02-27-2024 @ 17:25:16 - Row :115 - Category imported successfully.
02-27-2024 @ 17:25:16 - Row :116 - Parsing item.
02-27-2024 @ 17:25:16 - Row :116 - Processing item.
02-27-2024 @ 17:25:16 - Row :116 - Category imported successfully.
02-27-2024 @ 17:25:16 - Row :117 - Parsing item.
02-27-2024 @ 17:25:16 - Row :117 - Processing item.
02-27-2024 @ 17:25:16 - Row :117 - Category imported successfully.
02-27-2024 @ 17:25:16 - Row :118 - Parsing item.
02-27-2024 @ 17:25:16 - Row :118 - Processing item.
02-27-2024 @ 17:25:16 - Row :118 - Category imported successfully.
02-27-2024 @ 17:25:16 - Row :119 - Parsing item.
02-27-2024 @ 17:25:16 - Row :119 - Processing item.
02-27-2024 @ 17:25:16 - Row :119 - Category imported successfully.
02-27-2024 @ 17:25:16 - Row :120 - Parsing item.
02-27-2024 @ 17:25:16 - Row :120 - Processing item.
02-27-2024 @ 17:25:17 - Row :120 - Category imported successfully.
02-27-2024 @ 17:25:17 - Row :121 - Parsing item.
02-27-2024 @ 17:25:17 - Row :121 - Processing item.
02-27-2024 @ 17:25:17 - Row :121 - Category imported successfully.
02-27-2024 @ 17:25:17 - Row :122 - Parsing item.
02-27-2024 @ 17:25:17 - Row :122 - Processing item.
02-27-2024 @ 17:25:17 - Row :122 - Category imported successfully.
02-27-2024 @ 17:25:17 - Row :123 - Parsing item.
02-27-2024 @ 17:25:17 - Row :123 - Processing item.
02-27-2024 @ 17:25:17 - Row :123 - Category imported successfully.
02-27-2024 @ 17:25:17 - Row :124 - Parsing item.
02-27-2024 @ 17:25:17 - Row :124 - Processing item.
02-27-2024 @ 17:25:17 - Row :124 - Category imported successfully.
02-27-2024 @ 17:25:17 - Row :125 - Parsing item.
02-27-2024 @ 17:25:17 - Row :125 - Processing item.
02-27-2024 @ 17:25:17 - Row :125 - Category imported successfully.
02-27-2024 @ 17:25:17 - Row :126 - Parsing item.
02-27-2024 @ 17:25:17 - Row :126 - Processing item.
02-27-2024 @ 17:25:17 - Row :126 - Category imported successfully.
02-27-2024 @ 17:25:17 - Row :127 - Parsing item.
02-27-2024 @ 17:25:17 - Row :127 - Processing item.
02-27-2024 @ 17:25:17 - Row :127 - Category imported successfully.
02-27-2024 @ 17:25:17 - Row :128 - Parsing item.
02-27-2024 @ 17:25:17 - Row :128 - Processing item.
02-27-2024 @ 17:25:17 - Row :128 - Category imported successfully.
02-27-2024 @ 17:25:17 - Row :129 - Parsing item.
02-27-2024 @ 17:25:17 - Row :129 - Processing item.
02-27-2024 @ 17:25:17 - Row :129 - Category imported successfully.
02-27-2024 @ 17:25:17 - Row :130 - Parsing item.
02-27-2024 @ 17:25:17 - Row :130 - Processing item.
02-27-2024 @ 17:25:17 - Row :130 - Category imported successfully.
02-27-2024 @ 17:25:17 - Row :131 - Parsing item.
02-27-2024 @ 17:25:17 - Row :131 - Processing item.
02-27-2024 @ 17:25:17 - Row :131 - Category imported successfully.
02-27-2024 @ 17:25:17 - Row :132 - Parsing item.
02-27-2024 @ 17:25:17 - Row :132 - Processing item.
02-27-2024 @ 17:25:17 - Row :132 - Category imported successfully.
02-27-2024 @ 17:25:17 - Row :133 - Parsing item.
02-27-2024 @ 17:25:17 - Row :133 - Processing item.
02-27-2024 @ 17:25:17 - Row :133 - Category imported successfully.
02-27-2024 @ 17:25:17 - Row :134 - Parsing item.
02-27-2024 @ 17:25:17 - Row :134 - Processing item.
02-27-2024 @ 17:25:17 - Row :134 - Category imported successfully.
02-27-2024 @ 17:25:17 - Row :135 - Parsing item.
02-27-2024 @ 17:25:17 - Row :135 - Processing item.
02-27-2024 @ 17:25:17 - Row :135 - Category imported successfully.
02-27-2024 @ 17:25:17 - Row :136 - Parsing item.
02-27-2024 @ 17:25:17 - Row :136 - Processing item.
02-27-2024 @ 17:25:17 - Row :136 - Category imported successfully.
02-27-2024 @ 17:25:17 - Row :137 - Parsing item.
02-27-2024 @ 17:25:17 - Row :137 - Processing item.
02-27-2024 @ 17:25:17 - Row :137 - Category imported successfully.
02-27-2024 @ 17:25:17 - Row :138 - Parsing item.
02-27-2024 @ 17:25:17 - Row :138 - Processing item.
02-27-2024 @ 17:25:17 - Row :138 - Category imported successfully.
02-27-2024 @ 17:25:17 - Row :139 - Parsing item.
02-27-2024 @ 17:25:17 - Row :139 - Processing item.
02-27-2024 @ 17:25:17 - Row :139 - Category imported successfully.
02-27-2024 @ 17:25:17 - Row :140 - Parsing item.
02-27-2024 @ 17:25:17 - Row :140 - Processing item.
02-27-2024 @ 17:25:17 - Row :140 - Category imported successfully.
02-27-2024 @ 17:25:17 - Row :141 - Parsing item.
02-27-2024 @ 17:25:17 - Row :141 - Processing item.
02-27-2024 @ 17:25:17 - Row :141 - Category imported successfully.
02-27-2024 @ 17:25:17 - Row :142 - Parsing item.
02-27-2024 @ 17:25:17 - Row :142 - Processing item.
02-27-2024 @ 17:25:17 - Row :142 - Category imported successfully.
02-27-2024 @ 17:25:17 - Row :143 - Parsing item.
02-27-2024 @ 17:25:17 - Row :143 - Processing item.
02-27-2024 @ 17:25:17 - Row :143 - Category imported successfully.
02-27-2024 @ 17:25:17 - Row :144 - Parsing item.
02-27-2024 @ 17:25:17 - Row :144 - Processing item.
02-27-2024 @ 17:25:17 - Row :144 - Category imported successfully.
02-27-2024 @ 17:25:17 - Row :145 - Parsing item.
02-27-2024 @ 17:25:17 - Row :145 - Processing item.
02-27-2024 @ 17:25:17 - Row :145 - Category imported successfully.
02-27-2024 @ 17:25:17 - Row :146 - Parsing item.
02-27-2024 @ 17:25:17 - Row :146 - Processing item.
02-27-2024 @ 17:25:17 - Row :146 - Category imported successfully.
02-27-2024 @ 17:25:17 - Row :147 - Parsing item.
02-27-2024 @ 17:25:17 - Row :147 - Processing item.
02-27-2024 @ 17:25:17 - Row :147 - Category imported successfully.
02-27-2024 @ 17:25:17 - Row :148 - Parsing item.
02-27-2024 @ 17:25:17 - Row :148 - Processing item.
02-27-2024 @ 17:25:17 - Row :148 - Category imported successfully.
02-27-2024 @ 17:25:17 - Row :149 - Parsing item.
02-27-2024 @ 17:25:17 - Row :149 - Processing item.
02-27-2024 @ 17:25:17 - Row :149 - Category imported successfully.
02-27-2024 @ 17:25:17 - Row :150 - Parsing item.
02-27-2024 @ 17:25:17 - Row :150 - Processing item.
02-27-2024 @ 17:25:17 - Row :150 - Category imported successfully.
02-27-2024 @ 17:25:17 - Row :151 - Parsing item.
02-27-2024 @ 17:25:17 - Row :151 - Processing item.
02-27-2024 @ 17:25:17 - Row :151 - Category imported successfully.
02-27-2024 @ 17:25:17 - Row :152 - Parsing item.
02-27-2024 @ 17:25:17 - Row :152 - Processing item.
02-27-2024 @ 17:25:17 - Row :152 - Category imported successfully.
02-27-2024 @ 17:25:17 - Row :153 - Parsing item.
02-27-2024 @ 17:25:17 - Row :153 - Processing item.
02-27-2024 @ 17:25:17 - Row :153 - Category imported successfully.
02-27-2024 @ 17:25:17 - Row :154 - Parsing item.
02-27-2024 @ 17:25:17 - Row :154 - Processing item.
02-27-2024 @ 17:25:17 - Row :154 - Category imported successfully.
02-27-2024 @ 17:25:17 - Row :155 - Parsing item.
02-27-2024 @ 17:25:17 - Row :155 - Processing item.
02-27-2024 @ 17:25:17 - Row :155 - Category imported successfully.
02-27-2024 @ 17:25:17 - Row :156 - Parsing item.
02-27-2024 @ 17:25:17 - Row :156 - Processing item.
02-27-2024 @ 17:25:17 - Row :156 - Category imported successfully.
02-27-2024 @ 17:25:17 - Row :157 - Parsing item.
02-27-2024 @ 17:25:17 - Row :157 - Processing item.
02-27-2024 @ 17:25:17 - Row :157 - Category imported successfully.
02-27-2024 @ 17:25:17 - Row :158 - Parsing item.
02-27-2024 @ 17:25:17 - Row :158 - Processing item.
02-27-2024 @ 17:25:17 - Row :158 - Category imported successfully.
02-27-2024 @ 17:25:17 - Row :159 - Parsing item.
02-27-2024 @ 17:25:17 - Row :159 - Processing item.
02-27-2024 @ 17:25:17 - Row :159 - Category imported successfully.
02-27-2024 @ 17:25:17 - Row :160 - Parsing item.
02-27-2024 @ 17:25:17 - Row :160 - Processing item.
02-27-2024 @ 17:25:17 - Row :160 - Category imported successfully.
02-27-2024 @ 17:25:17 - Row :161 - Parsing item.
02-27-2024 @ 17:25:17 - Row :161 - Processing item.
02-27-2024 @ 17:25:17 - Row :161 - Category imported successfully.
02-27-2024 @ 17:25:17 - Row :162 - Parsing item.
02-27-2024 @ 17:25:17 - Row :162 - Processing item.
02-27-2024 @ 17:25:17 - Row :162 - Category imported successfully.
02-27-2024 @ 17:25:17 - Row :163 - Parsing item.
02-27-2024 @ 17:25:17 - Row :163 - Processing item.
02-27-2024 @ 17:25:17 - Row :163 - Category imported successfully.
02-27-2024 @ 17:25:17 - Row :164 - Parsing item.
02-27-2024 @ 17:25:17 - Row :164 - Processing item.
02-27-2024 @ 17:25:17 - Row :164 - Category imported successfully.
02-27-2024 @ 17:25:17 - Row :165 - Parsing item.
02-27-2024 @ 17:25:17 - Row :165 - Processing item.
02-27-2024 @ 17:25:17 - Row :165 - Category imported successfully.
02-27-2024 @ 17:25:17 - Row :166 - Parsing item.
02-27-2024 @ 17:25:17 - Row :166 - Processing item.
02-27-2024 @ 17:25:17 - Row :166 - Category imported successfully.
02-27-2024 @ 17:25:17 - Row :167 - Parsing item.
02-27-2024 @ 17:25:17 - Row :167 - Processing item.
02-27-2024 @ 17:25:17 - Row :167 - Category imported successfully.
02-27-2024 @ 17:25:17 - Row :168 - Parsing item.
02-27-2024 @ 17:25:17 - Row :168 - Processing item.
02-27-2024 @ 17:25:17 - Row :168 - Category imported successfully.
02-27-2024 @ 17:25:17 - Row :169 - Parsing item.
02-27-2024 @ 17:25:17 - Row :169 - Processing item.
02-27-2024 @ 17:25:17 - Row :169 - Category imported successfully.
02-27-2024 @ 17:25:17 - Row :170 - Parsing item.
02-27-2024 @ 17:25:17 - Row :170 - Processing item.
02-27-2024 @ 17:25:17 - Row :170 - Category imported successfully.
02-27-2024 @ 17:25:17 - Row :171 - Parsing item.
02-27-2024 @ 17:25:17 - Row :171 - Processing item.
02-27-2024 @ 17:25:17 - Row :171 - Category imported successfully.
02-27-2024 @ 17:25:17 - Row :172 - Parsing item.
02-27-2024 @ 17:25:17 - Row :172 - Processing item.
02-27-2024 @ 17:25:17 - Row :172 - Category imported successfully.
02-27-2024 @ 17:25:17 - Row :173 - Parsing item.
02-27-2024 @ 17:25:17 - Row :173 - Processing item.
02-27-2024 @ 17:25:17 - Row :173 - Category imported successfully.
02-27-2024 @ 17:25:17 - Row :174 - Parsing item.
02-27-2024 @ 17:25:17 - Row :174 - Processing item.
02-27-2024 @ 17:25:17 - Row :174 - Category imported successfully.
02-27-2024 @ 17:25:17 - Row :175 - Parsing item.
02-27-2024 @ 17:25:17 - Row :175 - Processing item.
02-27-2024 @ 17:25:17 - Row :175 - Category imported successfully.
02-27-2024 @ 17:25:17 - Row :176 - Parsing item.
02-27-2024 @ 17:25:17 - Row :176 - Processing item.
02-27-2024 @ 17:25:17 - Row :176 - Category imported successfully.
02-27-2024 @ 17:25:17 - Row :177 - Parsing item.
02-27-2024 @ 17:25:17 - Row :177 - Processing item.
02-27-2024 @ 17:25:17 - Row :177 - Category imported successfully.
02-27-2024 @ 17:25:17 - Row :178 - Parsing item.
02-27-2024 @ 17:25:17 - Row :178 - Processing item.
02-27-2024 @ 17:25:17 - Row :178 - Category imported successfully.
02-27-2024 @ 17:25:17 - Row :179 - Parsing item.
02-27-2024 @ 17:25:17 - Row :179 - Processing item.
02-27-2024 @ 17:25:17 - Row :179 - Category imported successfully.
02-27-2024 @ 17:25:17 - Row :180 - Parsing item.
02-27-2024 @ 17:25:17 - Row :180 - Processing item.
02-27-2024 @ 17:25:17 - Row :180 - Category imported successfully.
02-27-2024 @ 17:25:17 - Row :181 - Parsing item.
02-27-2024 @ 17:25:17 - Row :181 - Processing item.
02-27-2024 @ 17:25:17 - Row :181 - Category imported successfully.
02-27-2024 @ 17:25:17 - Row :182 - Parsing item.
02-27-2024 @ 17:25:17 - Row :182 - Processing item.
02-27-2024 @ 17:25:17 - Row :182 - Category imported successfully.
02-27-2024 @ 17:25:17 - Row :183 - Parsing item.
02-27-2024 @ 17:25:17 - Row :183 - Processing item.
02-27-2024 @ 17:25:17 - Row :183 - Category imported successfully.
02-27-2024 @ 17:25:17 - Row :184 - Parsing item.
02-27-2024 @ 17:25:17 - Row :184 - Processing item.
02-27-2024 @ 17:25:17 - Row :184 - Category imported successfully.
02-27-2024 @ 17:25:17 - Row :185 - Parsing item.
02-27-2024 @ 17:25:17 - Row :185 - Processing item.
02-27-2024 @ 17:25:17 - Row :185 - Category imported successfully.
02-27-2024 @ 17:25:17 - Row :186 - Parsing item.
02-27-2024 @ 17:25:17 - Row :186 - Processing item.
02-27-2024 @ 17:25:17 - Row :186 - Category imported successfully.
02-27-2024 @ 17:25:17 - Row :187 - Parsing item.
02-27-2024 @ 17:25:17 - Row :187 - Processing item.
02-27-2024 @ 17:25:17 - Row :187 - Category imported successfully.
02-27-2024 @ 17:25:17 - Row :188 - Parsing item.
02-27-2024 @ 17:25:17 - Row :188 - Processing item.
02-27-2024 @ 17:25:17 - Row :188 - Category imported successfully.
02-27-2024 @ 17:25:17 - Row :189 - Parsing item.
02-27-2024 @ 17:25:17 - Row :189 - Processing item.
02-27-2024 @ 17:25:17 - Row :189 - Category imported successfully.
02-27-2024 @ 17:25:17 - Row :190 - Parsing item.
02-27-2024 @ 17:25:17 - Row :190 - Processing item.
02-27-2024 @ 17:25:17 - Row :190 - Category imported successfully.
02-27-2024 @ 17:25:17 - Row :191 - Parsing item.
02-27-2024 @ 17:25:17 - Row :191 - Processing item.
02-27-2024 @ 17:25:17 - Row :191 - Category imported successfully.
02-27-2024 @ 17:25:17 - Row :192 - Parsing item.
02-27-2024 @ 17:25:17 - Row :192 - Processing item.
02-27-2024 @ 17:25:17 - Row :192 - Category imported successfully.
02-27-2024 @ 17:25:17 - Row :193 - Parsing item.
02-27-2024 @ 17:25:17 - Row :193 - Processing item.
02-27-2024 @ 17:25:17 - Row :193 - Category imported successfully.
02-27-2024 @ 17:25:17 - Row :194 - Parsing item.
02-27-2024 @ 17:25:17 - Row :194 - Processing item.
02-27-2024 @ 17:25:17 - Row :194 - Category imported successfully.
02-27-2024 @ 17:25:17 - Row :195 - Parsing item.
02-27-2024 @ 17:25:17 - Row :195 - Processing item.
02-27-2024 @ 17:25:17 - Row :195 - Category imported successfully.
02-27-2024 @ 17:25:17 - Row :196 - Parsing item.
02-27-2024 @ 17:25:17 - Row :196 - Processing item.
02-27-2024 @ 17:25:17 - Row :196 - Category imported successfully.
02-27-2024 @ 17:25:17 - Row :197 - Parsing item.
02-27-2024 @ 17:25:17 - Row :197 - Processing item.
02-27-2024 @ 17:25:17 - Row :197 - Category imported successfully.
02-27-2024 @ 17:25:17 - Row :198 - Parsing item.
02-27-2024 @ 17:25:17 - Row :198 - Processing item.
02-27-2024 @ 17:25:17 - Row :198 - Category imported successfully.
02-27-2024 @ 17:25:17 - Row :199 - Parsing item.
02-27-2024 @ 17:25:17 - Row :199 - Processing item.
02-27-2024 @ 17:25:18 - Row :199 - Category imported successfully.
02-27-2024 @ 17:25:18 - Row :200 - Parsing item.
02-27-2024 @ 17:25:18 - Row :200 - Processing item.
02-27-2024 @ 17:25:18 - Row :200 - Category imported successfully.
02-27-2024 @ 17:25:18 - Row :201 - Parsing item.
02-27-2024 @ 17:25:18 - Row :201 - Processing item.
02-27-2024 @ 17:25:18 - Row :201 - Category imported successfully.
02-27-2024 @ 17:25:18 - Row :202 - Parsing item.
02-27-2024 @ 17:25:18 - Row :202 - Processing item.
02-27-2024 @ 17:25:18 - Row :202 - Category imported successfully.
02-27-2024 @ 17:25:18 - Row :203 - Parsing item.
02-27-2024 @ 17:25:18 - Row :203 - Processing item.
02-27-2024 @ 17:25:18 - Row :203 - Category imported successfully.
02-27-2024 @ 17:25:18 - Row :204 - Parsing item.
02-27-2024 @ 17:25:18 - Row :204 - Processing item.
02-27-2024 @ 17:25:18 - Row :204 - Category imported successfully.
02-27-2024 @ 17:25:18 - Row :205 - Parsing item.
02-27-2024 @ 17:25:18 - Row :205 - Processing item.
02-27-2024 @ 17:25:18 - Row :205 - Category imported successfully.
02-27-2024 @ 17:25:18 - ---[ Import ended at 2024-02-27 17:25:18]---
