02-27-2024 @ 15:58:48 - ---[ New import started at 2024-02-27 15:58:48 ] PHP Memory: 256 MB, WP Memory: 40 MB
02-27-2024 @ 15:58:48 - Preparing for import.
02-27-2024 @ 15:58:48 - Row :1 - Parsing item.
02-27-2024 @ 15:58:48 - Importing as new product ID:4013
02-27-2024 @ 15:58:48 - Row :1 - Processing item.
02-27-2024 @ 15:58:48 - Found simple product object. ID:4013
02-27-2024 @ 15:58:48 - Row :1 - Processing failed. Reason: Invalid or duplicated SKU.
02-27-2024 @ 15:58:48 - Row :2 - Parsing item.
02-27-2024 @ 15:58:48 - Importing as new product ID:4035
02-27-2024 @ 15:58:48 - Row :2 - Processing item.
02-27-2024 @ 15:58:48 - Found simple product object. ID:4035
02-27-2024 @ 15:58:48 - Row :2 - Processing failed. Reason: Invalid or duplicated SKU.
02-27-2024 @ 15:58:48 - Row :3 - Parsing item.
02-27-2024 @ 15:58:48 - Importing as new product ID:4150
02-27-2024 @ 15:58:48 - Row :3 - Processing item.
02-27-2024 @ 15:58:48 - Found simple product object. ID:4150
02-27-2024 @ 15:58:48 - Setting Featured Image. URL:antiviral
02-27-2024 @ 15:58:48 - Unable to use image "antiviral".
02-27-2024 @ 15:58:48 - Row :3 - Product imported successfully.
02-27-2024 @ 15:58:48 - Row :4 - Parsing item.
02-27-2024 @ 15:58:48 - Importing as new product ID:4152
02-27-2024 @ 15:58:48 - Row :4 - Processing item.
02-27-2024 @ 15:58:48 - Found simple product object. ID:4152
02-27-2024 @ 15:58:48 - Setting Featured Image. URL:<p>Žolelių arbata &bdquo";Rodiola&ldquo;
02-27-2024 @ 15:58:48 - Unable to use image "<p>Žolelių arbata &bdquo";Rodiola&ldquo;".
02-27-2024 @ 15:58:48 - Row :4 - Product imported successfully.
02-27-2024 @ 15:58:48 - Row :5 - Parsing item.
02-27-2024 @ 15:58:48 - Importing as new product ID:4207
02-27-2024 @ 15:58:48 - Row :5 - Processing item.
02-27-2024 @ 15:58:48 - Found simple product object. ID:4207
02-27-2024 @ 15:58:48 - Row :5 - Processing failed. Reason: Invalid or duplicated SKU.
02-27-2024 @ 15:58:48 - Row :6 - Parsing item.
02-27-2024 @ 15:58:48 - Importing as new product ID:4234
02-27-2024 @ 15:58:48 - Row :6 - Processing item.
02-27-2024 @ 15:58:48 - Found simple product object. ID:4234
02-27-2024 @ 15:58:48 - Setting Featured Image. URL:<p>Maisto papildas su augaliniais steroliais</p><p>Cholesterolio koncentracijai palaikyti</p><p><strong>Augaliniai steroliai padeda palaikyti normalią
02-27-2024 @ 15:58:48 - Unable to use image "<p>Maisto papildas su augaliniais steroliais</p><p>Cholesterolio koncentracijai palaikyti</p><p><strong>Augaliniai steroliai padeda palaikyti normalią".
02-27-2024 @ 15:58:48 - Row :6 - Product imported successfully.
02-27-2024 @ 15:58:48 - Row :7 - Parsing item.
02-27-2024 @ 15:58:48 - Importing as new product ID:4255
02-27-2024 @ 15:58:48 - Row :7 - Processing item.
02-27-2024 @ 15:58:48 - Found simple product object. ID:4255
02-27-2024 @ 15:58:48 - Setting Featured Image. URL:vaikams nepasiekiamoje vietoje
02-27-2024 @ 15:58:48 - Unable to use image "vaikams nepasiekiamoje vietoje".
02-27-2024 @ 15:58:48 - Row :7 - Product imported successfully.
02-27-2024 @ 15:58:48 - Row :8 - Parsing item.
02-27-2024 @ 15:58:48 - Importing as new product ID:4271
02-27-2024 @ 15:58:48 - Row :8 - Processing item.
02-27-2024 @ 15:58:48 - Found simple product object. ID:4271
02-27-2024 @ 15:58:48 - Setting Featured Image. URL:<p>Maisto papildas</p><p><strong>Sibiro žen&scaron";enis (juodasis eleuterokokas)</strong></p><p><strong>Juodasis eleuterokokas padeda palaikyti protinę veiklą ir energiją.</strong></p><p>Svarbu įvairi ir subalansuota mityba bei sveikas gyvenimo būdas.</p><p><strong>Sudedamosios dalys:</strong> medus
02-27-2024 @ 15:58:48 - Unable to use image "<p>Maisto papildas</p><p><strong>Sibiro žen&scaron";enis (juodasis eleuterokokas)</strong></p><p><strong>Juodasis eleuterokokas padeda palaikyti protinę veiklą ir energiją.</strong></p><p>Svarbu įvairi ir subalansuota mityba bei sveikas gyvenimo būdas.</p><p><strong>Sudedamosios dalys:</strong> medus".
02-27-2024 @ 15:58:49 - Row :8 - Product imported successfully.
02-27-2024 @ 15:58:49 - Row :9 - Parsing item.
02-27-2024 @ 15:58:49 - Importing as new product ID:4275
02-27-2024 @ 15:58:49 - Row :9 - Processing item.
02-27-2024 @ 15:58:49 - Found simple product object. ID:4275
02-27-2024 @ 15:58:49 - Setting Featured Image. URL:the fruit of long pepper <em>(Piper tonguin)</em>
02-27-2024 @ 15:58:49 - Unable to use image "the fruit of long pepper <em>(Piper tonguin)</em>".
02-27-2024 @ 15:58:49 - Row :9 - Product imported successfully.
02-27-2024 @ 15:58:49 - Row :10 - Parsing item.
02-27-2024 @ 15:58:49 - Importing as new product ID:4282
02-27-2024 @ 15:58:49 - Row :10 - Processing item.
02-27-2024 @ 15:58:49 - Found simple product object. ID:4282
02-27-2024 @ 15:58:49 - Setting Featured Image. URL:bones
02-27-2024 @ 15:58:49 - Unable to use image "bones".
02-27-2024 @ 15:58:49 - Row :10 - Product imported successfully.
02-27-2024 @ 15:58:49 - Row :11 - Parsing item.
02-27-2024 @ 15:58:49 - Importing as new product ID:4283
02-27-2024 @ 15:58:49 - Row :11 - Processing item.
02-27-2024 @ 15:58:49 - Found simple product object. ID:4283
02-27-2024 @ 15:58:49 - Setting Featured Image. URL:sweetener sucralose
02-27-2024 @ 15:58:49 - Unable to use image "sweetener sucralose".
02-27-2024 @ 15:58:49 - Row :11 - Product imported successfully.
02-27-2024 @ 15:58:49 - Row :12 - Parsing item.
02-27-2024 @ 15:58:49 - Importing as new product ID:4284
02-27-2024 @ 15:58:49 - Row :12 - Processing item.
02-27-2024 @ 15:58:49 - Found simple product object. ID:4284
02-27-2024 @ 15:58:49 - Setting Featured Image. URL:cartilage
02-27-2024 @ 15:58:49 - Unable to use image "cartilage".
02-27-2024 @ 15:58:49 - Row :12 - Product imported successfully.
02-27-2024 @ 15:58:49 - Row :13 - Parsing item.
02-27-2024 @ 15:58:49 - Importing as new product ID:4285
02-27-2024 @ 15:58:49 - Row :13 - Processing item.
02-27-2024 @ 15:58:49 - Found simple product object. ID:4285
02-27-2024 @ 15:58:49 - Setting Featured Image. URL:NikSen dviskiautis ginkmedis (ginkgo biloba)
02-27-2024 @ 15:58:49 - Unable to use image "NikSen dviskiautis ginkmedis (ginkgo biloba)".
02-27-2024 @ 15:58:49 - Row :13 - Product imported successfully.
02-27-2024 @ 15:58:49 - Row :14 - Parsing item.
02-27-2024 @ 15:58:49 - Row :14 - Parsing failed. Reason: Content, title, and excerpt are empty.
02-27-2024 @ 15:58:49 - Row :15 - Parsing item.
02-27-2024 @ 15:58:49 - Importing as new product ID:4287
02-27-2024 @ 15:58:49 - Row :15 - Processing item.
02-27-2024 @ 15:58:49 - Found simple product object. ID:4287
02-27-2024 @ 15:58:49 - Setting Featured Image. URL:%): </strong>50 mg (313 %) of niacin (vitamin B3)
02-27-2024 @ 15:58:49 - Unable to use image "%): </strong>50 mg (313 %) of niacin (vitamin B3)".
02-27-2024 @ 15:58:49 - Row :15 - Product imported successfully.
02-27-2024 @ 15:58:49 - Row :16 - Parsing item.
02-27-2024 @ 15:58:49 - Row :16 - Parsing failed. Reason: Product with same SKU already exists. SKU: Read more on our e-shop www.divari.lt""
02-27-2024 @ 15:58:49 - Row :17 - Parsing item.
02-27-2024 @ 15:58:49 - Importing as new product ID:4290
02-27-2024 @ 15:58:49 - Row :17 - Processing item.
02-27-2024 @ 15:58:49 - Found simple product object. ID:4290
02-27-2024 @ 15:58:49 - Setting Featured Image. URL:vaikams nepasiekiamoje vietoje.</p><p><strong>Grynasis kiekis:</strong> 500 g</p>""
02-27-2024 @ 15:58:49 - Unable to use image "vaikams nepasiekiamoje vietoje.</p><p><strong>Grynasis kiekis:</strong> 500 g</p>""".
02-27-2024 @ 15:58:49 - Row :17 - Product imported successfully.
02-27-2024 @ 15:58:49 - Row :18 - Parsing item.
02-27-2024 @ 15:58:49 - Importing as new product ID:4299
02-27-2024 @ 15:58:49 - Row :18 - Processing item.
02-27-2024 @ 15:58:49 - Found simple product object. ID:4299
02-27-2024 @ 15:58:49 - Setting Featured Image. URL:imunitetui
02-27-2024 @ 15:58:49 - Unable to use image "imunitetui".
02-27-2024 @ 15:58:49 - Row :18 - Product imported successfully.
02-27-2024 @ 15:58:49 - Row :19 - Parsing item.
02-27-2024 @ 15:58:49 - Row :19 - Parsing failed. Reason: Product with same SKU already exists. SKU: Read more on our e-shop www.divari.lt""
02-27-2024 @ 15:58:49 - Row :20 - Parsing item.
02-27-2024 @ 15:58:49 - Row :20 - Parsing failed. Reason: Product with same SKU already exists. SKU: Read more on our e-shop www.divari.lt""
02-27-2024 @ 15:58:49 - Row :21 - Parsing item.
02-27-2024 @ 15:58:49 - Importing as new product ID:4329
02-27-2024 @ 15:58:49 - Row :21 - Processing item.
02-27-2024 @ 15:58:49 - Found simple product object. ID:4329
02-27-2024 @ 15:58:49 - Row :21 - Product imported successfully.
02-27-2024 @ 15:58:49 - Row :22 - Parsing item.
02-27-2024 @ 15:58:49 - Row :22 - Parsing failed. Reason: Product with same SKU already exists. SKU: Read more on our e-shop www.divari.lt""
02-27-2024 @ 15:58:49 - Row :23 - Parsing item.
02-27-2024 @ 15:58:49 - Row :23 - Parsing failed. Reason: Product with same SKU already exists. SKU: Read more on our e-shop www.divari.lt""
02-27-2024 @ 15:58:49 - Row :24 - Parsing item.
02-27-2024 @ 15:58:49 - Row :24 - Parsing failed. Reason: Product with same SKU already exists. SKU: Read more on our e-shop www.divari.lt""
02-27-2024 @ 15:58:49 - Row :25 - Parsing item.
02-27-2024 @ 15:58:49 - Importing as new product ID:4351
02-27-2024 @ 15:58:49 - Row :25 - Processing item.
02-27-2024 @ 15:58:49 - Found simple product object. ID:4351
02-27-2024 @ 15:58:49 - Setting Featured Image. URL:stapharma-vitaminum-a-e-strong-30-kapsuliu
02-27-2024 @ 15:58:49 - Unable to use image "stapharma-vitaminum-a-e-strong-30-kapsuliu".
02-27-2024 @ 15:58:49 - Row :25 - Product imported successfully.
02-27-2024 @ 15:58:49 - Row :26 - Parsing item.
02-27-2024 @ 15:58:49 - Importing as new product ID:4354
02-27-2024 @ 15:58:49 - Row :26 - Processing item.
02-27-2024 @ 15:58:49 - Found simple product object. ID:4354
02-27-2024 @ 15:58:49 - Setting Featured Image. URL:30 kapsulių""
02-27-2024 @ 15:58:49 - Unable to use image "30 kapsulių""".
02-27-2024 @ 15:58:49 - Row :26 - Product imported successfully.
02-27-2024 @ 15:58:49 - Row :27 - Parsing item.
02-27-2024 @ 15:58:49 - Importing as new product ID:4373
02-27-2024 @ 15:58:49 - Row :27 - Processing item.
02-27-2024 @ 15:58:49 - Found simple product object. ID:4373
02-27-2024 @ 15:58:49 - Row :27 - Product imported successfully.
02-27-2024 @ 15:58:49 - Row :28 - Parsing item.
02-27-2024 @ 15:58:49 - Row :28 - Parsing failed. Reason: Content, title, and excerpt are empty.
02-27-2024 @ 15:58:49 - Row :29 - Parsing item.
02-27-2024 @ 15:58:49 - Importing as new product ID:4400
02-27-2024 @ 15:58:49 - Row :29 - Processing item.
02-27-2024 @ 15:58:49 - Found simple product object. ID:4400
02-27-2024 @ 15:58:49 - Row :29 - Product imported successfully.
02-27-2024 @ 15:58:49 - Row :30 - Parsing item.
02-27-2024 @ 15:58:49 - Importing as new product ID:4401
02-27-2024 @ 15:58:49 - Row :30 - Processing item.
02-27-2024 @ 15:58:49 - Found simple product object. ID:4401
02-27-2024 @ 15:58:49 - Row :30 - Product imported successfully.
02-27-2024 @ 15:58:49 - Row :31 - Parsing item.
02-27-2024 @ 15:58:49 - Importing as new product ID:4407
02-27-2024 @ 15:58:49 - Row :31 - Processing item.
02-27-2024 @ 15:58:49 - Found simple product object. ID:4407
02-27-2024 @ 15:58:49 - Setting Featured Image. URL:Lokio tepalas šildantis Virde
02-27-2024 @ 15:58:50 - Unable to use image "Lokio tepalas šildantis Virde".
02-27-2024 @ 15:58:50 - Row :31 - Product imported successfully.
02-27-2024 @ 15:58:50 - Row :32 - Parsing item.
02-27-2024 @ 15:58:50 - Importing as new product ID:4411
02-27-2024 @ 15:58:50 - Row :32 - Processing item.
02-27-2024 @ 15:58:50 - Found simple product object. ID:4411
02-27-2024 @ 15:58:50 - Setting Featured Image. URL:Rosmarinus Officinalis Oil
02-27-2024 @ 15:58:50 - Unable to use image "Rosmarinus Officinalis Oil".
02-27-2024 @ 15:58:50 - Row :32 - Product imported successfully.
02-27-2024 @ 15:58:50 - Row :33 - Parsing item.
02-27-2024 @ 15:58:50 - Importing as new product ID:4417
02-27-2024 @ 15:58:50 - Row :33 - Processing item.
02-27-2024 @ 15:58:50 - Found simple product object. ID:4417
02-27-2024 @ 15:58:50 - Setting Featured Image. URL:Menthol</p><p><strong>Precautionary statements: </strong>individual ingredient incompatibility.</p><p><strong>Storage conditions: </strong>Store between +15&deg;C and +25&deg;"C in a dry place. Keep away from children. Avoid contact with eyes.</p>""
02-27-2024 @ 15:58:50 - Unable to use image "Menthol</p><p><strong>Precautionary statements: </strong>individual ingredient incompatibility.</p><p><strong>Storage conditions: </strong>Store between +15&deg;C and +25&deg;"C in a dry place. Keep away from children. Avoid contact with eyes.</p>""".
02-27-2024 @ 15:58:50 - Row :33 - Product imported successfully.
02-27-2024 @ 15:58:50 - Row :34 - Parsing item.
02-27-2024 @ 15:58:50 - Importing as new product ID:4419
02-27-2024 @ 15:58:50 - Row :34 - Processing item.
02-27-2024 @ 15:58:50 - Found simple product object. ID:4419
02-27-2024 @ 15:58:50 - Row :34 - Product imported successfully.
02-27-2024 @ 15:58:50 - Row :35 - Parsing item.
02-27-2024 @ 15:58:50 - Row :35 - Parsing failed. Reason: Content, title, and excerpt are empty.
02-27-2024 @ 15:58:50 - Row :36 - Parsing item.
02-27-2024 @ 15:58:50 - Importing as new product ID:4425
02-27-2024 @ 15:58:50 - Row :36 - Processing item.
02-27-2024 @ 15:58:50 - Found simple product object. ID:4425
02-27-2024 @ 15:58:50 - Setting Featured Image. URL:Sodium Chondroitin Sulfate
02-27-2024 @ 15:58:50 - Unable to use image "Sodium Chondroitin Sulfate".
02-27-2024 @ 15:58:50 - Row :36 - Product imported successfully.
02-27-2024 @ 15:58:50 - Row :37 - Parsing item.
02-27-2024 @ 15:58:50 - Importing as new product ID:4448
02-27-2024 @ 15:58:50 - Row :37 - Processing item.
02-27-2024 @ 15:58:50 - Found simple product object. ID:4448
02-27-2024 @ 15:58:50 - Setting Featured Image. URL:kremas-su-barsuko-taukais
02-27-2024 @ 15:58:50 - Unable to use image "kremas-su-barsuko-taukais".
02-27-2024 @ 15:58:50 - Row :37 - Product imported successfully.
02-27-2024 @ 15:58:50 - Row :38 - Parsing item.
02-27-2024 @ 15:58:50 - Importing as new product ID:4457
02-27-2024 @ 15:58:50 - Row :38 - Processing item.
02-27-2024 @ 15:58:50 - Found simple product object. ID:4457
02-27-2024 @ 15:58:50 - Setting Featured Image. URL:varikoze""
02-27-2024 @ 15:58:50 - Unable to use image "varikoze""".
02-27-2024 @ 15:58:50 - Row :38 - Product imported successfully.
02-27-2024 @ 15:58:50 - Row :39 - Parsing item.
02-27-2024 @ 15:58:50 - Importing as new product ID:4472
02-27-2024 @ 15:58:50 - Row :39 - Processing item.
02-27-2024 @ 15:58:50 - Found simple product object. ID:4472
02-27-2024 @ 15:58:50 - Setting Featured Image. URL:Ameisens&auml;"ure
02-27-2024 @ 15:58:50 - Unable to use image "Ameisens&auml;"ure".
02-27-2024 @ 15:58:50 - Row :39 - Product imported successfully.
02-27-2024 @ 15:58:50 - Row :40 - Parsing item.
02-27-2024 @ 15:58:50 - Importing as new product ID:4476
02-27-2024 @ 15:58:50 - Row :40 - Processing item.
02-27-2024 @ 15:58:50 - Found simple product object. ID:4476
02-27-2024 @ 15:58:50 - Setting Featured Image. URL:<em>Celandine</em> herb extract
02-27-2024 @ 15:58:50 - Unable to use image "<em>Celandine</em> herb extract".
02-27-2024 @ 15:58:50 - Row :40 - Product imported successfully.
02-27-2024 @ 15:58:50 - Row :41 - Parsing item.
02-27-2024 @ 15:58:50 - Importing as new product ID:4503
02-27-2024 @ 15:58:50 - Row :41 - Processing item.
02-27-2024 @ 15:58:50 - Found simple product object. ID:4503
02-27-2024 @ 15:58:50 - Setting Featured Image. URL:&quot;Aromatherapist&#39;s Handbook&quot;" (L.N. Slavgorodskaja).</p>""
02-27-2024 @ 15:58:50 - Unable to use image "&quot;Aromatherapist&#39;s Handbook&quot;" (L.N. Slavgorodskaja).</p>""".
02-27-2024 @ 15:58:50 - Row :41 - Product imported successfully.
02-27-2024 @ 15:58:50 - Row :42 - Parsing item.
02-27-2024 @ 15:58:50 - Importing as new product ID:4569
02-27-2024 @ 15:58:50 - Row :42 - Processing item.
02-27-2024 @ 15:58:50 - Found simple product object. ID:4569
02-27-2024 @ 15:58:50 - Setting Featured Image. URL:Sodium Laureth Sulfate
02-27-2024 @ 15:58:50 - Unable to use image "Sodium Laureth Sulfate".
02-27-2024 @ 15:58:50 - Row :42 - Product imported successfully.
02-27-2024 @ 15:58:50 - Row :43 - Parsing item.
02-27-2024 @ 15:58:50 - Importing as new product ID:4604
02-27-2024 @ 15:58:50 - Row :43 - Processing item.
02-27-2024 @ 15:58:50 - Found simple product object. ID:4604
02-27-2024 @ 15:58:50 - Setting Featured Image. URL:Extract of the roots and rhizomes of pink radiola
02-27-2024 @ 15:58:50 - Unable to use image "Extract of the roots and rhizomes of pink radiola".
02-27-2024 @ 15:58:50 - Row :43 - Product imported successfully.
02-27-2024 @ 15:58:50 - Row :44 - Parsing item.
02-27-2024 @ 15:58:50 - Importing as new product ID:4639
02-27-2024 @ 15:58:50 - Row :44 - Processing item.
02-27-2024 @ 15:58:50 - Found simple product object. ID:4639
02-27-2024 @ 15:58:50 - Setting Featured Image. URL:baltkos-gelezis-folio-rugstis-b12-vitamin-c-30-tableciu
02-27-2024 @ 15:58:50 - Unable to use image "baltkos-gelezis-folio-rugstis-b12-vitamin-c-30-tableciu".
02-27-2024 @ 15:58:50 - Row :44 - Product imported successfully.
02-27-2024 @ 15:58:50 - Row :45 - Parsing item.
02-27-2024 @ 15:58:50 - Importing as new product ID:4642
02-27-2024 @ 15:58:50 - Row :45 - Processing item.
02-27-2024 @ 15:58:50 - Found simple product object. ID:4642
02-27-2024 @ 15:58:50 - Setting Featured Image. URL:cholesterol-support
02-27-2024 @ 15:58:50 - Unable to use image "cholesterol-support".
02-27-2024 @ 15:58:50 - Row :45 - Product imported successfully.
02-27-2024 @ 15:58:50 - Row :46 - Parsing item.
02-27-2024 @ 15:58:50 - Importing as new product ID:4644
02-27-2024 @ 15:58:50 - Row :46 - Processing item.
02-27-2024 @ 15:58:50 - Found simple product object. ID:4644
02-27-2024 @ 15:58:50 - Setting Featured Image. URL:20 tablet""
02-27-2024 @ 15:58:50 - Unable to use image "20 tablet""".
02-27-2024 @ 15:58:50 - Row :46 - Product imported successfully.
02-27-2024 @ 15:58:50 - Row :47 - Parsing item.
02-27-2024 @ 15:58:50 - Importing as new product ID:4689
02-27-2024 @ 15:58:50 - Row :47 - Processing item.
02-27-2024 @ 15:58:50 - Found simple product object. ID:4689
02-27-2024 @ 15:58:50 - Setting Featured Image. URL:Magnis milteliai Pharma Ad
02-27-2024 @ 15:58:50 - Unable to use image "Magnis milteliai Pharma Ad".
02-27-2024 @ 15:58:51 - Row :47 - Product imported successfully.
02-27-2024 @ 15:58:51 - Row :48 - Parsing item.
02-27-2024 @ 15:58:51 - Importing as new product ID:4690
02-27-2024 @ 15:58:51 - Row :48 - Processing item.
02-27-2024 @ 15:58:51 - Found simple product object. ID:4690
02-27-2024 @ 15:58:51 - Setting Featured Image. URL:Melatonin helps to reduce the length of time it takes to fall asleep. The beneficial effect is seen when 1 mg of melatonin is taken before going to bed.""
02-27-2024 @ 15:58:51 - Unable to use image "Melatonin helps to reduce the length of time it takes to fall asleep. The beneficial effect is seen when 1 mg of melatonin is taken before going to bed.""".
02-27-2024 @ 15:58:51 - Row :48 - Product imported successfully.
02-27-2024 @ 15:58:51 - Row :49 - Parsing item.
02-27-2024 @ 15:58:51 - Importing as new product ID:4691
02-27-2024 @ 15:58:51 - Row :49 - Processing item.
02-27-2024 @ 15:58:51 - Found simple product object. ID:4691
02-27-2024 @ 15:58:51 - Setting Featured Image. URL:Milk thistle helps maintain normal liver function. Dietary supplement containing polyunsaturated fatty acids and vitamin E
02-27-2024 @ 15:58:51 - Unable to use image "Milk thistle helps maintain normal liver function. Dietary supplement containing polyunsaturated fatty acids and vitamin E".
02-27-2024 @ 15:58:51 - Row :49 - Product imported successfully.
02-27-2024 @ 15:58:51 - Row :50 - Parsing item.
02-27-2024 @ 15:58:51 - Importing as new product ID:4696
02-27-2024 @ 15:58:51 - Row :50 - Processing item.
02-27-2024 @ 15:58:51 - Found simple product object. ID:4696
02-27-2024 @ 15:58:51 - Setting Featured Image. URL:50 tablečių""
02-27-2024 @ 15:58:51 - Unable to use image "50 tablečių""".
02-27-2024 @ 15:58:51 - Row :50 - Product imported successfully.
02-27-2024 @ 15:58:51 - Row :51 - Parsing item.
02-27-2024 @ 15:58:51 - Importing as new product ID:4707
02-27-2024 @ 15:58:51 - Row :51 - Processing item.
02-27-2024 @ 15:58:51 - Found simple product object. ID:4707
02-27-2024 @ 15:58:51 - Setting Featured Image. URL:evalar-olidzim-100-kapsuliu
02-27-2024 @ 15:58:51 - Unable to use image "evalar-olidzim-100-kapsuliu".
02-27-2024 @ 15:58:51 - Row :51 - Product imported successfully.
02-27-2024 @ 15:58:51 - Row :52 - Parsing item.
02-27-2024 @ 15:58:51 - Importing as new product ID:4716
02-27-2024 @ 15:58:51 - Row :52 - Processing item.
02-27-2024 @ 15:58:51 - Found simple product object. ID:4716
02-27-2024 @ 15:58:51 - Setting Featured Image. URL:evalar-pustirnik-forte-sukatzole-su-magniu-ir-vitaminu-b6-40-tableciu
02-27-2024 @ 15:58:51 - Unable to use image "evalar-pustirnik-forte-sukatzole-su-magniu-ir-vitaminu-b6-40-tableciu".
02-27-2024 @ 15:58:51 - Row :52 - Product imported successfully.
02-27-2024 @ 15:58:51 - Row :53 - Parsing item.
02-27-2024 @ 15:58:51 - Importing as new product ID:4737
02-27-2024 @ 15:58:51 - Row :53 - Processing item.
02-27-2024 @ 15:58:51 - Found simple product object. ID:4737
02-27-2024 @ 15:58:51 - Setting Featured Image. URL:sweetly-stevia-milteliai-150-pakeliu
02-27-2024 @ 15:58:51 - Unable to use image "sweetly-stevia-milteliai-150-pakeliu".
02-27-2024 @ 15:58:51 - Row :53 - Product imported successfully.
02-27-2024 @ 15:58:51 - Row :54 - Parsing item.
02-27-2024 @ 15:58:51 - Importing as new product ID:4744
02-27-2024 @ 15:58:51 - Row :54 - Processing item.
02-27-2024 @ 15:58:51 - Found simple product object. ID:4744
02-27-2024 @ 15:58:51 - Setting Featured Image. URL:%</strong></p>			</td>		</tr>		<tr>			<td>			<p><strong>Perluxan&reg";" <em>(Humulus lupulus) </em>common hop extract
02-27-2024 @ 15:58:51 - Unable to use image "%</strong></p>			</td>		</tr>		<tr>			<td>			<p><strong>Perluxan&reg";" <em>(Humulus lupulus) </em>common hop extract".
02-27-2024 @ 15:58:51 - Row :54 - Product imported successfully.
02-27-2024 @ 15:58:51 - Row :55 - Parsing item.
02-27-2024 @ 15:58:51 - Importing as new product ID:4746
02-27-2024 @ 15:58:51 - Row :55 - Processing item.
02-27-2024 @ 15:58:51 - Found simple product object. ID:4746
02-27-2024 @ 15:58:51 - Setting Featured Image. URL:Sleep better geresniam miegui su melatoninu
02-27-2024 @ 15:58:51 - Unable to use image "Sleep better geresniam miegui su melatoninu".
02-27-2024 @ 15:58:51 - Row :55 - Product imported successfully.
02-27-2024 @ 15:58:51 - Row :56 - Parsing item.
02-27-2024 @ 15:58:51 - Importing as new product ID:4767
02-27-2024 @ 15:58:51 - Row :56 - Processing item.
02-27-2024 @ 15:58:51 - Found simple product object. ID:4767
02-27-2024 @ 15:58:51 - Setting Featured Image. URL:30 tablečių""
02-27-2024 @ 15:58:51 - Unable to use image "30 tablečių""".
02-27-2024 @ 15:58:51 - Row :56 - Product imported successfully.
02-27-2024 @ 15:58:51 - Row :57 - Parsing item.
02-27-2024 @ 15:58:51 - Importing as new product ID:4784
02-27-2024 @ 15:58:51 - Row :57 - Processing item.
02-27-2024 @ 15:58:51 - Found simple product object. ID:4784
02-27-2024 @ 15:58:51 - Setting Featured Image. URL:60 tablečių""
02-27-2024 @ 15:58:51 - Unable to use image "60 tablečių""".
02-27-2024 @ 15:58:51 - Row :57 - Product imported successfully.
02-27-2024 @ 15:58:51 - Row :58 - Parsing item.
02-27-2024 @ 15:58:51 - Row :58 - Parsing failed. Reason: Product with same SKU already exists. SKU: Read more on our e-shop www.divari.lt""
02-27-2024 @ 15:58:51 - Row :59 - Parsing item.
02-27-2024 @ 15:58:51 - Importing as new product ID:4787
02-27-2024 @ 15:58:51 - Row :59 - Processing item.
02-27-2024 @ 15:58:51 - Found simple product object. ID:4787
02-27-2024 @ 15:58:51 - Row :59 - Product imported successfully.
02-27-2024 @ 15:58:51 - Row :60 - Parsing item.
02-27-2024 @ 15:58:51 - Importing as new product ID:4788
02-27-2024 @ 15:58:51 - Row :60 - Processing item.
02-27-2024 @ 15:58:51 - Found simple product object. ID:4788
02-27-2024 @ 15:58:51 - Setting Featured Image. URL:as well as normal immune function.""
02-27-2024 @ 15:58:51 - Unable to use image "as well as normal immune function.""".
02-27-2024 @ 15:58:52 - Row :60 - Product imported successfully.
02-27-2024 @ 15:58:52 - Row :61 - Parsing item.
02-27-2024 @ 15:58:52 - Importing as new product ID:4794
02-27-2024 @ 15:58:52 - Row :61 - Processing item.
02-27-2024 @ 15:58:52 - Found simple product object. ID:4794
02-27-2024 @ 15:58:52 - Setting Featured Image. URL:MaxiVita energy power taurine
02-27-2024 @ 15:58:52 - Unable to use image "MaxiVita energy power taurine".
02-27-2024 @ 15:58:52 - Row :61 - Product imported successfully.
02-27-2024 @ 15:58:52 - Row :62 - Parsing item.
02-27-2024 @ 15:58:52 - Importing as new product ID:4797
02-27-2024 @ 15:58:52 - Row :62 - Processing item.
02-27-2024 @ 15:58:52 - Found simple product object. ID:4797
02-27-2024 @ 15:58:52 - Setting Featured Image. URL:which is necessary for normal skin function
02-27-2024 @ 15:58:52 - Unable to use image "which is necessary for normal skin function".
02-27-2024 @ 15:58:52 - Row :62 - Product imported successfully.
02-27-2024 @ 15:58:52 - Row :63 - Parsing item.
02-27-2024 @ 15:58:52 - Importing as new product ID:4799
02-27-2024 @ 15:58:52 - Row :63 - Processing item.
02-27-2024 @ 15:58:52 - Found simple product object. ID:4799
02-27-2024 @ 15:58:52 - Setting Featured Image. URL:dark place.</p>""
02-27-2024 @ 15:58:52 - Unable to use image "dark place.</p>""".
02-27-2024 @ 15:58:52 - Row :63 - Product imported successfully.
02-27-2024 @ 15:58:52 - Row :64 - Parsing item.
02-27-2024 @ 15:58:52 - Importing as new product ID:4800
02-27-2024 @ 15:58:52 - Row :64 - Processing item.
02-27-2024 @ 15:58:52 - Found simple product object. ID:4800
02-27-2024 @ 15:58:52 - Setting Featured Image. URL:The honey and lemon flavoured throat lozenges have a pleasant effect on the mucous membranes of the mouth
02-27-2024 @ 15:58:52 - Unable to use image "The honey and lemon flavoured throat lozenges have a pleasant effect on the mucous membranes of the mouth".
02-27-2024 @ 15:58:52 - Row :64 - Product imported successfully.
02-27-2024 @ 15:58:52 - Row :65 - Parsing item.
02-27-2024 @ 15:58:52 - Importing as new product ID:4813
02-27-2024 @ 15:58:52 - Row :65 - Processing item.
02-27-2024 @ 15:58:52 - Found simple product object. ID:4813
02-27-2024 @ 15:58:52 - Setting Featured Image. URL:adhesive
02-27-2024 @ 15:58:52 - Unable to use image "adhesive".
02-27-2024 @ 15:58:52 - Row :65 - Product imported successfully.
02-27-2024 @ 15:58:52 - Row :66 - Parsing item.
02-27-2024 @ 15:58:52 - Importing as new product ID:4816
02-27-2024 @ 15:58:52 - Row :66 - Processing item.
02-27-2024 @ 15:58:52 - Found simple product object. ID:4816
02-27-2024 @ 15:58:52 - Setting Featured Image. URL:DL-alpha-tocopheryl acetate (Quali&reg;-E)
02-27-2024 @ 15:58:52 - Unable to use image "DL-alpha-tocopheryl acetate (Quali&reg;-E)".
02-27-2024 @ 15:58:52 - Row :66 - Product imported successfully.
02-27-2024 @ 15:58:52 - Row :67 - Parsing item.
02-27-2024 @ 15:58:52 - Importing as new product ID:4834
02-27-2024 @ 15:58:52 - Row :67 - Processing item.
02-27-2024 @ 15:58:52 - Found simple product object. ID:4834
02-27-2024 @ 15:58:52 - Setting Featured Image. URL:šildantis
02-27-2024 @ 15:58:52 - Unable to use image "šildantis".
02-27-2024 @ 15:58:52 - Row :67 - Product imported successfully.
02-27-2024 @ 15:58:52 - Row :68 - Parsing item.
02-27-2024 @ 15:58:52 - Importing as new product ID:4839
02-27-2024 @ 15:58:52 - Row :68 - Processing item.
02-27-2024 @ 15:58:52 - Found simple product object. ID:4839
02-27-2024 @ 15:58:52 - Setting Featured Image. URL:normal bones and teeth.""
02-27-2024 @ 15:58:52 - Unable to use image "normal bones and teeth.""".
02-27-2024 @ 15:58:52 - Row :68 - Product imported successfully.
02-27-2024 @ 15:58:52 - Row :69 - Parsing item.
02-27-2024 @ 15:58:52 - Row :69 - Parsing failed. Reason: Product with same SKU already exists. SKU: Read more on our e-shop www.divari.lt""
02-27-2024 @ 15:58:52 - Row :70 - Parsing item.
02-27-2024 @ 15:58:52 - Importing as new product ID:4860
02-27-2024 @ 15:58:52 - Row :70 - Processing item.
02-27-2024 @ 15:58:52 - Found simple product object. ID:4860
02-27-2024 @ 15:58:52 - Setting Featured Image. URL:normal carbohydrate metabolism
02-27-2024 @ 15:58:52 - Unable to use image "normal carbohydrate metabolism".
02-27-2024 @ 15:58:52 - Row :70 - Product imported successfully.
02-27-2024 @ 15:58:52 - Row :71 - Parsing item.
02-27-2024 @ 15:58:52 - Importing as new product ID:4861
02-27-2024 @ 15:58:52 - Row :71 - Processing item.
02-27-2024 @ 15:58:52 - Found simple product object. ID:4861
02-27-2024 @ 15:58:52 - Setting Featured Image. URL:slenkantiems-plaukams
02-27-2024 @ 15:58:52 - Unable to use image "slenkantiems-plaukams".
02-27-2024 @ 15:58:52 - Row :71 - Product imported successfully.
02-27-2024 @ 15:58:52 - Row :72 - Parsing item.
02-27-2024 @ 15:58:52 - Importing as new product ID:4867
02-27-2024 @ 15:58:52 - Row :72 - Processing item.
02-27-2024 @ 15:58:52 - Found simple product object. ID:4867
02-27-2024 @ 15:58:52 - Setting Featured Image. URL:gudobelės žiedų hidrolato
02-27-2024 @ 15:58:52 - Unable to use image "gudobelės žiedų hidrolato".
02-27-2024 @ 15:58:52 - Row :72 - Product imported successfully.
02-27-2024 @ 15:58:52 - Row :73 - Parsing item.
02-27-2024 @ 15:58:52 - Importing as new product ID:4870
02-27-2024 @ 15:58:52 - Row :73 - Processing item.
02-27-2024 @ 15:58:52 - Found simple product object. ID:4870
02-27-2024 @ 15:58:52 - Setting Featured Image. URL:%): 5000 mg hydrolysed marine collagen (from fish)
02-27-2024 @ 15:58:52 - Unable to use image "%): 5000 mg hydrolysed marine collagen (from fish)".
02-27-2024 @ 15:58:52 - Row :73 - Product imported successfully.
02-27-2024 @ 15:58:52 - Row :74 - Parsing item.
02-27-2024 @ 15:58:52 - Row :74 - Parsing failed. Reason: Product with same SKU already exists. SKU: Read more on our e-shop www.divari.lt""
02-27-2024 @ 15:58:52 - Row :75 - Parsing item.
02-27-2024 @ 15:58:52 - Importing as new product ID:4873
02-27-2024 @ 15:58:52 - Row :75 - Processing item.
02-27-2024 @ 15:58:52 - Found simple product object. ID:4873
02-27-2024 @ 15:58:52 - Row :75 - Product imported successfully.
02-27-2024 @ 15:58:52 - Row :76 - Parsing item.
02-27-2024 @ 15:58:52 - Importing as new product ID:4892
02-27-2024 @ 15:58:52 - Row :76 - Processing item.
02-27-2024 @ 15:58:52 - Found simple product object. ID:4892
02-27-2024 @ 15:58:52 - Setting Featured Image. URL:Palmitic Acid
02-27-2024 @ 15:58:52 - Unable to use image "Palmitic Acid".
02-27-2024 @ 15:58:52 - Row :76 - Product imported successfully.
02-27-2024 @ 15:58:52 - Row :77 - Parsing item.
02-27-2024 @ 15:58:52 - Row :77 - Parsing failed. Reason: Product with same SKU already exists. SKU: Read more on our e-shop www.divari.lt""
02-27-2024 @ 15:58:52 - Row :78 - Parsing item.
02-27-2024 @ 15:58:52 - Importing as new product ID:4898
02-27-2024 @ 15:58:52 - Row :78 - Processing item.
02-27-2024 @ 15:58:52 - Found simple product object. ID:4898
02-27-2024 @ 15:58:52 - Setting Featured Image. URL:broccoli and cauliflower.""
02-27-2024 @ 15:58:52 - Unable to use image "broccoli and cauliflower.""".
02-27-2024 @ 15:58:52 - Row :78 - Product imported successfully.
02-27-2024 @ 15:58:52 - Row :79 - Parsing item.
02-27-2024 @ 15:58:52 - Importing as new product ID:4902
02-27-2024 @ 15:58:52 - Row :79 - Processing item.
02-27-2024 @ 15:58:52 - Found simple product object. ID:4902
02-27-2024 @ 15:58:52 - Setting Featured Image. URL:Sodium C-14-16 Olefin Sulfonate
02-27-2024 @ 15:58:52 - Unable to use image "Sodium C-14-16 Olefin Sulfonate".
02-27-2024 @ 15:58:52 - Row :79 - Product imported successfully.
02-27-2024 @ 15:58:52 - Row :80 - Parsing item.
02-27-2024 @ 15:58:52 - Importing as new product ID:4903
02-27-2024 @ 15:58:52 - Row :80 - Processing item.
02-27-2024 @ 15:58:52 - Found simple product object. ID:4903
02-27-2024 @ 15:58:52 - Setting Featured Image. URL:Vilnius
02-27-2024 @ 15:58:52 - Unable to use image "Vilnius".
02-27-2024 @ 15:58:53 - Row :80 - Product imported successfully.
02-27-2024 @ 15:58:53 - Row :81 - Parsing item.
02-27-2024 @ 15:58:53 - Row :81 - Parsing failed. Reason: Product with same SKU already exists. SKU: Read more on our e-shop www.divari.lt""
02-27-2024 @ 15:58:53 - Row :82 - Parsing item.
02-27-2024 @ 15:58:53 - Importing as new product ID:4909
02-27-2024 @ 15:58:53 - Row :82 - Processing item.
02-27-2024 @ 15:58:53 - Found simple product object. ID:4909
02-27-2024 @ 15:58:53 - Setting Featured Image. URL:Sulsena step 2 šampūnas-pasta nuo pleiskanų
02-27-2024 @ 15:58:53 - Unable to use image "Sulsena step 2 šampūnas-pasta nuo pleiskanų".
02-27-2024 @ 15:58:53 - Row :82 - Product imported successfully.
02-27-2024 @ 15:58:53 - Row :83 - Parsing item.
02-27-2024 @ 15:58:53 - Importing as new product ID:4910
02-27-2024 @ 15:58:53 - Row :83 - Processing item.
02-27-2024 @ 15:58:53 - Found simple product object. ID:4910
02-27-2024 @ 15:58:53 - Setting Featured Image. URL:Žiūrėti daugiau""
02-27-2024 @ 15:58:53 - Unable to use image "Žiūrėti daugiau""".
02-27-2024 @ 15:58:53 - Row :83 - Product imported successfully.
02-27-2024 @ 15:58:53 - Row :84 - Parsing item.
02-27-2024 @ 15:58:53 - Importing as new product ID:4912
02-27-2024 @ 15:58:53 - Row :84 - Processing item.
02-27-2024 @ 15:58:53 - Found simple product object. ID:4912
02-27-2024 @ 15:58:53 - Setting Featured Image. URL:niacin
02-27-2024 @ 15:58:53 - Unable to use image "niacin".
02-27-2024 @ 15:58:53 - Row :84 - Product imported successfully.
02-27-2024 @ 15:58:53 - Row :85 - Parsing item.
02-27-2024 @ 15:58:53 - Row :85 - Parsing failed. Reason: Content, title, and excerpt are empty.
02-27-2024 @ 15:58:53 - Row :86 - Parsing item.
02-27-2024 @ 15:58:53 - Importing as new product ID:4943
02-27-2024 @ 15:58:53 - Row :86 - Processing item.
02-27-2024 @ 15:58:53 - Found simple product object. ID:4943
02-27-2024 @ 15:58:53 - Row :86 - Processing failed. Reason: Invalid or duplicated SKU.
02-27-2024 @ 15:58:53 - Row :87 - Parsing item.
02-27-2024 @ 15:58:53 - Importing as new product ID:4951
02-27-2024 @ 15:58:53 - Row :87 - Processing item.
02-27-2024 @ 15:58:53 - Found simple product object. ID:4951
02-27-2024 @ 15:58:53 - Setting Featured Image. URL:Biotin and zinc help maintain normal hair and skin conditions. Zinc helps maintain normal bones and nails.""
02-27-2024 @ 15:58:53 - Unable to use image "Biotin and zinc help maintain normal hair and skin conditions. Zinc helps maintain normal bones and nails.""".
02-27-2024 @ 15:58:53 - Row :87 - Product imported successfully.
02-27-2024 @ 15:58:53 - Row :88 - Parsing item.
02-27-2024 @ 15:58:53 - Importing as new product ID:4952
02-27-2024 @ 15:58:53 - Row :88 - Processing item.
02-27-2024 @ 15:58:53 - Found simple product object. ID:4952
02-27-2024 @ 15:58:53 - Row :88 - Product imported successfully.
02-27-2024 @ 15:58:53 - Row :89 - Parsing item.
02-27-2024 @ 15:58:53 - Importing as new product ID:4959
02-27-2024 @ 15:58:53 - Row :89 - Processing item.
02-27-2024 @ 15:58:53 - Found simple product object. ID:4959
02-27-2024 @ 15:58:53 - Setting Featured Image. URL:kurkuminas-juodasis-pipiras-30-tableciu
02-27-2024 @ 15:58:53 - Unable to use image "kurkuminas-juodasis-pipiras-30-tableciu".
02-27-2024 @ 15:58:53 - Row :89 - Product imported successfully.
02-27-2024 @ 15:58:53 - Row :90 - Parsing item.
02-27-2024 @ 15:58:53 - Importing as new product ID:4970
02-27-2024 @ 15:58:53 - Row :90 - Processing item.
02-27-2024 @ 15:58:53 - Found simple product object. ID:4970
02-27-2024 @ 15:58:53 - Setting Featured Image. URL:5-2 g teaspoonful in 300 ml boiling water
02-27-2024 @ 15:58:53 - Unable to use image "5-2 g teaspoonful in 300 ml boiling water".
02-27-2024 @ 15:58:53 - Row :90 - Product imported successfully.
02-27-2024 @ 15:58:53 - Row :91 - Parsing item.
02-27-2024 @ 15:58:53 - Importing as new product ID:5019
02-27-2024 @ 15:58:53 - Row :91 - Processing item.
02-27-2024 @ 15:58:53 - Found simple product object. ID:5019
02-27-2024 @ 15:58:53 - Setting Featured Image. URL:<em>Aloe barbadensis</em> leaf extract
02-27-2024 @ 15:58:53 - Unable to use image "<em>Aloe barbadensis</em> leaf extract".
02-27-2024 @ 15:58:53 - Row :91 - Product imported successfully.
02-27-2024 @ 15:58:53 - Row :92 - Parsing item.
02-27-2024 @ 15:58:53 - Importing as new product ID:5058
02-27-2024 @ 15:58:53 - Row :92 - Processing item.
02-27-2024 @ 15:58:53 - Found simple product object. ID:5058
02-27-2024 @ 15:58:53 - Setting Featured Image. URL:Pentylene Glycol
02-27-2024 @ 15:58:53 - Unable to use image "Pentylene Glycol".
02-27-2024 @ 15:58:53 - Row :92 - Product imported successfully.
02-27-2024 @ 15:58:53 - Row :93 - Parsing item.
02-27-2024 @ 15:58:53 - Importing as new product ID:5063
02-27-2024 @ 15:58:53 - Row :93 - Processing item.
02-27-2024 @ 15:58:53 - Found simple product object. ID:5063
02-27-2024 @ 15:58:53 - Row :93 - Product imported successfully.
02-27-2024 @ 15:58:53 - Row :94 - Parsing item.
02-27-2024 @ 15:58:53 - Row :94 - Parsing failed. Reason: Content, title, and excerpt are empty.
02-27-2024 @ 15:58:53 - Row :95 - Parsing item.
02-27-2024 @ 15:58:53 - Importing as new product ID:5096
02-27-2024 @ 15:58:53 - Row :95 - Processing item.
02-27-2024 @ 15:58:53 - Found simple product object. ID:5096
02-27-2024 @ 15:58:53 - Setting Featured Image. URL:spygliuočių kadagio vaisių ekstrakto
02-27-2024 @ 15:58:53 - Unable to use image "spygliuočių kadagio vaisių ekstrakto".
02-27-2024 @ 15:58:53 - Row :95 - Product imported successfully.
02-27-2024 @ 15:58:53 - Row :96 - Parsing item.
02-27-2024 @ 15:58:53 - Importing as new product ID:5109
02-27-2024 @ 15:58:53 - Row :96 - Processing item.
02-27-2024 @ 15:58:53 - Found simple product object. ID:5109
02-27-2024 @ 15:58:53 - Setting Featured Image. URL:Thymus serpyllum
02-27-2024 @ 15:58:53 - Unable to use image "Thymus serpyllum".
02-27-2024 @ 15:58:53 - Row :96 - Product imported successfully.
02-27-2024 @ 15:58:53 - Row :97 - Parsing item.
02-27-2024 @ 15:58:53 - Row :97 - Parsing failed. Reason: Content, title, and excerpt are empty.
02-27-2024 @ 15:58:53 - Row :98 - Parsing item.
02-27-2024 @ 15:58:53 - Importing as new product ID:5167
02-27-2024 @ 15:58:53 - Row :98 - Processing item.
02-27-2024 @ 15:58:53 - Found simple product object. ID:5167
02-27-2024 @ 15:58:53 - Setting Featured Image. URL:2-Hexanediol
02-27-2024 @ 15:58:53 - Unable to use image "2-Hexanediol".
02-27-2024 @ 15:58:53 - Row :98 - Product imported successfully.
02-27-2024 @ 15:58:53 - Row :99 - Parsing item.
02-27-2024 @ 15:58:53 - Importing as new product ID:5182
02-27-2024 @ 15:58:53 - Row :99 - Processing item.
02-27-2024 @ 15:58:53 - Found simple product object. ID:5182
02-27-2024 @ 15:58:53 - Row :99 - Processing failed. Reason: Invalid or duplicated SKU.
02-27-2024 @ 15:58:53 - Row :100 - Parsing item.
02-27-2024 @ 15:58:53 - Importing as new product ID:5237
02-27-2024 @ 15:58:53 - Row :100 - Processing item.
02-27-2024 @ 15:58:53 - Found simple product object. ID:5237
02-27-2024 @ 15:58:53 - Setting Featured Image. URL:Methylparaben
02-27-2024 @ 15:58:53 - Unable to use image "Methylparaben".
02-27-2024 @ 15:58:54 - Row :100 - Product imported successfully.
02-27-2024 @ 15:58:54 - Row :101 - Parsing item.
02-27-2024 @ 15:58:54 - Importing as new product ID:5259
02-27-2024 @ 15:58:54 - Row :101 - Processing item.
02-27-2024 @ 15:58:54 - Found simple product object. ID:5259
02-27-2024 @ 15:58:54 - Setting Featured Image. URL:Paraffin
02-27-2024 @ 15:58:54 - Unable to use image "Paraffin".
02-27-2024 @ 15:58:54 - Row :101 - Product imported successfully.
02-27-2024 @ 15:58:54 - Row :102 - Parsing item.
02-27-2024 @ 15:58:54 - Importing as new product ID:5263
02-27-2024 @ 15:58:54 - Row :102 - Processing item.
02-27-2024 @ 15:58:54 - Found simple product object. ID:5263
02-27-2024 @ 15:58:54 - Setting Featured Image. URL:DL-alpha-tocopheryl acetate
02-27-2024 @ 15:58:54 - Unable to use image "DL-alpha-tocopheryl acetate".
02-27-2024 @ 15:58:54 - Row :102 - Product imported successfully.
02-27-2024 @ 15:58:54 - Row :103 - Parsing item.
02-27-2024 @ 15:58:54 - Importing as new product ID:5265
02-27-2024 @ 15:58:54 - Row :103 - Processing item.
02-27-2024 @ 15:58:54 - Found simple product object. ID:5265
02-27-2024 @ 15:58:54 - Setting Featured Image. URL:šalto spaudimo
02-27-2024 @ 15:58:54 - Unable to use image "šalto spaudimo".
02-27-2024 @ 15:58:54 - Row :103 - Product imported successfully.
02-27-2024 @ 15:58:54 - Row :104 - Parsing item.
02-27-2024 @ 15:58:54 - Importing as new product ID:5266
02-27-2024 @ 15:58:54 - Row :104 - Processing item.
02-27-2024 @ 15:58:54 - Found simple product object. ID:5266
02-27-2024 @ 15:58:54 - Setting Featured Image. URL:250 ml""
02-27-2024 @ 15:58:54 - Unable to use image "250 ml""".
02-27-2024 @ 15:58:54 - Row :104 - Product imported successfully.
02-27-2024 @ 15:58:54 - Row :105 - Parsing item.
02-27-2024 @ 15:58:54 - Importing as new product ID:5271
02-27-2024 @ 15:58:54 - Row :105 - Processing item.
02-27-2024 @ 15:58:54 - Found simple product object. ID:5271
02-27-2024 @ 15:58:54 - Row :105 - Processing failed. Reason: Invalid or duplicated SKU.
02-27-2024 @ 15:58:54 - Row :106 - Parsing item.
02-27-2024 @ 15:58:54 - Importing as new product ID:5273
02-27-2024 @ 15:58:54 - Row :106 - Processing item.
02-27-2024 @ 15:58:54 - Found simple product object. ID:5273
02-27-2024 @ 15:58:54 - Setting Featured Image. URL:250 g""
02-27-2024 @ 15:58:54 - Unable to use image "250 g""".
02-27-2024 @ 15:58:54 - Row :106 - Product imported successfully.
02-27-2024 @ 15:58:54 - Row :107 - Parsing item.
02-27-2024 @ 15:58:54 - Importing as new product ID:5275
02-27-2024 @ 15:58:54 - Row :107 - Processing item.
02-27-2024 @ 15:58:54 - Found simple product object. ID:5275
02-27-2024 @ 15:58:54 - Setting Featured Image. URL:nerafinuotas
02-27-2024 @ 15:58:54 - Unable to use image "nerafinuotas".
02-27-2024 @ 15:58:54 - Row :107 - Product imported successfully.
02-27-2024 @ 15:58:54 - Row :108 - Parsing item.
02-27-2024 @ 15:58:54 - Importing as new product ID:5276
02-27-2024 @ 15:58:54 - Row :108 - Processing item.
02-27-2024 @ 15:58:54 - Found simple product object. ID:5276
02-27-2024 @ 15:58:54 - Setting Featured Image. URL:Šaltalankių aliejus natūralus
02-27-2024 @ 15:58:54 - Unable to use image "Šaltalankių aliejus natūralus".
02-27-2024 @ 15:58:54 - Row :108 - Product imported successfully.
02-27-2024 @ 15:58:54 - Row :109 - Parsing item.
02-27-2024 @ 15:58:54 - Row :109 - Parsing failed. Reason: Product with same SKU already exists. SKU: Read more on our e-shop www.divari.lt""
02-27-2024 @ 15:58:54 - Row :110 - Parsing item.
02-27-2024 @ 15:58:54 - Importing as new product ID:5284
02-27-2024 @ 15:58:54 - Row :110 - Processing item.
02-27-2024 @ 15:58:54 - Found simple product object. ID:5284
02-27-2024 @ 15:58:54 - Setting Featured Image. URL:xylitol
02-27-2024 @ 15:58:54 - Unable to use image "xylitol".
02-27-2024 @ 15:58:54 - Row :110 - Product imported successfully.
02-27-2024 @ 15:58:54 - Row :111 - Parsing item.
02-27-2024 @ 15:58:54 - Importing as new product ID:5285
02-27-2024 @ 15:58:54 - Row :111 - Processing item.
02-27-2024 @ 15:58:54 - Found simple product object. ID:5285
02-27-2024 @ 15:58:54 - Row :111 - Processing failed. Reason: Invalid or duplicated SKU.
02-27-2024 @ 15:58:54 - Row :112 - Parsing item.
02-27-2024 @ 15:58:54 - Importing as new product ID:5286
02-27-2024 @ 15:58:54 - Row :112 - Processing item.
02-27-2024 @ 15:58:54 - Found simple product object. ID:5286
02-27-2024 @ 15:58:54 - Setting Featured Image. URL:protected from direct sunlight
02-27-2024 @ 15:58:54 - Unable to use image "protected from direct sunlight".
02-27-2024 @ 15:58:54 - Row :112 - Product imported successfully.
02-27-2024 @ 15:58:54 - Row :113 - Parsing item.
02-27-2024 @ 15:58:54 - Importing as new product ID:5312
02-27-2024 @ 15:58:54 - Row :113 - Processing item.
02-27-2024 @ 15:58:54 - Found simple product object. ID:5312
02-27-2024 @ 15:58:54 - Setting Featured Image. URL:vitamin A (retinyl palmitate)
02-27-2024 @ 15:58:54 - Unable to use image "vitamin A (retinyl palmitate)".
02-27-2024 @ 15:58:54 - Row :113 - Product imported successfully.
02-27-2024 @ 15:58:54 - Row :114 - Parsing item.
02-27-2024 @ 15:58:54 - Importing as new product ID:5336
02-27-2024 @ 15:58:54 - Row :114 - Processing item.
02-27-2024 @ 15:58:54 - Found simple product object. ID:5336
02-27-2024 @ 15:58:54 - Setting Featured Image. URL:silicon dioxide
02-27-2024 @ 15:58:54 - Unable to use image "silicon dioxide".
02-27-2024 @ 15:58:54 - Row :114 - Product imported successfully.
02-27-2024 @ 15:58:54 - Row :115 - Parsing item.
02-27-2024 @ 15:58:54 - Importing as new product ID:5350
02-27-2024 @ 15:58:54 - Row :115 - Processing item.
02-27-2024 @ 15:58:54 - Found simple product object. ID:5350
02-27-2024 @ 15:58:54 - Setting Featured Image. URL:Cetearyl Ethylhexanoate
02-27-2024 @ 15:58:54 - Unable to use image "Cetearyl Ethylhexanoate".
02-27-2024 @ 15:58:54 - Row :115 - Product imported successfully.
02-27-2024 @ 15:58:54 - Row :116 - Parsing item.
02-27-2024 @ 15:58:54 - Importing as new product ID:5351
02-27-2024 @ 15:58:54 - Row :116 - Processing item.
02-27-2024 @ 15:58:54 - Found simple product object. ID:5351
02-27-2024 @ 15:58:54 - Setting Featured Image. URL:Phenoxyethanol
02-27-2024 @ 15:58:54 - Unable to use image "Phenoxyethanol".
02-27-2024 @ 15:58:54 - Row :116 - Product imported successfully.
02-27-2024 @ 15:58:54 - Row :117 - Parsing item.
02-27-2024 @ 15:58:54 - Importing as new product ID:5352
02-27-2024 @ 15:58:54 - Row :117 - Processing item.
02-27-2024 @ 15:58:54 - Found simple product object. ID:5352
02-27-2024 @ 15:58:54 - Setting Featured Image. URL:Allantoin
02-27-2024 @ 15:58:54 - Unable to use image "Allantoin".
02-27-2024 @ 15:58:54 - Row :117 - Product imported successfully.
02-27-2024 @ 15:58:54 - Row :118 - Parsing item.
02-27-2024 @ 15:58:54 - Importing as new product ID:5358
02-27-2024 @ 15:58:54 - Row :118 - Processing item.
02-27-2024 @ 15:58:54 - Found simple product object. ID:5358
02-27-2024 @ 15:58:54 - Setting Featured Image. URL:9 suckable lollipops 1
02-27-2024 @ 15:58:54 - Unable to use image "9 suckable lollipops 1".
02-27-2024 @ 15:58:55 - Row :118 - Product imported successfully.
02-27-2024 @ 15:58:55 - Row :119 - Parsing item.
02-27-2024 @ 15:58:55 - Importing as new product ID:5359
02-27-2024 @ 15:58:55 - Row :119 - Processing item.
02-27-2024 @ 15:58:55 - Found simple product object. ID:5359
02-27-2024 @ 15:58:55 - Row :119 - Product imported successfully.
02-27-2024 @ 15:58:55 - Row :120 - Parsing item.
02-27-2024 @ 15:58:55 - Importing as new product ID:5363
02-27-2024 @ 15:58:55 - Row :120 - Processing item.
02-27-2024 @ 15:58:55 - Found simple product object. ID:5363
02-27-2024 @ 15:58:55 - Setting Featured Image. URL:Dr. Muller herbal tea """"Klimakterin""""
02-27-2024 @ 15:58:55 - Unable to use image "Dr. Muller herbal tea """"Klimakterin""""".
02-27-2024 @ 15:58:55 - Row :120 - Product imported successfully.
02-27-2024 @ 15:58:55 - Row :121 - Parsing item.
02-27-2024 @ 15:58:55 - Importing as new product ID:5366
02-27-2024 @ 15:58:55 - Row :121 - Processing item.
02-27-2024 @ 15:58:55 - Found simple product object. ID:5366
02-27-2024 @ 15:58:55 - Setting Featured Image. URL:O-CYMEN-5-OL
02-27-2024 @ 15:58:55 - Unable to use image "O-CYMEN-5-OL".
02-27-2024 @ 15:58:55 - Row :121 - Product imported successfully.
02-27-2024 @ 15:58:55 - Row :122 - Parsing item.
02-27-2024 @ 15:58:55 - Importing as new product ID:5385
02-27-2024 @ 15:58:55 - Row :122 - Processing item.
02-27-2024 @ 15:58:55 - Found simple product object. ID:5385
02-27-2024 @ 15:58:55 - Setting Featured Image. URL:specplast-gelis-plevele-odai-skystas-pleistras-15-ml
02-27-2024 @ 15:58:55 - Unable to use image "specplast-gelis-plevele-odai-skystas-pleistras-15-ml".
02-27-2024 @ 15:58:55 - Row :122 - Product imported successfully.
02-27-2024 @ 15:58:55 - Row :123 - Parsing item.
02-27-2024 @ 15:58:55 - Importing as new product ID:5387
02-27-2024 @ 15:58:55 - Row :123 - Processing item.
02-27-2024 @ 15:58:55 - Found simple product object. ID:5387
02-27-2024 @ 15:58:55 - Setting Featured Image. URL:Vitamin A helps maintain normal skin and mucous membranes
02-27-2024 @ 15:58:55 - Unable to use image "Vitamin A helps maintain normal skin and mucous membranes".
02-27-2024 @ 15:58:55 - Row :123 - Product imported successfully.
02-27-2024 @ 15:58:55 - Row :124 - Parsing item.
02-27-2024 @ 15:58:55 - Row :124 - Parsing failed. Reason: Content, title, and excerpt are empty.
02-27-2024 @ 15:58:55 - Row :125 - Parsing item.
02-27-2024 @ 15:58:55 - Importing as new product ID:5413
02-27-2024 @ 15:58:55 - Row :125 - Processing item.
02-27-2024 @ 15:58:55 - Found simple product object. ID:5413
02-27-2024 @ 15:58:55 - Setting Featured Image. URL:dr-muller-panthenose-nosies-tepalas-su-eteriniais-aliejai-75-ml
02-27-2024 @ 15:58:55 - Unable to use image "dr-muller-panthenose-nosies-tepalas-su-eteriniais-aliejai-75-ml".
02-27-2024 @ 15:58:55 - Row :125 - Product imported successfully.
02-27-2024 @ 15:58:55 - Row :126 - Parsing item.
02-27-2024 @ 15:58:55 - Importing as new product ID:5415
02-27-2024 @ 15:58:55 - Row :126 - Processing item.
02-27-2024 @ 15:58:55 - Found simple product object. ID:5415
02-27-2024 @ 15:58:55 - Setting Featured Image. URL:caga-forte-juodojo-berzo-grybo-izulniojo-skylenio-ekstraktas-90-ml
02-27-2024 @ 15:58:55 - Unable to use image "caga-forte-juodojo-berzo-grybo-izulniojo-skylenio-ekstraktas-90-ml".
02-27-2024 @ 15:58:55 - Row :126 - Product imported successfully.
02-27-2024 @ 15:58:55 - Row :127 - Parsing item.
02-27-2024 @ 15:58:55 - Importing as new product ID:5417
02-27-2024 @ 15:58:55 - Row :127 - Processing item.
02-27-2024 @ 15:58:55 - Found simple product object. ID:5417
02-27-2024 @ 15:58:55 - Setting Featured Image. URL:online at a better price
02-27-2024 @ 15:58:55 - Unable to use image "online at a better price".
02-27-2024 @ 15:58:55 - Row :127 - Product imported successfully.
02-27-2024 @ 15:58:55 - Row :128 - Parsing item.
02-27-2024 @ 15:58:55 - Importing as new product ID:5423
02-27-2024 @ 15:58:55 - Row :128 - Processing item.
02-27-2024 @ 15:58:55 - Found simple product object. ID:5423
02-27-2024 @ 15:58:55 - Setting Featured Image. URL:unrefined (Cannabis sativa oil).""
02-27-2024 @ 15:58:55 - Unable to use image "unrefined (Cannabis sativa oil).""".
02-27-2024 @ 15:58:55 - Row :128 - Product imported successfully.
02-27-2024 @ 15:58:55 - Row :129 - Parsing item.
02-27-2024 @ 15:58:55 - Row :129 - Parsing failed. Reason: Content, title, and excerpt are empty.
02-27-2024 @ 15:58:55 - Row :130 - Parsing item.
02-27-2024 @ 15:58:55 - Importing as new product ID:5463
02-27-2024 @ 15:58:55 - Row :130 - Processing item.
02-27-2024 @ 15:58:55 - Found simple product object. ID:5463
02-27-2024 @ 15:58:55 - Row :130 - Product imported successfully.
02-27-2024 @ 15:58:55 - Row :131 - Parsing item.
02-27-2024 @ 15:58:55 - Importing as new product ID:5474
02-27-2024 @ 15:58:55 - Row :131 - Processing item.
02-27-2024 @ 15:58:55 - Found simple product object. ID:5474
02-27-2024 @ 15:58:55 - Setting Featured Image. URL:cool place.</p><p><strong>Net content:</strong> 110 ml</p>""
02-27-2024 @ 15:58:55 - Unable to use image "cool place.</p><p><strong>Net content:</strong> 110 ml</p>""".
02-27-2024 @ 15:58:55 - Row :131 - Product imported successfully.
02-27-2024 @ 15:58:55 - Row :132 - Parsing item.
02-27-2024 @ 15:58:55 - Row :132 - Parsing failed. Reason: Content, title, and excerpt are empty.
02-27-2024 @ 15:58:55 - Row :133 - Parsing item.
02-27-2024 @ 15:58:55 - Row :133 - Parsing failed. Reason: Content, title, and excerpt are empty.
02-27-2024 @ 15:58:55 - Row :134 - Parsing item.
02-27-2024 @ 15:58:56 - Row :134 - Parsing failed. Reason: Content, title, and excerpt are empty.
02-27-2024 @ 15:58:56 - Row :135 - Parsing item.
02-27-2024 @ 15:58:56 - Importing as new product ID:5497
02-27-2024 @ 15:58:56 - Row :135 - Processing item.
02-27-2024 @ 15:58:56 - Found simple product object. ID:5497
02-27-2024 @ 15:58:56 - Row :135 - Processing failed. Reason: Invalid or duplicated SKU.
02-27-2024 @ 15:58:56 - Row :136 - Parsing item.
02-27-2024 @ 15:58:56 - Importing as new product ID:5499
02-27-2024 @ 15:58:56 - Row :136 - Processing item.
02-27-2024 @ 15:58:56 - Found simple product object. ID:5499
02-27-2024 @ 15:58:56 - Setting Featured Image. URL:Tonus St John's Wort Extract is a dietary supplement designed to support the nervous system and good sleep quality. It also contains vitamin C.""
02-27-2024 @ 15:58:56 - Unable to use image "Tonus St John's Wort Extract is a dietary supplement designed to support the nervous system and good sleep quality. It also contains vitamin C.""".
02-27-2024 @ 15:58:56 - Row :136 - Product imported successfully.
02-27-2024 @ 15:58:56 - Row :137 - Parsing item.
02-27-2024 @ 15:58:56 - Row :137 - Parsing failed. Reason: Content, title, and excerpt are empty.
02-27-2024 @ 15:58:56 - Row :138 - Parsing item.
02-27-2024 @ 15:58:56 - Importing as new product ID:5523
02-27-2024 @ 15:58:56 - Row :138 - Processing item.
02-27-2024 @ 15:58:56 - Found simple product object. ID:5523
02-27-2024 @ 15:58:56 - Setting Featured Image. URL:stomatitis) and other.""
02-27-2024 @ 15:58:56 - Unable to use image "stomatitis) and other.""".
02-27-2024 @ 15:58:56 - Row :138 - Product imported successfully.
02-27-2024 @ 15:58:56 - Row :139 - Parsing item.
02-27-2024 @ 15:58:56 - Row :139 - Parsing failed. Reason: Product with same SKU already exists. SKU: Read more on our e-shop www.divari.lt""
02-27-2024 @ 15:58:56 - Row :140 - Parsing item.
02-27-2024 @ 15:58:56 - Importing as new product ID:5526
02-27-2024 @ 15:58:56 - Row :140 - Processing item.
02-27-2024 @ 15:58:56 - Found simple product object. ID:5526
02-27-2024 @ 15:58:56 - Setting Featured Image. URL:do-i-posle-kremas-gelis-anti-acne-probleminei-odai-50-ml
02-27-2024 @ 15:58:56 - Unable to use image "do-i-posle-kremas-gelis-anti-acne-probleminei-odai-50-ml".
02-27-2024 @ 15:58:56 - Row :140 - Product imported successfully.
02-27-2024 @ 15:58:56 - Row :141 - Parsing item.
02-27-2024 @ 15:58:56 - Importing as new product ID:5536
02-27-2024 @ 15:58:56 - Row :141 - Processing item.
02-27-2024 @ 15:58:56 - Found simple product object. ID:5536
02-27-2024 @ 15:58:56 - Setting Featured Image. URL:Cyamopsis Tetragonoloba Gum
02-27-2024 @ 15:58:56 - Unable to use image "Cyamopsis Tetragonoloba Gum".
02-27-2024 @ 15:58:56 - Row :141 - Product imported successfully.
02-27-2024 @ 15:58:56 - Row :142 - Parsing item.
02-27-2024 @ 15:58:56 - Importing as new product ID:5572
02-27-2024 @ 15:58:56 - Row :142 - Processing item.
02-27-2024 @ 15:58:56 - Found simple product object. ID:5572
02-27-2024 @ 15:58:56 - Setting Featured Image. URL:Šaltalankių aliejus Naturalnaja masla
02-27-2024 @ 15:58:56 - Unable to use image "Šaltalankių aliejus Naturalnaja masla".
02-27-2024 @ 15:58:56 - Row :142 - Product imported successfully.
02-27-2024 @ 15:58:56 - Row :143 - Parsing item.
02-27-2024 @ 15:58:56 - Importing as new product ID:5580
02-27-2024 @ 15:58:56 - Row :143 - Processing item.
02-27-2024 @ 15:58:56 - Found simple product object. ID:5580
02-27-2024 @ 15:58:56 - Setting Featured Image. URL:Balkšvojo gysločio sėklų luobelės maistinės skaidulos
02-27-2024 @ 15:58:56 - Unable to use image "Balkšvojo gysločio sėklų luobelės maistinės skaidulos".
02-27-2024 @ 15:58:56 - Row :143 - Product imported successfully.
02-27-2024 @ 15:58:56 - Row :144 - Parsing item.
02-27-2024 @ 15:58:56 - Importing as new product ID:5581
02-27-2024 @ 15:58:56 - Row :144 - Processing item.
02-27-2024 @ 15:58:56 - Found simple product object. ID:5581
02-27-2024 @ 15:58:56 - Setting Featured Image. URL:0 g (1
02-27-2024 @ 15:58:56 - Unable to use image "0 g (1".
02-27-2024 @ 15:58:56 - Row :144 - Product imported successfully.
02-27-2024 @ 15:58:56 - Row :145 - Parsing item.
02-27-2024 @ 15:58:56 - Row :145 - Parsing failed. Reason: Content, title, and excerpt are empty.
02-27-2024 @ 15:58:56 - Row :146 - Parsing item.
02-27-2024 @ 15:58:56 - Importing as new product ID:5591
02-27-2024 @ 15:58:56 - Row :146 - Processing item.
02-27-2024 @ 15:58:56 - Found simple product object. ID:5591
02-27-2024 @ 15:58:56 - Setting Featured Image. URL:150 g""
02-27-2024 @ 15:58:56 - Unable to use image "150 g""".
02-27-2024 @ 15:58:56 - Row :146 - Product imported successfully.
02-27-2024 @ 15:58:56 - Row :147 - Parsing item.
02-27-2024 @ 15:58:56 - Importing as new product ID:5636
02-27-2024 @ 15:58:56 - Row :147 - Processing item.
02-27-2024 @ 15:58:56 - Found simple product object. ID:5636
02-27-2024 @ 15:58:56 - Setting Featured Image. URL:Ostrovit date syrup
02-27-2024 @ 15:58:56 - Unable to use image "Ostrovit date syrup".
02-27-2024 @ 15:58:56 - Row :147 - Product imported successfully.
02-27-2024 @ 15:58:56 - Row :148 - Parsing item.
02-27-2024 @ 15:58:56 - Importing as new product ID:5642
02-27-2024 @ 15:58:56 - Row :148 - Processing item.
02-27-2024 @ 15:58:56 - Found simple product object. ID:5642
02-27-2024 @ 15:58:56 - Setting Featured Image. URL:su stikline skysčio prie&scaron; valgį. Produktą taip pat galima dėti į avižinius dribsnius
02-27-2024 @ 15:58:56 - Unable to use image "su stikline skysčio prie&scaron; valgį. Produktą taip pat galima dėti į avižinius dribsnius".
02-27-2024 @ 15:58:56 - Row :148 - Product imported successfully.
02-27-2024 @ 15:58:56 - Row :149 - Parsing item.
02-27-2024 @ 15:58:56 - Importing as new product ID:5645
02-27-2024 @ 15:58:56 - Row :149 - Processing item.
02-27-2024 @ 15:58:56 - Found simple product object. ID:5645
02-27-2024 @ 15:58:56 - Setting Featured Image. URL:avoid direct sunlight
02-27-2024 @ 15:58:56 - Unable to use image "avoid direct sunlight".
02-27-2024 @ 15:58:56 - Row :149 - Product imported successfully.
02-27-2024 @ 15:58:56 - Row :150 - Parsing item.
02-27-2024 @ 15:58:56 - Importing as new product ID:5649
02-27-2024 @ 15:58:56 - Row :150 - Processing item.
02-27-2024 @ 15:58:56 - Found simple product object. ID:5649
02-27-2024 @ 15:58:56 - Setting Featured Image. URL:vitamins A
02-27-2024 @ 15:58:56 - Unable to use image "vitamins A".
02-27-2024 @ 15:58:56 - Row :150 - Product imported successfully.
02-27-2024 @ 15:58:56 - Row :151 - Parsing item.
02-27-2024 @ 15:58:56 - Importing as new product ID:5653
02-27-2024 @ 15:58:56 - Row :151 - Processing item.
02-27-2024 @ 15:58:56 - Found simple product object. ID:5653
02-27-2024 @ 15:58:56 - Setting Featured Image. URL:and forms a &quot;film&quot; that retains water
02-27-2024 @ 15:58:56 - Unable to use image "and forms a &quot;film&quot; that retains water".
02-27-2024 @ 15:58:57 - Row :151 - Product imported successfully.
02-27-2024 @ 15:58:57 - Row :152 - Parsing item.
02-27-2024 @ 15:58:57 - Importing as new product ID:5665
02-27-2024 @ 15:58:57 - Row :152 - Processing item.
02-27-2024 @ 15:58:57 - Found simple product object. ID:5665
02-27-2024 @ 15:58:57 - Setting Featured Image. URL:Benzyl alcohol
02-27-2024 @ 15:58:57 - Unable to use image "Benzyl alcohol".
02-27-2024 @ 15:58:57 - Row :152 - Product imported successfully.
02-27-2024 @ 15:58:57 - Row :153 - Parsing item.
02-27-2024 @ 15:58:57 - Importing as new product ID:5680
02-27-2024 @ 15:58:57 - Row :153 - Processing item.
02-27-2024 @ 15:58:57 - Found simple product object. ID:5680
02-27-2024 @ 15:58:57 - Setting Featured Image. URL:puikiai dera su sūriais ir vaisiais.</li>	<li>Naudokite tik &scaron";altą</li></ul><p><em>Gali turėti natūralių nuosėdų
02-27-2024 @ 15:58:57 - Unable to use image "puikiai dera su sūriais ir vaisiais.</li>	<li>Naudokite tik &scaron";altą</li></ul><p><em>Gali turėti natūralių nuosėdų".
02-27-2024 @ 15:58:57 - Row :153 - Product imported successfully.
02-27-2024 @ 15:58:57 - Row :154 - Parsing item.
02-27-2024 @ 15:58:57 - Importing as new product ID:5694
02-27-2024 @ 15:58:57 - Row :154 - Processing item.
02-27-2024 @ 15:58:57 - Found simple product object. ID:5694
02-27-2024 @ 15:58:57 - Setting Featured Image. URL:120 g""
02-27-2024 @ 15:58:57 - Unable to use image "120 g""".
02-27-2024 @ 15:58:57 - Row :154 - Product imported successfully.
02-27-2024 @ 15:58:57 - Row :155 - Parsing item.
02-27-2024 @ 15:58:57 - Importing as new product ID:5698
02-27-2024 @ 15:58:57 - Row :155 - Processing item.
02-27-2024 @ 15:58:57 - Found simple product object. ID:5698
02-27-2024 @ 15:58:57 - Row :155 - Product imported successfully.
02-27-2024 @ 15:58:57 - Row :156 - Parsing item.
02-27-2024 @ 15:58:57 - Row :156 - Parsing failed. Reason: Content, title, and excerpt are empty.
02-27-2024 @ 15:58:57 - Row :157 - Parsing item.
02-27-2024 @ 15:58:57 - Importing as new product ID:5718
02-27-2024 @ 15:58:57 - Row :157 - Processing item.
02-27-2024 @ 15:58:57 - Found simple product object. ID:5718
02-27-2024 @ 15:58:57 - Setting Featured Image. URL:Sodium Chloride
02-27-2024 @ 15:58:57 - Unable to use image "Sodium Chloride".
02-27-2024 @ 15:58:57 - Row :157 - Product imported successfully.
02-27-2024 @ 15:58:57 - Row :158 - Parsing item.
02-27-2024 @ 15:58:57 - Importing as new product ID:5725
02-27-2024 @ 15:58:57 - Row :158 - Processing item.
02-27-2024 @ 15:58:57 - Found simple product object. ID:5725
02-27-2024 @ 15:58:57 - Setting Featured Image. URL:tinka &scaron;"velniai ir jautriai odai.</li>	<li>Marula aliejus - &bdquo";Stebuklingas aliejus&ldquo; maitina
02-27-2024 @ 15:58:57 - Unable to use image "tinka &scaron;"velniai ir jautriai odai.</li>	<li>Marula aliejus - &bdquo";Stebuklingas aliejus&ldquo; maitina".
02-27-2024 @ 15:58:57 - Row :158 - Product imported successfully.
02-27-2024 @ 15:58:57 - Row :159 - Parsing item.
02-27-2024 @ 15:58:57 - Importing as new product ID:5728
02-27-2024 @ 15:58:57 - Row :159 - Processing item.
02-27-2024 @ 15:58:57 - Found simple product object. ID:5728
02-27-2024 @ 15:58:57 - Setting Featured Image. URL:Graikinių riešutų aliejus rafinuotas
02-27-2024 @ 15:58:57 - Unable to use image "Graikinių riešutų aliejus rafinuotas".
02-27-2024 @ 15:58:57 - Row :159 - Product imported successfully.
02-27-2024 @ 15:58:57 - Row :160 - Parsing item.
02-27-2024 @ 15:58:57 - Importing as new product ID:5729
02-27-2024 @ 15:58:57 - Row :160 - Processing item.
02-27-2024 @ 15:58:57 - Found simple product object. ID:5729
02-27-2024 @ 15:58:57 - Setting Featured Image. URL:anira-migdolu-aliejus-nerafinuotas-salto-spaudimo-500-ml
02-27-2024 @ 15:58:57 - Unable to use image "anira-migdolu-aliejus-nerafinuotas-salto-spaudimo-500-ml".
02-27-2024 @ 15:58:57 - Row :160 - Product imported successfully.
02-27-2024 @ 15:58:57 - Row :161 - Parsing item.
02-27-2024 @ 15:58:57 - Importing as new product ID:5733
02-27-2024 @ 15:58:57 - Row :161 - Processing item.
02-27-2024 @ 15:58:57 - Found simple product object. ID:5733
02-27-2024 @ 15:58:57 - Setting Featured Image. URL:&nbsp; Glycyrrhiza Glabra
02-27-2024 @ 15:58:57 - Unable to use image "&nbsp; Glycyrrhiza Glabra".
02-27-2024 @ 15:58:57 - Row :161 - Product imported successfully.
02-27-2024 @ 15:58:57 - Row :162 - Parsing item.
02-27-2024 @ 15:58:57 - Importing as new product ID:5738
02-27-2024 @ 15:58:57 - Row :162 - Processing item.
02-27-2024 @ 15:58:57 - Found simple product object. ID:5738
02-27-2024 @ 15:58:57 - Setting Featured Image. URL:Cetearyl Olivate &amp;" Sorbitan Olivate
02-27-2024 @ 15:58:57 - Unable to use image "Cetearyl Olivate &amp;" Sorbitan Olivate".
02-27-2024 @ 15:58:57 - Row :162 - Product imported successfully.
02-27-2024 @ 15:58:57 - Row :163 - Parsing item.
02-27-2024 @ 15:58:57 - Importing as new product ID:5744
02-27-2024 @ 15:58:57 - Row :163 - Processing item.
02-27-2024 @ 15:58:57 - Found simple product object. ID:5744
02-27-2024 @ 15:58:57 - Setting Featured Image. URL:in a dry
02-27-2024 @ 15:58:57 - Unable to use image "in a dry".
02-27-2024 @ 15:58:57 - Row :163 - Product imported successfully.
02-27-2024 @ 15:58:57 - Row :164 - Parsing item.
02-27-2024 @ 15:58:57 - Importing as new product ID:5746
02-27-2024 @ 15:58:57 - Row :164 - Processing item.
02-27-2024 @ 15:58:57 - Found simple product object. ID:5746
02-27-2024 @ 15:58:57 - Setting Featured Image. URL:massage
02-27-2024 @ 15:58:57 - Unable to use image "massage".
02-27-2024 @ 15:58:58 - Row :164 - Product imported successfully.
02-27-2024 @ 15:58:58 - Row :165 - Parsing item.
02-27-2024 @ 15:58:58 - Importing as new product ID:5767
02-27-2024 @ 15:58:58 - Row :165 - Processing item.
02-27-2024 @ 15:58:58 - Found simple product object. ID:5767
02-27-2024 @ 15:58:58 - Setting Featured Image. URL:Polyacrylate Crosspolymer-6
02-27-2024 @ 15:58:58 - Unable to use image "Polyacrylate Crosspolymer-6".
02-27-2024 @ 15:58:58 - Row :165 - Product imported successfully.
02-27-2024 @ 15:58:58 - Row :166 - Parsing item.
02-27-2024 @ 15:58:58 - Importing as new product ID:5789
02-27-2024 @ 15:58:58 - Row :166 - Processing item.
02-27-2024 @ 15:58:58 - Found simple product object. ID:5789
02-27-2024 @ 15:58:58 - Setting Featured Image. URL:50 g""
02-27-2024 @ 15:58:58 - Unable to use image "50 g""".
02-27-2024 @ 15:58:58 - Row :166 - Product imported successfully.
02-27-2024 @ 15:58:58 - Row :167 - Parsing item.
02-27-2024 @ 15:58:58 - Importing as new product ID:5791
02-27-2024 @ 15:58:58 - Row :167 - Processing item.
02-27-2024 @ 15:58:58 - Found simple product object. ID:5791
02-27-2024 @ 15:58:58 - Setting Featured Image. URL:<p>Levandų gėlės yra mažos
02-27-2024 @ 15:58:58 - Unable to use image "<p>Levandų gėlės yra mažos".
02-27-2024 @ 15:58:58 - Row :167 - Product imported successfully.
02-27-2024 @ 15:58:58 - Row :168 - Parsing item.
02-27-2024 @ 15:58:58 - Importing as new product ID:5795
02-27-2024 @ 15:58:58 - Row :168 - Processing item.
02-27-2024 @ 15:58:58 - Found simple product object. ID:5795
02-27-2024 @ 15:58:58 - Setting Featured Image. URL:<p><em>Malva sylvestris flos </em>yra kitaip vadinama mi&scaron";kinė dede&scaron;va. &Scaron;ios gėlės būna baltos
02-27-2024 @ 15:58:58 - Unable to use image "<p><em>Malva sylvestris flos </em>yra kitaip vadinama mi&scaron";kinė dede&scaron;va. &Scaron;ios gėlės būna baltos".
02-27-2024 @ 15:58:58 - Row :168 - Product imported successfully.
02-27-2024 @ 15:58:58 - Row :169 - Parsing item.
02-27-2024 @ 15:58:58 - Importing as new product ID:5805
02-27-2024 @ 15:58:58 - Row :169 - Processing item.
02-27-2024 @ 15:58:58 - Found simple product object. ID:5805
02-27-2024 @ 15:58:58 - Setting Featured Image. URL:<p>Ramunėlių žiedai (nesmulkinti)
02-27-2024 @ 15:58:58 - Unable to use image "<p>Ramunėlių žiedai (nesmulkinti)".
02-27-2024 @ 15:58:58 - Row :169 - Product imported successfully.
02-27-2024 @ 15:58:58 - Row :170 - Parsing item.
02-27-2024 @ 15:58:58 - Importing as new product ID:5816
02-27-2024 @ 15:58:58 - Row :170 - Processing item.
02-27-2024 @ 15:58:58 - Found simple product object. ID:5816
02-27-2024 @ 15:58:58 - Setting Featured Image. URL:<p>Smulkintos &scaron";aknys</p><p>Astragalus yra augalas
02-27-2024 @ 15:58:58 - Unable to use image "<p>Smulkintos &scaron";aknys</p><p>Astragalus yra augalas".
02-27-2024 @ 15:58:58 - Row :170 - Product imported successfully.
02-27-2024 @ 15:58:58 - Row :171 - Parsing item.
02-27-2024 @ 15:58:58 - Importing as new product ID:5824
02-27-2024 @ 15:58:58 - Row :171 - Processing item.
02-27-2024 @ 15:58:58 - Found simple product object. ID:5824
02-27-2024 @ 15:58:58 - Setting Featured Image. URL:50 g""
02-27-2024 @ 15:58:58 - Unable to use image "50 g""".
02-27-2024 @ 15:58:58 - Row :171 - Product imported successfully.
02-27-2024 @ 15:58:58 - Row :172 - Parsing item.
02-27-2024 @ 15:58:58 - Importing as new product ID:5854
02-27-2024 @ 15:58:58 - Row :172 - Processing item.
02-27-2024 @ 15:58:58 - Found simple product object. ID:5854
02-27-2024 @ 15:58:58 - Setting Featured Image. URL:60 tablečių""
02-27-2024 @ 15:58:58 - Unable to use image "60 tablečių""".
02-27-2024 @ 15:58:58 - Row :172 - Product imported successfully.
02-27-2024 @ 15:58:58 - Row :173 - Parsing item.
02-27-2024 @ 15:58:58 - Importing as new product ID:5858
02-27-2024 @ 15:58:58 - Row :173 - Processing item.
02-27-2024 @ 15:58:58 - Found simple product object. ID:5858
02-27-2024 @ 15:58:59 - Row :173 - Product imported successfully.
02-27-2024 @ 15:58:59 - Row :174 - Parsing item.
02-27-2024 @ 15:58:59 - Importing as new product ID:5874
02-27-2024 @ 15:58:59 - Row :174 - Processing item.
02-27-2024 @ 15:58:59 - Found simple product object. ID:5874
02-27-2024 @ 15:58:59 - Row :174 - Product imported successfully.
02-27-2024 @ 15:58:59 - Row :175 - Parsing item.
02-27-2024 @ 15:58:59 - Importing as new product ID:5881
02-27-2024 @ 15:58:59 - Row :175 - Processing item.
02-27-2024 @ 15:58:59 - Found simple product object. ID:5881
02-27-2024 @ 15:58:59 - Row :175 - Product imported successfully.
02-27-2024 @ 15:58:59 - Row :176 - Parsing item.
02-27-2024 @ 15:58:59 - Importing as new product ID:5882
02-27-2024 @ 15:58:59 - Row :176 - Processing item.
02-27-2024 @ 15:58:59 - Found simple product object. ID:5882
02-27-2024 @ 15:58:59 - Setting Featured Image. URL:atpalaiduoja ir aktyvina po nuovargio. Ypač tinka po fizinio streso ar krūvio. Rausvos konsistencijos. Raudonojo čili ekstraktas taip pat suteikia malonų &scaron;"ildantį poveikį</p><ul>	<li>Su čili ekstraktu</li>	<li>Su eukalipto aliejumi ir mentoliu</li></ul><p><strong>Naudojimas: </strong>skirtas tik i&scaron";oriniam naudojimui. Užtepkite įtemptas kūno vietas ir leiskite balzamui suveikti.</p><p><strong>Esant įtampai: </strong>didelį plotą patepkite arklio balzamu 2-3 kartus per dieną
02-27-2024 @ 15:58:59 - Unable to use image "atpalaiduoja ir aktyvina po nuovargio. Ypač tinka po fizinio streso ar krūvio. Rausvos konsistencijos. Raudonojo čili ekstraktas taip pat suteikia malonų &scaron;"ildantį poveikį</p><ul>	<li>Su čili ekstraktu</li>	<li>Su eukalipto aliejumi ir mentoliu</li></ul><p><strong>Naudojimas: </strong>skirtas tik i&scaron";oriniam naudojimui. Užtepkite įtemptas kūno vietas ir leiskite balzamui suveikti.</p><p><strong>Esant įtampai: </strong>didelį plotą patepkite arklio balzamu 2-3 kartus per dieną".
02-27-2024 @ 15:58:59 - Row :176 - Product imported successfully.
02-27-2024 @ 15:58:59 - Row :177 - Parsing item.
02-27-2024 @ 15:58:59 - Importing as new product ID:5883
02-27-2024 @ 15:58:59 - Row :177 - Processing item.
02-27-2024 @ 15:58:59 - Found simple product object. ID:5883
02-27-2024 @ 15:58:59 - Setting Featured Image. URL:Bio-Vital kremas kojoms su vynmedžių lapų ir vynuogių kauliukų aliejumi
02-27-2024 @ 15:58:59 - Unable to use image "Bio-Vital kremas kojoms su vynmedžių lapų ir vynuogių kauliukų aliejumi".
02-27-2024 @ 15:58:59 - Row :177 - Product imported successfully.
02-27-2024 @ 15:58:59 - Row :178 - Parsing item.
02-27-2024 @ 15:58:59 - Importing as new product ID:5889
02-27-2024 @ 15:58:59 - Row :178 - Processing item.
02-27-2024 @ 15:58:59 - Found simple product object. ID:5889
02-27-2024 @ 15:58:59 - Setting Featured Image. URL:rinse well with plenty of water.</p><p><strong>Ingredients (INCI): </strong>Aqua
02-27-2024 @ 15:58:59 - Unable to use image "rinse well with plenty of water.</p><p><strong>Ingredients (INCI): </strong>Aqua".
02-27-2024 @ 15:58:59 - Row :178 - Product imported successfully.
02-27-2024 @ 15:58:59 - Row :179 - Parsing item.
02-27-2024 @ 15:58:59 - Importing as new product ID:5890
02-27-2024 @ 15:58:59 - Row :179 - Processing item.
02-27-2024 @ 15:58:59 - Found simple product object. ID:5890
02-27-2024 @ 15:58:59 - Setting Featured Image. URL:Pinus Pumila Regel Oil
02-27-2024 @ 15:58:59 - Unable to use image "Pinus Pumila Regel Oil".
02-27-2024 @ 15:58:59 - Row :179 - Product imported successfully.
02-27-2024 @ 15:58:59 - Row :180 - Parsing item.
02-27-2024 @ 15:58:59 - Importing as new product ID:5891
02-27-2024 @ 15:58:59 - Row :180 - Processing item.
02-27-2024 @ 15:58:59 - Found simple product object. ID:5891
02-27-2024 @ 15:58:59 - Setting Featured Image. URL:which is not</p><p><strong>Ingredients (INCI): </strong>Aqua
02-27-2024 @ 15:58:59 - Unable to use image "which is not</p><p><strong>Ingredients (INCI): </strong>Aqua".
02-27-2024 @ 15:58:59 - Row :180 - Product imported successfully.
02-27-2024 @ 15:58:59 - Row :181 - Parsing item.
02-27-2024 @ 15:58:59 - Importing as new product ID:5892
02-27-2024 @ 15:58:59 - Row :181 - Processing item.
02-27-2024 @ 15:58:59 - Found simple product object. ID:5892
02-27-2024 @ 15:58:59 - Setting Featured Image. URL:turi tonizuojantį
02-27-2024 @ 15:58:59 - Unable to use image "turi tonizuojantį".
02-27-2024 @ 15:58:59 - Row :181 - Product imported successfully.
02-27-2024 @ 15:58:59 - Row :182 - Parsing item.
02-27-2024 @ 15:58:59 - Importing as new product ID:5908
02-27-2024 @ 15:58:59 - Row :182 - Processing item.
02-27-2024 @ 15:58:59 - Found simple product object. ID:5908
02-27-2024 @ 15:58:59 - Setting Featured Image. URL:Lactic Acid
02-27-2024 @ 15:58:59 - Unable to use image "Lactic Acid".
02-27-2024 @ 15:58:59 - Row :182 - Product imported successfully.
02-27-2024 @ 15:58:59 - Row :183 - Parsing item.
02-27-2024 @ 15:58:59 - Importing as new product ID:5912
02-27-2024 @ 15:58:59 - Row :183 - Processing item.
02-27-2024 @ 15:58:59 - Found simple product object. ID:5912
02-27-2024 @ 15:58:59 - Setting Featured Image. URL:Cetearyl Alcohol
02-27-2024 @ 15:58:59 - Unable to use image "Cetearyl Alcohol".
02-27-2024 @ 15:58:59 - Row :183 - Product imported successfully.
02-27-2024 @ 15:58:59 - Row :184 - Parsing item.
02-27-2024 @ 15:58:59 - Importing as new product ID:5986
02-27-2024 @ 15:58:59 - Row :184 - Processing item.
02-27-2024 @ 15:58:59 - Found simple product object. ID:5986
02-27-2024 @ 15:58:59 - Setting Featured Image. URL:<strong>laktozės
02-27-2024 @ 15:58:59 - Unable to use image "<strong>laktozės".
02-27-2024 @ 15:58:59 - Row :184 - Product imported successfully.
02-27-2024 @ 15:58:59 - Row :185 - Parsing item.
02-27-2024 @ 15:58:59 - Importing as new product ID:5987
02-27-2024 @ 15:58:59 - Row :185 - Processing item.
02-27-2024 @ 15:58:59 - Found simple product object. ID:5987
02-27-2024 @ 15:58:59 - Row :185 - Processing failed. Reason: Invalid or duplicated SKU.
02-27-2024 @ 15:58:59 - Row :186 - Parsing item.
02-27-2024 @ 15:58:59 - Importing as new product ID:5993
02-27-2024 @ 15:58:59 - Row :186 - Processing item.
02-27-2024 @ 15:58:59 - Found simple product object. ID:5993
02-27-2024 @ 15:58:59 - Row :186 - Processing failed. Reason: Invalid or duplicated SKU.
02-27-2024 @ 15:58:59 - Row :187 - Parsing item.
02-27-2024 @ 15:58:59 - Importing as new product ID:6010
02-27-2024 @ 15:58:59 - Row :187 - Processing item.
02-27-2024 @ 15:58:59 - Found simple product object. ID:6010
02-27-2024 @ 15:58:59 - Row :187 - Product imported successfully.
02-27-2024 @ 15:58:59 - Row :188 - Parsing item.
02-27-2024 @ 15:58:59 - Importing as new product ID:6014
02-27-2024 @ 15:58:59 - Row :188 - Processing item.
02-27-2024 @ 15:58:59 - Found simple product object. ID:6014
02-27-2024 @ 15:59:00 - Row :188 - Product imported successfully.
02-27-2024 @ 15:59:00 - Row :189 - Parsing item.
02-27-2024 @ 15:59:00 - Row :189 - Parsing failed. Reason: Content, title, and excerpt are empty.
02-27-2024 @ 15:59:00 - Row :190 - Parsing item.
02-27-2024 @ 15:59:00 - Importing as new product ID:6023
02-27-2024 @ 15:59:00 - Row :190 - Processing item.
02-27-2024 @ 15:59:00 - Found simple product object. ID:6023
02-27-2024 @ 15:59:00 - Setting Featured Image. URL:vėžiagyvių
02-27-2024 @ 15:59:00 - Unable to use image "vėžiagyvių".
02-27-2024 @ 15:59:00 - Row :190 - Product imported successfully.
02-27-2024 @ 15:59:00 - Row :191 - Parsing item.
02-27-2024 @ 15:59:00 - Importing as new product ID:6024
02-27-2024 @ 15:59:00 - Row :191 - Processing item.
02-27-2024 @ 15:59:00 - Found simple product object. ID:6024
02-27-2024 @ 15:59:00 - Setting Featured Image. URL:50 g""
02-27-2024 @ 15:59:00 - Unable to use image "50 g""".
02-27-2024 @ 15:59:00 - Row :191 - Product imported successfully.
02-27-2024 @ 15:59:00 - Row :192 - Parsing item.
02-27-2024 @ 15:59:00 - Importing as new product ID:6035
02-27-2024 @ 15:59:00 - Row :192 - Processing item.
02-27-2024 @ 15:59:00 - Found simple product object. ID:6035
02-27-2024 @ 15:59:00 - Setting Featured Image. URL:valerian
02-27-2024 @ 15:59:00 - Unable to use image "valerian".
02-27-2024 @ 15:59:00 - Row :192 - Product imported successfully.
02-27-2024 @ 15:59:00 - Row :193 - Parsing item.
02-27-2024 @ 15:59:00 - Importing as new product ID:6037
02-27-2024 @ 15:59:00 - Row :193 - Processing item.
02-27-2024 @ 15:59:00 - Found simple product object. ID:6037
02-27-2024 @ 15:59:00 - Setting Featured Image. URL:<p><strong>&Scaron";eivamedžių žiedai gali padėti palaikyti normalią imuninės sistemos veiklą.</strong></p><p><strong>Sudedamosios dalys:&nbsp;</strong>100 %&nbsp;smulkinti juoduogių &scaron;eivamedžių&nbsp;<em>(Sambucus nigra)&nbsp;</em>žiedai.</p><p><strong>Vartojimas: </strong>arbata: arbatą užpilkite virintu vandeniu (1 arbatinis &scaron;auk&scaron;telis).&nbsp;Virkite 10-15 minučių uždengę.&nbsp;Gerti 1-2 kartus per dieną.</p><p><strong>Įspėjimai:&nbsp;</strong>produkte gali būti pieno (įskaitant laktozę)
02-27-2024 @ 15:59:00 - Unable to use image "<p><strong>&Scaron";eivamedžių žiedai gali padėti palaikyti normalią imuninės sistemos veiklą.</strong></p><p><strong>Sudedamosios dalys:&nbsp;</strong>100 %&nbsp;smulkinti juoduogių &scaron;eivamedžių&nbsp;<em>(Sambucus nigra)&nbsp;</em>žiedai.</p><p><strong>Vartojimas: </strong>arbata: arbatą užpilkite virintu vandeniu (1 arbatinis &scaron;auk&scaron;telis).&nbsp;Virkite 10-15 minučių uždengę.&nbsp;Gerti 1-2 kartus per dieną.</p><p><strong>Įspėjimai:&nbsp;</strong>produkte gali būti pieno (įskaitant laktozę)".
02-27-2024 @ 15:59:00 - Row :193 - Product imported successfully.
02-27-2024 @ 15:59:00 - Row :194 - Parsing item.
02-27-2024 @ 15:59:00 - Importing as new product ID:6044
02-27-2024 @ 15:59:00 - Row :194 - Processing item.
02-27-2024 @ 15:59:00 - Found simple product object. ID:6044
02-27-2024 @ 15:59:00 - Setting Featured Image. URL:staple sedge (maitake) powder
02-27-2024 @ 15:59:00 - Unable to use image "staple sedge (maitake) powder".
02-27-2024 @ 15:59:00 - Row :194 - Product imported successfully.
02-27-2024 @ 15:59:00 - Row :195 - Parsing item.
02-27-2024 @ 15:59:00 - Importing as new product ID:6074
02-27-2024 @ 15:59:00 - Row :195 - Processing item.
02-27-2024 @ 15:59:00 - Found simple product object. ID:6074
02-27-2024 @ 15:59:00 - Row :195 - Product imported successfully.
02-27-2024 @ 15:59:00 - Row :196 - Parsing item.
02-27-2024 @ 15:59:00 - Importing as new product ID:6137
02-27-2024 @ 15:59:00 - Row :196 - Processing item.
02-27-2024 @ 15:59:00 - Found simple product object. ID:6137
02-27-2024 @ 15:59:00 - Setting Featured Image. URL:Vakarinis valerijonas
02-27-2024 @ 15:59:00 - Unable to use image "Vakarinis valerijonas".
02-27-2024 @ 15:59:00 - Row :196 - Product imported successfully.
02-27-2024 @ 15:59:00 - Row :197 - Parsing item.
02-27-2024 @ 15:59:00 - Importing as new product ID:6150
02-27-2024 @ 15:59:00 - Row :197 - Processing item.
02-27-2024 @ 15:59:00 - Found simple product object. ID:6150
02-27-2024 @ 15:59:00 - Row :197 - Product imported successfully.
02-27-2024 @ 15:59:00 - Row :198 - Parsing item.
02-27-2024 @ 15:59:00 - Importing as new product ID:6168
02-27-2024 @ 15:59:00 - Row :198 - Processing item.
02-27-2024 @ 15:59:00 - Found simple product object. ID:6168
02-27-2024 @ 15:59:00 - Setting Featured Image. URL:For colouring hair
02-27-2024 @ 15:59:00 - Unable to use image "For colouring hair".
02-27-2024 @ 15:59:00 - Row :198 - Product imported successfully.
02-27-2024 @ 15:59:00 - Row :199 - Parsing item.
02-27-2024 @ 15:59:00 - Importing as new product ID:6228
02-27-2024 @ 15:59:00 - Row :199 - Processing item.
02-27-2024 @ 15:59:00 - Found simple product object. ID:6228
02-27-2024 @ 15:59:00 - Setting Featured Image. URL:and silicon dioxide.</p><table border=""""1"""" bordercolor=""""#ccc"""" cellpadding=""""5"""" cellspacing=""""0"""" style=""""border-collapse:collapse"""">	<tbody>		<tr>			<td>			<p style=""""text-align:center"""">&nbsp";"</p>			</td>			<td>			<p style=""""text-align:center""""><strong>6 tablets </strong></p>			</td>			<td>			<p style=""""text-align:center""""><strong>NRV*</strong></p>			</td>		</tr>		<tr>			<td><strong>Brewer&#39";"s yeast</strong></td>			<td>			<p style=""""text-align:center"""">3000 mg</p>			</td>			<td>			<p style=""""text-align:center"""">**</p>			</td>		</tr>		<tr>			<td><strong>Vitamin C</strong></td>			<td style=""""text-align:center"""">28
02-27-2024 @ 15:59:00 - Unable to use image "and silicon dioxide.</p><table border=""""1"""" bordercolor=""""#ccc"""" cellpadding=""""5"""" cellspacing=""""0"""" style=""""border-collapse:collapse"""">	<tbody>		<tr>			<td>			<p style=""""text-align:center"""">&nbsp";"</p>			</td>			<td>			<p style=""""text-align:center""""><strong>6 tablets </strong></p>			</td>			<td>			<p style=""""text-align:center""""><strong>NRV*</strong></p>			</td>		</tr>		<tr>			<td><strong>Brewer&#39";"s yeast</strong></td>			<td>			<p style=""""text-align:center"""">3000 mg</p>			</td>			<td>			<p style=""""text-align:center"""">**</p>			</td>		</tr>		<tr>			<td><strong>Vitamin C</strong></td>			<td style=""""text-align:center"""">28".
02-27-2024 @ 15:59:00 - Row :199 - Product imported successfully.
02-27-2024 @ 15:59:00 - ---[ Import ended at 2024-02-27 15:59:00]---
