02-27-2024 @ 16:18:03 - ---[ New import started at 2024-02-27 16:18:03 ] PHP Memory: 256 MB, WP Memory: 40 MB
02-27-2024 @ 16:18:03 - Preparing for import.
02-27-2024 @ 16:18:03 - Row :1 - Parsing item.
02-27-2024 @ 16:18:03 - Importing as new product ID:4013
02-27-2024 @ 16:18:03 - Row :1 - Processing item.
02-27-2024 @ 16:18:03 - Found simple product object. ID:4013
02-27-2024 @ 16:18:03 - Setting Featured Image. URL:torg-lains-masazuoklis-kunui-stebuklinga-pirstine-1-vnt
02-27-2024 @ 16:18:03 - Unable to use image "torg-lains-masazuoklis-kunui-stebuklinga-pirstine-1-vnt".
02-27-2024 @ 16:18:03 - Row :1 - Product imported successfully.
02-27-2024 @ 16:18:03 - Row :2 - Parsing item.
02-27-2024 @ 16:18:03 - Importing as new product ID:4035
02-27-2024 @ 16:18:03 - Row :2 - Processing item.
02-27-2024 @ 16:18:03 - Found simple product object. ID:4035
02-27-2024 @ 16:18:03 - Setting Featured Image. URL:50 g""
02-27-2024 @ 16:18:03 - Unable to use image "50 g""".
02-27-2024 @ 16:18:03 - Row :2 - Product imported successfully.
02-27-2024 @ 16:18:03 - Row :3 - Parsing item.
02-27-2024 @ 16:18:03 - Importing as new product ID:39622
02-27-2024 @ 16:18:03 - Row :3 - Processing item.
02-27-2024 @ 16:18:03 - Found simple product object. ID:39622
02-27-2024 @ 16:18:03 - Setting Featured Image. URL:antiviral
02-27-2024 @ 16:18:03 - Unable to use image "antiviral".
02-27-2024 @ 16:18:04 - Row :3 - Product imported successfully.
02-27-2024 @ 16:18:04 - Row :4 - Parsing item.
02-27-2024 @ 16:18:04 - Importing as new product ID:39623
02-27-2024 @ 16:18:04 - Row :4 - Processing item.
02-27-2024 @ 16:18:04 - Found simple product object. ID:39623
02-27-2024 @ 16:18:04 - Setting Featured Image. URL:<p>Žolelių arbata &bdquo";Rodiola&ldquo;
02-27-2024 @ 16:18:04 - Unable to use image "<p>Žolelių arbata &bdquo";Rodiola&ldquo;".
02-27-2024 @ 16:18:04 - Row :4 - Product imported successfully.
02-27-2024 @ 16:18:04 - Row :5 - Parsing item.
02-27-2024 @ 16:18:04 - Importing as new product ID:4207
02-27-2024 @ 16:18:04 - Row :5 - Processing item.
02-27-2024 @ 16:18:04 - Found simple product object. ID:4207
02-27-2024 @ 16:18:04 - Setting Featured Image. URL:omega
02-27-2024 @ 16:18:04 - Unable to use image "omega".
02-27-2024 @ 16:18:04 - Row :5 - Product imported successfully.
02-27-2024 @ 16:18:04 - Row :6 - Parsing item.
02-27-2024 @ 16:18:04 - Importing as new product ID:39624
02-27-2024 @ 16:18:04 - Row :6 - Processing item.
02-27-2024 @ 16:18:04 - Found simple product object. ID:39624
02-27-2024 @ 16:18:04 - Setting Featured Image. URL:<p>Maisto papildas su augaliniais steroliais</p><p>Cholesterolio koncentracijai palaikyti</p><p><strong>Augaliniai steroliai padeda palaikyti normalią
02-27-2024 @ 16:18:04 - Unable to use image "<p>Maisto papildas su augaliniais steroliais</p><p>Cholesterolio koncentracijai palaikyti</p><p><strong>Augaliniai steroliai padeda palaikyti normalią".
02-27-2024 @ 16:18:04 - Row :6 - Product imported successfully.
02-27-2024 @ 16:18:04 - Row :7 - Parsing item.
02-27-2024 @ 16:18:04 - Row :7 - Parsing failed. Reason: Content, title, and excerpt are empty.
02-27-2024 @ 16:18:04 - Row :8 - Parsing item.
02-27-2024 @ 16:18:04 - Row :8 - Parsing failed. Reason: Content, title, and excerpt are empty.
02-27-2024 @ 16:18:04 - Row :9 - Parsing item.
02-27-2024 @ 16:18:04 - Importing as new product ID:39625
02-27-2024 @ 16:18:04 - Row :9 - Processing item.
02-27-2024 @ 16:18:04 - Found simple product object. ID:39625
02-27-2024 @ 16:18:04 - Setting Featured Image. URL:the fruit of long pepper <em>(Piper tonguin)</em>
02-27-2024 @ 16:18:04 - Unable to use image "the fruit of long pepper <em>(Piper tonguin)</em>".
02-27-2024 @ 16:18:04 - Row :9 - Product imported successfully.
02-27-2024 @ 16:18:04 - Row :10 - Parsing item.
02-27-2024 @ 16:18:04 - Importing as new product ID:39626
02-27-2024 @ 16:18:04 - Row :10 - Processing item.
02-27-2024 @ 16:18:04 - Found simple product object. ID:39626
02-27-2024 @ 16:18:04 - Setting Featured Image. URL:bones
02-27-2024 @ 16:18:04 - Unable to use image "bones".
02-27-2024 @ 16:18:04 - Row :10 - Product imported successfully.
02-27-2024 @ 16:18:04 - Row :11 - Parsing item.
02-27-2024 @ 16:18:04 - Importing as new product ID:39627
02-27-2024 @ 16:18:04 - Row :11 - Processing item.
02-27-2024 @ 16:18:04 - Found simple product object. ID:39627
02-27-2024 @ 16:18:04 - Setting Featured Image. URL:sweetener sucralose
02-27-2024 @ 16:18:04 - Unable to use image "sweetener sucralose".
02-27-2024 @ 16:18:04 - Row :11 - Product imported successfully.
02-27-2024 @ 16:18:04 - Row :12 - Parsing item.
02-27-2024 @ 16:18:04 - Importing as new product ID:39628
02-27-2024 @ 16:18:04 - Row :12 - Processing item.
02-27-2024 @ 16:18:04 - Found simple product object. ID:39628
02-27-2024 @ 16:18:04 - Setting Featured Image. URL:cartilage
02-27-2024 @ 16:18:04 - Unable to use image "cartilage".
02-27-2024 @ 16:18:04 - Row :12 - Product imported successfully.
02-27-2024 @ 16:18:04 - Row :13 - Parsing item.
02-27-2024 @ 16:18:04 - Importing as new product ID:39629
02-27-2024 @ 16:18:04 - Row :13 - Processing item.
02-27-2024 @ 16:18:04 - Found simple product object. ID:39629
02-27-2024 @ 16:18:04 - Setting Featured Image. URL:NikSen dviskiautis ginkmedis (ginkgo biloba)
02-27-2024 @ 16:18:04 - Unable to use image "NikSen dviskiautis ginkmedis (ginkgo biloba)".
02-27-2024 @ 16:18:04 - Row :13 - Product imported successfully.
02-27-2024 @ 16:18:04 - Row :14 - Parsing item.
02-27-2024 @ 16:18:04 - Row :14 - Parsing failed. Reason: Content, title, and excerpt are empty.
02-27-2024 @ 16:18:04 - Row :15 - Parsing item.
02-27-2024 @ 16:18:04 - Importing as new product ID:39630
02-27-2024 @ 16:18:04 - Row :15 - Processing item.
02-27-2024 @ 16:18:04 - Found simple product object. ID:39630
02-27-2024 @ 16:18:04 - Setting Featured Image. URL:%): </strong>50 mg (313 %) of niacin (vitamin B3)
02-27-2024 @ 16:18:04 - Unable to use image "%): </strong>50 mg (313 %) of niacin (vitamin B3)".
02-27-2024 @ 16:18:04 - Row :15 - Product imported successfully.
02-27-2024 @ 16:18:04 - Row :16 - Parsing item.
02-27-2024 @ 16:18:04 - Row :16 - Processing item.
02-27-2024 @ 16:18:04 - Found simple product object. ID:39629
02-27-2024 @ 16:18:04 - Setting Featured Image. URL:Žiūrėti daugiau""
02-27-2024 @ 16:18:04 - Unable to use image "Žiūrėti daugiau""".
02-27-2024 @ 16:18:04 - Row :16 - Product updated successfully.
02-27-2024 @ 16:18:04 - Row :17 - Parsing item.
02-27-2024 @ 16:18:04 - Row :17 - Parsing failed. Reason: Content, title, and excerpt are empty.
02-27-2024 @ 16:18:04 - Row :18 - Parsing item.
02-27-2024 @ 16:18:04 - Importing as new product ID:39631
02-27-2024 @ 16:18:04 - Row :18 - Processing item.
02-27-2024 @ 16:18:04 - Found simple product object. ID:39631
02-27-2024 @ 16:18:04 - Setting Featured Image. URL:imunitetui
02-27-2024 @ 16:18:04 - Unable to use image "imunitetui".
02-27-2024 @ 16:18:04 - Row :18 - Product imported successfully.
02-27-2024 @ 16:18:04 - Row :19 - Parsing item.
02-27-2024 @ 16:18:04 - Row :19 - Processing item.
02-27-2024 @ 16:18:04 - Found simple product object. ID:39629
02-27-2024 @ 16:18:04 - Setting Featured Image. URL:Žiūrėti daugiau""
02-27-2024 @ 16:18:04 - Unable to use image "Žiūrėti daugiau""".
02-27-2024 @ 16:18:04 - Row :19 - Product updated successfully.
02-27-2024 @ 16:18:04 - Row :20 - Parsing item.
02-27-2024 @ 16:18:04 - Row :20 - Processing item.
02-27-2024 @ 16:18:04 - Found simple product object. ID:39629
02-27-2024 @ 16:18:04 - Setting Featured Image. URL:Evalar zolotoje altajaus mumijo 100 % (Shilajit)
02-27-2024 @ 16:18:04 - Unable to use image "Evalar zolotoje altajaus mumijo 100 % (Shilajit)".
02-27-2024 @ 16:18:04 - Row :20 - Product updated successfully.
02-27-2024 @ 16:18:04 - Row :21 - Parsing item.
02-27-2024 @ 16:18:04 - Importing as new product ID:39632
02-27-2024 @ 16:18:04 - Row :21 - Processing item.
02-27-2024 @ 16:18:04 - Found simple product object. ID:39632
02-27-2024 @ 16:18:04 - Row :21 - Product imported successfully.
02-27-2024 @ 16:18:04 - Row :22 - Parsing item.
02-27-2024 @ 16:18:04 - Row :22 - Processing item.
02-27-2024 @ 16:18:04 - Found simple product object. ID:39629
02-27-2024 @ 16:18:04 - Setting Featured Image. URL:Žiūrėti daugiau""
02-27-2024 @ 16:18:04 - Unable to use image "Žiūrėti daugiau""".
02-27-2024 @ 16:18:04 - Row :22 - Product updated successfully.
02-27-2024 @ 16:18:04 - Row :23 - Parsing item.
02-27-2024 @ 16:18:04 - Row :23 - Processing item.
02-27-2024 @ 16:18:04 - Found simple product object. ID:39629
02-27-2024 @ 16:18:04 - Setting Featured Image. URL:Žiūrėti daugiau""
02-27-2024 @ 16:18:04 - Unable to use image "Žiūrėti daugiau""".
02-27-2024 @ 16:18:04 - Row :23 - Product updated successfully.
02-27-2024 @ 16:18:04 - Row :24 - Parsing item.
02-27-2024 @ 16:18:04 - Row :24 - Processing item.
02-27-2024 @ 16:18:04 - Found simple product object. ID:39629
02-27-2024 @ 16:18:04 - Setting Featured Image. URL:Žiūrėti daugiau""
02-27-2024 @ 16:18:04 - Unable to use image "Žiūrėti daugiau""".
02-27-2024 @ 16:18:04 - Row :24 - Product updated successfully.
02-27-2024 @ 16:18:04 - Row :25 - Parsing item.
02-27-2024 @ 16:18:05 - Importing as new product ID:39633
02-27-2024 @ 16:18:05 - Row :25 - Processing item.
02-27-2024 @ 16:18:05 - Found simple product object. ID:39633
02-27-2024 @ 16:18:05 - Setting Featured Image. URL:stapharma-vitaminum-a-e-strong-30-kapsuliu
02-27-2024 @ 16:18:05 - Unable to use image "stapharma-vitaminum-a-e-strong-30-kapsuliu".
02-27-2024 @ 16:18:05 - Row :25 - Product imported successfully.
02-27-2024 @ 16:18:05 - Row :26 - Parsing item.
02-27-2024 @ 16:18:05 - Importing as new product ID:39634
02-27-2024 @ 16:18:05 - Row :26 - Processing item.
02-27-2024 @ 16:18:05 - Found simple product object. ID:39634
02-27-2024 @ 16:18:05 - Setting Featured Image. URL:30 kapsulių""
02-27-2024 @ 16:18:05 - Unable to use image "30 kapsulių""".
02-27-2024 @ 16:18:05 - Row :26 - Product imported successfully.
02-27-2024 @ 16:18:05 - Row :27 - Parsing item.
02-27-2024 @ 16:18:05 - Importing as new product ID:39635
02-27-2024 @ 16:18:05 - Row :27 - Processing item.
02-27-2024 @ 16:18:05 - Found simple product object. ID:39635
02-27-2024 @ 16:18:05 - Row :27 - Product imported successfully.
02-27-2024 @ 16:18:05 - Row :28 - Parsing item.
02-27-2024 @ 16:18:05 - Importing as new product ID:4374
02-27-2024 @ 16:18:05 - Row :28 - Processing item.
02-27-2024 @ 16:18:05 - Found simple product object. ID:4374
02-27-2024 @ 16:18:05 - Setting Featured Image. URL:<p>Kūno gelis-balzamas &bdquo";Lo&scaron;adinaje zdorovie rasgibatel&ldquo;" naudojamas visiems odos tipams.</p><p><strong>Naudojimo būdas:</strong> nedidelį kiekį masažuojančiais judesiais įtrinti į odą.</p><p><strong>Atsargumo įspėjimai: </strong>individualus komponentų nesuderinamumas. Saugoti nuo vaikų. Vengti patekimo į akis.</p><p><strong>Sudėtis:</strong> žiūrėti ant pakuotės.</p><p><strong>Geriausias iki pabaigos:</strong> 24 mėn. nuo pagaminimo datos
02-27-2024 @ 16:18:05 - Unable to use image "<p>Kūno gelis-balzamas &bdquo";Lo&scaron;adinaje zdorovie rasgibatel&ldquo;" naudojamas visiems odos tipams.</p><p><strong>Naudojimo būdas:</strong> nedidelį kiekį masažuojančiais judesiais įtrinti į odą.</p><p><strong>Atsargumo įspėjimai: </strong>individualus komponentų nesuderinamumas. Saugoti nuo vaikų. Vengti patekimo į akis.</p><p><strong>Sudėtis:</strong> žiūrėti ant pakuotės.</p><p><strong>Geriausias iki pabaigos:</strong> 24 mėn. nuo pagaminimo datos".
02-27-2024 @ 16:18:05 - Row :28 - Product imported successfully.
02-27-2024 @ 16:18:05 - Row :29 - Parsing item.
02-27-2024 @ 16:18:05 - Importing as new product ID:39636
02-27-2024 @ 16:18:05 - Row :29 - Processing item.
02-27-2024 @ 16:18:05 - Found simple product object. ID:39636
02-27-2024 @ 16:18:05 - Row :29 - Product imported successfully.
02-27-2024 @ 16:18:05 - Row :30 - Parsing item.
02-27-2024 @ 16:18:05 - Importing as new product ID:39637
02-27-2024 @ 16:18:05 - Row :30 - Processing item.
02-27-2024 @ 16:18:05 - Found simple product object. ID:39637
02-27-2024 @ 16:18:05 - Row :30 - Product imported successfully.
02-27-2024 @ 16:18:05 - Row :31 - Parsing item.
02-27-2024 @ 16:18:05 - Importing as new product ID:39638
02-27-2024 @ 16:18:05 - Row :31 - Processing item.
02-27-2024 @ 16:18:05 - Found simple product object. ID:39638
02-27-2024 @ 16:18:05 - Setting Featured Image. URL:Lokio tepalas šildantis Virde
02-27-2024 @ 16:18:05 - Unable to use image "Lokio tepalas šildantis Virde".
02-27-2024 @ 16:18:05 - Row :31 - Product imported successfully.
02-27-2024 @ 16:18:05 - Row :32 - Parsing item.
02-27-2024 @ 16:18:05 - Importing as new product ID:39639
02-27-2024 @ 16:18:05 - Row :32 - Processing item.
02-27-2024 @ 16:18:05 - Found simple product object. ID:39639
02-27-2024 @ 16:18:05 - Setting Featured Image. URL:Rosmarinus Officinalis Oil
02-27-2024 @ 16:18:05 - Unable to use image "Rosmarinus Officinalis Oil".
02-27-2024 @ 16:18:05 - Row :32 - Product imported successfully.
02-27-2024 @ 16:18:05 - Row :33 - Parsing item.
02-27-2024 @ 16:18:05 - Importing as new product ID:39640
02-27-2024 @ 16:18:05 - Row :33 - Processing item.
02-27-2024 @ 16:18:05 - Found simple product object. ID:39640
02-27-2024 @ 16:18:05 - Setting Featured Image. URL:Menthol</p><p><strong>Precautionary statements: </strong>individual ingredient incompatibility.</p><p><strong>Storage conditions: </strong>Store between +15&deg;C and +25&deg;"C in a dry place. Keep away from children. Avoid contact with eyes.</p>""
02-27-2024 @ 16:18:05 - Unable to use image "Menthol</p><p><strong>Precautionary statements: </strong>individual ingredient incompatibility.</p><p><strong>Storage conditions: </strong>Store between +15&deg;C and +25&deg;"C in a dry place. Keep away from children. Avoid contact with eyes.</p>""".
02-27-2024 @ 16:18:05 - Row :33 - Product imported successfully.
02-27-2024 @ 16:18:05 - Row :34 - Parsing item.
02-27-2024 @ 16:18:05 - Importing as new product ID:39641
02-27-2024 @ 16:18:05 - Row :34 - Processing item.
02-27-2024 @ 16:18:05 - Found simple product object. ID:39641
02-27-2024 @ 16:18:05 - Row :34 - Product imported successfully.
02-27-2024 @ 16:18:05 - Row :35 - Parsing item.
02-27-2024 @ 16:18:05 - Importing as new product ID:4422
02-27-2024 @ 16:18:05 - Row :35 - Processing item.
02-27-2024 @ 16:18:05 - Found simple product object. ID:4422
02-27-2024 @ 16:18:05 - Row :35 - Product imported successfully.
02-27-2024 @ 16:18:05 - Row :36 - Parsing item.
02-27-2024 @ 16:18:05 - Importing as new product ID:39642
02-27-2024 @ 16:18:05 - Row :36 - Processing item.
02-27-2024 @ 16:18:05 - Found simple product object. ID:39642
02-27-2024 @ 16:18:05 - Setting Featured Image. URL:Sodium Chondroitin Sulfate
02-27-2024 @ 16:18:05 - Unable to use image "Sodium Chondroitin Sulfate".
02-27-2024 @ 16:18:06 - Row :36 - Product imported successfully.
02-27-2024 @ 16:18:06 - Row :37 - Parsing item.
02-27-2024 @ 16:18:06 - Row :37 - Parsing failed. Reason: Content, title, and excerpt are empty.
02-27-2024 @ 16:18:06 - Row :38 - Parsing item.
02-27-2024 @ 16:18:06 - Importing as new product ID:39643
02-27-2024 @ 16:18:06 - Row :38 - Processing item.
02-27-2024 @ 16:18:06 - Found simple product object. ID:39643
02-27-2024 @ 16:18:06 - Setting Featured Image. URL:varikoze""
02-27-2024 @ 16:18:06 - Unable to use image "varikoze""".
02-27-2024 @ 16:18:06 - Row :38 - Product imported successfully.
02-27-2024 @ 16:18:06 - Row :39 - Parsing item.
02-27-2024 @ 16:18:06 - Importing as new product ID:39644
02-27-2024 @ 16:18:06 - Row :39 - Processing item.
02-27-2024 @ 16:18:06 - Found simple product object. ID:39644
02-27-2024 @ 16:18:06 - Setting Featured Image. URL:Ameisens&auml;"ure
02-27-2024 @ 16:18:06 - Unable to use image "Ameisens&auml;"ure".
02-27-2024 @ 16:18:06 - Row :39 - Product imported successfully.
02-27-2024 @ 16:18:06 - Row :40 - Parsing item.
02-27-2024 @ 16:18:06 - Importing as new product ID:39645
02-27-2024 @ 16:18:06 - Row :40 - Processing item.
02-27-2024 @ 16:18:06 - Found simple product object. ID:39645
02-27-2024 @ 16:18:06 - Setting Featured Image. URL:<em>Celandine</em> herb extract
02-27-2024 @ 16:18:06 - Unable to use image "<em>Celandine</em> herb extract".
02-27-2024 @ 16:18:06 - Row :40 - Product imported successfully.
02-27-2024 @ 16:18:06 - Row :41 - Parsing item.
02-27-2024 @ 16:18:06 - Importing as new product ID:39646
02-27-2024 @ 16:18:06 - Row :41 - Processing item.
02-27-2024 @ 16:18:06 - Found simple product object. ID:39646
02-27-2024 @ 16:18:06 - Setting Featured Image. URL:&quot;Aromatherapist&#39;s Handbook&quot;" (L.N. Slavgorodskaja).</p>""
02-27-2024 @ 16:18:06 - Unable to use image "&quot;Aromatherapist&#39;s Handbook&quot;" (L.N. Slavgorodskaja).</p>""".
02-27-2024 @ 16:18:06 - Row :41 - Product imported successfully.
02-27-2024 @ 16:18:06 - Row :42 - Parsing item.
02-27-2024 @ 16:18:06 - Importing as new product ID:39647
02-27-2024 @ 16:18:06 - Row :42 - Processing item.
02-27-2024 @ 16:18:06 - Found simple product object. ID:39647
02-27-2024 @ 16:18:06 - Setting Featured Image. URL:Sodium Laureth Sulfate
02-27-2024 @ 16:18:06 - Unable to use image "Sodium Laureth Sulfate".
02-27-2024 @ 16:18:06 - Row :42 - Product imported successfully.
02-27-2024 @ 16:18:06 - Row :43 - Parsing item.
02-27-2024 @ 16:18:06 - Importing as new product ID:39648
02-27-2024 @ 16:18:06 - Row :43 - Processing item.
02-27-2024 @ 16:18:06 - Found simple product object. ID:39648
02-27-2024 @ 16:18:06 - Setting Featured Image. URL:Extract of the roots and rhizomes of pink radiola
02-27-2024 @ 16:18:06 - Unable to use image "Extract of the roots and rhizomes of pink radiola".
02-27-2024 @ 16:18:06 - Row :43 - Product imported successfully.
02-27-2024 @ 16:18:06 - Row :44 - Parsing item.
02-27-2024 @ 16:18:06 - Importing as new product ID:39649
02-27-2024 @ 16:18:06 - Row :44 - Processing item.
02-27-2024 @ 16:18:06 - Found simple product object. ID:39649
02-27-2024 @ 16:18:06 - Setting Featured Image. URL:baltkos-gelezis-folio-rugstis-b12-vitamin-c-30-tableciu
02-27-2024 @ 16:18:06 - Unable to use image "baltkos-gelezis-folio-rugstis-b12-vitamin-c-30-tableciu".
02-27-2024 @ 16:18:06 - Row :44 - Product imported successfully.
02-27-2024 @ 16:18:06 - Row :45 - Parsing item.
02-27-2024 @ 16:18:06 - Importing as new product ID:39650
02-27-2024 @ 16:18:06 - Row :45 - Processing item.
02-27-2024 @ 16:18:06 - Found simple product object. ID:39650
02-27-2024 @ 16:18:06 - Setting Featured Image. URL:cholesterol-support
02-27-2024 @ 16:18:06 - Unable to use image "cholesterol-support".
02-27-2024 @ 16:18:06 - Row :45 - Product imported successfully.
02-27-2024 @ 16:18:06 - Row :46 - Parsing item.
02-27-2024 @ 16:18:06 - Importing as new product ID:39651
02-27-2024 @ 16:18:06 - Row :46 - Processing item.
02-27-2024 @ 16:18:06 - Found simple product object. ID:39651
02-27-2024 @ 16:18:06 - Setting Featured Image. URL:20 tablet""
02-27-2024 @ 16:18:06 - Unable to use image "20 tablet""".
02-27-2024 @ 16:18:06 - Row :46 - Product imported successfully.
02-27-2024 @ 16:18:06 - Row :47 - Parsing item.
02-27-2024 @ 16:18:06 - Importing as new product ID:39652
02-27-2024 @ 16:18:06 - Row :47 - Processing item.
02-27-2024 @ 16:18:06 - Found simple product object. ID:39652
02-27-2024 @ 16:18:06 - Setting Featured Image. URL:Magnis milteliai Pharma Ad
02-27-2024 @ 16:18:06 - Unable to use image "Magnis milteliai Pharma Ad".
02-27-2024 @ 16:18:06 - Row :47 - Product imported successfully.
02-27-2024 @ 16:18:06 - Row :48 - Parsing item.
02-27-2024 @ 16:18:06 - Importing as new product ID:39653
02-27-2024 @ 16:18:06 - Row :48 - Processing item.
02-27-2024 @ 16:18:06 - Found simple product object. ID:39653
02-27-2024 @ 16:18:06 - Setting Featured Image. URL:Melatonin helps to reduce the length of time it takes to fall asleep. The beneficial effect is seen when 1 mg of melatonin is taken before going to bed.""
02-27-2024 @ 16:18:06 - Unable to use image "Melatonin helps to reduce the length of time it takes to fall asleep. The beneficial effect is seen when 1 mg of melatonin is taken before going to bed.""".
02-27-2024 @ 16:18:06 - Row :48 - Product imported successfully.
02-27-2024 @ 16:18:06 - Row :49 - Parsing item.
02-27-2024 @ 16:18:06 - Importing as new product ID:39654
02-27-2024 @ 16:18:06 - Row :49 - Processing item.
02-27-2024 @ 16:18:06 - Found simple product object. ID:39654
02-27-2024 @ 16:18:06 - Setting Featured Image. URL:Milk thistle helps maintain normal liver function. Dietary supplement containing polyunsaturated fatty acids and vitamin E
02-27-2024 @ 16:18:06 - Unable to use image "Milk thistle helps maintain normal liver function. Dietary supplement containing polyunsaturated fatty acids and vitamin E".
02-27-2024 @ 16:18:06 - Row :49 - Product imported successfully.
02-27-2024 @ 16:18:06 - Row :50 - Parsing item.
02-27-2024 @ 16:18:06 - Importing as new product ID:39655
02-27-2024 @ 16:18:06 - Row :50 - Processing item.
02-27-2024 @ 16:18:06 - Found simple product object. ID:39655
02-27-2024 @ 16:18:06 - Setting Featured Image. URL:50 tablečių""
02-27-2024 @ 16:18:06 - Unable to use image "50 tablečių""".
02-27-2024 @ 16:18:06 - Row :50 - Product imported successfully.
02-27-2024 @ 16:18:06 - Row :51 - Parsing item.
02-27-2024 @ 16:18:06 - Importing as new product ID:39656
02-27-2024 @ 16:18:06 - Row :51 - Processing item.
02-27-2024 @ 16:18:06 - Found simple product object. ID:39656
02-27-2024 @ 16:18:06 - Setting Featured Image. URL:evalar-olidzim-100-kapsuliu
02-27-2024 @ 16:18:06 - Unable to use image "evalar-olidzim-100-kapsuliu".
02-27-2024 @ 16:18:07 - Row :51 - Product imported successfully.
02-27-2024 @ 16:18:07 - Row :52 - Parsing item.
02-27-2024 @ 16:18:07 - Importing as new product ID:39657
02-27-2024 @ 16:18:07 - Row :52 - Processing item.
02-27-2024 @ 16:18:07 - Found simple product object. ID:39657
02-27-2024 @ 16:18:07 - Setting Featured Image. URL:evalar-pustirnik-forte-sukatzole-su-magniu-ir-vitaminu-b6-40-tableciu
02-27-2024 @ 16:18:07 - Unable to use image "evalar-pustirnik-forte-sukatzole-su-magniu-ir-vitaminu-b6-40-tableciu".
02-27-2024 @ 16:18:07 - Row :52 - Product imported successfully.
02-27-2024 @ 16:18:07 - Row :53 - Parsing item.
02-27-2024 @ 16:18:07 - Importing as new product ID:39658
02-27-2024 @ 16:18:07 - Row :53 - Processing item.
02-27-2024 @ 16:18:07 - Found simple product object. ID:39658
02-27-2024 @ 16:18:07 - Setting Featured Image. URL:sweetly-stevia-milteliai-150-pakeliu
02-27-2024 @ 16:18:07 - Unable to use image "sweetly-stevia-milteliai-150-pakeliu".
02-27-2024 @ 16:18:07 - Row :53 - Product imported successfully.
02-27-2024 @ 16:18:07 - Row :54 - Parsing item.
02-27-2024 @ 16:18:07 - Importing as new product ID:39659
02-27-2024 @ 16:18:07 - Row :54 - Processing item.
02-27-2024 @ 16:18:07 - Found simple product object. ID:39659
02-27-2024 @ 16:18:07 - Setting Featured Image. URL:%</strong></p>			</td>		</tr>		<tr>			<td>			<p><strong>Perluxan&reg";" <em>(Humulus lupulus) </em>common hop extract
02-27-2024 @ 16:18:07 - Unable to use image "%</strong></p>			</td>		</tr>		<tr>			<td>			<p><strong>Perluxan&reg";" <em>(Humulus lupulus) </em>common hop extract".
02-27-2024 @ 16:18:07 - Row :54 - Product imported successfully.
02-27-2024 @ 16:18:07 - Row :55 - Parsing item.
02-27-2024 @ 16:18:07 - Importing as new product ID:39660
02-27-2024 @ 16:18:07 - Row :55 - Processing item.
02-27-2024 @ 16:18:07 - Found simple product object. ID:39660
02-27-2024 @ 16:18:07 - Setting Featured Image. URL:Sleep better geresniam miegui su melatoninu
02-27-2024 @ 16:18:07 - Unable to use image "Sleep better geresniam miegui su melatoninu".
02-27-2024 @ 16:18:07 - Row :55 - Product imported successfully.
02-27-2024 @ 16:18:07 - Row :56 - Parsing item.
02-27-2024 @ 16:18:07 - Importing as new product ID:39661
02-27-2024 @ 16:18:07 - Row :56 - Processing item.
02-27-2024 @ 16:18:07 - Found simple product object. ID:39661
02-27-2024 @ 16:18:07 - Setting Featured Image. URL:30 tablečių""
02-27-2024 @ 16:18:07 - Unable to use image "30 tablečių""".
02-27-2024 @ 16:18:07 - Row :56 - Product imported successfully.
02-27-2024 @ 16:18:07 - Row :57 - Parsing item.
02-27-2024 @ 16:18:07 - Importing as new product ID:39662
02-27-2024 @ 16:18:07 - Row :57 - Processing item.
02-27-2024 @ 16:18:07 - Found simple product object. ID:39662
02-27-2024 @ 16:18:07 - Setting Featured Image. URL:60 tablečių""
02-27-2024 @ 16:18:07 - Unable to use image "60 tablečių""".
02-27-2024 @ 16:18:07 - Row :57 - Product imported successfully.
02-27-2024 @ 16:18:07 - Row :58 - Parsing item.
02-27-2024 @ 16:18:07 - Row :58 - Processing item.
02-27-2024 @ 16:18:07 - Found simple product object. ID:39629
02-27-2024 @ 16:18:07 - Setting Featured Image. URL:MaxiVita karštas gėrimas su imbieru
02-27-2024 @ 16:18:07 - Unable to use image "MaxiVita karštas gėrimas su imbieru".
02-27-2024 @ 16:18:07 - Row :58 - Product updated successfully.
02-27-2024 @ 16:18:07 - Row :59 - Parsing item.
02-27-2024 @ 16:18:07 - Importing as new product ID:39663
02-27-2024 @ 16:18:07 - Row :59 - Processing item.
02-27-2024 @ 16:18:07 - Found simple product object. ID:39663
02-27-2024 @ 16:18:07 - Row :59 - Product imported successfully.
02-27-2024 @ 16:18:07 - Row :60 - Parsing item.
02-27-2024 @ 16:18:07 - Importing as new product ID:39664
02-27-2024 @ 16:18:07 - Row :60 - Processing item.
02-27-2024 @ 16:18:07 - Found simple product object. ID:39664
02-27-2024 @ 16:18:07 - Setting Featured Image. URL:as well as normal immune function.""
02-27-2024 @ 16:18:07 - Unable to use image "as well as normal immune function.""".
02-27-2024 @ 16:18:07 - Row :60 - Product imported successfully.
02-27-2024 @ 16:18:07 - Row :61 - Parsing item.
02-27-2024 @ 16:18:07 - Importing as new product ID:39665
02-27-2024 @ 16:18:07 - Row :61 - Processing item.
02-27-2024 @ 16:18:07 - Found simple product object. ID:39665
02-27-2024 @ 16:18:07 - Setting Featured Image. URL:MaxiVita energy power taurine
02-27-2024 @ 16:18:07 - Unable to use image "MaxiVita energy power taurine".
02-27-2024 @ 16:18:07 - Row :61 - Product imported successfully.
02-27-2024 @ 16:18:07 - Row :62 - Parsing item.
02-27-2024 @ 16:18:07 - Importing as new product ID:39666
02-27-2024 @ 16:18:07 - Row :62 - Processing item.
02-27-2024 @ 16:18:07 - Found simple product object. ID:39666
02-27-2024 @ 16:18:07 - Setting Featured Image. URL:which is necessary for normal skin function
02-27-2024 @ 16:18:07 - Unable to use image "which is necessary for normal skin function".
02-27-2024 @ 16:18:07 - Row :62 - Product imported successfully.
02-27-2024 @ 16:18:07 - Row :63 - Parsing item.
02-27-2024 @ 16:18:07 - Importing as new product ID:39667
02-27-2024 @ 16:18:07 - Row :63 - Processing item.
02-27-2024 @ 16:18:07 - Found simple product object. ID:39667
02-27-2024 @ 16:18:07 - Setting Featured Image. URL:dark place.</p>""
02-27-2024 @ 16:18:07 - Unable to use image "dark place.</p>""".
02-27-2024 @ 16:18:07 - Row :63 - Product imported successfully.
02-27-2024 @ 16:18:07 - Row :64 - Parsing item.
02-27-2024 @ 16:18:07 - Importing as new product ID:39668
02-27-2024 @ 16:18:07 - Row :64 - Processing item.
02-27-2024 @ 16:18:07 - Found simple product object. ID:39668
02-27-2024 @ 16:18:07 - Setting Featured Image. URL:The honey and lemon flavoured throat lozenges have a pleasant effect on the mucous membranes of the mouth
02-27-2024 @ 16:18:07 - Unable to use image "The honey and lemon flavoured throat lozenges have a pleasant effect on the mucous membranes of the mouth".
02-27-2024 @ 16:18:07 - Row :64 - Product imported successfully.
02-27-2024 @ 16:18:07 - Row :65 - Parsing item.
02-27-2024 @ 16:18:07 - Importing as new product ID:39669
02-27-2024 @ 16:18:07 - Row :65 - Processing item.
02-27-2024 @ 16:18:07 - Found simple product object. ID:39669
02-27-2024 @ 16:18:07 - Setting Featured Image. URL:adhesive
02-27-2024 @ 16:18:07 - Unable to use image "adhesive".
02-27-2024 @ 16:18:07 - Row :65 - Product imported successfully.
02-27-2024 @ 16:18:07 - Row :66 - Parsing item.
02-27-2024 @ 16:18:07 - Importing as new product ID:39670
02-27-2024 @ 16:18:07 - Row :66 - Processing item.
02-27-2024 @ 16:18:07 - Found simple product object. ID:39670
02-27-2024 @ 16:18:07 - Setting Featured Image. URL:DL-alpha-tocopheryl acetate (Quali&reg;-E)
02-27-2024 @ 16:18:07 - Unable to use image "DL-alpha-tocopheryl acetate (Quali&reg;-E)".
02-27-2024 @ 16:18:08 - Row :66 - Product imported successfully.
02-27-2024 @ 16:18:08 - Row :67 - Parsing item.
02-27-2024 @ 16:18:08 - Importing as new product ID:39671
02-27-2024 @ 16:18:08 - Row :67 - Processing item.
02-27-2024 @ 16:18:08 - Found simple product object. ID:39671
02-27-2024 @ 16:18:08 - Setting Featured Image. URL:šildantis
02-27-2024 @ 16:18:08 - Unable to use image "šildantis".
02-27-2024 @ 16:18:08 - Row :67 - Product imported successfully.
02-27-2024 @ 16:18:08 - Row :68 - Parsing item.
02-27-2024 @ 16:18:08 - Importing as new product ID:39672
02-27-2024 @ 16:18:08 - Row :68 - Processing item.
02-27-2024 @ 16:18:08 - Found simple product object. ID:39672
02-27-2024 @ 16:18:08 - Setting Featured Image. URL:normal bones and teeth.""
02-27-2024 @ 16:18:08 - Unable to use image "normal bones and teeth.""".
02-27-2024 @ 16:18:08 - Row :68 - Product imported successfully.
02-27-2024 @ 16:18:08 - Row :69 - Parsing item.
02-27-2024 @ 16:18:08 - Row :69 - Processing item.
02-27-2024 @ 16:18:08 - Found simple product object. ID:39629
02-27-2024 @ 16:18:08 - Row :69 - Product updated successfully.
02-27-2024 @ 16:18:08 - Row :70 - Parsing item.
02-27-2024 @ 16:18:08 - Importing as new product ID:39673
02-27-2024 @ 16:18:08 - Row :70 - Processing item.
02-27-2024 @ 16:18:08 - Found simple product object. ID:39673
02-27-2024 @ 16:18:08 - Setting Featured Image. URL:normal carbohydrate metabolism
02-27-2024 @ 16:18:08 - Unable to use image "normal carbohydrate metabolism".
02-27-2024 @ 16:18:08 - Row :70 - Product imported successfully.
02-27-2024 @ 16:18:08 - Row :71 - Parsing item.
02-27-2024 @ 16:18:08 - Importing as new product ID:39674
02-27-2024 @ 16:18:08 - Row :71 - Processing item.
02-27-2024 @ 16:18:08 - Found simple product object. ID:39674
02-27-2024 @ 16:18:08 - Setting Featured Image. URL:slenkantiems-plaukams
02-27-2024 @ 16:18:08 - Unable to use image "slenkantiems-plaukams".
02-27-2024 @ 16:18:08 - Row :71 - Product imported successfully.
02-27-2024 @ 16:18:08 - Row :72 - Parsing item.
02-27-2024 @ 16:18:08 - Importing as new product ID:39675
02-27-2024 @ 16:18:08 - Row :72 - Processing item.
02-27-2024 @ 16:18:08 - Found simple product object. ID:39675
02-27-2024 @ 16:18:08 - Setting Featured Image. URL:gudobelės žiedų hidrolato
02-27-2024 @ 16:18:08 - Unable to use image "gudobelės žiedų hidrolato".
02-27-2024 @ 16:18:08 - Row :72 - Product imported successfully.
02-27-2024 @ 16:18:08 - Row :73 - Parsing item.
02-27-2024 @ 16:18:08 - Importing as new product ID:39676
02-27-2024 @ 16:18:08 - Row :73 - Processing item.
02-27-2024 @ 16:18:08 - Found simple product object. ID:39676
02-27-2024 @ 16:18:08 - Setting Featured Image. URL:%): 5000 mg hydrolysed marine collagen (from fish)
02-27-2024 @ 16:18:08 - Unable to use image "%): 5000 mg hydrolysed marine collagen (from fish)".
02-27-2024 @ 16:18:08 - Row :73 - Product imported successfully.
02-27-2024 @ 16:18:08 - Row :74 - Parsing item.
02-27-2024 @ 16:18:08 - Row :74 - Processing item.
02-27-2024 @ 16:18:08 - Found simple product object. ID:39629
02-27-2024 @ 16:18:08 - Setting Featured Image. URL:250 ml""
02-27-2024 @ 16:18:08 - Unable to use image "250 ml""".
02-27-2024 @ 16:18:08 - Row :74 - Product updated successfully.
02-27-2024 @ 16:18:08 - Row :75 - Parsing item.
02-27-2024 @ 16:18:08 - Importing as new product ID:39677
02-27-2024 @ 16:18:08 - Row :75 - Processing item.
02-27-2024 @ 16:18:08 - Found simple product object. ID:39677
02-27-2024 @ 16:18:08 - Row :75 - Product imported successfully.
02-27-2024 @ 16:18:08 - Row :76 - Parsing item.
02-27-2024 @ 16:18:08 - Importing as new product ID:39678
02-27-2024 @ 16:18:08 - Row :76 - Processing item.
02-27-2024 @ 16:18:08 - Found simple product object. ID:39678
02-27-2024 @ 16:18:08 - Setting Featured Image. URL:Palmitic Acid
02-27-2024 @ 16:18:08 - Unable to use image "Palmitic Acid".
02-27-2024 @ 16:18:08 - Row :76 - Product imported successfully.
02-27-2024 @ 16:18:08 - Row :77 - Parsing item.
02-27-2024 @ 16:18:08 - Row :77 - Processing item.
02-27-2024 @ 16:18:08 - Found simple product object. ID:39629
02-27-2024 @ 16:18:08 - Setting Featured Image. URL:250 ml""
02-27-2024 @ 16:18:08 - Unable to use image "250 ml""".
02-27-2024 @ 16:18:08 - Row :77 - Product updated successfully.
02-27-2024 @ 16:18:08 - Row :78 - Parsing item.
02-27-2024 @ 16:18:08 - Importing as new product ID:39679
02-27-2024 @ 16:18:08 - Row :78 - Processing item.
02-27-2024 @ 16:18:08 - Found simple product object. ID:39679
02-27-2024 @ 16:18:08 - Setting Featured Image. URL:broccoli and cauliflower.""
02-27-2024 @ 16:18:08 - Unable to use image "broccoli and cauliflower.""".
02-27-2024 @ 16:18:08 - Row :78 - Product imported successfully.
02-27-2024 @ 16:18:08 - Row :79 - Parsing item.
02-27-2024 @ 16:18:08 - Importing as new product ID:39680
02-27-2024 @ 16:18:08 - Row :79 - Processing item.
02-27-2024 @ 16:18:08 - Found simple product object. ID:39680
02-27-2024 @ 16:18:08 - Setting Featured Image. URL:Sodium C-14-16 Olefin Sulfonate
02-27-2024 @ 16:18:08 - Unable to use image "Sodium C-14-16 Olefin Sulfonate".
02-27-2024 @ 16:18:08 - Row :79 - Product imported successfully.
02-27-2024 @ 16:18:08 - Row :80 - Parsing item.
02-27-2024 @ 16:18:08 - Row :80 - Parsing failed. Reason: Content, title, and excerpt are empty.
02-27-2024 @ 16:18:08 - Row :81 - Parsing item.
02-27-2024 @ 16:18:08 - Row :81 - Processing item.
02-27-2024 @ 16:18:08 - Found simple product object. ID:39629
02-27-2024 @ 16:18:08 - Setting Featured Image. URL:125 ml""
02-27-2024 @ 16:18:08 - Unable to use image "125 ml""".
02-27-2024 @ 16:18:08 - Row :81 - Product updated successfully.
02-27-2024 @ 16:18:08 - Row :82 - Parsing item.
02-27-2024 @ 16:18:08 - Importing as new product ID:39681
02-27-2024 @ 16:18:08 - Row :82 - Processing item.
02-27-2024 @ 16:18:08 - Found simple product object. ID:39681
02-27-2024 @ 16:18:08 - Setting Featured Image. URL:Sulsena step 2 šampūnas-pasta nuo pleiskanų
02-27-2024 @ 16:18:08 - Unable to use image "Sulsena step 2 šampūnas-pasta nuo pleiskanų".
02-27-2024 @ 16:18:09 - Row :82 - Product imported successfully.
02-27-2024 @ 16:18:09 - Row :83 - Parsing item.
02-27-2024 @ 16:18:09 - Importing as new product ID:39682
02-27-2024 @ 16:18:09 - Row :83 - Processing item.
02-27-2024 @ 16:18:09 - Found simple product object. ID:39682
02-27-2024 @ 16:18:09 - Setting Featured Image. URL:Žiūrėti daugiau""
02-27-2024 @ 16:18:09 - Unable to use image "Žiūrėti daugiau""".
02-27-2024 @ 16:18:09 - Row :83 - Product imported successfully.
02-27-2024 @ 16:18:09 - Row :84 - Parsing item.
02-27-2024 @ 16:18:09 - Importing as new product ID:39683
02-27-2024 @ 16:18:09 - Row :84 - Processing item.
02-27-2024 @ 16:18:09 - Found simple product object. ID:39683
02-27-2024 @ 16:18:09 - Setting Featured Image. URL:niacin
02-27-2024 @ 16:18:09 - Unable to use image "niacin".
02-27-2024 @ 16:18:09 - Row :84 - Product imported successfully.
02-27-2024 @ 16:18:09 - Row :85 - Parsing item.
02-27-2024 @ 16:18:09 - Importing as new product ID:4919
02-27-2024 @ 16:18:09 - Row :85 - Processing item.
02-27-2024 @ 16:18:09 - Found simple product object. ID:4919
02-27-2024 @ 16:18:09 - Setting Featured Image. URL:<p>Gelis-balzamas kūnui &bdquo";Skorpiono nuodai&ldquo; + bičių nuodai ir adomo &scaron;aknis</p><p><strong>Naudojimo būdas:</strong> nedidelį kiekį masažuojančiais judesiais įtrinti į odą (3-5 minutes).</p><p><strong>Atsargumo įspėjimai:</strong> individualus komponentų nesuderinamumas. Saugoti nuo vaikų. Vengti patekimo į akis.</p><p><strong>Laikyti:</strong> nuo +5 &deg;C iki +25 &deg;"C temperatūroje.</p>""
02-27-2024 @ 16:18:09 - Unable to use image "<p>Gelis-balzamas kūnui &bdquo";Skorpiono nuodai&ldquo; + bičių nuodai ir adomo &scaron;aknis</p><p><strong>Naudojimo būdas:</strong> nedidelį kiekį masažuojančiais judesiais įtrinti į odą (3-5 minutes).</p><p><strong>Atsargumo įspėjimai:</strong> individualus komponentų nesuderinamumas. Saugoti nuo vaikų. Vengti patekimo į akis.</p><p><strong>Laikyti:</strong> nuo +5 &deg;C iki +25 &deg;"C temperatūroje.</p>""".
02-27-2024 @ 16:18:09 - Row :85 - Product imported successfully.
02-27-2024 @ 16:18:09 - Row :86 - Parsing item.
02-27-2024 @ 16:18:09 - Importing as new product ID:4943
02-27-2024 @ 16:18:09 - Row :86 - Processing item.
02-27-2024 @ 16:18:09 - Found simple product object. ID:4943
02-27-2024 @ 16:18:09 - Row :86 - Processing failed. Reason: Invalid or duplicated SKU.
02-27-2024 @ 16:18:09 - Row :87 - Parsing item.
02-27-2024 @ 16:18:09 - Importing as new product ID:39684
02-27-2024 @ 16:18:09 - Row :87 - Processing item.
02-27-2024 @ 16:18:09 - Found simple product object. ID:39684
02-27-2024 @ 16:18:09 - Setting Featured Image. URL:Biotin and zinc help maintain normal hair and skin conditions. Zinc helps maintain normal bones and nails.""
02-27-2024 @ 16:18:09 - Unable to use image "Biotin and zinc help maintain normal hair and skin conditions. Zinc helps maintain normal bones and nails.""".
02-27-2024 @ 16:18:09 - Row :87 - Product imported successfully.
02-27-2024 @ 16:18:09 - Row :88 - Parsing item.
02-27-2024 @ 16:18:09 - Importing as new product ID:39685
02-27-2024 @ 16:18:09 - Row :88 - Processing item.
02-27-2024 @ 16:18:09 - Found simple product object. ID:39685
02-27-2024 @ 16:18:09 - Row :88 - Product imported successfully.
02-27-2024 @ 16:18:09 - Row :89 - Parsing item.
02-27-2024 @ 16:18:09 - Importing as new product ID:39686
02-27-2024 @ 16:18:09 - Row :89 - Processing item.
02-27-2024 @ 16:18:09 - Found simple product object. ID:39686
02-27-2024 @ 16:18:09 - Setting Featured Image. URL:kurkuminas-juodasis-pipiras-30-tableciu
02-27-2024 @ 16:18:09 - Unable to use image "kurkuminas-juodasis-pipiras-30-tableciu".
02-27-2024 @ 16:18:09 - Row :89 - Product imported successfully.
02-27-2024 @ 16:18:09 - Row :90 - Parsing item.
02-27-2024 @ 16:18:09 - Row :90 - Parsing failed. Reason: Content, title, and excerpt are empty.
02-27-2024 @ 16:18:09 - Row :91 - Parsing item.
02-27-2024 @ 16:18:09 - Importing as new product ID:39687
02-27-2024 @ 16:18:09 - Row :91 - Processing item.
02-27-2024 @ 16:18:09 - Found simple product object. ID:39687
02-27-2024 @ 16:18:09 - Setting Featured Image. URL:<em>Aloe barbadensis</em> leaf extract
02-27-2024 @ 16:18:09 - Unable to use image "<em>Aloe barbadensis</em> leaf extract".
02-27-2024 @ 16:18:09 - Row :91 - Product imported successfully.
02-27-2024 @ 16:18:09 - Row :92 - Parsing item.
02-27-2024 @ 16:18:09 - Importing as new product ID:39688
02-27-2024 @ 16:18:09 - Row :92 - Processing item.
02-27-2024 @ 16:18:09 - Found simple product object. ID:39688
02-27-2024 @ 16:18:09 - Setting Featured Image. URL:Pentylene Glycol
02-27-2024 @ 16:18:09 - Unable to use image "Pentylene Glycol".
02-27-2024 @ 16:18:09 - Row :92 - Product imported successfully.
02-27-2024 @ 16:18:09 - Row :93 - Parsing item.
02-27-2024 @ 16:18:09 - Importing as new product ID:39689
02-27-2024 @ 16:18:09 - Row :93 - Processing item.
02-27-2024 @ 16:18:09 - Found simple product object. ID:39689
02-27-2024 @ 16:18:09 - Row :93 - Product imported successfully.
02-27-2024 @ 16:18:09 - Row :94 - Parsing item.
02-27-2024 @ 16:18:09 - Importing as new product ID:5066
02-27-2024 @ 16:18:09 - Row :94 - Processing item.
02-27-2024 @ 16:18:09 - Found simple product object. ID:5066
02-27-2024 @ 16:18:09 - Row :94 - Product imported successfully.
02-27-2024 @ 16:18:09 - Row :95 - Parsing item.
02-27-2024 @ 16:18:09 - Importing as new product ID:39690
02-27-2024 @ 16:18:09 - Row :95 - Processing item.
02-27-2024 @ 16:18:09 - Found simple product object. ID:39690
02-27-2024 @ 16:18:09 - Setting Featured Image. URL:spygliuočių kadagio vaisių ekstrakto
02-27-2024 @ 16:18:09 - Unable to use image "spygliuočių kadagio vaisių ekstrakto".
02-27-2024 @ 16:18:10 - Row :95 - Product imported successfully.
02-27-2024 @ 16:18:10 - Row :96 - Parsing item.
02-27-2024 @ 16:18:10 - Importing as new product ID:39691
02-27-2024 @ 16:18:10 - Row :96 - Processing item.
02-27-2024 @ 16:18:10 - Found simple product object. ID:39691
02-27-2024 @ 16:18:10 - Setting Featured Image. URL:Thymus serpyllum
02-27-2024 @ 16:18:10 - Unable to use image "Thymus serpyllum".
02-27-2024 @ 16:18:10 - Row :96 - Product imported successfully.
02-27-2024 @ 16:18:10 - Row :97 - Parsing item.
02-27-2024 @ 16:18:10 - Row :97 - Parsing failed. Reason: Content, title, and excerpt are empty.
02-27-2024 @ 16:18:10 - Row :98 - Parsing item.
02-27-2024 @ 16:18:10 - Importing as new product ID:39692
02-27-2024 @ 16:18:10 - Row :98 - Processing item.
02-27-2024 @ 16:18:10 - Found simple product object. ID:39692
02-27-2024 @ 16:18:10 - Setting Featured Image. URL:2-Hexanediol
02-27-2024 @ 16:18:10 - Unable to use image "2-Hexanediol".
02-27-2024 @ 16:18:10 - Row :98 - Product imported successfully.
02-27-2024 @ 16:18:10 - Row :99 - Parsing item.
02-27-2024 @ 16:18:10 - Importing as new product ID:5182
02-27-2024 @ 16:18:10 - Row :99 - Processing item.
02-27-2024 @ 16:18:10 - Found simple product object. ID:5182
02-27-2024 @ 16:18:10 - Row :99 - Processing failed. Reason: Invalid or duplicated SKU.
02-27-2024 @ 16:18:10 - Row :100 - Parsing item.
02-27-2024 @ 16:18:10 - Importing as new product ID:39693
02-27-2024 @ 16:18:10 - Row :100 - Processing item.
02-27-2024 @ 16:18:10 - Found simple product object. ID:39693
02-27-2024 @ 16:18:10 - Setting Featured Image. URL:Methylparaben
02-27-2024 @ 16:18:10 - Unable to use image "Methylparaben".
02-27-2024 @ 16:18:10 - Row :100 - Product imported successfully.
02-27-2024 @ 16:18:10 - Row :101 - Parsing item.
02-27-2024 @ 16:18:10 - Importing as new product ID:39694
02-27-2024 @ 16:18:10 - Row :101 - Processing item.
02-27-2024 @ 16:18:10 - Found simple product object. ID:39694
02-27-2024 @ 16:18:10 - Setting Featured Image. URL:Paraffin
02-27-2024 @ 16:18:10 - Unable to use image "Paraffin".
02-27-2024 @ 16:18:10 - Row :101 - Product imported successfully.
02-27-2024 @ 16:18:10 - Row :102 - Parsing item.
02-27-2024 @ 16:18:10 - Importing as new product ID:39695
02-27-2024 @ 16:18:10 - Row :102 - Processing item.
02-27-2024 @ 16:18:10 - Found simple product object. ID:39695
02-27-2024 @ 16:18:10 - Setting Featured Image. URL:DL-alpha-tocopheryl acetate
02-27-2024 @ 16:18:10 - Unable to use image "DL-alpha-tocopheryl acetate".
02-27-2024 @ 16:18:10 - Row :102 - Product imported successfully.
02-27-2024 @ 16:18:10 - Row :103 - Parsing item.
02-27-2024 @ 16:18:10 - Importing as new product ID:39696
02-27-2024 @ 16:18:10 - Row :103 - Processing item.
02-27-2024 @ 16:18:10 - Found simple product object. ID:39696
02-27-2024 @ 16:18:10 - Setting Featured Image. URL:šalto spaudimo
02-27-2024 @ 16:18:10 - Unable to use image "šalto spaudimo".
02-27-2024 @ 16:18:10 - Row :103 - Product imported successfully.
02-27-2024 @ 16:18:10 - Row :104 - Parsing item.
02-27-2024 @ 16:18:10 - Importing as new product ID:39697
02-27-2024 @ 16:18:10 - Row :104 - Processing item.
02-27-2024 @ 16:18:10 - Found simple product object. ID:39697
02-27-2024 @ 16:18:10 - Setting Featured Image. URL:250 ml""
02-27-2024 @ 16:18:10 - Unable to use image "250 ml""".
02-27-2024 @ 16:18:10 - Row :104 - Product imported successfully.
02-27-2024 @ 16:18:10 - Row :105 - Parsing item.
02-27-2024 @ 16:18:10 - Row :105 - Parsing failed. Reason: Content, title, and excerpt are empty.
02-27-2024 @ 16:18:10 - Row :106 - Parsing item.
02-27-2024 @ 16:18:10 - Importing as new product ID:39698
02-27-2024 @ 16:18:10 - Row :106 - Processing item.
02-27-2024 @ 16:18:10 - Found simple product object. ID:39698
02-27-2024 @ 16:18:10 - Setting Featured Image. URL:250 g""
02-27-2024 @ 16:18:10 - Unable to use image "250 g""".
02-27-2024 @ 16:18:10 - Row :106 - Product imported successfully.
02-27-2024 @ 16:18:10 - Row :107 - Parsing item.
02-27-2024 @ 16:18:10 - Importing as new product ID:39699
02-27-2024 @ 16:18:10 - Row :107 - Processing item.
02-27-2024 @ 16:18:10 - Found simple product object. ID:39699
02-27-2024 @ 16:18:10 - Setting Featured Image. URL:nerafinuotas
02-27-2024 @ 16:18:10 - Unable to use image "nerafinuotas".
02-27-2024 @ 16:18:10 - Row :107 - Product imported successfully.
02-27-2024 @ 16:18:10 - Row :108 - Parsing item.
02-27-2024 @ 16:18:10 - Importing as new product ID:39700
02-27-2024 @ 16:18:10 - Row :108 - Processing item.
02-27-2024 @ 16:18:10 - Found simple product object. ID:39700
02-27-2024 @ 16:18:10 - Setting Featured Image. URL:Šaltalankių aliejus natūralus
02-27-2024 @ 16:18:10 - Unable to use image "Šaltalankių aliejus natūralus".
02-27-2024 @ 16:18:11 - Row :108 - Product imported successfully.
02-27-2024 @ 16:18:11 - Row :109 - Parsing item.
02-27-2024 @ 16:18:11 - Row :109 - Processing item.
02-27-2024 @ 16:18:11 - Found simple product object. ID:39629
02-27-2024 @ 16:18:11 - Setting Featured Image. URL:1000 tablečių""
02-27-2024 @ 16:18:11 - Unable to use image "1000 tablečių""".
02-27-2024 @ 16:18:11 - Row :109 - Product updated successfully.
02-27-2024 @ 16:18:11 - Row :110 - Parsing item.
02-27-2024 @ 16:18:11 - Importing as new product ID:39701
02-27-2024 @ 16:18:11 - Row :110 - Processing item.
02-27-2024 @ 16:18:11 - Found simple product object. ID:39701
02-27-2024 @ 16:18:11 - Setting Featured Image. URL:xylitol
02-27-2024 @ 16:18:11 - Unable to use image "xylitol".
02-27-2024 @ 16:18:11 - Row :110 - Product imported successfully.
02-27-2024 @ 16:18:11 - Row :111 - Parsing item.
02-27-2024 @ 16:18:11 - Importing as new product ID:5285
02-27-2024 @ 16:18:11 - Row :111 - Processing item.
02-27-2024 @ 16:18:11 - Found simple product object. ID:5285
02-27-2024 @ 16:18:11 - Row :111 - Processing failed. Reason: Invalid or duplicated SKU.
02-27-2024 @ 16:18:11 - Row :112 - Parsing item.
02-27-2024 @ 16:18:11 - Importing as new product ID:39702
02-27-2024 @ 16:18:11 - Row :112 - Processing item.
02-27-2024 @ 16:18:11 - Found simple product object. ID:39702
02-27-2024 @ 16:18:11 - Setting Featured Image. URL:protected from direct sunlight
02-27-2024 @ 16:18:11 - Unable to use image "protected from direct sunlight".
02-27-2024 @ 16:18:11 - Row :112 - Product imported successfully.
02-27-2024 @ 16:18:11 - Row :113 - Parsing item.
02-27-2024 @ 16:18:11 - Importing as new product ID:39703
02-27-2024 @ 16:18:11 - Row :113 - Processing item.
02-27-2024 @ 16:18:11 - Found simple product object. ID:39703
02-27-2024 @ 16:18:11 - Setting Featured Image. URL:vitamin A (retinyl palmitate)
02-27-2024 @ 16:18:11 - Unable to use image "vitamin A (retinyl palmitate)".
02-27-2024 @ 16:18:11 - Row :113 - Product imported successfully.
02-27-2024 @ 16:18:11 - Row :114 - Parsing item.
02-27-2024 @ 16:18:11 - Importing as new product ID:39704
02-27-2024 @ 16:18:11 - Row :114 - Processing item.
02-27-2024 @ 16:18:11 - Found simple product object. ID:39704
02-27-2024 @ 16:18:11 - Setting Featured Image. URL:silicon dioxide
02-27-2024 @ 16:18:11 - Unable to use image "silicon dioxide".
02-27-2024 @ 16:18:11 - Row :114 - Product imported successfully.
02-27-2024 @ 16:18:11 - Row :115 - Parsing item.
02-27-2024 @ 16:18:11 - Importing as new product ID:39705
02-27-2024 @ 16:18:11 - Row :115 - Processing item.
02-27-2024 @ 16:18:11 - Found simple product object. ID:39705
02-27-2024 @ 16:18:11 - Setting Featured Image. URL:Cetearyl Ethylhexanoate
02-27-2024 @ 16:18:11 - Unable to use image "Cetearyl Ethylhexanoate".
02-27-2024 @ 16:18:11 - Row :115 - Product imported successfully.
02-27-2024 @ 16:18:11 - Row :116 - Parsing item.
02-27-2024 @ 16:18:11 - Importing as new product ID:39706
02-27-2024 @ 16:18:11 - Row :116 - Processing item.
02-27-2024 @ 16:18:11 - Found simple product object. ID:39706
02-27-2024 @ 16:18:11 - Setting Featured Image. URL:Phenoxyethanol
02-27-2024 @ 16:18:11 - Unable to use image "Phenoxyethanol".
02-27-2024 @ 16:18:11 - Row :116 - Product imported successfully.
02-27-2024 @ 16:18:11 - Row :117 - Parsing item.
02-27-2024 @ 16:18:11 - Importing as new product ID:39707
02-27-2024 @ 16:18:11 - Row :117 - Processing item.
02-27-2024 @ 16:18:11 - Found simple product object. ID:39707
02-27-2024 @ 16:18:11 - Setting Featured Image. URL:Allantoin
02-27-2024 @ 16:18:11 - Unable to use image "Allantoin".
02-27-2024 @ 16:18:11 - Row :117 - Product imported successfully.
02-27-2024 @ 16:18:11 - Row :118 - Parsing item.
02-27-2024 @ 16:18:11 - Importing as new product ID:39708
02-27-2024 @ 16:18:11 - Row :118 - Processing item.
02-27-2024 @ 16:18:11 - Found simple product object. ID:39708
02-27-2024 @ 16:18:11 - Setting Featured Image. URL:9 suckable lollipops 1
02-27-2024 @ 16:18:11 - Unable to use image "9 suckable lollipops 1".
02-27-2024 @ 16:18:11 - Row :118 - Product imported successfully.
02-27-2024 @ 16:18:11 - Row :119 - Parsing item.
02-27-2024 @ 16:18:11 - Importing as new product ID:39709
02-27-2024 @ 16:18:11 - Row :119 - Processing item.
02-27-2024 @ 16:18:11 - Found simple product object. ID:39709
02-27-2024 @ 16:18:11 - Row :119 - Product imported successfully.
02-27-2024 @ 16:18:11 - Row :120 - Parsing item.
02-27-2024 @ 16:18:11 - Importing as new product ID:39710
02-27-2024 @ 16:18:11 - Row :120 - Processing item.
02-27-2024 @ 16:18:11 - Found simple product object. ID:39710
02-27-2024 @ 16:18:11 - Setting Featured Image. URL:Dr. Muller herbal tea """"Klimakterin""""
02-27-2024 @ 16:18:11 - Unable to use image "Dr. Muller herbal tea """"Klimakterin""""".
02-27-2024 @ 16:18:11 - Row :120 - Product imported successfully.
02-27-2024 @ 16:18:11 - Row :121 - Parsing item.
02-27-2024 @ 16:18:11 - Importing as new product ID:39711
02-27-2024 @ 16:18:11 - Row :121 - Processing item.
02-27-2024 @ 16:18:11 - Found simple product object. ID:39711
02-27-2024 @ 16:18:11 - Setting Featured Image. URL:O-CYMEN-5-OL
02-27-2024 @ 16:18:11 - Unable to use image "O-CYMEN-5-OL".
02-27-2024 @ 16:18:11 - Row :121 - Product imported successfully.
02-27-2024 @ 16:18:11 - Row :122 - Parsing item.
02-27-2024 @ 16:18:11 - Importing as new product ID:39712
02-27-2024 @ 16:18:11 - Row :122 - Processing item.
02-27-2024 @ 16:18:11 - Found simple product object. ID:39712
02-27-2024 @ 16:18:11 - Setting Featured Image. URL:specplast-gelis-plevele-odai-skystas-pleistras-15-ml
02-27-2024 @ 16:18:11 - Unable to use image "specplast-gelis-plevele-odai-skystas-pleistras-15-ml".
02-27-2024 @ 16:18:11 - Row :122 - Product imported successfully.
02-27-2024 @ 16:18:11 - Row :123 - Parsing item.
02-27-2024 @ 16:18:11 - Importing as new product ID:39713
02-27-2024 @ 16:18:11 - Row :123 - Processing item.
02-27-2024 @ 16:18:11 - Found simple product object. ID:39713
02-27-2024 @ 16:18:11 - Setting Featured Image. URL:Vitamin A helps maintain normal skin and mucous membranes
02-27-2024 @ 16:18:11 - Unable to use image "Vitamin A helps maintain normal skin and mucous membranes".
02-27-2024 @ 16:18:11 - Row :123 - Product imported successfully.
02-27-2024 @ 16:18:11 - Row :124 - Parsing item.
02-27-2024 @ 16:18:11 - Importing as new product ID:5402
02-27-2024 @ 16:18:11 - Row :124 - Processing item.
02-27-2024 @ 16:18:11 - Found simple product object. ID:5402
02-27-2024 @ 16:18:11 - Setting Featured Image. URL:Kremas vaikams su barsuko taukais
02-27-2024 @ 16:18:11 - Unable to use image "Kremas vaikams su barsuko taukais".
02-27-2024 @ 16:18:11 - Row :124 - Product imported successfully.
02-27-2024 @ 16:18:11 - Row :125 - Parsing item.
02-27-2024 @ 16:18:11 - Importing as new product ID:39714
02-27-2024 @ 16:18:11 - Row :125 - Processing item.
02-27-2024 @ 16:18:11 - Found simple product object. ID:39714
02-27-2024 @ 16:18:11 - Setting Featured Image. URL:dr-muller-panthenose-nosies-tepalas-su-eteriniais-aliejai-75-ml
02-27-2024 @ 16:18:11 - Unable to use image "dr-muller-panthenose-nosies-tepalas-su-eteriniais-aliejai-75-ml".
02-27-2024 @ 16:18:12 - Row :125 - Product imported successfully.
02-27-2024 @ 16:18:12 - Row :126 - Parsing item.
02-27-2024 @ 16:18:12 - Importing as new product ID:39715
02-27-2024 @ 16:18:12 - Row :126 - Processing item.
02-27-2024 @ 16:18:12 - Found simple product object. ID:39715
02-27-2024 @ 16:18:12 - Setting Featured Image. URL:caga-forte-juodojo-berzo-grybo-izulniojo-skylenio-ekstraktas-90-ml
02-27-2024 @ 16:18:12 - Unable to use image "caga-forte-juodojo-berzo-grybo-izulniojo-skylenio-ekstraktas-90-ml".
02-27-2024 @ 16:18:12 - Row :126 - Product imported successfully.
02-27-2024 @ 16:18:12 - Row :127 - Parsing item.
02-27-2024 @ 16:18:12 - Importing as new product ID:39716
02-27-2024 @ 16:18:12 - Row :127 - Processing item.
02-27-2024 @ 16:18:12 - Found simple product object. ID:39716
02-27-2024 @ 16:18:12 - Setting Featured Image. URL:online at a better price
02-27-2024 @ 16:18:12 - Unable to use image "online at a better price".
02-27-2024 @ 16:18:12 - Row :127 - Product imported successfully.
02-27-2024 @ 16:18:12 - Row :128 - Parsing item.
02-27-2024 @ 16:18:12 - Importing as new product ID:39717
02-27-2024 @ 16:18:12 - Row :128 - Processing item.
02-27-2024 @ 16:18:12 - Found simple product object. ID:39717
02-27-2024 @ 16:18:12 - Setting Featured Image. URL:unrefined (Cannabis sativa oil).""
02-27-2024 @ 16:18:12 - Unable to use image "unrefined (Cannabis sativa oil).""".
02-27-2024 @ 16:18:12 - Row :128 - Product imported successfully.
02-27-2024 @ 16:18:12 - Row :129 - Parsing item.
02-27-2024 @ 16:18:12 - Importing as new product ID:5461
02-27-2024 @ 16:18:12 - Row :129 - Processing item.
02-27-2024 @ 16:18:12 - Found simple product object. ID:5461
02-27-2024 @ 16:18:12 - Setting Featured Image. URL:kremas-gelis-kojoms-troksivensu-trokserutinu-ir-kastonu-75-ml
02-27-2024 @ 16:18:12 - Unable to use image "kremas-gelis-kojoms-troksivensu-trokserutinu-ir-kastonu-75-ml".
02-27-2024 @ 16:18:12 - Row :129 - Product imported successfully.
02-27-2024 @ 16:18:12 - Row :130 - Parsing item.
02-27-2024 @ 16:18:12 - Importing as new product ID:39718
02-27-2024 @ 16:18:12 - Row :130 - Processing item.
02-27-2024 @ 16:18:12 - Found simple product object. ID:39718
02-27-2024 @ 16:18:12 - Row :130 - Product imported successfully.
02-27-2024 @ 16:18:12 - Row :131 - Parsing item.
02-27-2024 @ 16:18:12 - Importing as new product ID:39719
02-27-2024 @ 16:18:12 - Row :131 - Processing item.
02-27-2024 @ 16:18:12 - Found simple product object. ID:39719
02-27-2024 @ 16:18:12 - Setting Featured Image. URL:cool place.</p><p><strong>Net content:</strong> 110 ml</p>""
02-27-2024 @ 16:18:12 - Unable to use image "cool place.</p><p><strong>Net content:</strong> 110 ml</p>""".
02-27-2024 @ 16:18:12 - Row :131 - Product imported successfully.
02-27-2024 @ 16:18:12 - Row :132 - Parsing item.
02-27-2024 @ 16:18:12 - Importing as new product ID:5475
02-27-2024 @ 16:18:12 - Row :132 - Processing item.
02-27-2024 @ 16:18:12 - Found simple product object. ID:5475
02-27-2024 @ 16:18:12 - Setting Featured Image. URL:antioksidantai
02-27-2024 @ 16:18:12 - Unable to use image "antioksidantai".
02-27-2024 @ 16:18:12 - Row :132 - Product imported successfully.
02-27-2024 @ 16:18:12 - Row :133 - Parsing item.
02-27-2024 @ 16:18:12 - Importing as new product ID:5481
02-27-2024 @ 16:18:12 - Row :133 - Processing item.
02-27-2024 @ 16:18:12 - Found simple product object. ID:5481
02-27-2024 @ 16:18:12 - Row :133 - Product imported successfully.
02-27-2024 @ 16:18:12 - Row :134 - Parsing item.
02-27-2024 @ 16:18:12 - Importing as new product ID:5491
02-27-2024 @ 16:18:12 - Row :134 - Processing item.
02-27-2024 @ 16:18:12 - Found simple product object. ID:5491
02-27-2024 @ 16:18:12 - Setting Featured Image. URL:Plačiau skaitykite mūsų el. parduotuvėje www.divari.lt""
02-27-2024 @ 16:18:12 - Unable to use image "Plačiau skaitykite mūsų el. parduotuvėje www.divari.lt""".
02-27-2024 @ 16:18:12 - Row :134 - Product imported successfully.
02-27-2024 @ 16:18:12 - Row :135 - Parsing item.
02-27-2024 @ 16:18:12 - Importing as new product ID:5497
02-27-2024 @ 16:18:12 - Row :135 - Processing item.
02-27-2024 @ 16:18:12 - Found simple product object. ID:5497
02-27-2024 @ 16:18:12 - Row :135 - Processing failed. Reason: Invalid or duplicated SKU.
02-27-2024 @ 16:18:12 - Row :136 - Parsing item.
02-27-2024 @ 16:18:12 - Importing as new product ID:39720
02-27-2024 @ 16:18:12 - Row :136 - Processing item.
02-27-2024 @ 16:18:12 - Found simple product object. ID:39720
02-27-2024 @ 16:18:12 - Setting Featured Image. URL:Tonus St John's Wort Extract is a dietary supplement designed to support the nervous system and good sleep quality. It also contains vitamin C.""
02-27-2024 @ 16:18:12 - Unable to use image "Tonus St John's Wort Extract is a dietary supplement designed to support the nervous system and good sleep quality. It also contains vitamin C.""".
02-27-2024 @ 16:18:12 - Row :136 - Product imported successfully.
02-27-2024 @ 16:18:12 - Row :137 - Parsing item.
02-27-2024 @ 16:18:12 - Row :137 - Parsing failed. Reason: Content, title, and excerpt are empty.
02-27-2024 @ 16:18:12 - Row :138 - Parsing item.
02-27-2024 @ 16:18:12 - Row :138 - Parsing failed. Reason: Content, title, and excerpt are empty.
02-27-2024 @ 16:18:12 - Row :139 - Parsing item.
02-27-2024 @ 16:18:12 - Row :139 - Processing item.
02-27-2024 @ 16:18:12 - Found simple product object. ID:39629
02-27-2024 @ 16:18:12 - Setting Featured Image. URL:Undevit vitamins C E B6 B1 A B12 Niacin
02-27-2024 @ 16:18:12 - Unable to use image "Undevit vitamins C E B6 B1 A B12 Niacin".
02-27-2024 @ 16:18:12 - Row :139 - Product updated successfully.
02-27-2024 @ 16:18:12 - Row :140 - Parsing item.
02-27-2024 @ 16:18:12 - Importing as new product ID:39721
02-27-2024 @ 16:18:12 - Row :140 - Processing item.
02-27-2024 @ 16:18:12 - Found simple product object. ID:39721
02-27-2024 @ 16:18:12 - Setting Featured Image. URL:do-i-posle-kremas-gelis-anti-acne-probleminei-odai-50-ml
02-27-2024 @ 16:18:12 - Unable to use image "do-i-posle-kremas-gelis-anti-acne-probleminei-odai-50-ml".
02-27-2024 @ 16:18:13 - Row :140 - Product imported successfully.
02-27-2024 @ 16:18:13 - Row :141 - Parsing item.
02-27-2024 @ 16:18:13 - Importing as new product ID:39722
02-27-2024 @ 16:18:13 - Row :141 - Processing item.
02-27-2024 @ 16:18:13 - Found simple product object. ID:39722
02-27-2024 @ 16:18:13 - Setting Featured Image. URL:Cyamopsis Tetragonoloba Gum
02-27-2024 @ 16:18:13 - Unable to use image "Cyamopsis Tetragonoloba Gum".
02-27-2024 @ 16:18:13 - Row :141 - Product imported successfully.
02-27-2024 @ 16:18:13 - Row :142 - Parsing item.
02-27-2024 @ 16:18:13 - Importing as new product ID:39723
02-27-2024 @ 16:18:13 - Row :142 - Processing item.
02-27-2024 @ 16:18:13 - Found simple product object. ID:39723
02-27-2024 @ 16:18:13 - Setting Featured Image. URL:Šaltalankių aliejus Naturalnaja masla
02-27-2024 @ 16:18:13 - Unable to use image "Šaltalankių aliejus Naturalnaja masla".
02-27-2024 @ 16:18:13 - Row :142 - Product imported successfully.
02-27-2024 @ 16:18:13 - Row :143 - Parsing item.
02-27-2024 @ 16:18:13 - Importing as new product ID:39724
02-27-2024 @ 16:18:13 - Row :143 - Processing item.
02-27-2024 @ 16:18:13 - Found simple product object. ID:39724
02-27-2024 @ 16:18:13 - Setting Featured Image. URL:Balkšvojo gysločio sėklų luobelės maistinės skaidulos
02-27-2024 @ 16:18:13 - Unable to use image "Balkšvojo gysločio sėklų luobelės maistinės skaidulos".
02-27-2024 @ 16:18:13 - Row :143 - Product imported successfully.
02-27-2024 @ 16:18:13 - Row :144 - Parsing item.
02-27-2024 @ 16:18:13 - Importing as new product ID:39725
02-27-2024 @ 16:18:13 - Row :144 - Processing item.
02-27-2024 @ 16:18:13 - Found simple product object. ID:39725
02-27-2024 @ 16:18:13 - Setting Featured Image. URL:0 g (1
02-27-2024 @ 16:18:13 - Unable to use image "0 g (1".
02-27-2024 @ 16:18:13 - Row :144 - Product imported successfully.
02-27-2024 @ 16:18:13 - Row :145 - Parsing item.
02-27-2024 @ 16:18:13 - Row :145 - Parsing failed. Reason: Content, title, and excerpt are empty.
02-27-2024 @ 16:18:13 - Row :146 - Parsing item.
02-27-2024 @ 16:18:13 - Importing as new product ID:39726
02-27-2024 @ 16:18:13 - Row :146 - Processing item.
02-27-2024 @ 16:18:13 - Found simple product object. ID:39726
02-27-2024 @ 16:18:13 - Setting Featured Image. URL:150 g""
02-27-2024 @ 16:18:13 - Unable to use image "150 g""".
02-27-2024 @ 16:18:13 - Row :146 - Product imported successfully.
02-27-2024 @ 16:18:13 - Row :147 - Parsing item.
02-27-2024 @ 16:18:13 - Importing as new product ID:39727
02-27-2024 @ 16:18:13 - Row :147 - Processing item.
02-27-2024 @ 16:18:13 - Found simple product object. ID:39727
02-27-2024 @ 16:18:13 - Setting Featured Image. URL:Ostrovit date syrup
02-27-2024 @ 16:18:13 - Unable to use image "Ostrovit date syrup".
02-27-2024 @ 16:18:13 - Row :147 - Product imported successfully.
02-27-2024 @ 16:18:13 - Row :148 - Parsing item.
02-27-2024 @ 16:18:13 - Importing as new product ID:39728
02-27-2024 @ 16:18:13 - Row :148 - Processing item.
02-27-2024 @ 16:18:13 - Found simple product object. ID:39728
02-27-2024 @ 16:18:13 - Setting Featured Image. URL:su stikline skysčio prie&scaron; valgį. Produktą taip pat galima dėti į avižinius dribsnius
02-27-2024 @ 16:18:13 - Unable to use image "su stikline skysčio prie&scaron; valgį. Produktą taip pat galima dėti į avižinius dribsnius".
02-27-2024 @ 16:18:13 - Row :148 - Product imported successfully.
02-27-2024 @ 16:18:13 - Row :149 - Parsing item.
02-27-2024 @ 16:18:13 - Importing as new product ID:39729
02-27-2024 @ 16:18:13 - Row :149 - Processing item.
02-27-2024 @ 16:18:13 - Found simple product object. ID:39729
02-27-2024 @ 16:18:13 - Setting Featured Image. URL:avoid direct sunlight
02-27-2024 @ 16:18:13 - Unable to use image "avoid direct sunlight".
02-27-2024 @ 16:18:13 - Row :149 - Product imported successfully.
02-27-2024 @ 16:18:13 - Row :150 - Parsing item.
02-27-2024 @ 16:18:13 - Importing as new product ID:39730
02-27-2024 @ 16:18:13 - Row :150 - Processing item.
02-27-2024 @ 16:18:13 - Found simple product object. ID:39730
02-27-2024 @ 16:18:13 - Setting Featured Image. URL:vitamins A
02-27-2024 @ 16:18:13 - Unable to use image "vitamins A".
02-27-2024 @ 16:18:13 - Row :150 - Product imported successfully.
02-27-2024 @ 16:18:13 - Row :151 - Parsing item.
02-27-2024 @ 16:18:13 - Importing as new product ID:39731
02-27-2024 @ 16:18:13 - Row :151 - Processing item.
02-27-2024 @ 16:18:13 - Found simple product object. ID:39731
02-27-2024 @ 16:18:13 - Setting Featured Image. URL:and forms a &quot;film&quot; that retains water
02-27-2024 @ 16:18:13 - Unable to use image "and forms a &quot;film&quot; that retains water".
02-27-2024 @ 16:18:13 - Row :151 - Product imported successfully.
02-27-2024 @ 16:18:13 - Row :152 - Parsing item.
02-27-2024 @ 16:18:13 - Importing as new product ID:39732
02-27-2024 @ 16:18:13 - Row :152 - Processing item.
02-27-2024 @ 16:18:13 - Found simple product object. ID:39732
02-27-2024 @ 16:18:13 - Setting Featured Image. URL:Benzyl alcohol
02-27-2024 @ 16:18:13 - Unable to use image "Benzyl alcohol".
02-27-2024 @ 16:18:13 - Row :152 - Product imported successfully.
02-27-2024 @ 16:18:13 - Row :153 - Parsing item.
02-27-2024 @ 16:18:13 - Importing as new product ID:39733
02-27-2024 @ 16:18:13 - Row :153 - Processing item.
02-27-2024 @ 16:18:13 - Found simple product object. ID:39733
02-27-2024 @ 16:18:13 - Setting Featured Image. URL:puikiai dera su sūriais ir vaisiais.</li>	<li>Naudokite tik &scaron";altą</li></ul><p><em>Gali turėti natūralių nuosėdų
02-27-2024 @ 16:18:13 - Unable to use image "puikiai dera su sūriais ir vaisiais.</li>	<li>Naudokite tik &scaron";altą</li></ul><p><em>Gali turėti natūralių nuosėdų".
02-27-2024 @ 16:18:13 - Row :153 - Product imported successfully.
02-27-2024 @ 16:18:13 - Row :154 - Parsing item.
02-27-2024 @ 16:18:13 - Importing as new product ID:39734
02-27-2024 @ 16:18:13 - Row :154 - Processing item.
02-27-2024 @ 16:18:13 - Found simple product object. ID:39734
02-27-2024 @ 16:18:13 - Setting Featured Image. URL:120 g""
02-27-2024 @ 16:18:13 - Unable to use image "120 g""".
02-27-2024 @ 16:18:13 - Row :154 - Product imported successfully.
02-27-2024 @ 16:18:13 - Row :155 - Parsing item.
02-27-2024 @ 16:18:14 - Importing as new product ID:39735
02-27-2024 @ 16:18:14 - Row :155 - Processing item.
02-27-2024 @ 16:18:14 - Found simple product object. ID:39735
02-27-2024 @ 16:18:14 - Row :155 - Product imported successfully.
02-27-2024 @ 16:18:14 - Row :156 - Parsing item.
02-27-2024 @ 16:18:14 - Row :156 - Parsing failed. Reason: Content, title, and excerpt are empty.
02-27-2024 @ 16:18:14 - Row :157 - Parsing item.
02-27-2024 @ 16:18:14 - Importing as new product ID:39736
02-27-2024 @ 16:18:14 - Row :157 - Processing item.
02-27-2024 @ 16:18:14 - Found simple product object. ID:39736
02-27-2024 @ 16:18:14 - Setting Featured Image. URL:Sodium Chloride
02-27-2024 @ 16:18:14 - Unable to use image "Sodium Chloride".
02-27-2024 @ 16:18:14 - Row :157 - Product imported successfully.
02-27-2024 @ 16:18:14 - Row :158 - Parsing item.
02-27-2024 @ 16:18:14 - Importing as new product ID:39737
02-27-2024 @ 16:18:14 - Row :158 - Processing item.
02-27-2024 @ 16:18:14 - Found simple product object. ID:39737
02-27-2024 @ 16:18:14 - Setting Featured Image. URL:tinka &scaron;"velniai ir jautriai odai.</li>	<li>Marula aliejus - &bdquo";Stebuklingas aliejus&ldquo; maitina
02-27-2024 @ 16:18:14 - Unable to use image "tinka &scaron;"velniai ir jautriai odai.</li>	<li>Marula aliejus - &bdquo";Stebuklingas aliejus&ldquo; maitina".
02-27-2024 @ 16:18:14 - Row :158 - Product imported successfully.
02-27-2024 @ 16:18:14 - Row :159 - Parsing item.
02-27-2024 @ 16:18:14 - Importing as new product ID:39738
02-27-2024 @ 16:18:14 - Row :159 - Processing item.
02-27-2024 @ 16:18:14 - Found simple product object. ID:39738
02-27-2024 @ 16:18:14 - Setting Featured Image. URL:Graikinių riešutų aliejus rafinuotas
02-27-2024 @ 16:18:14 - Unable to use image "Graikinių riešutų aliejus rafinuotas".
02-27-2024 @ 16:18:14 - Row :159 - Product imported successfully.
02-27-2024 @ 16:18:14 - Row :160 - Parsing item.
02-27-2024 @ 16:18:14 - Importing as new product ID:39739
02-27-2024 @ 16:18:14 - Row :160 - Processing item.
02-27-2024 @ 16:18:14 - Found simple product object. ID:39739
02-27-2024 @ 16:18:14 - Setting Featured Image. URL:anira-migdolu-aliejus-nerafinuotas-salto-spaudimo-500-ml
02-27-2024 @ 16:18:14 - Unable to use image "anira-migdolu-aliejus-nerafinuotas-salto-spaudimo-500-ml".
02-27-2024 @ 16:18:14 - Row :160 - Product imported successfully.
02-27-2024 @ 16:18:14 - Row :161 - Parsing item.
02-27-2024 @ 16:18:14 - Importing as new product ID:39740
02-27-2024 @ 16:18:14 - Row :161 - Processing item.
02-27-2024 @ 16:18:14 - Found simple product object. ID:39740
02-27-2024 @ 16:18:14 - Setting Featured Image. URL:&nbsp; Glycyrrhiza Glabra
02-27-2024 @ 16:18:14 - Unable to use image "&nbsp; Glycyrrhiza Glabra".
02-27-2024 @ 16:18:14 - Row :161 - Product imported successfully.
02-27-2024 @ 16:18:14 - Row :162 - Parsing item.
02-27-2024 @ 16:18:14 - Importing as new product ID:39741
02-27-2024 @ 16:18:14 - Row :162 - Processing item.
02-27-2024 @ 16:18:14 - Found simple product object. ID:39741
02-27-2024 @ 16:18:14 - Setting Featured Image. URL:Cetearyl Olivate &amp;" Sorbitan Olivate
02-27-2024 @ 16:18:14 - Unable to use image "Cetearyl Olivate &amp;" Sorbitan Olivate".
02-27-2024 @ 16:18:14 - Row :162 - Product imported successfully.
02-27-2024 @ 16:18:14 - Row :163 - Parsing item.
02-27-2024 @ 16:18:14 - Importing as new product ID:39742
02-27-2024 @ 16:18:14 - Row :163 - Processing item.
02-27-2024 @ 16:18:14 - Found simple product object. ID:39742
02-27-2024 @ 16:18:14 - Setting Featured Image. URL:in a dry
02-27-2024 @ 16:18:14 - Unable to use image "in a dry".
02-27-2024 @ 16:18:14 - Row :163 - Product imported successfully.
02-27-2024 @ 16:18:14 - Row :164 - Parsing item.
02-27-2024 @ 16:18:14 - Importing as new product ID:39743
02-27-2024 @ 16:18:14 - Row :164 - Processing item.
02-27-2024 @ 16:18:14 - Found simple product object. ID:39743
02-27-2024 @ 16:18:14 - Setting Featured Image. URL:massage
02-27-2024 @ 16:18:14 - Unable to use image "massage".
02-27-2024 @ 16:18:14 - Row :164 - Product imported successfully.
02-27-2024 @ 16:18:14 - Row :165 - Parsing item.
02-27-2024 @ 16:18:14 - Importing as new product ID:39744
02-27-2024 @ 16:18:14 - Row :165 - Processing item.
02-27-2024 @ 16:18:14 - Found simple product object. ID:39744
02-27-2024 @ 16:18:14 - Setting Featured Image. URL:Polyacrylate Crosspolymer-6
02-27-2024 @ 16:18:14 - Unable to use image "Polyacrylate Crosspolymer-6".
02-27-2024 @ 16:18:14 - Row :165 - Product imported successfully.
02-27-2024 @ 16:18:14 - Row :166 - Parsing item.
02-27-2024 @ 16:18:14 - Importing as new product ID:39745
02-27-2024 @ 16:18:14 - Row :166 - Processing item.
02-27-2024 @ 16:18:14 - Found simple product object. ID:39745
02-27-2024 @ 16:18:14 - Setting Featured Image. URL:50 g""
02-27-2024 @ 16:18:14 - Unable to use image "50 g""".
02-27-2024 @ 16:18:14 - Row :166 - Product imported successfully.
02-27-2024 @ 16:18:14 - Row :167 - Parsing item.
02-27-2024 @ 16:18:14 - Importing as new product ID:39746
02-27-2024 @ 16:18:14 - Row :167 - Processing item.
02-27-2024 @ 16:18:14 - Found simple product object. ID:39746
02-27-2024 @ 16:18:14 - Setting Featured Image. URL:<p>Levandų gėlės yra mažos
02-27-2024 @ 16:18:14 - Unable to use image "<p>Levandų gėlės yra mažos".
02-27-2024 @ 16:18:14 - Row :167 - Product imported successfully.
02-27-2024 @ 16:18:14 - Row :168 - Parsing item.
02-27-2024 @ 16:18:14 - Row :168 - Parsing failed. Reason: Content, title, and excerpt are empty.
02-27-2024 @ 16:18:14 - Row :169 - Parsing item.
02-27-2024 @ 16:18:14 - Row :169 - Parsing failed. Reason: Content, title, and excerpt are empty.
02-27-2024 @ 16:18:14 - Row :170 - Parsing item.
02-27-2024 @ 16:18:14 - Importing as new product ID:39747
02-27-2024 @ 16:18:14 - Row :170 - Processing item.
02-27-2024 @ 16:18:14 - Found simple product object. ID:39747
02-27-2024 @ 16:18:14 - Setting Featured Image. URL:<p>Smulkintos &scaron";aknys</p><p>Astragalus yra augalas
02-27-2024 @ 16:18:14 - Unable to use image "<p>Smulkintos &scaron";aknys</p><p>Astragalus yra augalas".
02-27-2024 @ 16:18:14 - Row :170 - Product imported successfully.
02-27-2024 @ 16:18:14 - Row :171 - Parsing item.
02-27-2024 @ 16:18:14 - Importing as new product ID:39748
02-27-2024 @ 16:18:14 - Row :171 - Processing item.
02-27-2024 @ 16:18:14 - Found simple product object. ID:39748
02-27-2024 @ 16:18:14 - Setting Featured Image. URL:50 g""
02-27-2024 @ 16:18:14 - Unable to use image "50 g""".
02-27-2024 @ 16:18:14 - Row :171 - Product imported successfully.
02-27-2024 @ 16:18:14 - Row :172 - Parsing item.
02-27-2024 @ 16:18:14 - Importing as new product ID:39749
02-27-2024 @ 16:18:14 - Row :172 - Processing item.
02-27-2024 @ 16:18:14 - Found simple product object. ID:39749
02-27-2024 @ 16:18:14 - Setting Featured Image. URL:60 tablečių""
02-27-2024 @ 16:18:14 - Unable to use image "60 tablečių""".
02-27-2024 @ 16:18:14 - Row :172 - Product imported successfully.
02-27-2024 @ 16:18:14 - Row :173 - Parsing item.
02-27-2024 @ 16:18:14 - Importing as new product ID:39750
02-27-2024 @ 16:18:14 - Row :173 - Processing item.
02-27-2024 @ 16:18:14 - Found simple product object. ID:39750
02-27-2024 @ 16:18:14 - Row :173 - Product imported successfully.
02-27-2024 @ 16:18:14 - Row :174 - Parsing item.
02-27-2024 @ 16:18:14 - Importing as new product ID:39751
02-27-2024 @ 16:18:14 - Row :174 - Processing item.
02-27-2024 @ 16:18:14 - Found simple product object. ID:39751
02-27-2024 @ 16:18:15 - Row :174 - Product imported successfully.
02-27-2024 @ 16:18:15 - Row :175 - Parsing item.
02-27-2024 @ 16:18:15 - Importing as new product ID:39752
02-27-2024 @ 16:18:15 - Row :175 - Processing item.
02-27-2024 @ 16:18:15 - Found simple product object. ID:39752
02-27-2024 @ 16:18:15 - Row :175 - Product imported successfully.
02-27-2024 @ 16:18:15 - Row :176 - Parsing item.
02-27-2024 @ 16:18:15 - Importing as new product ID:39753
02-27-2024 @ 16:18:15 - Row :176 - Processing item.
02-27-2024 @ 16:18:15 - Found simple product object. ID:39753
02-27-2024 @ 16:18:15 - Setting Featured Image. URL:atpalaiduoja ir aktyvina po nuovargio. Ypač tinka po fizinio streso ar krūvio. Rausvos konsistencijos. Raudonojo čili ekstraktas taip pat suteikia malonų &scaron;"ildantį poveikį</p><ul>	<li>Su čili ekstraktu</li>	<li>Su eukalipto aliejumi ir mentoliu</li></ul><p><strong>Naudojimas: </strong>skirtas tik i&scaron";oriniam naudojimui. Užtepkite įtemptas kūno vietas ir leiskite balzamui suveikti.</p><p><strong>Esant įtampai: </strong>didelį plotą patepkite arklio balzamu 2-3 kartus per dieną
02-27-2024 @ 16:18:15 - Unable to use image "atpalaiduoja ir aktyvina po nuovargio. Ypač tinka po fizinio streso ar krūvio. Rausvos konsistencijos. Raudonojo čili ekstraktas taip pat suteikia malonų &scaron;"ildantį poveikį</p><ul>	<li>Su čili ekstraktu</li>	<li>Su eukalipto aliejumi ir mentoliu</li></ul><p><strong>Naudojimas: </strong>skirtas tik i&scaron";oriniam naudojimui. Užtepkite įtemptas kūno vietas ir leiskite balzamui suveikti.</p><p><strong>Esant įtampai: </strong>didelį plotą patepkite arklio balzamu 2-3 kartus per dieną".
02-27-2024 @ 16:18:15 - Row :176 - Product imported successfully.
02-27-2024 @ 16:18:15 - Row :177 - Parsing item.
02-27-2024 @ 16:18:15 - Importing as new product ID:39754
02-27-2024 @ 16:18:15 - Row :177 - Processing item.
02-27-2024 @ 16:18:15 - Found simple product object. ID:39754
02-27-2024 @ 16:18:15 - Setting Featured Image. URL:Bio-Vital kremas kojoms su vynmedžių lapų ir vynuogių kauliukų aliejumi
02-27-2024 @ 16:18:15 - Unable to use image "Bio-Vital kremas kojoms su vynmedžių lapų ir vynuogių kauliukų aliejumi".
02-27-2024 @ 16:18:15 - Row :177 - Product imported successfully.
02-27-2024 @ 16:18:15 - Row :178 - Parsing item.
02-27-2024 @ 16:18:15 - Importing as new product ID:39755
02-27-2024 @ 16:18:15 - Row :178 - Processing item.
02-27-2024 @ 16:18:15 - Found simple product object. ID:39755
02-27-2024 @ 16:18:15 - Setting Featured Image. URL:rinse well with plenty of water.</p><p><strong>Ingredients (INCI): </strong>Aqua
02-27-2024 @ 16:18:15 - Unable to use image "rinse well with plenty of water.</p><p><strong>Ingredients (INCI): </strong>Aqua".
02-27-2024 @ 16:18:15 - Row :178 - Product imported successfully.
02-27-2024 @ 16:18:15 - Row :179 - Parsing item.
02-27-2024 @ 16:18:15 - Importing as new product ID:39756
02-27-2024 @ 16:18:15 - Row :179 - Processing item.
02-27-2024 @ 16:18:15 - Found simple product object. ID:39756
02-27-2024 @ 16:18:15 - Setting Featured Image. URL:Pinus Pumila Regel Oil
02-27-2024 @ 16:18:15 - Unable to use image "Pinus Pumila Regel Oil".
02-27-2024 @ 16:18:15 - Row :179 - Product imported successfully.
02-27-2024 @ 16:18:15 - Row :180 - Parsing item.
02-27-2024 @ 16:18:15 - Importing as new product ID:39757
02-27-2024 @ 16:18:15 - Row :180 - Processing item.
02-27-2024 @ 16:18:15 - Found simple product object. ID:39757
02-27-2024 @ 16:18:15 - Setting Featured Image. URL:which is not</p><p><strong>Ingredients (INCI): </strong>Aqua
02-27-2024 @ 16:18:15 - Unable to use image "which is not</p><p><strong>Ingredients (INCI): </strong>Aqua".
02-27-2024 @ 16:18:15 - Row :180 - Product imported successfully.
02-27-2024 @ 16:18:15 - Row :181 - Parsing item.
02-27-2024 @ 16:18:15 - Importing as new product ID:39758
02-27-2024 @ 16:18:15 - Row :181 - Processing item.
02-27-2024 @ 16:18:15 - Found simple product object. ID:39758
02-27-2024 @ 16:18:15 - Setting Featured Image. URL:turi tonizuojantį
02-27-2024 @ 16:18:15 - Unable to use image "turi tonizuojantį".
02-27-2024 @ 16:18:15 - Row :181 - Product imported successfully.
02-27-2024 @ 16:18:15 - Row :182 - Parsing item.
02-27-2024 @ 16:18:15 - Importing as new product ID:39759
02-27-2024 @ 16:18:15 - Row :182 - Processing item.
02-27-2024 @ 16:18:15 - Found simple product object. ID:39759
02-27-2024 @ 16:18:15 - Setting Featured Image. URL:Lactic Acid
02-27-2024 @ 16:18:15 - Unable to use image "Lactic Acid".
02-27-2024 @ 16:18:15 - Row :182 - Product imported successfully.
02-27-2024 @ 16:18:15 - Row :183 - Parsing item.
02-27-2024 @ 16:18:15 - Importing as new product ID:39760
02-27-2024 @ 16:18:15 - Row :183 - Processing item.
02-27-2024 @ 16:18:15 - Found simple product object. ID:39760
02-27-2024 @ 16:18:15 - Setting Featured Image. URL:Cetearyl Alcohol
02-27-2024 @ 16:18:15 - Unable to use image "Cetearyl Alcohol".
02-27-2024 @ 16:18:15 - Row :183 - Product imported successfully.
02-27-2024 @ 16:18:15 - Row :184 - Parsing item.
02-27-2024 @ 16:18:15 - Importing as new product ID:39761
02-27-2024 @ 16:18:15 - Row :184 - Processing item.
02-27-2024 @ 16:18:15 - Found simple product object. ID:39761
02-27-2024 @ 16:18:15 - Setting Featured Image. URL:<strong>laktozės
02-27-2024 @ 16:18:15 - Unable to use image "<strong>laktozės".
02-27-2024 @ 16:18:15 - Row :184 - Product imported successfully.
02-27-2024 @ 16:18:15 - Row :185 - Parsing item.
02-27-2024 @ 16:18:15 - Importing as new product ID:5987
02-27-2024 @ 16:18:15 - Row :185 - Processing item.
02-27-2024 @ 16:18:15 - Found simple product object. ID:5987
02-27-2024 @ 16:18:15 - Row :185 - Processing failed. Reason: Invalid or duplicated SKU.
02-27-2024 @ 16:18:15 - Row :186 - Parsing item.
02-27-2024 @ 16:18:16 - Importing as new product ID:5993
02-27-2024 @ 16:18:16 - Row :186 - Processing item.
02-27-2024 @ 16:18:16 - Found simple product object. ID:5993
02-27-2024 @ 16:18:16 - Row :186 - Processing failed. Reason: Invalid or duplicated SKU.
02-27-2024 @ 16:18:16 - Row :187 - Parsing item.
02-27-2024 @ 16:18:16 - Importing as new product ID:39762
02-27-2024 @ 16:18:16 - Row :187 - Processing item.
02-27-2024 @ 16:18:16 - Found simple product object. ID:39762
02-27-2024 @ 16:18:16 - Row :187 - Product imported successfully.
02-27-2024 @ 16:18:16 - Row :188 - Parsing item.
02-27-2024 @ 16:18:16 - Row :188 - Parsing failed. Reason: Content, title, and excerpt are empty.
02-27-2024 @ 16:18:16 - Row :189 - Parsing item.
02-27-2024 @ 16:18:16 - Row :189 - Parsing failed. Reason: Content, title, and excerpt are empty.
02-27-2024 @ 16:18:16 - Row :190 - Parsing item.
02-27-2024 @ 16:18:16 - Importing as new product ID:39763
02-27-2024 @ 16:18:16 - Row :190 - Processing item.
02-27-2024 @ 16:18:16 - Found simple product object. ID:39763
02-27-2024 @ 16:18:16 - Setting Featured Image. URL:vėžiagyvių
02-27-2024 @ 16:18:16 - Unable to use image "vėžiagyvių".
02-27-2024 @ 16:18:16 - Row :190 - Product imported successfully.
02-27-2024 @ 16:18:16 - Row :191 - Parsing item.
02-27-2024 @ 16:18:16 - Importing as new product ID:39764
02-27-2024 @ 16:18:16 - Row :191 - Processing item.
02-27-2024 @ 16:18:16 - Found simple product object. ID:39764
02-27-2024 @ 16:18:16 - Setting Featured Image. URL:50 g""
02-27-2024 @ 16:18:16 - Unable to use image "50 g""".
02-27-2024 @ 16:18:16 - Row :191 - Product imported successfully.
02-27-2024 @ 16:18:16 - Row :192 - Parsing item.
02-27-2024 @ 16:18:16 - Importing as new product ID:39765
02-27-2024 @ 16:18:16 - Row :192 - Processing item.
02-27-2024 @ 16:18:16 - Found simple product object. ID:39765
02-27-2024 @ 16:18:16 - Setting Featured Image. URL:valerian
02-27-2024 @ 16:18:16 - Unable to use image "valerian".
02-27-2024 @ 16:18:16 - Row :192 - Product imported successfully.
02-27-2024 @ 16:18:16 - Row :193 - Parsing item.
02-27-2024 @ 16:18:16 - Row :193 - Parsing failed. Reason: Content, title, and excerpt are empty.
02-27-2024 @ 16:18:16 - Row :194 - Parsing item.
02-27-2024 @ 16:18:16 - Importing as new product ID:39766
02-27-2024 @ 16:18:16 - Row :194 - Processing item.
02-27-2024 @ 16:18:16 - Found simple product object. ID:39766
02-27-2024 @ 16:18:16 - Setting Featured Image. URL:staple sedge (maitake) powder
02-27-2024 @ 16:18:16 - Unable to use image "staple sedge (maitake) powder".
02-27-2024 @ 16:18:16 - Row :194 - Product imported successfully.
02-27-2024 @ 16:18:16 - Row :195 - Parsing item.
02-27-2024 @ 16:18:16 - Importing as new product ID:39767
02-27-2024 @ 16:18:16 - Row :195 - Processing item.
02-27-2024 @ 16:18:16 - Found simple product object. ID:39767
02-27-2024 @ 16:18:16 - Row :195 - Product imported successfully.
02-27-2024 @ 16:18:16 - Row :196 - Parsing item.
02-27-2024 @ 16:18:16 - Importing as new product ID:39768
02-27-2024 @ 16:18:16 - Row :196 - Processing item.
02-27-2024 @ 16:18:16 - Found simple product object. ID:39768
02-27-2024 @ 16:18:16 - Setting Featured Image. URL:Vakarinis valerijonas
02-27-2024 @ 16:18:16 - Unable to use image "Vakarinis valerijonas".
02-27-2024 @ 16:18:16 - Row :196 - Product imported successfully.
02-27-2024 @ 16:18:16 - Row :197 - Parsing item.
02-27-2024 @ 16:18:16 - Importing as new product ID:39769
02-27-2024 @ 16:18:16 - Row :197 - Processing item.
02-27-2024 @ 16:18:16 - Found simple product object. ID:39769
02-27-2024 @ 16:18:16 - Row :197 - Product imported successfully.
02-27-2024 @ 16:18:16 - Row :198 - Parsing item.
02-27-2024 @ 16:18:16 - Importing as new product ID:39770
02-27-2024 @ 16:18:16 - Row :198 - Processing item.
02-27-2024 @ 16:18:16 - Found simple product object. ID:39770
02-27-2024 @ 16:18:16 - Setting Featured Image. URL:For colouring hair
02-27-2024 @ 16:18:16 - Unable to use image "For colouring hair".
02-27-2024 @ 16:18:16 - Row :198 - Product imported successfully.
02-27-2024 @ 16:18:16 - Row :199 - Parsing item.
02-27-2024 @ 16:18:16 - Importing as new product ID:39771
02-27-2024 @ 16:18:16 - Row :199 - Processing item.
02-27-2024 @ 16:18:16 - Found simple product object. ID:39771
02-27-2024 @ 16:18:16 - Setting Featured Image. URL:and silicon dioxide.</p><table border=""""1"""" bordercolor=""""#ccc"""" cellpadding=""""5"""" cellspacing=""""0"""" style=""""border-collapse:collapse"""">	<tbody>		<tr>			<td>			<p style=""""text-align:center"""">&nbsp";"</p>			</td>			<td>			<p style=""""text-align:center""""><strong>6 tablets </strong></p>			</td>			<td>			<p style=""""text-align:center""""><strong>NRV*</strong></p>			</td>		</tr>		<tr>			<td><strong>Brewer&#39";"s yeast</strong></td>			<td>			<p style=""""text-align:center"""">3000 mg</p>			</td>			<td>			<p style=""""text-align:center"""">**</p>			</td>		</tr>		<tr>			<td><strong>Vitamin C</strong></td>			<td style=""""text-align:center"""">28
02-27-2024 @ 16:18:16 - Unable to use image "and silicon dioxide.</p><table border=""""1"""" bordercolor=""""#ccc"""" cellpadding=""""5"""" cellspacing=""""0"""" style=""""border-collapse:collapse"""">	<tbody>		<tr>			<td>			<p style=""""text-align:center"""">&nbsp";"</p>			</td>			<td>			<p style=""""text-align:center""""><strong>6 tablets </strong></p>			</td>			<td>			<p style=""""text-align:center""""><strong>NRV*</strong></p>			</td>		</tr>		<tr>			<td><strong>Brewer&#39";"s yeast</strong></td>			<td>			<p style=""""text-align:center"""">3000 mg</p>			</td>			<td>			<p style=""""text-align:center"""">**</p>			</td>		</tr>		<tr>			<td><strong>Vitamin C</strong></td>			<td style=""""text-align:center"""">28".
02-27-2024 @ 16:18:16 - Row :199 - Product imported successfully.
02-27-2024 @ 16:18:16 - ---[ Import ended at 2024-02-27 16:18:16]---
