02-27-2024 @ 16:27:41 - ---[ New import started at 2024-02-27 16:27:41 ] PHP Memory: 256 MB, WP Memory: 40 MB
02-27-2024 @ 16:27:41 - Preparing for import.
02-27-2024 @ 16:27:41 - Row :1 - Parsing item.
02-27-2024 @ 16:27:41 - Importing as new product ID:39772
02-27-2024 @ 16:27:41 - Row :1 - Processing item.
02-27-2024 @ 16:27:41 - Found simple product object. ID:39772
02-27-2024 @ 16:27:41 - Row :1 - Processing failed. Reason: Invalid or duplicated SKU.
02-27-2024 @ 16:27:41 - Row :2 - Parsing item.
02-27-2024 @ 16:27:41 - Importing as new product ID:39773
02-27-2024 @ 16:27:41 - Row :2 - Processing item.
02-27-2024 @ 16:27:41 - Found simple product object. ID:39773
02-27-2024 @ 16:27:41 - Row :2 - Processing failed. Reason: Invalid or duplicated SKU.
02-27-2024 @ 16:27:41 - Row :3 - Parsing item.
02-27-2024 @ 16:27:41 - Importing as new product ID:39774
02-27-2024 @ 16:27:41 - Row :3 - Processing item.
02-27-2024 @ 16:27:41 - Found simple product object. ID:39774
02-27-2024 @ 16:27:41 - Setting Featured Image. URL:antiviral
02-27-2024 @ 16:27:41 - Unable to use image "antiviral".
02-27-2024 @ 16:27:41 - Row :3 - Product imported successfully.
02-27-2024 @ 16:27:41 - Row :4 - Parsing item.
02-27-2024 @ 16:27:41 - Importing as new product ID:39775
02-27-2024 @ 16:27:41 - Row :4 - Processing item.
02-27-2024 @ 16:27:41 - Found simple product object. ID:39775
02-27-2024 @ 16:27:41 - Setting Featured Image. URL:<p>Žolelių arbata &bdquo";Rodiola&ldquo;
02-27-2024 @ 16:27:41 - Unable to use image "<p>Žolelių arbata &bdquo";Rodiola&ldquo;".
02-27-2024 @ 16:27:41 - Row :4 - Product imported successfully.
02-27-2024 @ 16:27:41 - Row :5 - Parsing item.
02-27-2024 @ 16:27:41 - Importing as new product ID:39776
02-27-2024 @ 16:27:41 - Row :5 - Processing item.
02-27-2024 @ 16:27:41 - Found simple product object. ID:39776
02-27-2024 @ 16:27:41 - Row :5 - Processing failed. Reason: Invalid or duplicated SKU.
02-27-2024 @ 16:27:41 - Row :6 - Parsing item.
02-27-2024 @ 16:27:41 - Importing as new product ID:39777
02-27-2024 @ 16:27:41 - Row :6 - Processing item.
02-27-2024 @ 16:27:41 - Found simple product object. ID:39777
02-27-2024 @ 16:27:41 - Setting Featured Image. URL:<p>Maisto papildas su augaliniais steroliais</p><p>Cholesterolio koncentracijai palaikyti</p><p><strong>Augaliniai steroliai padeda palaikyti normalią
02-27-2024 @ 16:27:41 - Unable to use image "<p>Maisto papildas su augaliniais steroliais</p><p>Cholesterolio koncentracijai palaikyti</p><p><strong>Augaliniai steroliai padeda palaikyti normalią".
02-27-2024 @ 16:27:41 - Row :6 - Product imported successfully.
02-27-2024 @ 16:27:41 - Row :7 - Parsing item.
02-27-2024 @ 16:27:41 - Row :7 - Parsing failed. Reason: Content, title, and excerpt are empty.
02-27-2024 @ 16:27:41 - Row :8 - Parsing item.
02-27-2024 @ 16:27:41 - Row :8 - Parsing failed. Reason: Content, title, and excerpt are empty.
02-27-2024 @ 16:27:41 - Row :9 - Parsing item.
02-27-2024 @ 16:27:41 - Importing as new product ID:39778
02-27-2024 @ 16:27:41 - Row :9 - Processing item.
02-27-2024 @ 16:27:41 - Found simple product object. ID:39778
02-27-2024 @ 16:27:41 - Row :9 - Processing failed. Reason: Invalid or duplicated SKU.
02-27-2024 @ 16:27:41 - Row :10 - Parsing item.
02-27-2024 @ 16:27:41 - Importing as new product ID:39779
02-27-2024 @ 16:27:41 - Row :10 - Processing item.
02-27-2024 @ 16:27:41 - Found simple product object. ID:39779
02-27-2024 @ 16:27:41 - Row :10 - Processing failed. Reason: Invalid or duplicated SKU.
02-27-2024 @ 16:27:41 - Row :11 - Parsing item.
02-27-2024 @ 16:27:41 - Importing as new product ID:39780
02-27-2024 @ 16:27:41 - Row :11 - Processing item.
02-27-2024 @ 16:27:41 - Found simple product object. ID:39780
02-27-2024 @ 16:27:41 - Row :11 - Processing failed. Reason: Invalid or duplicated SKU.
02-27-2024 @ 16:27:41 - Row :12 - Parsing item.
02-27-2024 @ 16:27:41 - Importing as new product ID:39781
02-27-2024 @ 16:27:41 - Row :12 - Processing item.
02-27-2024 @ 16:27:41 - Found simple product object. ID:39781
02-27-2024 @ 16:27:41 - Setting Featured Image. URL:cartilage
02-27-2024 @ 16:27:41 - Unable to use image "cartilage".
02-27-2024 @ 16:27:41 - Row :12 - Product imported successfully.
02-27-2024 @ 16:27:41 - Row :13 - Parsing item.
02-27-2024 @ 16:27:41 - Row :13 - Processing item.
02-27-2024 @ 16:27:41 - Found simple product object. ID:39629
02-27-2024 @ 16:27:41 - Setting Featured Image. URL:NikSen dviskiautis ginkmedis (ginkgo biloba)
02-27-2024 @ 16:27:41 - Unable to use image "NikSen dviskiautis ginkmedis (ginkgo biloba)".
02-27-2024 @ 16:27:41 - Row :13 - Product updated successfully.
02-27-2024 @ 16:27:41 - Row :14 - Parsing item.
02-27-2024 @ 16:27:41 - Row :14 - Parsing failed. Reason: Content, title, and excerpt are empty.
02-27-2024 @ 16:27:41 - Row :15 - Parsing item.
02-27-2024 @ 16:27:41 - Importing as new product ID:39782
02-27-2024 @ 16:27:41 - Row :15 - Processing item.
02-27-2024 @ 16:27:41 - Found simple product object. ID:39782
02-27-2024 @ 16:27:41 - Row :15 - Processing failed. Reason: Invalid or duplicated SKU.
02-27-2024 @ 16:27:41 - Row :16 - Parsing item.
02-27-2024 @ 16:27:41 - Row :16 - Processing item.
02-27-2024 @ 16:27:41 - Found simple product object. ID:39629
02-27-2024 @ 16:27:41 - Setting Featured Image. URL:Žiūrėti daugiau""
02-27-2024 @ 16:27:41 - Unable to use image "Žiūrėti daugiau""".
02-27-2024 @ 16:27:41 - Row :16 - Product updated successfully.
02-27-2024 @ 16:27:41 - Row :17 - Parsing item.
02-27-2024 @ 16:27:41 - Row :17 - Parsing failed. Reason: Content, title, and excerpt are empty.
02-27-2024 @ 16:27:41 - Row :18 - Parsing item.
02-27-2024 @ 16:27:41 - Importing as new product ID:39783
02-27-2024 @ 16:27:41 - Row :18 - Processing item.
02-27-2024 @ 16:27:41 - Found simple product object. ID:39783
02-27-2024 @ 16:27:41 - Setting Featured Image. URL:imunitetui
02-27-2024 @ 16:27:41 - Unable to use image "imunitetui".
02-27-2024 @ 16:27:41 - Row :18 - Product imported successfully.
02-27-2024 @ 16:27:41 - Row :19 - Parsing item.
02-27-2024 @ 16:27:41 - Row :19 - Processing item.
02-27-2024 @ 16:27:41 - Found simple product object. ID:39629
02-27-2024 @ 16:27:41 - Setting Featured Image. URL:Žiūrėti daugiau""
02-27-2024 @ 16:27:41 - Unable to use image "Žiūrėti daugiau""".
02-27-2024 @ 16:27:42 - Row :19 - Product updated successfully.
02-27-2024 @ 16:27:42 - Row :20 - Parsing item.
02-27-2024 @ 16:27:42 - Row :20 - Processing item.
02-27-2024 @ 16:27:42 - Found simple product object. ID:39629
02-27-2024 @ 16:27:42 - Setting Featured Image. URL:Evalar zolotoje altajaus mumijo 100 % (Shilajit)
02-27-2024 @ 16:27:42 - Unable to use image "Evalar zolotoje altajaus mumijo 100 % (Shilajit)".
02-27-2024 @ 16:27:42 - Row :20 - Product updated successfully.
02-27-2024 @ 16:27:42 - Row :21 - Parsing item.
02-27-2024 @ 16:27:42 - Importing as new product ID:39784
02-27-2024 @ 16:27:42 - Row :21 - Processing item.
02-27-2024 @ 16:27:42 - Found simple product object. ID:39784
02-27-2024 @ 16:27:42 - Row :21 - Processing failed. Reason: Invalid or duplicated SKU.
02-27-2024 @ 16:27:42 - Row :22 - Parsing item.
02-27-2024 @ 16:27:42 - Row :22 - Processing item.
02-27-2024 @ 16:27:42 - Found simple product object. ID:39629
02-27-2024 @ 16:27:42 - Setting Featured Image. URL:Žiūrėti daugiau""
02-27-2024 @ 16:27:42 - Unable to use image "Žiūrėti daugiau""".
02-27-2024 @ 16:27:42 - Row :22 - Product updated successfully.
02-27-2024 @ 16:27:42 - Row :23 - Parsing item.
02-27-2024 @ 16:27:42 - Row :23 - Processing item.
02-27-2024 @ 16:27:42 - Found simple product object. ID:39629
02-27-2024 @ 16:27:42 - Setting Featured Image. URL:Žiūrėti daugiau""
02-27-2024 @ 16:27:42 - Unable to use image "Žiūrėti daugiau""".
02-27-2024 @ 16:27:42 - Row :23 - Product updated successfully.
02-27-2024 @ 16:27:42 - Row :24 - Parsing item.
02-27-2024 @ 16:27:42 - Row :24 - Processing item.
02-27-2024 @ 16:27:42 - Found simple product object. ID:39629
02-27-2024 @ 16:27:42 - Setting Featured Image. URL:Žiūrėti daugiau""
02-27-2024 @ 16:27:42 - Unable to use image "Žiūrėti daugiau""".
02-27-2024 @ 16:27:42 - Row :24 - Product updated successfully.
02-27-2024 @ 16:27:42 - Row :25 - Parsing item.
02-27-2024 @ 16:27:42 - Row :25 - Processing item.
02-27-2024 @ 16:27:42 - Found simple product object. ID:39633
02-27-2024 @ 16:27:42 - Setting Featured Image. URL:stapharma-vitaminum-a-e-strong-30-kapsuliu
02-27-2024 @ 16:27:42 - Unable to use image "stapharma-vitaminum-a-e-strong-30-kapsuliu".
02-27-2024 @ 16:27:42 - Row :25 - Product updated successfully.
02-27-2024 @ 16:27:42 - Row :26 - Parsing item.
02-27-2024 @ 16:27:42 - Importing as new product ID:39785
02-27-2024 @ 16:27:42 - Row :26 - Processing item.
02-27-2024 @ 16:27:42 - Found simple product object. ID:39785
02-27-2024 @ 16:27:42 - Setting Featured Image. URL:30 kapsulių""
02-27-2024 @ 16:27:42 - Unable to use image "30 kapsulių""".
02-27-2024 @ 16:27:42 - Row :26 - Product imported successfully.
02-27-2024 @ 16:27:42 - Row :27 - Parsing item.
02-27-2024 @ 16:27:42 - Importing as new product ID:39786
02-27-2024 @ 16:27:42 - Row :27 - Processing item.
02-27-2024 @ 16:27:42 - Found simple product object. ID:39786
02-27-2024 @ 16:27:42 - Row :27 - Processing failed. Reason: Invalid or duplicated SKU.
02-27-2024 @ 16:27:42 - Row :28 - Parsing item.
02-27-2024 @ 16:27:42 - Importing as new product ID:39787
02-27-2024 @ 16:27:42 - Row :28 - Processing item.
02-27-2024 @ 16:27:42 - Found simple product object. ID:39787
02-27-2024 @ 16:27:42 - Setting Featured Image. URL:<p>Kūno gelis-balzamas &bdquo";Lo&scaron;adinaje zdorovie rasgibatel&ldquo;" naudojamas visiems odos tipams.</p><p><strong>Naudojimo būdas:</strong> nedidelį kiekį masažuojančiais judesiais įtrinti į odą.</p><p><strong>Atsargumo įspėjimai: </strong>individualus komponentų nesuderinamumas. Saugoti nuo vaikų. Vengti patekimo į akis.</p><p><strong>Sudėtis:</strong> žiūrėti ant pakuotės.</p><p><strong>Geriausias iki pabaigos:</strong> 24 mėn. nuo pagaminimo datos
02-27-2024 @ 16:27:42 - Unable to use image "<p>Kūno gelis-balzamas &bdquo";Lo&scaron;adinaje zdorovie rasgibatel&ldquo;" naudojamas visiems odos tipams.</p><p><strong>Naudojimo būdas:</strong> nedidelį kiekį masažuojančiais judesiais įtrinti į odą.</p><p><strong>Atsargumo įspėjimai: </strong>individualus komponentų nesuderinamumas. Saugoti nuo vaikų. Vengti patekimo į akis.</p><p><strong>Sudėtis:</strong> žiūrėti ant pakuotės.</p><p><strong>Geriausias iki pabaigos:</strong> 24 mėn. nuo pagaminimo datos".
02-27-2024 @ 16:27:42 - Row :28 - Product imported successfully.
02-27-2024 @ 16:27:42 - Row :29 - Parsing item.
02-27-2024 @ 16:27:42 - Importing as new product ID:39788
02-27-2024 @ 16:27:42 - Row :29 - Processing item.
02-27-2024 @ 16:27:42 - Found simple product object. ID:39788
02-27-2024 @ 16:27:42 - Row :29 - Product imported successfully.
02-27-2024 @ 16:27:42 - Row :30 - Parsing item.
02-27-2024 @ 16:27:42 - Importing as new product ID:39789
02-27-2024 @ 16:27:42 - Row :30 - Processing item.
02-27-2024 @ 16:27:42 - Found simple product object. ID:39789
02-27-2024 @ 16:27:42 - Row :30 - Product imported successfully.
02-27-2024 @ 16:27:42 - Row :31 - Parsing item.
02-27-2024 @ 16:27:42 - Importing as new product ID:39790
02-27-2024 @ 16:27:42 - Row :31 - Processing item.
02-27-2024 @ 16:27:42 - Found simple product object. ID:39790
02-27-2024 @ 16:27:42 - Setting Featured Image. URL:Lokio tepalas šildantis Virde
02-27-2024 @ 16:27:42 - Unable to use image "Lokio tepalas šildantis Virde".
02-27-2024 @ 16:27:42 - Row :31 - Product imported successfully.
02-27-2024 @ 16:27:42 - Row :32 - Parsing item.
02-27-2024 @ 16:27:42 - Importing as new product ID:39791
02-27-2024 @ 16:27:42 - Row :32 - Processing item.
02-27-2024 @ 16:27:42 - Found simple product object. ID:39791
02-27-2024 @ 16:27:42 - Row :32 - Processing failed. Reason: Invalid or duplicated SKU.
02-27-2024 @ 16:27:42 - Row :33 - Parsing item.
02-27-2024 @ 16:27:42 - Importing as new product ID:39792
02-27-2024 @ 16:27:42 - Row :33 - Processing item.
02-27-2024 @ 16:27:42 - Found simple product object. ID:39792
02-27-2024 @ 16:27:42 - Row :33 - Processing failed. Reason: Invalid or duplicated SKU.
02-27-2024 @ 16:27:42 - Row :34 - Parsing item.
02-27-2024 @ 16:27:42 - Importing as new product ID:39793
02-27-2024 @ 16:27:42 - Row :34 - Processing item.
02-27-2024 @ 16:27:42 - Found simple product object. ID:39793
02-27-2024 @ 16:27:42 - Row :34 - Product imported successfully.
02-27-2024 @ 16:27:42 - Row :35 - Parsing item.
02-27-2024 @ 16:27:42 - Importing as new product ID:39794
02-27-2024 @ 16:27:42 - Row :35 - Processing item.
02-27-2024 @ 16:27:42 - Found simple product object. ID:39794
02-27-2024 @ 16:27:42 - Row :35 - Product imported successfully.
02-27-2024 @ 16:27:42 - Row :36 - Parsing item.
02-27-2024 @ 16:27:42 - Importing as new product ID:39795
02-27-2024 @ 16:27:42 - Row :36 - Processing item.
02-27-2024 @ 16:27:42 - Found simple product object. ID:39795
02-27-2024 @ 16:27:42 - Row :36 - Processing failed. Reason: Invalid or duplicated SKU.
02-27-2024 @ 16:27:42 - Row :37 - Parsing item.
02-27-2024 @ 16:27:42 - Row :37 - Parsing failed. Reason: Content, title, and excerpt are empty.
02-27-2024 @ 16:27:42 - Row :38 - Parsing item.
02-27-2024 @ 16:27:42 - Importing as new product ID:39796
02-27-2024 @ 16:27:42 - Row :38 - Processing item.
02-27-2024 @ 16:27:42 - Found simple product object. ID:39796
02-27-2024 @ 16:27:42 - Row :38 - Processing failed. Reason: Invalid or duplicated SKU.
02-27-2024 @ 16:27:42 - Row :39 - Parsing item.
02-27-2024 @ 16:27:42 - Importing as new product ID:39797
02-27-2024 @ 16:27:42 - Row :39 - Processing item.
02-27-2024 @ 16:27:42 - Found simple product object. ID:39797
02-27-2024 @ 16:27:42 - Row :39 - Processing failed. Reason: Invalid or duplicated SKU.
02-27-2024 @ 16:27:42 - Row :40 - Parsing item.
02-27-2024 @ 16:27:42 - Importing as new product ID:39798
02-27-2024 @ 16:27:42 - Row :40 - Processing item.
02-27-2024 @ 16:27:42 - Found simple product object. ID:39798
02-27-2024 @ 16:27:42 - Row :40 - Processing failed. Reason: Invalid or duplicated SKU.
02-27-2024 @ 16:27:42 - Row :41 - Parsing item.
02-27-2024 @ 16:27:42 - Importing as new product ID:39799
02-27-2024 @ 16:27:42 - Row :41 - Processing item.
02-27-2024 @ 16:27:42 - Found simple product object. ID:39799
02-27-2024 @ 16:27:42 - Row :41 - Processing failed. Reason: Invalid or duplicated SKU.
02-27-2024 @ 16:27:42 - Row :42 - Parsing item.
02-27-2024 @ 16:27:42 - Importing as new product ID:39800
02-27-2024 @ 16:27:42 - Row :42 - Processing item.
02-27-2024 @ 16:27:42 - Found simple product object. ID:39800
02-27-2024 @ 16:27:42 - Setting Featured Image. URL:Sodium Laureth Sulfate
02-27-2024 @ 16:27:42 - Unable to use image "Sodium Laureth Sulfate".
02-27-2024 @ 16:27:42 - Row :42 - Product imported successfully.
02-27-2024 @ 16:27:42 - Row :43 - Parsing item.
02-27-2024 @ 16:27:42 - Row :43 - Processing item.
02-27-2024 @ 16:27:42 - Found simple product object. ID:39648
02-27-2024 @ 16:27:42 - Setting Featured Image. URL:Extract of the roots and rhizomes of pink radiola
02-27-2024 @ 16:27:42 - Unable to use image "Extract of the roots and rhizomes of pink radiola".
02-27-2024 @ 16:27:42 - Row :43 - Product updated successfully.
02-27-2024 @ 16:27:42 - Row :44 - Parsing item.
02-27-2024 @ 16:27:42 - Importing as new product ID:39801
02-27-2024 @ 16:27:42 - Row :44 - Processing item.
02-27-2024 @ 16:27:42 - Found simple product object. ID:39801
02-27-2024 @ 16:27:42 - Setting Featured Image. URL:baltkos-gelezis-folio-rugstis-b12-vitamin-c-30-tableciu
02-27-2024 @ 16:27:42 - Unable to use image "baltkos-gelezis-folio-rugstis-b12-vitamin-c-30-tableciu".
02-27-2024 @ 16:27:42 - Row :44 - Product imported successfully.
02-27-2024 @ 16:27:42 - Row :45 - Parsing item.
02-27-2024 @ 16:27:42 - Row :45 - Processing item.
02-27-2024 @ 16:27:42 - Found simple product object. ID:39650
02-27-2024 @ 16:27:42 - Setting Featured Image. URL:cholesterol-support
02-27-2024 @ 16:27:42 - Unable to use image "cholesterol-support".
02-27-2024 @ 16:27:42 - Row :45 - Product updated successfully.
02-27-2024 @ 16:27:42 - Row :46 - Parsing item.
02-27-2024 @ 16:27:42 - Importing as new product ID:39802
02-27-2024 @ 16:27:42 - Row :46 - Processing item.
02-27-2024 @ 16:27:42 - Found simple product object. ID:39802
02-27-2024 @ 16:27:42 - Setting Featured Image. URL:20 tablet""
02-27-2024 @ 16:27:42 - Unable to use image "20 tablet""".
02-27-2024 @ 16:27:43 - Row :46 - Product imported successfully.
02-27-2024 @ 16:27:43 - Row :47 - Parsing item.
02-27-2024 @ 16:27:43 - Importing as new product ID:39803
02-27-2024 @ 16:27:43 - Row :47 - Processing item.
02-27-2024 @ 16:27:43 - Found simple product object. ID:39803
02-27-2024 @ 16:27:43 - Setting Featured Image. URL:Magnis milteliai Pharma Ad
02-27-2024 @ 16:27:43 - Unable to use image "Magnis milteliai Pharma Ad".
02-27-2024 @ 16:27:43 - Row :47 - Product imported successfully.
02-27-2024 @ 16:27:43 - Row :48 - Parsing item.
02-27-2024 @ 16:27:43 - Importing as new product ID:39804
02-27-2024 @ 16:27:43 - Row :48 - Processing item.
02-27-2024 @ 16:27:43 - Found simple product object. ID:39804
02-27-2024 @ 16:27:43 - Row :48 - Processing failed. Reason: Invalid or duplicated SKU.
02-27-2024 @ 16:27:43 - Row :49 - Parsing item.
02-27-2024 @ 16:27:43 - Row :49 - Processing item.
02-27-2024 @ 16:27:43 - Found simple product object. ID:39654
02-27-2024 @ 16:27:43 - Setting Featured Image. URL:Milk thistle helps maintain normal liver function. Dietary supplement containing polyunsaturated fatty acids and vitamin E
02-27-2024 @ 16:27:43 - Unable to use image "Milk thistle helps maintain normal liver function. Dietary supplement containing polyunsaturated fatty acids and vitamin E".
02-27-2024 @ 16:27:43 - Row :49 - Product updated successfully.
02-27-2024 @ 16:27:43 - Row :50 - Parsing item.
02-27-2024 @ 16:27:43 - Importing as new product ID:39805
02-27-2024 @ 16:27:43 - Row :50 - Processing item.
02-27-2024 @ 16:27:43 - Found simple product object. ID:39805
02-27-2024 @ 16:27:43 - Setting Featured Image. URL:50 tablečių""
02-27-2024 @ 16:27:43 - Unable to use image "50 tablečių""".
02-27-2024 @ 16:27:43 - Row :50 - Product imported successfully.
02-27-2024 @ 16:27:43 - Row :51 - Parsing item.
02-27-2024 @ 16:27:43 - Importing as new product ID:39806
02-27-2024 @ 16:27:43 - Row :51 - Processing item.
02-27-2024 @ 16:27:43 - Found simple product object. ID:39806
02-27-2024 @ 16:27:43 - Setting Featured Image. URL:evalar-olidzim-100-kapsuliu
02-27-2024 @ 16:27:43 - Unable to use image "evalar-olidzim-100-kapsuliu".
02-27-2024 @ 16:27:43 - Row :51 - Product imported successfully.
02-27-2024 @ 16:27:43 - Row :52 - Parsing item.
02-27-2024 @ 16:27:43 - Row :52 - Processing item.
02-27-2024 @ 16:27:43 - Found simple product object. ID:39657
02-27-2024 @ 16:27:43 - Setting Featured Image. URL:evalar-pustirnik-forte-sukatzole-su-magniu-ir-vitaminu-b6-40-tableciu
02-27-2024 @ 16:27:43 - Unable to use image "evalar-pustirnik-forte-sukatzole-su-magniu-ir-vitaminu-b6-40-tableciu".
02-27-2024 @ 16:27:43 - Row :52 - Product updated successfully.
02-27-2024 @ 16:27:43 - Row :53 - Parsing item.
02-27-2024 @ 16:27:43 - Importing as new product ID:39807
02-27-2024 @ 16:27:43 - Row :53 - Processing item.
02-27-2024 @ 16:27:43 - Found simple product object. ID:39807
02-27-2024 @ 16:27:43 - Row :53 - Processing failed. Reason: Invalid or duplicated SKU.
02-27-2024 @ 16:27:43 - Row :54 - Parsing item.
02-27-2024 @ 16:27:43 - Importing as new product ID:39808
02-27-2024 @ 16:27:43 - Row :54 - Processing item.
02-27-2024 @ 16:27:43 - Found simple product object. ID:39808
02-27-2024 @ 16:27:43 - Row :54 - Processing failed. Reason: Invalid or duplicated SKU.
02-27-2024 @ 16:27:43 - Row :55 - Parsing item.
02-27-2024 @ 16:27:43 - Importing as new product ID:39809
02-27-2024 @ 16:27:43 - Row :55 - Processing item.
02-27-2024 @ 16:27:43 - Found simple product object. ID:39809
02-27-2024 @ 16:27:43 - Row :55 - Processing failed. Reason: Invalid or duplicated SKU.
02-27-2024 @ 16:27:43 - Row :56 - Parsing item.
02-27-2024 @ 16:27:43 - Row :56 - Processing item.
02-27-2024 @ 16:27:43 - Found simple product object. ID:39661
02-27-2024 @ 16:27:43 - Setting Featured Image. URL:30 tablečių""
02-27-2024 @ 16:27:43 - Unable to use image "30 tablečių""".
02-27-2024 @ 16:27:43 - Row :56 - Product updated successfully.
02-27-2024 @ 16:27:43 - Row :57 - Parsing item.
02-27-2024 @ 16:27:43 - Row :57 - Processing item.
02-27-2024 @ 16:27:43 - Found simple product object. ID:39662
02-27-2024 @ 16:27:43 - Setting Featured Image. URL:60 tablečių""
02-27-2024 @ 16:27:43 - Unable to use image "60 tablečių""".
02-27-2024 @ 16:27:43 - Row :57 - Product updated successfully.
02-27-2024 @ 16:27:43 - Row :58 - Parsing item.
02-27-2024 @ 16:27:43 - Row :58 - Processing item.
02-27-2024 @ 16:27:43 - Found simple product object. ID:39629
02-27-2024 @ 16:27:43 - Setting Featured Image. URL:MaxiVita karštas gėrimas su imbieru
02-27-2024 @ 16:27:43 - Unable to use image "MaxiVita karštas gėrimas su imbieru".
02-27-2024 @ 16:27:43 - Row :58 - Product updated successfully.
02-27-2024 @ 16:27:43 - Row :59 - Parsing item.
02-27-2024 @ 16:27:43 - Importing as new product ID:39810
02-27-2024 @ 16:27:43 - Row :59 - Processing item.
02-27-2024 @ 16:27:43 - Found simple product object. ID:39810
02-27-2024 @ 16:27:43 - Row :59 - Processing failed. Reason: Invalid or duplicated SKU.
02-27-2024 @ 16:27:43 - Row :60 - Parsing item.
02-27-2024 @ 16:27:43 - Importing as new product ID:39811
02-27-2024 @ 16:27:43 - Row :60 - Processing item.
02-27-2024 @ 16:27:43 - Found simple product object. ID:39811
02-27-2024 @ 16:27:43 - Row :60 - Processing failed. Reason: Invalid or duplicated SKU.
02-27-2024 @ 16:27:43 - Row :61 - Parsing item.
02-27-2024 @ 16:27:43 - Importing as new product ID:39812
02-27-2024 @ 16:27:43 - Row :61 - Processing item.
02-27-2024 @ 16:27:43 - Found simple product object. ID:39812
02-27-2024 @ 16:27:43 - Row :61 - Processing failed. Reason: Invalid or duplicated SKU.
02-27-2024 @ 16:27:43 - Row :62 - Parsing item.
02-27-2024 @ 16:27:43 - Importing as new product ID:39813
02-27-2024 @ 16:27:43 - Row :62 - Processing item.
02-27-2024 @ 16:27:43 - Found simple product object. ID:39813
02-27-2024 @ 16:27:43 - Row :62 - Processing failed. Reason: Invalid or duplicated SKU.
02-27-2024 @ 16:27:43 - Row :63 - Parsing item.
02-27-2024 @ 16:27:43 - Row :63 - Processing item.
02-27-2024 @ 16:27:43 - Found simple product object. ID:39667
02-27-2024 @ 16:27:43 - Setting Featured Image. URL:dark place.</p>""
02-27-2024 @ 16:27:43 - Unable to use image "dark place.</p>""".
02-27-2024 @ 16:27:43 - Row :63 - Product updated successfully.
02-27-2024 @ 16:27:43 - Row :64 - Parsing item.
02-27-2024 @ 16:27:43 - Row :64 - Processing item.
02-27-2024 @ 16:27:43 - Found simple product object. ID:39668
02-27-2024 @ 16:27:43 - Setting Featured Image. URL:The honey and lemon flavoured throat lozenges have a pleasant effect on the mucous membranes of the mouth
02-27-2024 @ 16:27:43 - Unable to use image "The honey and lemon flavoured throat lozenges have a pleasant effect on the mucous membranes of the mouth".
02-27-2024 @ 16:27:43 - Row :64 - Product updated successfully.
02-27-2024 @ 16:27:43 - Row :65 - Parsing item.
02-27-2024 @ 16:27:44 - Importing as new product ID:39814
02-27-2024 @ 16:27:44 - Row :65 - Processing item.
02-27-2024 @ 16:27:44 - Found simple product object. ID:39814
02-27-2024 @ 16:27:44 - Row :65 - Processing failed. Reason: Invalid or duplicated SKU.
02-27-2024 @ 16:27:44 - Row :66 - Parsing item.
02-27-2024 @ 16:27:44 - Importing as new product ID:39815
02-27-2024 @ 16:27:44 - Row :66 - Processing item.
02-27-2024 @ 16:27:44 - Found simple product object. ID:39815
02-27-2024 @ 16:27:44 - Row :66 - Processing failed. Reason: Invalid or duplicated SKU.
02-27-2024 @ 16:27:44 - Row :67 - Parsing item.
02-27-2024 @ 16:27:44 - Importing as new product ID:39816
02-27-2024 @ 16:27:44 - Row :67 - Processing item.
02-27-2024 @ 16:27:44 - Found simple product object. ID:39816
02-27-2024 @ 16:27:44 - Setting Featured Image. URL:šildantis
02-27-2024 @ 16:27:44 - Unable to use image "šildantis".
02-27-2024 @ 16:27:44 - Row :67 - Product imported successfully.
02-27-2024 @ 16:27:44 - Row :68 - Parsing item.
02-27-2024 @ 16:27:44 - Importing as new product ID:39817
02-27-2024 @ 16:27:44 - Row :68 - Processing item.
02-27-2024 @ 16:27:44 - Found simple product object. ID:39817
02-27-2024 @ 16:27:44 - Row :68 - Processing failed. Reason: Invalid or duplicated SKU.
02-27-2024 @ 16:27:44 - Row :69 - Parsing item.
02-27-2024 @ 16:27:44 - Row :69 - Processing item.
02-27-2024 @ 16:27:44 - Found simple product object. ID:39629
02-27-2024 @ 16:27:44 - Row :69 - Product updated successfully.
02-27-2024 @ 16:27:44 - Row :70 - Parsing item.
02-27-2024 @ 16:27:44 - Row :70 - Processing item.
02-27-2024 @ 16:27:44 - Found simple product object. ID:39673
02-27-2024 @ 16:27:44 - Setting Featured Image. URL:normal carbohydrate metabolism
02-27-2024 @ 16:27:44 - Unable to use image "normal carbohydrate metabolism".
02-27-2024 @ 16:27:44 - Row :70 - Product updated successfully.
02-27-2024 @ 16:27:44 - Row :71 - Parsing item.
02-27-2024 @ 16:27:44 - Importing as new product ID:39818
02-27-2024 @ 16:27:44 - Row :71 - Processing item.
02-27-2024 @ 16:27:44 - Found simple product object. ID:39818
02-27-2024 @ 16:27:44 - Setting Featured Image. URL:slenkantiems-plaukams
02-27-2024 @ 16:27:44 - Unable to use image "slenkantiems-plaukams".
02-27-2024 @ 16:27:44 - Row :71 - Product imported successfully.
02-27-2024 @ 16:27:44 - Row :72 - Parsing item.
02-27-2024 @ 16:27:44 - Importing as new product ID:39819
02-27-2024 @ 16:27:44 - Row :72 - Processing item.
02-27-2024 @ 16:27:44 - Found simple product object. ID:39819
02-27-2024 @ 16:27:44 - Row :72 - Processing failed. Reason: Invalid or duplicated SKU.
02-27-2024 @ 16:27:44 - Row :73 - Parsing item.
02-27-2024 @ 16:27:44 - Importing as new product ID:39820
02-27-2024 @ 16:27:44 - Row :73 - Processing item.
02-27-2024 @ 16:27:44 - Found simple product object. ID:39820
02-27-2024 @ 16:27:44 - Row :73 - Processing failed. Reason: Invalid or duplicated SKU.
02-27-2024 @ 16:27:44 - Row :74 - Parsing item.
02-27-2024 @ 16:27:44 - Row :74 - Processing item.
02-27-2024 @ 16:27:44 - Found simple product object. ID:39629
02-27-2024 @ 16:27:44 - Setting Featured Image. URL:250 ml""
02-27-2024 @ 16:27:44 - Unable to use image "250 ml""".
02-27-2024 @ 16:27:44 - Row :74 - Product updated successfully.
02-27-2024 @ 16:27:44 - Row :75 - Parsing item.
02-27-2024 @ 16:27:44 - Importing as new product ID:39821
02-27-2024 @ 16:27:44 - Row :75 - Processing item.
02-27-2024 @ 16:27:44 - Found simple product object. ID:39821
02-27-2024 @ 16:27:44 - Row :75 - Processing failed. Reason: Invalid or duplicated SKU.
02-27-2024 @ 16:27:44 - Row :76 - Parsing item.
02-27-2024 @ 16:27:44 - Importing as new product ID:39822
02-27-2024 @ 16:27:44 - Row :76 - Processing item.
02-27-2024 @ 16:27:44 - Found simple product object. ID:39822
02-27-2024 @ 16:27:44 - Setting Featured Image. URL:Palmitic Acid
02-27-2024 @ 16:27:44 - Unable to use image "Palmitic Acid".
02-27-2024 @ 16:27:44 - Row :76 - Product imported successfully.
02-27-2024 @ 16:27:44 - Row :77 - Parsing item.
02-27-2024 @ 16:27:44 - Row :77 - Processing item.
02-27-2024 @ 16:27:44 - Found simple product object. ID:39629
02-27-2024 @ 16:27:44 - Setting Featured Image. URL:250 ml""
02-27-2024 @ 16:27:44 - Unable to use image "250 ml""".
02-27-2024 @ 16:27:44 - Row :77 - Product updated successfully.
02-27-2024 @ 16:27:44 - Row :78 - Parsing item.
02-27-2024 @ 16:27:44 - Importing as new product ID:39823
02-27-2024 @ 16:27:44 - Row :78 - Processing item.
02-27-2024 @ 16:27:44 - Found simple product object. ID:39823
02-27-2024 @ 16:27:44 - Setting Featured Image. URL:broccoli and cauliflower.""
02-27-2024 @ 16:27:44 - Unable to use image "broccoli and cauliflower.""".
02-27-2024 @ 16:27:44 - Row :78 - Product imported successfully.
02-27-2024 @ 16:27:44 - Row :79 - Parsing item.
02-27-2024 @ 16:27:44 - Importing as new product ID:39824
02-27-2024 @ 16:27:44 - Row :79 - Processing item.
02-27-2024 @ 16:27:44 - Found simple product object. ID:39824
02-27-2024 @ 16:27:44 - Setting Featured Image. URL:Sodium C-14-16 Olefin Sulfonate
02-27-2024 @ 16:27:44 - Unable to use image "Sodium C-14-16 Olefin Sulfonate".
02-27-2024 @ 16:27:44 - Row :79 - Product imported successfully.
02-27-2024 @ 16:27:44 - Row :80 - Parsing item.
02-27-2024 @ 16:27:44 - Row :80 - Parsing failed. Reason: Content, title, and excerpt are empty.
02-27-2024 @ 16:27:44 - Row :81 - Parsing item.
02-27-2024 @ 16:27:44 - Row :81 - Processing item.
02-27-2024 @ 16:27:44 - Found simple product object. ID:39629
02-27-2024 @ 16:27:44 - Setting Featured Image. URL:125 ml""
02-27-2024 @ 16:27:44 - Unable to use image "125 ml""".
02-27-2024 @ 16:27:44 - Row :81 - Product updated successfully.
02-27-2024 @ 16:27:44 - Row :82 - Parsing item.
02-27-2024 @ 16:27:44 - Importing as new product ID:39825
02-27-2024 @ 16:27:44 - Row :82 - Processing item.
02-27-2024 @ 16:27:44 - Found simple product object. ID:39825
02-27-2024 @ 16:27:44 - Setting Featured Image. URL:Sulsena step 2 šampūnas-pasta nuo pleiskanų
02-27-2024 @ 16:27:44 - Unable to use image "Sulsena step 2 šampūnas-pasta nuo pleiskanų".
02-27-2024 @ 16:27:44 - Row :82 - Product imported successfully.
02-27-2024 @ 16:27:44 - Row :83 - Parsing item.
02-27-2024 @ 16:27:44 - Importing as new product ID:39826
02-27-2024 @ 16:27:44 - Row :83 - Processing item.
02-27-2024 @ 16:27:44 - Found simple product object. ID:39826
02-27-2024 @ 16:27:44 - Setting Featured Image. URL:Žiūrėti daugiau""
02-27-2024 @ 16:27:44 - Unable to use image "Žiūrėti daugiau""".
02-27-2024 @ 16:27:44 - Row :83 - Product imported successfully.
02-27-2024 @ 16:27:44 - Row :84 - Parsing item.
02-27-2024 @ 16:27:44 - Importing as new product ID:39827
02-27-2024 @ 16:27:44 - Row :84 - Processing item.
02-27-2024 @ 16:27:44 - Found simple product object. ID:39827
02-27-2024 @ 16:27:44 - Setting Featured Image. URL:niacin
02-27-2024 @ 16:27:44 - Unable to use image "niacin".
02-27-2024 @ 16:27:44 - Row :84 - Product imported successfully.
02-27-2024 @ 16:27:44 - Row :85 - Parsing item.
02-27-2024 @ 16:27:44 - Importing as new product ID:39828
02-27-2024 @ 16:27:44 - Row :85 - Processing item.
02-27-2024 @ 16:27:44 - Found simple product object. ID:39828
02-27-2024 @ 16:27:44 - Setting Featured Image. URL:<p>Gelis-balzamas kūnui &bdquo";Skorpiono nuodai&ldquo; + bičių nuodai ir adomo &scaron;aknis</p><p><strong>Naudojimo būdas:</strong> nedidelį kiekį masažuojančiais judesiais įtrinti į odą (3-5 minutes).</p><p><strong>Atsargumo įspėjimai:</strong> individualus komponentų nesuderinamumas. Saugoti nuo vaikų. Vengti patekimo į akis.</p><p><strong>Laikyti:</strong> nuo +5 &deg;C iki +25 &deg;"C temperatūroje.</p>""
02-27-2024 @ 16:27:44 - Unable to use image "<p>Gelis-balzamas kūnui &bdquo";Skorpiono nuodai&ldquo; + bičių nuodai ir adomo &scaron;aknis</p><p><strong>Naudojimo būdas:</strong> nedidelį kiekį masažuojančiais judesiais įtrinti į odą (3-5 minutes).</p><p><strong>Atsargumo įspėjimai:</strong> individualus komponentų nesuderinamumas. Saugoti nuo vaikų. Vengti patekimo į akis.</p><p><strong>Laikyti:</strong> nuo +5 &deg;C iki +25 &deg;"C temperatūroje.</p>""".
02-27-2024 @ 16:27:44 - Row :85 - Product imported successfully.
02-27-2024 @ 16:27:44 - Row :86 - Parsing item.
02-27-2024 @ 16:27:44 - Importing as new product ID:4943
02-27-2024 @ 16:27:44 - Row :86 - Processing item.
02-27-2024 @ 16:27:44 - Found simple product object. ID:4943
02-27-2024 @ 16:27:44 - Row :86 - Processing failed. Reason: Invalid or duplicated SKU.
02-27-2024 @ 16:27:44 - Row :87 - Parsing item.
02-27-2024 @ 16:27:44 - Importing as new product ID:39829
02-27-2024 @ 16:27:44 - Row :87 - Processing item.
02-27-2024 @ 16:27:44 - Found simple product object. ID:39829
02-27-2024 @ 16:27:44 - Setting Featured Image. URL:Biotin and zinc help maintain normal hair and skin conditions. Zinc helps maintain normal bones and nails.""
02-27-2024 @ 16:27:44 - Unable to use image "Biotin and zinc help maintain normal hair and skin conditions. Zinc helps maintain normal bones and nails.""".
02-27-2024 @ 16:27:44 - Row :87 - Product imported successfully.
02-27-2024 @ 16:27:44 - Row :88 - Parsing item.
02-27-2024 @ 16:27:44 - Importing as new product ID:39830
02-27-2024 @ 16:27:44 - Row :88 - Processing item.
02-27-2024 @ 16:27:44 - Found simple product object. ID:39830
02-27-2024 @ 16:27:44 - Row :88 - Product imported successfully.
02-27-2024 @ 16:27:44 - Row :89 - Parsing item.
02-27-2024 @ 16:27:45 - Importing as new product ID:39831
02-27-2024 @ 16:27:45 - Row :89 - Processing item.
02-27-2024 @ 16:27:45 - Found simple product object. ID:39831
02-27-2024 @ 16:27:45 - Row :89 - Processing failed. Reason: Invalid or duplicated SKU.
02-27-2024 @ 16:27:45 - Row :90 - Parsing item.
02-27-2024 @ 16:27:45 - Row :90 - Parsing failed. Reason: Content, title, and excerpt are empty.
02-27-2024 @ 16:27:45 - Row :91 - Parsing item.
02-27-2024 @ 16:27:45 - Importing as new product ID:39832
02-27-2024 @ 16:27:45 - Row :91 - Processing item.
02-27-2024 @ 16:27:45 - Found simple product object. ID:39832
02-27-2024 @ 16:27:45 - Row :91 - Processing failed. Reason: Invalid or duplicated SKU.
02-27-2024 @ 16:27:45 - Row :92 - Parsing item.
02-27-2024 @ 16:27:45 - Importing as new product ID:39833
02-27-2024 @ 16:27:45 - Row :92 - Processing item.
02-27-2024 @ 16:27:45 - Found simple product object. ID:39833
02-27-2024 @ 16:27:45 - Row :92 - Processing failed. Reason: Invalid or duplicated SKU.
02-27-2024 @ 16:27:45 - Row :93 - Parsing item.
02-27-2024 @ 16:27:45 - Importing as new product ID:39834
02-27-2024 @ 16:27:45 - Row :93 - Processing item.
02-27-2024 @ 16:27:45 - Found simple product object. ID:39834
02-27-2024 @ 16:27:45 - Row :93 - Product imported successfully.
02-27-2024 @ 16:27:45 - Row :94 - Parsing item.
02-27-2024 @ 16:27:45 - Importing as new product ID:39835
02-27-2024 @ 16:27:45 - Row :94 - Processing item.
02-27-2024 @ 16:27:45 - Found simple product object. ID:39835
02-27-2024 @ 16:27:45 - Row :94 - Processing failed. Reason: Invalid or duplicated SKU.
02-27-2024 @ 16:27:45 - Row :95 - Parsing item.
02-27-2024 @ 16:27:45 - Importing as new product ID:39836
02-27-2024 @ 16:27:45 - Row :95 - Processing item.
02-27-2024 @ 16:27:45 - Found simple product object. ID:39836
02-27-2024 @ 16:27:45 - Row :95 - Processing failed. Reason: Invalid or duplicated SKU.
02-27-2024 @ 16:27:45 - Row :96 - Parsing item.
02-27-2024 @ 16:27:45 - Importing as new product ID:39837
02-27-2024 @ 16:27:45 - Row :96 - Processing item.
02-27-2024 @ 16:27:45 - Found simple product object. ID:39837
02-27-2024 @ 16:27:45 - Row :96 - Processing failed. Reason: Invalid or duplicated SKU.
02-27-2024 @ 16:27:45 - Row :97 - Parsing item.
02-27-2024 @ 16:27:45 - Row :97 - Parsing failed. Reason: Content, title, and excerpt are empty.
02-27-2024 @ 16:27:45 - Row :98 - Parsing item.
02-27-2024 @ 16:27:45 - Importing as new product ID:39838
02-27-2024 @ 16:27:45 - Row :98 - Processing item.
02-27-2024 @ 16:27:45 - Found simple product object. ID:39838
02-27-2024 @ 16:27:45 - Row :98 - Processing failed. Reason: Invalid or duplicated SKU.
02-27-2024 @ 16:27:45 - Row :99 - Parsing item.
02-27-2024 @ 16:27:45 - Importing as new product ID:5182
02-27-2024 @ 16:27:45 - Row :99 - Processing item.
02-27-2024 @ 16:27:45 - Found simple product object. ID:5182
02-27-2024 @ 16:27:45 - Row :99 - Processing failed. Reason: Invalid or duplicated SKU.
02-27-2024 @ 16:27:45 - Row :100 - Parsing item.
02-27-2024 @ 16:27:45 - Importing as new product ID:39839
02-27-2024 @ 16:27:45 - Row :100 - Processing item.
02-27-2024 @ 16:27:45 - Found simple product object. ID:39839
02-27-2024 @ 16:27:45 - Row :100 - Processing failed. Reason: Invalid or duplicated SKU.
02-27-2024 @ 16:27:45 - Row :101 - Parsing item.
02-27-2024 @ 16:27:45 - Importing as new product ID:39840
02-27-2024 @ 16:27:45 - Row :101 - Processing item.
02-27-2024 @ 16:27:45 - Found simple product object. ID:39840
02-27-2024 @ 16:27:45 - Row :101 - Processing failed. Reason: Invalid or duplicated SKU.
02-27-2024 @ 16:27:45 - Row :102 - Parsing item.
02-27-2024 @ 16:27:45 - Importing as new product ID:39841
02-27-2024 @ 16:27:45 - Row :102 - Processing item.
02-27-2024 @ 16:27:45 - Found simple product object. ID:39841
02-27-2024 @ 16:27:45 - Row :102 - Processing failed. Reason: Invalid or duplicated SKU.
02-27-2024 @ 16:27:45 - Row :103 - Parsing item.
02-27-2024 @ 16:27:45 - Importing as new product ID:39842
02-27-2024 @ 16:27:45 - Row :103 - Processing item.
02-27-2024 @ 16:27:45 - Found simple product object. ID:39842
02-27-2024 @ 16:27:45 - Setting Featured Image. URL:šalto spaudimo
02-27-2024 @ 16:27:45 - Unable to use image "šalto spaudimo".
02-27-2024 @ 16:27:45 - Row :103 - Product imported successfully.
02-27-2024 @ 16:27:45 - Row :104 - Parsing item.
02-27-2024 @ 16:27:45 - Row :104 - Processing item.
02-27-2024 @ 16:27:45 - Found simple product object. ID:39697
02-27-2024 @ 16:27:45 - Setting Featured Image. URL:250 ml""
02-27-2024 @ 16:27:45 - Unable to use image "250 ml""".
02-27-2024 @ 16:27:45 - Row :104 - Product updated successfully.
02-27-2024 @ 16:27:45 - Row :105 - Parsing item.
02-27-2024 @ 16:27:45 - Row :105 - Parsing failed. Reason: Content, title, and excerpt are empty.
02-27-2024 @ 16:27:45 - Row :106 - Parsing item.
02-27-2024 @ 16:27:45 - Importing as new product ID:39843
02-27-2024 @ 16:27:45 - Row :106 - Processing item.
02-27-2024 @ 16:27:45 - Found simple product object. ID:39843
02-27-2024 @ 16:27:45 - Row :106 - Processing failed. Reason: Invalid or duplicated SKU.
02-27-2024 @ 16:27:45 - Row :107 - Parsing item.
02-27-2024 @ 16:27:45 - Importing as new product ID:39844
02-27-2024 @ 16:27:45 - Row :107 - Processing item.
02-27-2024 @ 16:27:45 - Found simple product object. ID:39844
02-27-2024 @ 16:27:45 - Setting Featured Image. URL:nerafinuotas
02-27-2024 @ 16:27:45 - Unable to use image "nerafinuotas".
02-27-2024 @ 16:27:45 - Row :107 - Product imported successfully.
02-27-2024 @ 16:27:45 - Row :108 - Parsing item.
02-27-2024 @ 16:27:45 - Importing as new product ID:39845
02-27-2024 @ 16:27:45 - Row :108 - Processing item.
02-27-2024 @ 16:27:45 - Found simple product object. ID:39845
02-27-2024 @ 16:27:45 - Setting Featured Image. URL:Šaltalankių aliejus natūralus
02-27-2024 @ 16:27:45 - Unable to use image "Šaltalankių aliejus natūralus".
02-27-2024 @ 16:27:45 - Row :108 - Product imported successfully.
02-27-2024 @ 16:27:45 - Row :109 - Parsing item.
02-27-2024 @ 16:27:45 - Row :109 - Processing item.
02-27-2024 @ 16:27:45 - Found simple product object. ID:39629
02-27-2024 @ 16:27:45 - Setting Featured Image. URL:1000 tablečių""
02-27-2024 @ 16:27:45 - Unable to use image "1000 tablečių""".
02-27-2024 @ 16:27:45 - Row :109 - Product updated successfully.
02-27-2024 @ 16:27:45 - Row :110 - Parsing item.
02-27-2024 @ 16:27:45 - Row :110 - Processing item.
02-27-2024 @ 16:27:45 - Found simple product object. ID:39701
02-27-2024 @ 16:27:45 - Setting Featured Image. URL:xylitol
02-27-2024 @ 16:27:45 - Unable to use image "xylitol".
02-27-2024 @ 16:27:45 - Row :110 - Product updated successfully.
02-27-2024 @ 16:27:45 - Row :111 - Parsing item.
02-27-2024 @ 16:27:45 - Importing as new product ID:5285
02-27-2024 @ 16:27:45 - Row :111 - Processing item.
02-27-2024 @ 16:27:45 - Found simple product object. ID:5285
02-27-2024 @ 16:27:45 - Row :111 - Processing failed. Reason: Invalid or duplicated SKU.
02-27-2024 @ 16:27:45 - Row :112 - Parsing item.
02-27-2024 @ 16:27:45 - Row :112 - Processing item.
02-27-2024 @ 16:27:45 - Found simple product object. ID:39702
02-27-2024 @ 16:27:45 - Setting Featured Image. URL:protected from direct sunlight
02-27-2024 @ 16:27:45 - Unable to use image "protected from direct sunlight".
02-27-2024 @ 16:27:45 - Row :112 - Product updated successfully.
02-27-2024 @ 16:27:45 - Row :113 - Parsing item.
02-27-2024 @ 16:27:45 - Importing as new product ID:39846
02-27-2024 @ 16:27:45 - Row :113 - Processing item.
02-27-2024 @ 16:27:45 - Found simple product object. ID:39846
02-27-2024 @ 16:27:45 - Row :113 - Processing failed. Reason: Invalid or duplicated SKU.
02-27-2024 @ 16:27:45 - Row :114 - Parsing item.
02-27-2024 @ 16:27:46 - Importing as new product ID:39847
02-27-2024 @ 16:27:46 - Row :114 - Processing item.
02-27-2024 @ 16:27:46 - Found simple product object. ID:39847
02-27-2024 @ 16:27:46 - Row :114 - Processing failed. Reason: Invalid or duplicated SKU.
02-27-2024 @ 16:27:46 - Row :115 - Parsing item.
02-27-2024 @ 16:27:46 - Importing as new product ID:39848
02-27-2024 @ 16:27:46 - Row :115 - Processing item.
02-27-2024 @ 16:27:46 - Found simple product object. ID:39848
02-27-2024 @ 16:27:46 - Row :115 - Processing failed. Reason: Invalid or duplicated SKU.
02-27-2024 @ 16:27:46 - Row :116 - Parsing item.
02-27-2024 @ 16:27:46 - Importing as new product ID:39849
02-27-2024 @ 16:27:46 - Row :116 - Processing item.
02-27-2024 @ 16:27:46 - Found simple product object. ID:39849
02-27-2024 @ 16:27:46 - Row :116 - Processing failed. Reason: Invalid or duplicated SKU.
02-27-2024 @ 16:27:46 - Row :117 - Parsing item.
02-27-2024 @ 16:27:46 - Importing as new product ID:39850
02-27-2024 @ 16:27:46 - Row :117 - Processing item.
02-27-2024 @ 16:27:46 - Found simple product object. ID:39850
02-27-2024 @ 16:27:46 - Setting Featured Image. URL:Allantoin
02-27-2024 @ 16:27:46 - Unable to use image "Allantoin".
02-27-2024 @ 16:27:46 - Row :117 - Product imported successfully.
02-27-2024 @ 16:27:46 - Row :118 - Parsing item.
02-27-2024 @ 16:27:46 - Row :118 - Processing item.
02-27-2024 @ 16:27:46 - Found simple product object. ID:39708
02-27-2024 @ 16:27:46 - Setting Featured Image. URL:9 suckable lollipops 1
02-27-2024 @ 16:27:46 - Unable to use image "9 suckable lollipops 1".
02-27-2024 @ 16:27:46 - Row :118 - Product updated successfully.
02-27-2024 @ 16:27:46 - Row :119 - Parsing item.
02-27-2024 @ 16:27:46 - Row :119 - Processing item.
02-27-2024 @ 16:27:46 - Found simple product object. ID:39709
02-27-2024 @ 16:27:46 - Row :119 - Product updated successfully.
02-27-2024 @ 16:27:46 - Row :120 - Parsing item.
02-27-2024 @ 16:27:46 - Row :120 - Processing item.
02-27-2024 @ 16:27:46 - Found simple product object. ID:39710
02-27-2024 @ 16:27:46 - Setting Featured Image. URL:Dr. Muller herbal tea """"Klimakterin""""
02-27-2024 @ 16:27:46 - Unable to use image "Dr. Muller herbal tea """"Klimakterin""""".
02-27-2024 @ 16:27:46 - Row :120 - Product updated successfully.
02-27-2024 @ 16:27:46 - Row :121 - Parsing item.
02-27-2024 @ 16:27:46 - Importing as new product ID:39851
02-27-2024 @ 16:27:46 - Row :121 - Processing item.
02-27-2024 @ 16:27:46 - Found simple product object. ID:39851
02-27-2024 @ 16:27:46 - Setting Featured Image. URL:O-CYMEN-5-OL
02-27-2024 @ 16:27:46 - Unable to use image "O-CYMEN-5-OL".
02-27-2024 @ 16:27:46 - Row :121 - Product imported successfully.
02-27-2024 @ 16:27:46 - Row :122 - Parsing item.
02-27-2024 @ 16:27:46 - Importing as new product ID:39852
02-27-2024 @ 16:27:46 - Row :122 - Processing item.
02-27-2024 @ 16:27:46 - Found simple product object. ID:39852
02-27-2024 @ 16:27:46 - Setting Featured Image. URL:specplast-gelis-plevele-odai-skystas-pleistras-15-ml
02-27-2024 @ 16:27:46 - Unable to use image "specplast-gelis-plevele-odai-skystas-pleistras-15-ml".
02-27-2024 @ 16:27:46 - Row :122 - Product imported successfully.
02-27-2024 @ 16:27:46 - Row :123 - Parsing item.
02-27-2024 @ 16:27:46 - Importing as new product ID:39853
02-27-2024 @ 16:27:46 - Row :123 - Processing item.
02-27-2024 @ 16:27:46 - Found simple product object. ID:39853
02-27-2024 @ 16:27:46 - Row :123 - Processing failed. Reason: Invalid or duplicated SKU.
02-27-2024 @ 16:27:46 - Row :124 - Parsing item.
02-27-2024 @ 16:27:46 - Importing as new product ID:39854
02-27-2024 @ 16:27:46 - Row :124 - Processing item.
02-27-2024 @ 16:27:46 - Found simple product object. ID:39854
02-27-2024 @ 16:27:46 - Setting Featured Image. URL:Kremas vaikams su barsuko taukais
02-27-2024 @ 16:27:46 - Unable to use image "Kremas vaikams su barsuko taukais".
02-27-2024 @ 16:27:46 - Row :124 - Product imported successfully.
02-27-2024 @ 16:27:46 - Row :125 - Parsing item.
02-27-2024 @ 16:27:46 - Importing as new product ID:39855
02-27-2024 @ 16:27:46 - Row :125 - Processing item.
02-27-2024 @ 16:27:46 - Found simple product object. ID:39855
02-27-2024 @ 16:27:46 - Setting Featured Image. URL:dr-muller-panthenose-nosies-tepalas-su-eteriniais-aliejai-75-ml
02-27-2024 @ 16:27:46 - Unable to use image "dr-muller-panthenose-nosies-tepalas-su-eteriniais-aliejai-75-ml".
02-27-2024 @ 16:27:46 - Row :125 - Product imported successfully.
02-27-2024 @ 16:27:46 - Row :126 - Parsing item.
02-27-2024 @ 16:27:46 - Importing as new product ID:39856
02-27-2024 @ 16:27:46 - Row :126 - Processing item.
02-27-2024 @ 16:27:46 - Found simple product object. ID:39856
02-27-2024 @ 16:27:46 - Setting Featured Image. URL:caga-forte-juodojo-berzo-grybo-izulniojo-skylenio-ekstraktas-90-ml
02-27-2024 @ 16:27:46 - Unable to use image "caga-forte-juodojo-berzo-grybo-izulniojo-skylenio-ekstraktas-90-ml".
02-27-2024 @ 16:27:46 - Row :126 - Product imported successfully.
02-27-2024 @ 16:27:46 - Row :127 - Parsing item.
02-27-2024 @ 16:27:46 - Row :127 - Processing item.
02-27-2024 @ 16:27:46 - Found simple product object. ID:39716
02-27-2024 @ 16:27:46 - Setting Featured Image. URL:online at a better price
02-27-2024 @ 16:27:46 - Unable to use image "online at a better price".
02-27-2024 @ 16:27:46 - Row :127 - Product updated successfully.
02-27-2024 @ 16:27:46 - Row :128 - Parsing item.
02-27-2024 @ 16:27:46 - Row :128 - Processing item.
02-27-2024 @ 16:27:46 - Found simple product object. ID:39717
02-27-2024 @ 16:27:46 - Setting Featured Image. URL:unrefined (Cannabis sativa oil).""
02-27-2024 @ 16:27:46 - Unable to use image "unrefined (Cannabis sativa oil).""".
02-27-2024 @ 16:27:46 - Row :128 - Product updated successfully.
02-27-2024 @ 16:27:46 - Row :129 - Parsing item.
02-27-2024 @ 16:27:46 - Importing as new product ID:39857
02-27-2024 @ 16:27:46 - Row :129 - Processing item.
02-27-2024 @ 16:27:46 - Found simple product object. ID:39857
02-27-2024 @ 16:27:46 - Setting Featured Image. URL:kremas-gelis-kojoms-troksivensu-trokserutinu-ir-kastonu-75-ml
02-27-2024 @ 16:27:46 - Unable to use image "kremas-gelis-kojoms-troksivensu-trokserutinu-ir-kastonu-75-ml".
02-27-2024 @ 16:27:46 - Row :129 - Product imported successfully.
02-27-2024 @ 16:27:46 - Row :130 - Parsing item.
02-27-2024 @ 16:27:46 - Importing as new product ID:39858
02-27-2024 @ 16:27:46 - Row :130 - Processing item.
02-27-2024 @ 16:27:46 - Found simple product object. ID:39858
02-27-2024 @ 16:27:46 - Row :130 - Product imported successfully.
02-27-2024 @ 16:27:46 - Row :131 - Parsing item.
02-27-2024 @ 16:27:46 - Row :131 - Processing item.
02-27-2024 @ 16:27:46 - Found simple product object. ID:39719
02-27-2024 @ 16:27:46 - Setting Featured Image. URL:cool place.</p><p><strong>Net content:</strong> 110 ml</p>""
02-27-2024 @ 16:27:46 - Unable to use image "cool place.</p><p><strong>Net content:</strong> 110 ml</p>""".
02-27-2024 @ 16:27:46 - Row :131 - Product updated successfully.
02-27-2024 @ 16:27:46 - Row :132 - Parsing item.
02-27-2024 @ 16:27:46 - Importing as new product ID:39859
02-27-2024 @ 16:27:46 - Row :132 - Processing item.
02-27-2024 @ 16:27:46 - Found simple product object. ID:39859
02-27-2024 @ 16:27:46 - Setting Featured Image. URL:antioksidantai
02-27-2024 @ 16:27:46 - Unable to use image "antioksidantai".
02-27-2024 @ 16:27:46 - Row :132 - Product imported successfully.
02-27-2024 @ 16:27:46 - Row :133 - Parsing item.
02-27-2024 @ 16:27:46 - Importing as new product ID:39860
02-27-2024 @ 16:27:46 - Row :133 - Processing item.
02-27-2024 @ 16:27:46 - Found simple product object. ID:39860
02-27-2024 @ 16:27:46 - Row :133 - Product imported successfully.
02-27-2024 @ 16:27:46 - Row :134 - Parsing item.
02-27-2024 @ 16:27:46 - Importing as new product ID:39861
02-27-2024 @ 16:27:46 - Row :134 - Processing item.
02-27-2024 @ 16:27:46 - Found simple product object. ID:39861
02-27-2024 @ 16:27:46 - Row :134 - Processing failed. Reason: Invalid or duplicated SKU.
02-27-2024 @ 16:27:46 - Row :135 - Parsing item.
02-27-2024 @ 16:27:46 - Importing as new product ID:5497
02-27-2024 @ 16:27:46 - Row :135 - Processing item.
02-27-2024 @ 16:27:46 - Found simple product object. ID:5497
02-27-2024 @ 16:27:46 - Row :135 - Processing failed. Reason: Invalid or duplicated SKU.
02-27-2024 @ 16:27:46 - Row :136 - Parsing item.
02-27-2024 @ 16:27:46 - Importing as new product ID:39862
02-27-2024 @ 16:27:46 - Row :136 - Processing item.
02-27-2024 @ 16:27:46 - Found simple product object. ID:39862
02-27-2024 @ 16:27:46 - Row :136 - Processing failed. Reason: Invalid or duplicated SKU.
02-27-2024 @ 16:27:46 - Row :137 - Parsing item.
02-27-2024 @ 16:27:46 - Row :137 - Parsing failed. Reason: Content, title, and excerpt are empty.
02-27-2024 @ 16:27:46 - Row :138 - Parsing item.
02-27-2024 @ 16:27:46 - Row :138 - Parsing failed. Reason: Content, title, and excerpt are empty.
02-27-2024 @ 16:27:46 - Row :139 - Parsing item.
02-27-2024 @ 16:27:46 - Row :139 - Processing item.
02-27-2024 @ 16:27:46 - Found simple product object. ID:39629
02-27-2024 @ 16:27:46 - Setting Featured Image. URL:Undevit vitamins C E B6 B1 A B12 Niacin
02-27-2024 @ 16:27:46 - Unable to use image "Undevit vitamins C E B6 B1 A B12 Niacin".
02-27-2024 @ 16:27:47 - Row :139 - Product updated successfully.
02-27-2024 @ 16:27:47 - Row :140 - Parsing item.
02-27-2024 @ 16:27:47 - Importing as new product ID:39863
02-27-2024 @ 16:27:47 - Row :140 - Processing item.
02-27-2024 @ 16:27:47 - Found simple product object. ID:39863
02-27-2024 @ 16:27:47 - Setting Featured Image. URL:do-i-posle-kremas-gelis-anti-acne-probleminei-odai-50-ml
02-27-2024 @ 16:27:47 - Unable to use image "do-i-posle-kremas-gelis-anti-acne-probleminei-odai-50-ml".
02-27-2024 @ 16:27:47 - Row :140 - Product imported successfully.
02-27-2024 @ 16:27:47 - Row :141 - Parsing item.
02-27-2024 @ 16:27:47 - Importing as new product ID:39864
02-27-2024 @ 16:27:47 - Row :141 - Processing item.
02-27-2024 @ 16:27:47 - Found simple product object. ID:39864
02-27-2024 @ 16:27:47 - Row :141 - Processing failed. Reason: Invalid or duplicated SKU.
02-27-2024 @ 16:27:47 - Row :142 - Parsing item.
02-27-2024 @ 16:27:47 - Importing as new product ID:39865
02-27-2024 @ 16:27:47 - Row :142 - Processing item.
02-27-2024 @ 16:27:47 - Found simple product object. ID:39865
02-27-2024 @ 16:27:47 - Setting Featured Image. URL:Šaltalankių aliejus Naturalnaja masla
02-27-2024 @ 16:27:47 - Unable to use image "Šaltalankių aliejus Naturalnaja masla".
02-27-2024 @ 16:27:47 - Row :142 - Product imported successfully.
02-27-2024 @ 16:27:47 - Row :143 - Parsing item.
02-27-2024 @ 16:27:47 - Importing as new product ID:39866
02-27-2024 @ 16:27:47 - Row :143 - Processing item.
02-27-2024 @ 16:27:47 - Found simple product object. ID:39866
02-27-2024 @ 16:27:47 - Row :143 - Processing failed. Reason: Invalid or duplicated SKU.
02-27-2024 @ 16:27:47 - Row :144 - Parsing item.
02-27-2024 @ 16:27:47 - Importing as new product ID:39867
02-27-2024 @ 16:27:47 - Row :144 - Processing item.
02-27-2024 @ 16:27:47 - Found simple product object. ID:39867
02-27-2024 @ 16:27:47 - Row :144 - Processing failed. Reason: Invalid or duplicated SKU.
02-27-2024 @ 16:27:47 - Row :145 - Parsing item.
02-27-2024 @ 16:27:47 - Row :145 - Parsing failed. Reason: Content, title, and excerpt are empty.
02-27-2024 @ 16:27:47 - Row :146 - Parsing item.
02-27-2024 @ 16:27:47 - Importing as new product ID:39868
02-27-2024 @ 16:27:47 - Row :146 - Processing item.
02-27-2024 @ 16:27:47 - Found simple product object. ID:39868
02-27-2024 @ 16:27:47 - Setting Featured Image. URL:150 g""
02-27-2024 @ 16:27:47 - Unable to use image "150 g""".
02-27-2024 @ 16:27:47 - Row :146 - Product imported successfully.
02-27-2024 @ 16:27:47 - Row :147 - Parsing item.
02-27-2024 @ 16:27:47 - Importing as new product ID:39869
02-27-2024 @ 16:27:47 - Row :147 - Processing item.
02-27-2024 @ 16:27:47 - Found simple product object. ID:39869
02-27-2024 @ 16:27:47 - Row :147 - Processing failed. Reason: Invalid or duplicated SKU.
02-27-2024 @ 16:27:47 - Row :148 - Parsing item.
02-27-2024 @ 16:27:47 - Importing as new product ID:39870
02-27-2024 @ 16:27:47 - Row :148 - Processing item.
02-27-2024 @ 16:27:47 - Found simple product object. ID:39870
02-27-2024 @ 16:27:47 - Row :148 - Processing failed. Reason: Invalid or duplicated SKU.
02-27-2024 @ 16:27:47 - Row :149 - Parsing item.
02-27-2024 @ 16:27:47 - Importing as new product ID:39871
02-27-2024 @ 16:27:47 - Row :149 - Processing item.
02-27-2024 @ 16:27:47 - Found simple product object. ID:39871
02-27-2024 @ 16:27:47 - Row :149 - Processing failed. Reason: Invalid or duplicated SKU.
02-27-2024 @ 16:27:47 - Row :150 - Parsing item.
02-27-2024 @ 16:27:47 - Row :150 - Processing item.
02-27-2024 @ 16:27:47 - Found simple product object. ID:39730
02-27-2024 @ 16:27:47 - Setting Featured Image. URL:vitamins A
02-27-2024 @ 16:27:47 - Unable to use image "vitamins A".
02-27-2024 @ 16:27:47 - Row :150 - Product updated successfully.
02-27-2024 @ 16:27:47 - Row :151 - Parsing item.
02-27-2024 @ 16:27:47 - Importing as new product ID:39872
02-27-2024 @ 16:27:47 - Row :151 - Processing item.
02-27-2024 @ 16:27:47 - Found simple product object. ID:39872
02-27-2024 @ 16:27:47 - Row :151 - Processing failed. Reason: Invalid or duplicated SKU.
02-27-2024 @ 16:27:47 - Row :152 - Parsing item.
02-27-2024 @ 16:27:47 - Importing as new product ID:39873
02-27-2024 @ 16:27:47 - Row :152 - Processing item.
02-27-2024 @ 16:27:47 - Found simple product object. ID:39873
02-27-2024 @ 16:27:47 - Setting Featured Image. URL:Benzyl alcohol
02-27-2024 @ 16:27:47 - Unable to use image "Benzyl alcohol".
02-27-2024 @ 16:27:47 - Row :152 - Product imported successfully.
02-27-2024 @ 16:27:47 - Row :153 - Parsing item.
02-27-2024 @ 16:27:47 - Importing as new product ID:39874
02-27-2024 @ 16:27:47 - Row :153 - Processing item.
02-27-2024 @ 16:27:47 - Found simple product object. ID:39874
02-27-2024 @ 16:27:47 - Row :153 - Processing failed. Reason: Invalid or duplicated SKU.
02-27-2024 @ 16:27:47 - Row :154 - Parsing item.
02-27-2024 @ 16:27:47 - Importing as new product ID:39875
02-27-2024 @ 16:27:47 - Row :154 - Processing item.
02-27-2024 @ 16:27:47 - Found simple product object. ID:39875
02-27-2024 @ 16:27:47 - Row :154 - Processing failed. Reason: Invalid or duplicated SKU.
02-27-2024 @ 16:27:47 - Row :155 - Parsing item.
02-27-2024 @ 16:27:47 - Importing as new product ID:39876
02-27-2024 @ 16:27:47 - Row :155 - Processing item.
02-27-2024 @ 16:27:47 - Found simple product object. ID:39876
02-27-2024 @ 16:27:47 - Row :155 - Processing failed. Reason: Invalid or duplicated SKU.
02-27-2024 @ 16:27:47 - Row :156 - Parsing item.
02-27-2024 @ 16:27:47 - Row :156 - Parsing failed. Reason: Content, title, and excerpt are empty.
02-27-2024 @ 16:27:47 - Row :157 - Parsing item.
02-27-2024 @ 16:27:47 - Importing as new product ID:39877
02-27-2024 @ 16:27:47 - Row :157 - Processing item.
02-27-2024 @ 16:27:47 - Found simple product object. ID:39877
02-27-2024 @ 16:27:47 - Row :157 - Processing failed. Reason: Invalid or duplicated SKU.
02-27-2024 @ 16:27:47 - Row :158 - Parsing item.
02-27-2024 @ 16:27:47 - Importing as new product ID:39878
02-27-2024 @ 16:27:47 - Row :158 - Processing item.
02-27-2024 @ 16:27:47 - Found simple product object. ID:39878
02-27-2024 @ 16:27:47 - Row :158 - Processing failed. Reason: Invalid or duplicated SKU.
02-27-2024 @ 16:27:47 - Row :159 - Parsing item.
02-27-2024 @ 16:27:47 - Importing as new product ID:39879
02-27-2024 @ 16:27:47 - Row :159 - Processing item.
02-27-2024 @ 16:27:47 - Found simple product object. ID:39879
02-27-2024 @ 16:27:47 - Setting Featured Image. URL:Graikinių riešutų aliejus rafinuotas
02-27-2024 @ 16:27:47 - Unable to use image "Graikinių riešutų aliejus rafinuotas".
02-27-2024 @ 16:27:47 - Row :159 - Product imported successfully.
02-27-2024 @ 16:27:47 - Row :160 - Parsing item.
02-27-2024 @ 16:27:47 - Importing as new product ID:39880
02-27-2024 @ 16:27:47 - Row :160 - Processing item.
02-27-2024 @ 16:27:47 - Found simple product object. ID:39880
02-27-2024 @ 16:27:47 - Setting Featured Image. URL:anira-migdolu-aliejus-nerafinuotas-salto-spaudimo-500-ml
02-27-2024 @ 16:27:47 - Unable to use image "anira-migdolu-aliejus-nerafinuotas-salto-spaudimo-500-ml".
02-27-2024 @ 16:27:47 - Row :160 - Product imported successfully.
02-27-2024 @ 16:27:47 - Row :161 - Parsing item.
02-27-2024 @ 16:27:47 - Importing as new product ID:39881
02-27-2024 @ 16:27:47 - Row :161 - Processing item.
02-27-2024 @ 16:27:47 - Found simple product object. ID:39881
02-27-2024 @ 16:27:47 - Setting Featured Image. URL:&nbsp; Glycyrrhiza Glabra
02-27-2024 @ 16:27:47 - Unable to use image "&nbsp; Glycyrrhiza Glabra".
02-27-2024 @ 16:27:47 - Row :161 - Product imported successfully.
02-27-2024 @ 16:27:47 - Row :162 - Parsing item.
02-27-2024 @ 16:27:47 - Importing as new product ID:39882
02-27-2024 @ 16:27:47 - Row :162 - Processing item.
02-27-2024 @ 16:27:47 - Found simple product object. ID:39882
02-27-2024 @ 16:27:47 - Row :162 - Processing failed. Reason: Invalid or duplicated SKU.
02-27-2024 @ 16:27:47 - Row :163 - Parsing item.
02-27-2024 @ 16:27:47 - Importing as new product ID:39883
02-27-2024 @ 16:27:47 - Row :163 - Processing item.
02-27-2024 @ 16:27:47 - Found simple product object. ID:39883
02-27-2024 @ 16:27:47 - Row :163 - Processing failed. Reason: Invalid or duplicated SKU.
02-27-2024 @ 16:27:47 - Row :164 - Parsing item.
02-27-2024 @ 16:27:47 - Importing as new product ID:39884
02-27-2024 @ 16:27:47 - Row :164 - Processing item.
02-27-2024 @ 16:27:47 - Found simple product object. ID:39884
02-27-2024 @ 16:27:47 - Row :164 - Processing failed. Reason: Invalid or duplicated SKU.
02-27-2024 @ 16:27:47 - Row :165 - Parsing item.
02-27-2024 @ 16:27:47 - Importing as new product ID:39885
02-27-2024 @ 16:27:47 - Row :165 - Processing item.
02-27-2024 @ 16:27:47 - Found simple product object. ID:39885
02-27-2024 @ 16:27:47 - Row :165 - Processing failed. Reason: Invalid or duplicated SKU.
02-27-2024 @ 16:27:47 - Row :166 - Parsing item.
02-27-2024 @ 16:27:47 - Importing as new product ID:39886
02-27-2024 @ 16:27:47 - Row :166 - Processing item.
02-27-2024 @ 16:27:47 - Found simple product object. ID:39886
02-27-2024 @ 16:27:47 - Setting Featured Image. URL:50 g""
02-27-2024 @ 16:27:47 - Unable to use image "50 g""".
02-27-2024 @ 16:27:47 - Row :166 - Product imported successfully.
02-27-2024 @ 16:27:47 - Row :167 - Parsing item.
02-27-2024 @ 16:27:47 - Importing as new product ID:39887
02-27-2024 @ 16:27:47 - Row :167 - Processing item.
02-27-2024 @ 16:27:47 - Found simple product object. ID:39887
02-27-2024 @ 16:27:47 - Setting Featured Image. URL:<p>Levandų gėlės yra mažos
02-27-2024 @ 16:27:47 - Unable to use image "<p>Levandų gėlės yra mažos".
02-27-2024 @ 16:27:47 - Row :167 - Product imported successfully.
02-27-2024 @ 16:27:47 - Row :168 - Parsing item.
02-27-2024 @ 16:27:47 - Row :168 - Parsing failed. Reason: Content, title, and excerpt are empty.
02-27-2024 @ 16:27:47 - Row :169 - Parsing item.
02-27-2024 @ 16:27:47 - Row :169 - Parsing failed. Reason: Content, title, and excerpt are empty.
02-27-2024 @ 16:27:47 - Row :170 - Parsing item.
02-27-2024 @ 16:27:47 - Importing as new product ID:39888
02-27-2024 @ 16:27:47 - Row :170 - Processing item.
02-27-2024 @ 16:27:47 - Found simple product object. ID:39888
02-27-2024 @ 16:27:47 - Setting Featured Image. URL:<p>Smulkintos &scaron";aknys</p><p>Astragalus yra augalas
02-27-2024 @ 16:27:47 - Unable to use image "<p>Smulkintos &scaron";aknys</p><p>Astragalus yra augalas".
02-27-2024 @ 16:27:47 - Row :170 - Product imported successfully.
02-27-2024 @ 16:27:47 - Row :171 - Parsing item.
02-27-2024 @ 16:27:47 - Importing as new product ID:39889
02-27-2024 @ 16:27:47 - Row :171 - Processing item.
02-27-2024 @ 16:27:47 - Found simple product object. ID:39889
02-27-2024 @ 16:27:47 - Setting Featured Image. URL:50 g""
02-27-2024 @ 16:27:47 - Unable to use image "50 g""".
02-27-2024 @ 16:27:48 - Row :171 - Product imported successfully.
02-27-2024 @ 16:27:48 - Row :172 - Parsing item.
02-27-2024 @ 16:27:48 - Importing as new product ID:39890
02-27-2024 @ 16:27:48 - Row :172 - Processing item.
02-27-2024 @ 16:27:48 - Found simple product object. ID:39890
02-27-2024 @ 16:27:48 - Setting Featured Image. URL:60 tablečių""
02-27-2024 @ 16:27:48 - Unable to use image "60 tablečių""".
02-27-2024 @ 16:27:48 - Row :172 - Product imported successfully.
02-27-2024 @ 16:27:48 - Row :173 - Parsing item.
02-27-2024 @ 16:27:48 - Importing as new product ID:39891
02-27-2024 @ 16:27:48 - Row :173 - Processing item.
02-27-2024 @ 16:27:48 - Found simple product object. ID:39891
02-27-2024 @ 16:27:48 - Row :173 - Product imported successfully.
02-27-2024 @ 16:27:48 - Row :174 - Parsing item.
02-27-2024 @ 16:27:48 - Importing as new product ID:39892
02-27-2024 @ 16:27:48 - Row :174 - Processing item.
02-27-2024 @ 16:27:48 - Found simple product object. ID:39892
02-27-2024 @ 16:27:48 - Row :174 - Product imported successfully.
02-27-2024 @ 16:27:48 - Row :175 - Parsing item.
02-27-2024 @ 16:27:48 - Importing as new product ID:39893
02-27-2024 @ 16:27:48 - Row :175 - Processing item.
02-27-2024 @ 16:27:48 - Found simple product object. ID:39893
02-27-2024 @ 16:27:48 - Row :175 - Product imported successfully.
02-27-2024 @ 16:27:48 - Row :176 - Parsing item.
02-27-2024 @ 16:27:48 - Importing as new product ID:39894
02-27-2024 @ 16:27:48 - Row :176 - Processing item.
02-27-2024 @ 16:27:48 - Found simple product object. ID:39894
02-27-2024 @ 16:27:48 - Setting Featured Image. URL:atpalaiduoja ir aktyvina po nuovargio. Ypač tinka po fizinio streso ar krūvio. Rausvos konsistencijos. Raudonojo čili ekstraktas taip pat suteikia malonų &scaron;"ildantį poveikį</p><ul>	<li>Su čili ekstraktu</li>	<li>Su eukalipto aliejumi ir mentoliu</li></ul><p><strong>Naudojimas: </strong>skirtas tik i&scaron";oriniam naudojimui. Užtepkite įtemptas kūno vietas ir leiskite balzamui suveikti.</p><p><strong>Esant įtampai: </strong>didelį plotą patepkite arklio balzamu 2-3 kartus per dieną
02-27-2024 @ 16:27:48 - Unable to use image "atpalaiduoja ir aktyvina po nuovargio. Ypač tinka po fizinio streso ar krūvio. Rausvos konsistencijos. Raudonojo čili ekstraktas taip pat suteikia malonų &scaron;"ildantį poveikį</p><ul>	<li>Su čili ekstraktu</li>	<li>Su eukalipto aliejumi ir mentoliu</li></ul><p><strong>Naudojimas: </strong>skirtas tik i&scaron";oriniam naudojimui. Užtepkite įtemptas kūno vietas ir leiskite balzamui suveikti.</p><p><strong>Esant įtampai: </strong>didelį plotą patepkite arklio balzamu 2-3 kartus per dieną".
02-27-2024 @ 16:27:48 - Row :176 - Product imported successfully.
02-27-2024 @ 16:27:48 - Row :177 - Parsing item.
02-27-2024 @ 16:27:48 - Importing as new product ID:39895
02-27-2024 @ 16:27:48 - Row :177 - Processing item.
02-27-2024 @ 16:27:48 - Found simple product object. ID:39895
02-27-2024 @ 16:27:48 - Setting Featured Image. URL:Bio-Vital kremas kojoms su vynmedžių lapų ir vynuogių kauliukų aliejumi
02-27-2024 @ 16:27:48 - Unable to use image "Bio-Vital kremas kojoms su vynmedžių lapų ir vynuogių kauliukų aliejumi".
02-27-2024 @ 16:27:48 - Row :177 - Product imported successfully.
02-27-2024 @ 16:27:48 - Row :178 - Parsing item.
02-27-2024 @ 16:27:48 - Importing as new product ID:39896
02-27-2024 @ 16:27:48 - Row :178 - Processing item.
02-27-2024 @ 16:27:48 - Found simple product object. ID:39896
02-27-2024 @ 16:27:48 - Row :178 - Processing failed. Reason: Invalid or duplicated SKU.
02-27-2024 @ 16:27:48 - Row :179 - Parsing item.
02-27-2024 @ 16:27:48 - Importing as new product ID:39897
02-27-2024 @ 16:27:48 - Row :179 - Processing item.
02-27-2024 @ 16:27:48 - Found simple product object. ID:39897
02-27-2024 @ 16:27:48 - Setting Featured Image. URL:Pinus Pumila Regel Oil
02-27-2024 @ 16:27:48 - Unable to use image "Pinus Pumila Regel Oil".
02-27-2024 @ 16:27:48 - Row :179 - Product imported successfully.
02-27-2024 @ 16:27:48 - Row :180 - Parsing item.
02-27-2024 @ 16:27:48 - Importing as new product ID:39898
02-27-2024 @ 16:27:48 - Row :180 - Processing item.
02-27-2024 @ 16:27:48 - Found simple product object. ID:39898
02-27-2024 @ 16:27:48 - Row :180 - Processing failed. Reason: Invalid or duplicated SKU.
02-27-2024 @ 16:27:48 - Row :181 - Parsing item.
02-27-2024 @ 16:27:48 - Importing as new product ID:39899
02-27-2024 @ 16:27:48 - Row :181 - Processing item.
02-27-2024 @ 16:27:48 - Found simple product object. ID:39899
02-27-2024 @ 16:27:48 - Row :181 - Processing failed. Reason: Invalid or duplicated SKU.
02-27-2024 @ 16:27:48 - Row :182 - Parsing item.
02-27-2024 @ 16:27:48 - Importing as new product ID:39900
02-27-2024 @ 16:27:48 - Row :182 - Processing item.
02-27-2024 @ 16:27:48 - Found simple product object. ID:39900
02-27-2024 @ 16:27:48 - Row :182 - Processing failed. Reason: Invalid or duplicated SKU.
02-27-2024 @ 16:27:48 - Row :183 - Parsing item.
02-27-2024 @ 16:27:48 - Importing as new product ID:39901
02-27-2024 @ 16:27:48 - Row :183 - Processing item.
02-27-2024 @ 16:27:48 - Found simple product object. ID:39901
02-27-2024 @ 16:27:48 - Row :183 - Processing failed. Reason: Invalid or duplicated SKU.
02-27-2024 @ 16:27:48 - Row :184 - Parsing item.
02-27-2024 @ 16:27:48 - Importing as new product ID:39902
02-27-2024 @ 16:27:48 - Row :184 - Processing item.
02-27-2024 @ 16:27:48 - Found simple product object. ID:39902
02-27-2024 @ 16:27:48 - Row :184 - Processing failed. Reason: Invalid or duplicated SKU.
02-27-2024 @ 16:27:48 - Row :185 - Parsing item.
02-27-2024 @ 16:27:48 - Importing as new product ID:5987
02-27-2024 @ 16:27:48 - Row :185 - Processing item.
02-27-2024 @ 16:27:48 - Found simple product object. ID:5987
02-27-2024 @ 16:27:48 - Row :185 - Processing failed. Reason: Invalid or duplicated SKU.
02-27-2024 @ 16:27:48 - Row :186 - Parsing item.
02-27-2024 @ 16:27:48 - Importing as new product ID:5993
02-27-2024 @ 16:27:48 - Row :186 - Processing item.
02-27-2024 @ 16:27:48 - Found simple product object. ID:5993
02-27-2024 @ 16:27:48 - Row :186 - Processing failed. Reason: Invalid or duplicated SKU.
02-27-2024 @ 16:27:48 - Row :187 - Parsing item.
02-27-2024 @ 16:27:48 - Importing as new product ID:39903
02-27-2024 @ 16:27:48 - Row :187 - Processing item.
02-27-2024 @ 16:27:48 - Found simple product object. ID:39903
02-27-2024 @ 16:27:48 - Row :187 - Processing failed. Reason: Invalid or duplicated SKU.
02-27-2024 @ 16:27:48 - Row :188 - Parsing item.
02-27-2024 @ 16:27:48 - Row :188 - Parsing failed. Reason: Content, title, and excerpt are empty.
02-27-2024 @ 16:27:48 - Row :189 - Parsing item.
02-27-2024 @ 16:27:48 - Row :189 - Parsing failed. Reason: Content, title, and excerpt are empty.
02-27-2024 @ 16:27:48 - Row :190 - Parsing item.
02-27-2024 @ 16:27:48 - Row :190 - Processing item.
02-27-2024 @ 16:27:48 - Found simple product object. ID:39763
02-27-2024 @ 16:27:48 - Setting Featured Image. URL:vėžiagyvių
02-27-2024 @ 16:27:48 - Unable to use image "vėžiagyvių".
02-27-2024 @ 16:27:48 - Row :190 - Product updated successfully.
02-27-2024 @ 16:27:48 - Row :191 - Parsing item.
02-27-2024 @ 16:27:48 - Importing as new product ID:39904
02-27-2024 @ 16:27:48 - Row :191 - Processing item.
02-27-2024 @ 16:27:48 - Found simple product object. ID:39904
02-27-2024 @ 16:27:48 - Setting Featured Image. URL:50 g""
02-27-2024 @ 16:27:48 - Unable to use image "50 g""".
02-27-2024 @ 16:27:48 - Row :191 - Product imported successfully.
02-27-2024 @ 16:27:48 - Row :192 - Parsing item.
02-27-2024 @ 16:27:48 - Importing as new product ID:39905
02-27-2024 @ 16:27:48 - Row :192 - Processing item.
02-27-2024 @ 16:27:48 - Found simple product object. ID:39905
02-27-2024 @ 16:27:48 - Row :192 - Processing failed. Reason: Invalid or duplicated SKU.
02-27-2024 @ 16:27:48 - Row :193 - Parsing item.
02-27-2024 @ 16:27:48 - Row :193 - Parsing failed. Reason: Content, title, and excerpt are empty.
02-27-2024 @ 16:27:48 - Row :194 - Parsing item.
02-27-2024 @ 16:27:48 - Importing as new product ID:39906
02-27-2024 @ 16:27:48 - Row :194 - Processing item.
02-27-2024 @ 16:27:48 - Found simple product object. ID:39906
02-27-2024 @ 16:27:48 - Row :194 - Processing failed. Reason: Invalid or duplicated SKU.
02-27-2024 @ 16:27:48 - Row :195 - Parsing item.
02-27-2024 @ 16:27:48 - Row :195 - Processing item.
02-27-2024 @ 16:27:48 - Found simple product object. ID:39767
02-27-2024 @ 16:27:48 - Row :195 - Product updated successfully.
02-27-2024 @ 16:27:48 - Row :196 - Parsing item.
02-27-2024 @ 16:27:48 - Importing as new product ID:39907
02-27-2024 @ 16:27:48 - Row :196 - Processing item.
02-27-2024 @ 16:27:48 - Found simple product object. ID:39907
02-27-2024 @ 16:27:48 - Setting Featured Image. URL:Vakarinis valerijonas
02-27-2024 @ 16:27:48 - Unable to use image "Vakarinis valerijonas".
02-27-2024 @ 16:27:48 - Row :196 - Product imported successfully.
02-27-2024 @ 16:27:48 - Row :197 - Parsing item.
02-27-2024 @ 16:27:48 - Importing as new product ID:39908
02-27-2024 @ 16:27:48 - Row :197 - Processing item.
02-27-2024 @ 16:27:48 - Found simple product object. ID:39908
02-27-2024 @ 16:27:48 - Row :197 - Product imported successfully.
02-27-2024 @ 16:27:48 - Row :198 - Parsing item.
02-27-2024 @ 16:27:48 - Importing as new product ID:39909
02-27-2024 @ 16:27:48 - Row :198 - Processing item.
02-27-2024 @ 16:27:48 - Found simple product object. ID:39909
02-27-2024 @ 16:27:48 - Row :198 - Processing failed. Reason: Invalid or duplicated SKU.
02-27-2024 @ 16:27:48 - Row :199 - Parsing item.
02-27-2024 @ 16:27:48 - Importing as new product ID:39910
02-27-2024 @ 16:27:48 - Row :199 - Processing item.
02-27-2024 @ 16:27:48 - Found simple product object. ID:39910
02-27-2024 @ 16:27:48 - Row :199 - Processing failed. Reason: Invalid or duplicated SKU.
02-27-2024 @ 16:27:50 - ---[ Import ended at 2024-02-27 16:27:50]---
